C:\Users\admin\Desktop\network\datalink bf -ber 1e-4 -port 5 
=========================================================================
                          Station B                                 
-------------------------------------------------------------------------
Protocol.lib, version 3.0, Build: Oct 19 2009 (jiangy@public3.bta.net.cn)
Channel: 8000 bps, 270 ms propagation delay, bit error rate 1.0E-004
Log file "C:\Users\admin\Desktop\network\datalink-B.log", TCP port 5, debug mask 0x00
Station B is connecting station A (TCP port 5) ... Done.
New epoch: Sun May 22 13:23:47 2016
=========================================================================
Designed by dao, build: May 11 2016  12:43:15
4.949 .... 5 packets received, 2189 bps, 27.37%, Err 3 (1.1e-004)
10.419 .... 13 packets received, 2624 bps, 32.80%, Err 6 (1.0e-004)
14.305 .... 15 packets received, 2189 bps, 27.36%, Err 7 (8.9e-005)
18.718 .... 19 packets received, 2110 bps, 26.37%, Err 8 (7.9e-005)
22.606 .... 21 packets received, 1926 bps, 24.07%, Err 10 (8.3e-005)
25.448 .... 29 packets received, 2359 bps, 29.49%, Err 13 (9.4e-005)
29.070 .... 30 packets received, 2133 bps, 26.67%, Err 16 (1.0e-004)
36.045 .... 31 packets received, 1775 bps, 22.18%, Err 21 (1.1e-004)
38.163 .... 39 packets received, 2108 bps, 26.35%, Err 22 (1.1e-004)
43.367 .... 43 packets received, 2043 bps, 25.54%, Err 25 (1.1e-004)
47.509 .... 46 packets received, 1994 bps, 24.93%, Err 29 (1.2e-004)
51.130 .... 47 packets received, 1893 bps, 23.66%, Err 30 (1.1e-004)
59.788 .... 54 packets received, 1858 bps, 23.23%, Err 33 (1.1e-004)
65.262 .... 62 packets received, 1954 bps, 24.42%, Err 36 (1.0e-004)
73.837 .... 69 packets received, 1921 bps, 24.01%, Err 40 (1.0e-004)
79.294 .... 77 packets received, 1996 bps, 24.94%, Err 42 (1.0e-004)
82.930 .... 78 packets received, 1933 bps, 24.16%, Err 45 (1.0e-004)
85.048 .... 86 packets received, 2078 bps, 25.97%, Err 45 (9.9e-005)
88.933 .... 88 packets received, 2033 bps, 25.41%, Err 46 (9.7e-005)
93.604 .... 93 packets received, 2041 bps, 25.51%, Err 49 (9.8e-005)
98.021 .... 97 packets received, 2032 bps, 25.40%, Err 52 (9.9e-005)
101.893 .... 99 packets received, 1995 bps, 24.94%, Err 53 (9.8e-005)
106.040 .... 102 packets received, 1975 bps, 24.69%, Err 58 (1.0e-004)
111.517 .... 110 packets received, 2025 bps, 25.31%, Err 60 (1.0e-004)
115.678 .... 113 packets received, 2005 bps, 25.07%, Err 63 (1.0e-004)
123.425 .... 117 packets received, 1946 bps, 24.32%, Err 68 (1.0e-004)
127.052 .... 118 packets received, 1906 bps, 23.83%, Err 69 (1.0e-004)
130.934 .... 120 packets received, 1881 bps, 23.51%, Err 71 (1.0e-004)
135.073 .... 123 packets received, 1869 bps, 23.36%, Err 72 (1.0e-004)
136.524 ** WARNING: System too busy, sleep 15 ms, but be awakened 66 ms later
138.049 ** WARNING: System too busy, sleep 15 ms, but be awakened 112 ms later
138.948 .... 125 packets received, 1846 bps, 23.08%, Err 77 (1.1e-004)
141.563 ** WARNING: System too busy, sleep 15 ms, but be awakened 121 ms later
142.583 .... 126 packets received, 1813 bps, 22.67%, Err 78 (1.0e-004)
145.250 .... 134 packets received, 1893 bps, 23.66%, Err 78 (1.0e-004)
149.964 .... 139 packets received, 1902 bps, 23.77%, Err 81 (1.0e-004)
152.073 .... 147 packets received, 1983 bps, 24.79%, Err 81 (1.0e-004)
160.007 .... 149 packets received, 1910 bps, 23.88%, Err 85 (1.0e-004)
165.495 .... 157 packets received, 1946 bps, 24.33%, Err 88 (1.0e-004)
169.915 .... 161 packets received, 1944 bps, 24.30%, Err 92 (1.0e-004)
173.801 .... 163 packets received, 1924 bps, 24.05%, Err 94 (1.0e-004)
175.909 .... 171 packets received, 1994 bps, 24.92%, Err 94 (1.0e-004)
181.388 .... 179 packets received, 2024 bps, 25.30%, Err 96 (1.0e-004)
185.793 .... 183 packets received, 2020 bps, 25.25%, Err 99 (1.0e-004)
193.559 .... 187 packets received, 1981 bps, 24.77%, Err 103 (1.0e-004)
198.230 .... 192 packets received, 1986 bps, 24.83%, Err 108 (1.0e-004)
200.381 .... 200 packets received, 2047 bps, 25.59%, Err 111 (1.0e-004)
203.995 .... 201 packets received, 2021 bps, 25.26%, Err 113 (1.0e-004)
206.149 .... 209 packets received, 2079 bps, 25.99%, Err 113 (1.0e-004)
208.271 .... 217 packets received, 2137 bps, 26.71%, Err 113 (1.0e-004)
210.501 .... 223 packets received, 2172 bps, 27.16%, Err 113 (1.0e-004)
214.655 .... 226 packets received, 2159 bps, 26.99%, Err 116 (1.0e-004)
225.260 .... 228 packets received, 2075 bps, 25.94%, Err 124 (1.0e-004)
229.411 .... 231 packets received, 2065 bps, 25.81%, Err 128 (1.0e-004)
231.900 .... 238 packets received, 2104 bps, 26.30%, Err 128 (1.0e-004)
234.021 .... 246 packets received, 2155 bps, 26.94%, Err 128 (1.0e-004)
236.138 .... 254 packets received, 2205 bps, 27.57%, Err 128 (1.0e-004)
238.197 .... 259 packets received, 2229 bps, 27.87%, Err 129 (1.0e-004)
242.595 .... 263 packets received, 2223 bps, 27.78%, Err 131 (1.0e-004)
250.378 .... 267 packets received, 2186 bps, 27.33%, Err 137 (1.0e-004)
255.299 .... 273 packets received, 2192 bps, 27.40%, Err 141 (1.0e-004)
258.927 .... 274 packets received, 2169 bps, 27.12%, Err 141 (1.0e-004)
266.172 .... 276 packets received, 2126 bps, 26.57%, Err 147 (1.0e-004)
269.794 .... 277 packets received, 2105 bps, 26.31%, Err 147 (1.0e-004)
272.045 .... 285 packets received, 2148 bps, 26.85%, Err 147 (1.0e-004)
274.166 .... 293 packets received, 2191 bps, 27.39%, Err 147 (1.0e-004)
278.572 .... 297 packets received, 2186 bps, 27.32%, Err 150 (1.0e-004)
282.980 .... 301 packets received, 2181 bps, 27.26%, Err 153 (1.0e-004)
287.646 .... 306 packets received, 2181 bps, 27.26%, Err 154 (1.0e-004)
291.539 .... 308 packets received, 2166 bps, 27.07%, Err 156 (1.0e-004)
293.646 .... 316 packets received, 2206 bps, 27.57%, Err 158 (1.0e-004)
297.271 .... 317 packets received, 2186 bps, 27.32%, Err 159 (9.9e-005)
301.418 .... 320 packets received, 2176 bps, 27.20%, Err 162 (1.0e-004)
305.569 .... 323 packets received, 2167 bps, 27.08%, Err 165 (1.0e-004)
308.075 .... 330 packets received, 2196 bps, 27.45%, Err 165 (1.0e-004)
316.355 .... 336 packets received, 2177 bps, 27.21%, Err 169 (9.9e-005)
319.734 ** WARNING: System too busy, sleep 15 ms, but be awakened 85 ms later
321.010 ** WARNING: System too busy, sleep 15 ms, but be awakened 681 ms later
325.805 .... 339 packets received, 2133 bps, 26.66%, Err 173 (1.0e-004)
330.216 .... 343 packets received, 2129 bps, 26.61%, Err 175 (9.9e-005)
337.461 .... 345 packets received, 2095 bps, 26.19%, Err 181 (1.0e-004)
341.338 .... 347 packets received, 2084 bps, 26.05%, Err 184 (1.0e-004)
344.965 .... 348 packets received, 2068 bps, 25.85%, Err 184 (1.0e-004)
349.371 .... 352 packets received, 2065 bps, 25.81%, Err 186 (1.0e-004)
354.315 .... 358 packets received, 2071 bps, 25.89%, Err 189 (1.0e-004)
362.871 .... 365 packets received, 2062 bps, 25.77%, Err 195 (1.0e-004)
364.997 .... 373 packets received, 2094 bps, 26.18%, Err 196 (1.0e-004)
371.947 .... 374 packets received, 2061 bps, 25.76%, Err 201 (1.0e-004)
375.583 .... 375 packets received, 2046 bps, 25.58%, Err 203 (1.0e-004)
379.188 .... 376 packets received, 2032 bps, 25.40%, Err 204 (1.0e-004)
383.609 .... 380 packets received, 2030 bps, 25.38%, Err 205 (1.0e-004)
387.494 .... 382 packets received, 2020 bps, 25.25%, Err 208 (1.0e-004)
389.634 .... 390 packets received, 2051 bps, 25.64%, Err 209 (1.0e-004)
391.750 .... 398 packets received, 2082 bps, 26.03%, Err 210 (1.0e-004)
396.662 .... 401 packets received, 2072 bps, 25.90%, Err 212 (1.0e-004)
400.830 .... 404 packets received, 2066 bps, 25.82%, Err 214 (1.0e-004)
406.296 .... 412 packets received, 2078 bps, 25.98%, Err 216 (1.0e-004)
408.430 .... 420 packets received, 2107 bps, 26.34%, Err 218 (1.0e-004)
412.039 .... 421 packets received, 2094 bps, 26.17%, Err 219 (1.0e-004)
415.918 .... 423 packets received, 2084 bps, 26.05%, Err 221 (1.0e-004)
419.817 .... 425 packets received, 2075 bps, 25.93%, Err 223 (1.0e-004)
423.432 .... 426 packets received, 2062 bps, 25.77%, Err 225 (1.0e-004)
431.474 .... 431 packets received, 2047 bps, 25.59%, Err 230 (1.0e-004)
436.128 .... 436 packets received, 2049 bps, 25.61%, Err 233 (1.0e-004)
440.544 .... 440 packets received, 2047 bps, 25.58%, Err 234 (1.0e-004)
445.480 .... 446 packets received, 2052 bps, 25.65%, Err 235 (9.9e-005)
447.604 .... 454 packets received, 2079 bps, 25.98%, Err 236 (9.9e-005)
454.571 .... 455 packets received, 2051 bps, 25.64%, Err 240 (9.9e-005)
456.677 .... 463 packets received, 2078 bps, 25.97%, Err 240 (9.9e-005)
458.830 .... 469 packets received, 2095 bps, 26.18%, Err 241 (9.8e-005)
462.447 .... 470 packets received, 2083 bps, 26.03%, Err 243 (9.9e-005)
466.070 .... 471 packets received, 2071 bps, 25.89%, Err 244 (9.8e-005)
468.195 .... 479 packets received, 2096 bps, 26.21%, Err 244 (9.8e-005)
472.365 .... 480 packets received, 2082 bps, 26.03%, Err 246 (9.8e-005)
476.257 .... 482 packets received, 2074 bps, 25.92%, Err 250 (9.9e-005)
481.192 .... 488 packets received, 2078 bps, 25.98%, Err 256 (1.0e-004)
485.075 .... 490 packets received, 2070 bps, 25.87%, Err 259 (1.0e-004)
488.947 .... 492 packets received, 2062 bps, 25.77%, Err 261 (1.0e-004)
496.711 .... 496 packets received, 2046 bps, 25.58%, Err 264 (1.0e-004)
505.381 .... 503 packets received, 2039 bps, 25.49%, Err 267 (9.9e-005)
508.992 .... 504 packets received, 2029 bps, 25.36%, Err 270 (1.0e-004)
514.474 .... 512 packets received, 2039 bps, 25.49%, Err 271 (9.9e-005)
518.358 .... 514 packets received, 2032 bps, 25.40%, Err 273 (9.9e-005)
529.750 .... 519 packets received, 2007 bps, 25.09%, Err 281 (1.0e-004)
531.900 .... 526 packets received, 2026 bps, 25.33%, Err 282 (1.0e-004)
535.513 .... 527 packets received, 2016 bps, 25.21%, Err 285 (1.0e-004)
544.104 .... 534 packets received, 2011 bps, 25.14%, Err 289 (1.0e-004)
548.266 .... 537 packets received, 2007 bps, 25.09%, Err 292 (1.0e-004)
551.878 .... 538 packets received, 1997 bps, 24.97%, Err 293 (1.0e-004)
556.039 .... 541 packets received, 1994 bps, 24.92%, Err 295 (1.0e-004)
560.964 .... 547 packets received, 1998 bps, 24.97%, Err 299 (1.0e-004)
565.381 .... 551 packets received, 1997 bps, 24.96%, Err 302 (1.0e-004)
569.284 .... 553 packets received, 1990 bps, 24.88%, Err 303 (1.0e-004)
573.161 .... 555 packets received, 1984 bps, 24.80%, Err 305 (1.0e-004)
575.276 .... 563 packets received, 2005 bps, 25.07%, Err 305 (1.0e-004)
579.411 .... 566 packets received, 2002 bps, 25.02%, Err 308 (1.0e-004)
583.029 .... 567 packets received, 1993 bps, 24.91%, Err 308 (1.0e-004)
585.043 .... 574 packets received, 2010 bps, 25.13%, Err 310 (1.0e-004)
592.011 .... 575 packets received, 1990 bps, 24.88%, Err 317 (1.0e-004)
596.422 .... 579 packets received, 1989 bps, 24.86%, Err 320 (1.0e-004)
601.353 .... 585 packets received, 1993 bps, 24.92%, Err 321 (1.0e-004)
608.592 .... 587 packets received, 1976 bps, 24.70%, Err 326 (1.0e-004)
610.265 ** WARNING: System too busy, sleep 15 ms, but be awakened 72 ms later
612.467 .... 589 packets received, 1970 bps, 24.63%, Err 328 (1.0e-004)
617.947 .... 597 packets received, 1979 bps, 24.74%, Err 330 (1.0e-004)
622.344 .... 601 packets received, 1979 bps, 24.73%, Err 332 (1.0e-004)
626.226 .... 603 packets received, 1973 bps, 24.66%, Err 333 (1.0e-004)
628.357 .... 611 packets received, 1992 bps, 24.90%, Err 333 (1.0e-004)
633.034 .... 616 packets received, 1994 bps, 24.92%, Err 338 (1.0e-004)
636.639 .... 617 packets received, 1986 bps, 24.82%, Err 339 (1.0e-004)
640.542 .... 619 packets received, 1980 bps, 24.75%, Err 340 (1.0e-004)
642.633 .... 627 packets received, 1999 bps, 24.99%, Err 342 (1.0e-004)
646.258 .... 628 packets received, 1991 bps, 24.89%, Err 343 (1.0e-004)
654.283 .... 633 packets received, 1982 bps, 24.78%, Err 346 (1.0e-004)
656.402 .... 641 packets received, 2001 bps, 25.01%, Err 347 (1.0e-004)
660.130 ** WARNING: System too busy, sleep 15 ms, but be awakened 88 ms later
660.265 .... 642 packets received, 1992 bps, 24.90%, Err 349 (1.0e-004)
664.174 .... 645 packets received, 1990 bps, 24.87%, Err 353 (1.0e-004)
667.769 .... 646 packets received, 1982 bps, 24.78%, Err 354 (1.0e-004)
671.406 .... 647 packets received, 1974 bps, 24.68%, Err 357 (1.0e-004)
676.617 .... 654 packets received, 1980 bps, 24.75%, Err 359 (1.0e-004)
684.637 .... 659 packets received, 1972 bps, 24.65%, Err 365 (1.0e-004)
688.271 .... 660 packets received, 1965 bps, 24.56%, Err 368 (1.0e-004)
692.935 .... 665 packets received, 1966 bps, 24.58%, Err 369 (1.0e-004)
697.889 .... 671 packets received, 1970 bps, 24.62%, Err 370 (1.0e-004)
701.787 .... 673 packets received, 1965 bps, 24.56%, Err 372 (1.0e-004)
706.459 .... 678 packets received, 1966 bps, 24.58%, Err 374 (1.0e-004)
711.387 .... 684 packets received, 1970 bps, 24.62%, Err 377 (1.0e-004)
715.286 .... 686 packets received, 1965 bps, 24.56%, Err 378 (1.0e-004)
719.445 .... 689 packets received, 1962 bps, 24.53%, Err 382 (1.0e-004)
723.060 .... 690 packets received, 1955 bps, 24.44%, Err 383 (1.0e-004)
726.941 .... 692 packets received, 1950 bps, 24.38%, Err 385 (1.0e-004)
729.538 .... 699 packets received, 1963 bps, 24.54%, Err 385 (1.0e-004)
734.219 .... 704 packets received, 1964 bps, 24.56%, Err 387 (1.0e-004)
739.419 .... 711 packets received, 1970 bps, 24.63%, Err 390 (1.0e-004)
743.045 .... 712 packets received, 1963 bps, 24.54%, Err 395 (1.0e-004)
745.163 .... 720 packets received, 1980 bps, 24.74%, Err 396 (1.0e-004)
748.789 .... 721 packets received, 1973 bps, 24.66%, Err 397 (1.0e-004)
752.669 .... 723 packets received, 1968 bps, 24.60%, Err 399 (1.0e-004)
756.816 .... 726 packets received, 1965 bps, 24.57%, Err 404 (1.0e-004)
762.024 .... 733 packets received, 1971 bps, 24.63%, Err 409 (1.0e-004)
765.654 .... 734 packets received, 1964 bps, 24.55%, Err 409 (1.0e-004)
773.941 .... 740 packets received, 1959 bps, 24.49%, Err 413 (1.0e-004)
779.441 .... 748 packets received, 1966 bps, 24.58%, Err 415 (1.0e-004)
784.103 .... 753 packets received, 1967 bps, 24.59%, Err 416 (1.0e-004)
786.793 .... 761 packets received, 1982 bps, 24.77%, Err 417 (1.0e-004)
788.898 .... 769 packets received, 1997 bps, 24.96%, Err 418 (1.0e-004)
793.585 .... 774 packets received, 1998 bps, 24.98%, Err 422 (1.0e-004)
795.705 .... 782 packets received, 2013 bps, 25.17%, Err 422 (1.0e-004)
801.135 .... 787 packets received, 2013 bps, 25.16%, Err 426 (1.0e-004)
806.620 .... 795 packets received, 2019 bps, 25.24%, Err 427 (1.0e-004)
811.028 .... 799 packets received, 2018 bps, 25.23%, Err 430 (1.0e-004)
814.661 .... 800 packets received, 2012 bps, 25.15%, Err 431 (1.0e-004)
816.777 .... 808 packets received, 2027 bps, 25.33%, Err 432 (9.9e-005)
818.891 .... 814 packets received, 2036 bps, 25.46%, Err 432 (9.9e-005)
821.007 .... 822 packets received, 2051 bps, 25.64%, Err 432 (9.9e-005)
825.875 .... 825 packets received, 2047 bps, 25.58%, Err 437 (9.9e-005)
830.026 .... 828 packets received, 2044 bps, 25.55%, Err 441 (1.0e-004)
833.678 .... 829 packets received, 2037 bps, 25.46%, Err 442 (1.0e-004)
838.313 .... 834 packets received, 2038 bps, 25.48%, Err 444 (1.0e-004)
840.419 .... 842 packets received, 2053 bps, 25.66%, Err 445 (9.9e-005)
847.417 .... 843 packets received, 2038 bps, 25.47%, Err 449 (1.0e-004)
854.647 .... 845 packets received, 2026 bps, 25.32%, Err 454 (1.0e-004)
858.794 .... 848 packets received, 2023 bps, 25.29%, Err 457 (1.0e-004)
860.948 .... 856 packets received, 2037 bps, 25.46%, Err 459 (1.0e-004)
864.558 .... 857 packets received, 2031 bps, 25.38%, Err 459 (1.0e-004)
866.676 .... 865 packets received, 2045 bps, 25.56%, Err 459 (9.9e-005)
871.871 .... 869 packets received, 2042 bps, 25.52%, Err 463 (1.0e-004)
875.502 .... 870 packets received, 2036 bps, 25.45%, Err 467 (1.0e-004)
879.379 .... 872 packets received, 2031 bps, 25.39%, Err 473 (1.0e-004)
883.512 .... 875 packets received, 2029 bps, 25.36%, Err 474 (1.0e-004)
885.648 .... 883 packets received, 2043 bps, 25.53%, Err 474 (1.0e-004)
887.817 .... 889 packets received, 2051 bps, 25.64%, Err 475 (1.0e-004)
889.941 .... 897 packets received, 2065 bps, 25.81%, Err 475 (1.0e-004)
893.832 .... 899 packets received, 2060 bps, 25.76%, Err 480 (1.0e-004)
895.977 .... 907 packets received, 2074 bps, 25.92%, Err 480 (1.0e-004)
899.853 .... 909 packets received, 2069 bps, 25.87%, Err 481 (1.0e-004)
903.999 .... 912 packets received, 2067 bps, 25.83%, Err 484 (1.0e-004)
909.490 .... 919 packets received, 2070 bps, 25.88%, Err 488 (1.0e-004)
913.111 .... 920 packets received, 2064 bps, 25.80%, Err 490 (1.0e-004)
916.730 .... 921 packets received, 2058 bps, 25.73%, Err 490 (1.0e-004)
918.874 .... 929 packets received, 2071 bps, 25.89%, Err 490 (1.0e-004)
923.024 .... 932 packets received, 2069 bps, 25.86%, Err 492 (1.0e-004)
927.166 .... 935 packets received, 2066 bps, 25.82%, Err 494 (1.0e-004)
931.309 .... 938 packets received, 2063 bps, 25.79%, Err 495 (1.0e-004)
935.190 .... 940 packets received, 2059 bps, 25.74%, Err 498 (1.0e-004)
939.081 .... 942 packets received, 2055 bps, 25.69%, Err 501 (1.0e-004)
944.012 .... 948 packets received, 2057 bps, 25.72%, Err 503 (1.0e-004)
948.153 .... 951 packets received, 2055 bps, 25.68%, Err 506 (1.0e-004)
952.829 .... 956 packets received, 2055 bps, 25.69%, Err 508 (1.0e-004)
960.066 .... 958 packets received, 2044 bps, 25.55%, Err 514 (1.0e-004)
964.214 .... 961 packets received, 2042 bps, 25.52%, Err 518 (1.0e-004)
971.196 .... 962 packets received, 2029 bps, 25.36%, Err 519 (1.0e-004)
975.348 .... 965 packets received, 2027 bps, 25.34%, Err 522 (1.0e-004)
985.678 .... 966 packets received, 2008 bps, 25.10%, Err 529 (1.0e-004)
986.141 ** WARNING: System too busy, sleep 15 ms, but be awakened 67 ms later
989.305 .... 967 packets received, 2002 bps, 25.03%, Err 531 (1.0e-004)
991.491 .... 974 packets received, 2012 bps, 25.16%, Err 531 (1.0e-004)
993.621 .... 982 packets received, 2025 bps, 25.31%, Err 532 (1.0e-004)
996.163 .... 989 packets received, 2034 bps, 25.42%, Err 532 (1.0e-004)
1001.626 .... 997 packets received, 2039 bps, 25.49%, Err 537 (1.0e-004)
1005.246 .... 998 packets received, 2034 bps, 25.42%, Err 540 (1.0e-004)
1007.360 .... 1006 packets received, 2046 bps, 25.57%, Err 541 (1.0e-004)
1010.981 .... 1007 packets received, 2040 bps, 25.51%, Err 543 (1.0e-004)
1013.111 .... 1015 packets received, 2052 bps, 25.65%, Err 543 (1.0e-004)
1021.398 .... 1021 packets received, 2048 bps, 25.60%, Err 548 (1.0e-004)
1023.520 .... 1029 packets received, 2060 bps, 25.74%, Err 548 (1.0e-004)
1025.629 .... 1037 packets received, 2071 bps, 25.89%, Err 548 (1.0e-004)
1027.872 .... 1043 packets received, 2079 bps, 25.98%, Err 549 (1.0e-004)
1031.474 .... 1044 packets received, 2073 bps, 25.92%, Err 552 (1.0e-004)
1033.620 .... 1052 packets received, 2085 bps, 26.06%, Err 552 (1.0e-004)
1038.302 .... 1057 packets received, 2085 bps, 26.07%, Err 555 (1.0e-004)
1040.411 .... 1065 packets received, 2097 bps, 26.21%, Err 555 (1.0e-004)
1044.571 .... 1068 packets received, 2094 bps, 26.18%, Err 559 (1.0e-004)
1049.804 .... 1075 packets received, 2098 bps, 26.22%, Err 560 (1.0e-004)
1054.496 .... 1080 packets received, 2098 bps, 26.23%, Err 566 (1.0e-004)
1058.119 .... 1081 packets received, 2093 bps, 26.16%, Err 567 (1.0e-004)
1060.216 .... 1089 packets received, 2104 bps, 26.30%, Err 567 (1.0e-004)
1071.360 .... 1093 packets received, 2090 bps, 26.12%, Err 581 (1.0e-004)
1073.611 .... 1100 packets received, 2099 bps, 26.24%, Err 583 (1.0e-004)
1077.217 .... 1101 packets received, 2094 bps, 26.17%, Err 585 (1.0e-004)
1081.369 .... 1104 packets received, 2091 bps, 26.14%, Err 587 (1.0e-004)
1090.248 .... 1112 packets received, 2089 bps, 26.12%, Err 592 (1.0e-004)
1093.868 .... 1113 packets received, 2084 bps, 26.05%, Err 592 (1.0e-004)
1098.003 .... 1116 packets received, 2082 bps, 26.03%, Err 594 (1.0e-004)
1102.150 .... 1119 packets received, 2080 bps, 26.00%, Err 595 (1.0e-004)
1109.665 .... 1122 packets received, 2071 bps, 25.89%, Err 599 (1.0e-004)
1113.276 .... 1123 packets received, 2066 bps, 25.83%, Err 599 (1.0e-004)
1121.052 .... 1127 packets received, 2059 bps, 25.74%, Err 602 (1.0e-004)
1123.189 .... 1135 packets received, 2070 bps, 25.88%, Err 603 (1.0e-004)
1126.804 .... 1136 packets received, 2065 bps, 25.82%, Err 606 (1.0e-004)
1130.956 .... 1139 packets received, 2063 bps, 25.79%, Err 612 (1.0e-004)
1134.852 .... 1141 packets received, 2060 bps, 25.74%, Err 615 (1.0e-004)
1138.999 .... 1144 packets received, 2057 bps, 25.72%, Err 617 (1.0e-004)
1146.221 .... 1146 packets received, 2048 bps, 25.60%, Err 621 (1.0e-004)
1150.625 .... 1150 packets received, 2047 bps, 25.59%, Err 622 (1.0e-004)
1155.304 .... 1155 packets received, 2048 bps, 25.60%, Err 623 (1.0e-004)
1157.425 .... 1163 packets received, 2058 bps, 25.73%, Err 623 (1.0e-004)
1165.570 .... 1166 packets received, 2049 bps, 25.62%, Err 626 (1.0e-004)
1173.076 .... 1169 packets received, 2041 bps, 25.52%, Err 628 (1.0e-004)
1177.222 .... 1172 packets received, 2039 bps, 25.49%, Err 632 (1.0e-004)
1179.357 .... 1180 packets received, 2050 bps, 25.62%, Err 632 (1.0e-004)
1181.476 .... 1188 packets received, 2060 bps, 25.75%, Err 633 (1.0e-004)
1183.494 .... 1193 packets received, 2065 bps, 25.81%, Err 633 (1.0e-004)
1190.747 .... 1195 packets received, 2056 bps, 25.70%, Err 636 (1.0e-004)
1194.649 .... 1197 packets received, 2052 bps, 25.66%, Err 638 (1.0e-004)
1198.790 .... 1200 packets received, 2051 bps, 25.63%, Err 642 (1.0e-004)
1200.903 .... 1208 packets received, 2061 bps, 25.76%, Err 642 (1.0e-004)
1203.179 .... 1214 packets received, 2067 bps, 25.84%, Err 642 (1.0e-004)
1207.061 .... 1216 packets received, 2064 bps, 25.80%, Err 646 (1.0e-004)
1210.666 .... 1217 packets received, 2059 bps, 25.74%, Err 647 (1.0e-004)
1215.366 .... 1222 packets received, 2060 bps, 25.75%, Err 649 (1.0e-004)
1219.509 .... 1225 packets received, 2058 bps, 25.72%, Err 652 (1.0e-004)
1221.611 .... 1233 packets received, 2068 bps, 25.84%, Err 652 (1.0e-004)
1225.231 .... 1234 packets received, 2063 bps, 25.79%, Err 656 (1.0e-004)
1228.857 .... 1235 packets received, 2059 bps, 25.73%, Err 656 (1.0e-004)
1233.271 .... 1239 packets received, 2058 bps, 25.72%, Err 657 (1.0e-004)
1237.162 .... 1241 packets received, 2055 bps, 25.69%, Err 662 (1.0e-004)
1240.776 .... 1242 packets received, 2050 bps, 25.63%, Err 664 (1.0e-004)
1242.912 .... 1250 packets received, 2060 bps, 25.75%, Err 664 (1.0e-004)
1245.021 .... 1258 packets received, 2070 bps, 25.87%, Err 664 (1.0e-004)
1249.977 .... 1262 packets received, 2068 bps, 25.85%, Err 667 (1.0e-004)
1253.863 .... 1264 packets received, 2065 bps, 25.81%, Err 672 (1.0e-004)
1258.547 .... 1269 packets received, 2065 bps, 25.82%, Err 674 (1.0e-004)
1262.424 .... 1271 packets received, 2062 bps, 25.78%, Err 676 (1.0e-004)
1269.403 .... 1272 packets received, 2053 bps, 25.66%, Err 678 (1.0e-004)
1273.009 .... 1273 packets received, 2048 bps, 25.61%, Err 679 (1.0e-004)
1277.430 .... 1277 packets received, 2048 bps, 25.60%, Err 681 (1.0e-004)
1281.049 .... 1278 packets received, 2044 bps, 25.54%, Err 683 (1.0e-004)
1283.183 .... 1286 packets received, 2053 bps, 25.66%, Err 683 (1.0e-004)
1287.587 .... 1287 packets received, 2047 bps, 25.59%, Err 687 (1.0e-004)
1289.710 .... 1295 packets received, 2057 bps, 25.71%, Err 687 (1.0e-004)
1294.593 .... 1298 packets received, 2054 bps, 25.67%, Err 689 (1.0e-004)
1298.736 .... 1301 packets received, 2052 bps, 25.65%, Err 692 (1.0e-004)
1303.146 .... 1305 packets received, 2051 bps, 25.64%, Err 694 (1.0e-004)
1307.815 .... 1310 packets received, 2052 bps, 25.65%, Err 696 (1.0e-004)
1312.237 .... 1314 packets received, 2051 bps, 25.64%, Err 700 (1.0e-004)
1315.842 .... 1315 packets received, 2047 bps, 25.59%, Err 702 (1.0e-004)
1317.965 .... 1323 packets received, 2056 bps, 25.70%, Err 703 (1.0e-004)
1321.584 .... 1324 packets received, 2052 bps, 25.65%, Err 704 (1.0e-004)
1326.523 .... 1330 packets received, 2054 bps, 25.67%, Err 707 (1.0e-004)
1330.924 .... 1334 packets received, 2053 bps, 25.66%, Err 708 (1.0e-004)
1335.346 .... 1338 packets received, 2052 bps, 25.66%, Err 711 (1.0e-004)
1337.416 .... 1345 packets received, 2060 bps, 25.75%, Err 711 (1.0e-004)
1341.557 .... 1348 packets received, 2058 bps, 25.73%, Err 713 (1.0e-004)
1345.170 .... 1349 packets received, 2054 bps, 25.68%, Err 716 (1.0e-004)
1347.325 .... 1357 packets received, 2063 bps, 25.79%, Err 716 (1.0e-004)
1355.095 .... 1361 packets received, 2057 bps, 25.72%, Err 726 (1.0e-004)
1358.697 .... 1362 packets received, 2053 bps, 25.67%, Err 726 (1.0e-004)
1362.594 .... 1364 packets received, 2051 bps, 25.63%, Err 728 (1.0e-004)
1366.751 .... 1367 packets received, 2049 bps, 25.61%, Err 730 (1.0e-004)
1368.966 .... 1375 packets received, 2057 bps, 25.72%, Err 730 (1.0e-004)
1374.180 .... 1382 packets received, 2060 bps, 25.75%, Err 734 (1.0e-004)
1381.415 .... 1384 packets received, 2052 bps, 25.65%, Err 740 (1.0e-004)
1383.542 .... 1392 packets received, 2061 bps, 25.76%, Err 740 (1.0e-004)
1387.682 .... 1395 packets received, 2059 bps, 25.74%, Err 741 (1.0e-004)
1390.168 .... 1402 packets received, 2066 bps, 25.82%, Err 741 (1.0e-004)
1397.391 .... 1404 packets received, 2058 bps, 25.73%, Err 744 (1.0e-004)
1399.745 ** WARNING: System too busy, sleep 15 ms, but be awakened 77 ms later
1402.334 .... 1410 packets received, 2060 bps, 25.74%, Err 748 (1.0e-004)
1404.066 ** WARNING: System too busy, sleep 15 ms, but be awakened 92 ms later
1406.618 ** WARNING: System too busy, sleep 15 ms, but be awakened 76 ms later
1407.287 .... 1416 packets received, 2061 bps, 25.76%, Err 752 (1.0e-004)
1409.404 .... 1424 packets received, 2070 bps, 25.87%, Err 752 (1.0e-004)
1420.447 .... 1425 packets received, 2055 bps, 25.69%, Err 758 (1.0e-004)
1425.940 .... 1433 packets received, 2059 bps, 25.73%, Err 762 (1.0e-004)
1428.102 .... 1441 packets received, 2067 bps, 25.84%, Err 763 (1.0e-004)
1431.699 .... 1442 packets received, 2063 bps, 25.79%, Err 765 (1.0e-004)
1435.857 .... 1445 packets received, 2061 bps, 25.77%, Err 769 (1.0e-004)
1446.730 .... 1448 packets received, 2050 bps, 25.63%, Err 777 (1.0e-004)
1450.877 .... 1451 packets received, 2049 bps, 25.61%, Err 780 (1.0e-004)
1454.484 .... 1452 packets received, 2045 bps, 25.56%, Err 783 (1.0e-004)
1458.366 .... 1454 packets received, 2042 bps, 25.53%, Err 786 (1.0e-004)
1462.260 .... 1456 packets received, 2040 bps, 25.50%, Err 787 (1.0e-004)
1464.378 .... 1464 packets received, 2048 bps, 25.60%, Err 787 (1.0e-004)
1468.266 .... 1466 packets received, 2045 bps, 25.57%, Err 790 (1.0e-004)
1470.901 .... 1473 packets received, 2051 bps, 25.64%, Err 790 (1.0e-004)
1478.117 .... 1475 packets received, 2044 bps, 25.55%, Err 795 (1.0e-004)
1488.455 .... 1476 packets received, 2031 bps, 25.39%, Err 802 (1.0e-004)
1490.574 .... 1484 packets received, 2039 bps, 25.49%, Err 802 (1.0e-004)
1498.870 .... 1487 packets received, 2032 bps, 25.40%, Err 808 (1.0e-004)
1502.494 .... 1488 packets received, 2029 bps, 25.36%, Err 808 (1.0e-004)
1504.611 .... 1496 packets received, 2037 bps, 25.46%, Err 808 (1.0e-004)
1512.906 .... 1502 packets received, 2034 bps, 25.42%, Err 813 (1.0e-004)
1516.514 .... 1503 packets received, 2030 bps, 25.38%, Err 814 (1.0e-004)
1518.678 .... 1511 packets received, 2038 bps, 25.48%, Err 815 (1.0e-004)
1520.783 .... 1519 packets received, 2046 bps, 25.57%, Err 815 (1.0e-004)
1525.189 .... 1523 packets received, 2045 bps, 25.57%, Err 816 (1.0e-004)
1530.116 .... 1529 packets received, 2047 bps, 25.59%, Err 819 (1.0e-004)
1540.459 .... 1530 packets received, 2034 bps, 25.43%, Err 825 (1.0e-004)
1544.871 .... 1534 packets received, 2034 bps, 25.42%, Err 827 (1.0e-004)
1547.002 .... 1542 packets received, 2042 bps, 25.52%, Err 827 (1.0e-004)
1551.151 .... 1545 packets received, 2040 bps, 25.50%, Err 830 (1.0e-004)
1555.044 .... 1547 packets received, 2038 bps, 25.47%, Err 831 (1.0e-004)
1563.887 .... 1555 packets received, 2037 bps, 25.46%, Err 836 (1.0e-004)
1566.034 .... 1563 packets received, 2044 bps, 25.55%, Err 837 (1.0e-004)
1570.711 .... 1568 packets received, 2045 bps, 25.56%, Err 838 (1.0e-004)
1574.587 .... 1570 packets received, 2042 bps, 25.53%, Err 840 (1.0e-004)
1579.257 .... 1575 packets received, 2043 bps, 25.54%, Err 842 (1.0e-004)
1581.384 .... 1583 packets received, 2050 bps, 25.63%, Err 842 (1.0e-004)
1586.551 .... 1587 packets received, 2049 bps, 25.61%, Err 843 (1.0e-004)
1590.610 .... 1589 packets received, 2046 bps, 25.58%, Err 846 (1.0e-004)
1591.199 ** WARNING: System too busy, sleep 15 ms, but be awakened 107 ms later
1594.062 .... 1590 packets received, 2043 bps, 25.54%, Err 848 (1.0e-004)
1597.657 .... 1591 packets received, 2040 bps, 25.50%, Err 849 (1.0e-004)
1601.291 .... 1592 packets received, 2036 bps, 25.46%, Err 851 (1.0e-004)
1603.408 .... 1600 packets received, 2044 bps, 25.55%, Err 851 (1.0e-004)
1611.170 .... 1604 packets received, 2039 bps, 25.49%, Err 856 (1.0e-004)
1615.053 .... 1606 packets received, 2037 bps, 25.46%, Err 859 (1.0e-004)
1618.937 .... 1608 packets received, 2035 bps, 25.43%, Err 861 (1.0e-004)
1623.099 .... 1611 packets received, 2033 bps, 25.41%, Err 865 (1.0e-004)
1625.240 .... 1619 packets received, 2040 bps, 25.51%, Err 866 (1.0e-004)
1629.131 .... 1621 packets received, 2038 bps, 25.48%, Err 868 (1.0e-004)
1631.241 .... 1629 packets received, 2046 bps, 25.57%, Err 868 (1.0e-004)
1636.694 .... 1634 packets received, 2045 bps, 25.56%, Err 869 (1.0e-004)
1640.841 .... 1637 packets received, 2044 bps, 25.54%, Err 872 (1.0e-004)
1644.997 .... 1640 packets received, 2042 bps, 25.53%, Err 877 (1.0e-004)
1648.872 .... 1642 packets received, 2040 bps, 25.50%, Err 880 (1.0e-004)
1652.475 .... 1643 packets received, 2037 bps, 25.46%, Err 883 (1.0e-004)
1656.103 .... 1644 packets received, 2033 bps, 25.42%, Err 884 (1.0e-004)
1660.520 .... 1648 packets received, 2033 bps, 25.41%, Err 887 (1.0e-004)
1664.147 .... 1649 packets received, 2030 bps, 25.37%, Err 889 (1.0e-004)
1668.303 .... 1652 packets received, 2028 bps, 25.35%, Err 891 (1.0e-004)
1676.584 .... 1658 packets received, 2026 bps, 25.32%, Err 894 (1.0e-004)
1682.049 .... 1666 packets received, 2029 bps, 25.36%, Err 896 (1.0e-004)
1686.221 .... 1669 packets received, 2027 bps, 25.34%, Err 897 (1.0e-004)
1693.709 .... 1672 packets received, 2022 bps, 25.28%, Err 900 (1.0e-004)
1697.584 .... 1674 packets received, 2020 bps, 25.25%, Err 902 (1.0e-004)
1702.000 .... 1678 packets received, 2019 bps, 25.24%, Err 903 (1.0e-004)
1710.020 .... 1683 packets received, 2016 bps, 25.20%, Err 905 (1.0e-004)
1712.138 .... 1691 packets received, 2023 bps, 25.29%, Err 906 (1.0e-004)
1716.349 .... 1692 packets received, 2019 bps, 25.24%, Err 910 (1.0e-004)
1720.228 .... 1694 packets received, 2017 bps, 25.21%, Err 915 (1.0e-004)
1727.467 .... 1696 packets received, 2011 bps, 25.14%, Err 921 (1.0e-004)
1731.616 .... 1699 packets received, 2010 bps, 25.12%, Err 924 (1.0e-004)
1739.635 .... 1704 packets received, 2006 bps, 25.08%, Err 926 (1.0e-004)
1746.872 .... 1706 packets received, 2000 bps, 25.00%, Err 931 (1.0e-004)
1751.288 .... 1710 packets received, 2000 bps, 25.00%, Err 932 (1.0e-004)
1755.431 .... 1713 packets received, 1999 bps, 24.99%, Err 937 (1.0e-004)
1759.064 .... 1714 packets received, 1996 bps, 24.95%, Err 940 (1.0e-004)
1761.810 .... 1722 packets received, 2002 bps, 25.03%, Err 940 (1.0e-004)
1766.753 .... 1728 packets received, 2003 bps, 25.04%, Err 943 (1.0e-004)
1768.851 .... 1736 packets received, 2010 bps, 25.13%, Err 943 (1.0e-004)
1771.049 .... 1742 packets received, 2015 bps, 25.18%, Err 944 (1.0e-004)
1774.657 .... 1743 packets received, 2012 bps, 25.15%, Err 944 (1.0e-004)
1776.773 .... 1751 packets received, 2019 bps, 25.23%, Err 944 (1.0e-004)
1781.101 .... 1752 packets received, 2015 bps, 25.19%, Err 947 (1.0e-004)
1785.519 .... 1756 packets received, 2014 bps, 25.18%, Err 949 (1.0e-004)
1793.804 .... 1762 packets received, 2012 bps, 25.15%, Err 958 (1.0e-004)
1797.421 .... 1763 packets received, 2009 bps, 25.11%, Err 961 (1.0e-004)
1799.814 .... 1770 packets received, 2014 bps, 25.18%, Err 962 (1.0e-004)
1803.434 .... 1771 packets received, 2011 bps, 25.14%, Err 963 (1.0e-004)
1805.552 .... 1779 packets received, 2018 bps, 25.23%, Err 963 (1.0e-004)
1817.741 .... 1787 packets received, 2014 bps, 25.17%, Err 968 (1.0e-004)
1823.192 .... 1795 packets received, 2017 bps, 25.21%, Err 969 (1.0e-004)
1825.327 .... 1803 packets received, 2023 bps, 25.29%, Err 969 (1.0e-004)
1833.703 .... 1807 packets received, 2018 bps, 25.23%, Err 975 (1.0e-004)
1839.180 .... 1815 packets received, 2021 bps, 25.27%, Err 977 (1.0e-004)
1843.048 .... 1817 packets received, 2019 bps, 25.24%, Err 979 (1.0e-004)
1846.932 .... 1819 packets received, 2017 bps, 25.22%, Err 981 (1.0e-004)
1850.535 .... 1820 packets received, 2015 bps, 25.18%, Err 983 (1.0e-004)
1858.047 .... 1823 packets received, 2010 bps, 25.12%, Err 988 (1.0e-004)
1865.274 .... 1825 packets received, 2004 bps, 25.05%, Err 991 (1.0e-004)
1867.426 .... 1833 packets received, 2011 bps, 25.13%, Err 991 (1.0e-004)
1869.538 .... 1841 packets received, 2017 bps, 25.21%, Err 992 (1.0e-004)
1873.161 .... 1842 packets received, 2014 bps, 25.18%, Err 993 (1.0e-004)
1880.646 .... 1845 packets received, 2009 bps, 25.12%, Err 999 (1.0e-004)
1885.854 .... 1852 packets received, 2012 bps, 25.14%, Err 1002 (1.0e-004)
1891.079 .... 1859 packets received, 2014 bps, 25.17%, Err 1004 (1.0e-004)
1899.380 .... 1865 packets received, 2011 bps, 25.14%, Err 1011 (1.0e-004)
1902.979 .... 1866 packets received, 2008 bps, 25.11%, Err 1013 (1.0e-004)
1907.905 .... 1872 packets received, 2010 bps, 25.12%, Err 1015 (1.0e-004)
1910.726 .... 1880 packets received, 2015 bps, 25.19%, Err 1015 (1.0e-004)
1914.607 .... 1882 packets received, 2013 bps, 25.17%, Err 1020 (1.0e-004)
1918.222 .... 1883 packets received, 2011 bps, 25.13%, Err 1020 (1.0e-004)
1921.034 .... 1891 packets received, 2016 bps, 25.20%, Err 1020 (1.0e-004)
1924.922 .... 1893 packets received, 2014 bps, 25.18%, Err 1022 (1.0e-004)
1929.345 .... 1897 packets received, 2014 bps, 25.17%, Err 1025 (1.0e-004)
1932.950 .... 1898 packets received, 2011 bps, 25.14%, Err 1026 (1.0e-004)
1936.835 .... 1900 packets received, 2009 bps, 25.12%, Err 1027 (1.0e-004)
1940.976 .... 1903 packets received, 2008 bps, 25.10%, Err 1029 (1.0e-004)
1945.116 .... 1906 packets received, 2007 bps, 25.09%, Err 1033 (1.0e-004)
1953.175 .... 1911 packets received, 2004 bps, 25.05%, Err 1037 (1.0e-004)
1957.026 .... 1913 packets received, 2002 bps, 25.03%, Err 1039 (1.0e-004)
1961.962 .... 1919 packets received, 2003 bps, 25.04%, Err 1041 (1.0e-004)
1965.574 .... 1920 packets received, 2001 bps, 25.01%, Err 1042 (1.0e-004)
1970.246 .... 1925 packets received, 2001 bps, 25.02%, Err 1046 (1.0e-004)
1974.665 .... 1929 packets received, 2001 bps, 25.01%, Err 1049 (1.0e-004)
1982.414 .... 1933 packets received, 1997 bps, 24.97%, Err 1055 (1.0e-004)
1984.540 .... 1941 packets received, 2003 bps, 25.04%, Err 1055 (1.0e-004)
1988.698 .... 1944 packets received, 2002 bps, 25.03%, Err 1056 (1.0e-004)
1993.646 .... 1950 packets received, 2003 bps, 25.04%, Err 1058 (1.0e-004)
1997.526 .... 1952 packets received, 2002 bps, 25.02%, Err 1060 (1.0e-004)
2001.408 .... 1954 packets received, 2000 bps, 25.00%, Err 1063 (1.0e-004)
2006.926 .... 1962 packets received, 2002 bps, 25.03%, Err 1064 (1.0e-004)
2011.357 .... 1966 packets received, 2002 bps, 25.03%, Err 1067 (1.0e-004)
2015.216 .... 1968 packets received, 2000 bps, 25.00%, Err 1069 (1.0e-004)
2022.990 .... 1972 packets received, 1997 bps, 24.96%, Err 1073 (1.0e-004)
2025.170 TCP Disconnected.
7 .... 3535 packets received, 6013 bps, 75.16%, Err 87 (1.0e-005)
1206.443 .... 3543 packets received, 6016 bps, 75.20%, Err 87 (1.0e-005)
1208.574 .... 3551 packets received, 6019 bps, 75.23%, Err 87 (1.0e-005)
1210.677 .... 3559 packets received, 6022 bps, 75.27%, Err 87 (1.0e-005)
1215.341 .... 3564 packets received, 6007 bps, 75.09%, Err 88 (1.0e-005)
1217.680 .... 3571 packets received, 6007 bps, 75.09%, Err 88 (1.0e-005)
1219.796 .... 3579 packets received, 6010 bps, 75.13%, Err 88 (1.0e-005)
1221.824 .... 3584 packets received, 6009 bps, 75.11%, Err 88 (1.0e-005)
1223.932 .... 3592 packets received, 6012 bps, 75.15%, Err 88 (1.0e-005)
1226.049 .... 3600 packets received, 6015 bps, 75.19%, Err 88 (1.0e-005)
1228.177 .... 3608 packets received, 6018 bps, 75.22%, Err 88 (1.0e-005)
1230.290 .... 3616 packets received, 6021 bps, 75.26%, Err 88 (1.0e-005)
1232.398 .... 3624 packets received, 6024 bps, 75.30%, Err 88 (1.0e-005)
1234.505 .... 3632 packets received, 6027 bps, 75.33%, Err 88 (1.0e-005)
1236.613 .... 3640 packets received, 6030 bps, 75.37%, Err 88 (1.0e-005)
1238.726 .... 3648 packets received, 6033 bps, 75.41%, Err 88 (1.0e-005)
1240.849 .... 3653 packets received, 6031 bps, 75.38%, Err 88 (1.0e-005)
1242.960 .... 3661 packets received, 6034 bps, 75.42%, Err 88 (1.0e-005)
1245.067 .... 3669 packets received, 6036 bps, 75.46%, Err 88 (9.9e-006)
1247.176 .... 3677 packets received, 6039 bps, 75.49%, Err 88 (9.9e-006)
1249.299 .... 3685 packets received, 6042 bps, 75.53%, Err 88 (9.9e-006)
1251.400 .... 3693 packets received, 6045 bps, 75.57%, Err 88 (9.9e-006)
1253.524 .... 3701 packets received, 6048 bps, 75.60%, Err 88 (9.9e-006)
1258.989 .... 3709 packets received, 6035 bps, 75.44%, Err 89 (9.9e-006)
1261.126 .... 3717 packets received, 6038 bps, 75.47%, Err 89 (9.9e-006)
1263.248 .... 3725 packets received, 6040 bps, 75.50%, Err 89 (9.9e-006)
1265.358 .... 3733 packets received, 6043 bps, 75.54%, Err 89 (9.9e-006)
1269.241 .... 3735 packets received, 6028 bps, 75.35%, Err 91 (1.0e-005)
1271.408 .... 3743 packets received, 6031 bps, 75.38%, Err 91 (1.0e-005)
1273.513 .... 3751 packets received, 6034 bps, 75.42%, Err 91 (1.0e-005)
1275.632 .... 3759 packets received, 6036 bps, 75.45%, Err 91 (1.0e-005)
1277.759 .... 3767 packets received, 6039 bps, 75.49%, Err 91 (1.0e-005)
1279.876 .... 3775 packets received, 6042 bps, 75.52%, Err 91 (1.0e-005)
1285.074 .... 3782 packets received, 6029 bps, 75.36%, Err 93 (1.0e-005)
1287.233 .... 3790 packets received, 6031 bps, 75.39%, Err 93 (1.0e-005)
1289.378 .... 3798 packets received, 6034 bps, 75.42%, Err 93 (1.0e-005)
1291.468 .... 3806 packets received, 6037 bps, 75.46%, Err 93 (1.0e-005)
1293.588 .... 3814 packets received, 6040 bps, 75.50%, Err 93 (1.0e-005)
1295.703 .... 3822 packets received, 6042 bps, 75.53%, Err 93 (1.0e-005)
1297.810 .... 3830 packets received, 6045 bps, 75.57%, Err 93 (1.0e-005)
1299.930 .... 3838 packets received, 6048 bps, 75.60%, Err 93 (1.0e-005)
1302.037 .... 3846 packets received, 6051 bps, 75.63%, Err 93 (1.0e-005)
1307.245 .... 3853 packets received, 6038 bps, 75.47%, Err 94 (1.0e-005)
1309.396 .... 3861 packets received, 6040 bps, 75.50%, Err 94 (1.0e-005)
1311.497 .... 3869 packets received, 6043 bps, 75.54%, Err 94 (1.0e-005)
1313.526 .... 3874 packets received, 6042 bps, 75.52%, Err 95 (1.0e-005)
1315.632 .... 3882 packets received, 6044 bps, 75.55%, Err 95 (1.0e-005)
1317.740 .... 3890 packets received, 6047 bps, 75.59%, Err 95 (1.0e-005)
1319.869 .... 3898 packets received, 6050 bps, 75.62%, Err 95 (1.0e-005)
1321.974 .... 3906 packets received, 6052 bps, 75.66%, Err 95 (1.0e-005)
1324.090 .... 3914 packets received, 6055 bps, 75.69%, Err 95 (1.0e-005)
1329.536 .... 3922 packets received, 6043 bps, 75.53%, Err 96 (1.0e-005)
1331.707 .... 3930 packets received, 6045 bps, 75.56%, Err 96 (1.0e-005)
1333.824 .... 3938 packets received, 6048 bps, 75.60%, Err 96 (1.0e-005)
1335.996 .... 3944 packets received, 6047 bps, 75.59%, Err 96 (1.0e-005)
1340.655 .... 3949 packets received, 6034 bps, 75.42%, Err 97 (1.0e-005)
1342.834 .... 3957 packets received, 6036 bps, 75.45%, Err 99 (1.0e-005)
1346.438 .... 3958 packets received, 6022 bps, 75.27%, Err 99 (1.0e-005)
1348.604 .... 3966 packets received, 6024 bps, 75.30%, Err 99 (1.0e-005)
1350.713 .... 3974 packets received, 6027 bps, 75.33%, Err 99 (1.0e-005)
1352.855 .... 3982 packets received, 6029 bps, 75.37%, Err 99 (1.0e-005)
1354.978 .... 3990 packets received, 6032 bps, 75.40%, Err 99 (1.0e-005)
1357.077 .... 3998 packets received, 6035 bps, 75.43%, Err 99 (1.0e-005)
1361.492 .... 4002 packets received, 6021 bps, 75.26%, Err 101 (1.0e-005)
1365.116 .... 4003 packets received, 6007 bps, 75.08%, Err 101 (1.0e-005)
1367.266 .... 4011 packets received, 6009 bps, 75.12%, Err 101 (1.0e-005)
1369.400 .... 4019 packets received, 6012 bps, 75.15%, Err 101 (1.0e-005)
1371.529 .... 4027 packets received, 6014 bps, 75.18%, Err 101 (1.0e-005)
1373.640 .... 4035 packets received, 6017 bps, 75.21%, Err 101 (1.0e-005)
1375.760 .... 4043 packets received, 6020 bps, 75.25%, Err 101 (1.0e-005)
1377.874 .... 4051 packets received, 6022 bps, 75.28%, Err 101 (1.0e-005)
1379.977 .... 4059 packets received, 6025 bps, 75.31%, Err 101 (1.0e-005)
1382.239 .... 4065 packets received, 6024 bps, 75.30%, Err 101 (1.0e-005)
1384.348 .... 4073 packets received, 6027 bps, 75.34%, Err 101 (1.0e-005)
1386.451 .... 4081 packets received, 6030 bps, 75.37%, Err 101 (1.0e-005)
1388.569 .... 4089 packets received, 6032 bps, 75.40%, Err 101 (1.0e-005)
1390.679 .... 4097 packets received, 6035 bps, 75.43%, Err 101 (1.0e-005)
1392.803 .... 4105 packets received, 6037 bps, 75.47%, Err 102 (1.0e-005)
1394.910 .... 4113 packets received, 6040 bps, 75.50%, Err 103 (1.0e-005)
1397.023 .... 4121 packets received, 6043 bps, 75.53%, Err 103 (1.0e-005)
1401.163 .... 4124 packets received, 6029 bps, 75.36%, Err 104 (1.0e-005)
1403.321 .... 4132 packets received, 6031 bps, 75.39%, Err 104 (1.0e-005)
1405.430 .... 4140 packets received, 6034 bps, 75.43%, Err 104 (1.0e-005)
1407.536 .... 4148 packets received, 6037 bps, 75.46%, Err 104 (1.0e-005)
1409.648 .... 4156 packets received, 6039 bps, 75.49%, Err 104 (1.0e-005)
1412.213 .... 4163 packets received, 6038 bps, 75.48%, Err 104 (1.0e-005)
1414.330 .... 4171 packets received, 6041 bps, 75.51%, Err 104 (1.0e-005)
1416.442 .... 4179 packets received, 6044 bps, 75.54%, Err 104 (1.0e-005)
1418.565 .... 4187 packets received, 6046 bps, 75.58%, Err 104 (1.0e-005)
1420.671 .... 4195 packets received, 6049 bps, 75.61%, Err 104 (1.0e-005)
1423.321 .... 4202 packets received, 6047 bps, 75.59%, Err 104 (1.0e-005)
1425.427 .... 4210 packets received, 6050 bps, 75.62%, Err 104 (1.0e-005)
1427.553 .... 4218 packets received, 6052 bps, 75.66%, Err 104 (1.0e-005)
1429.659 .... 4226 packets received, 6055 bps, 75.69%, Err 104 (1.0e-005)
1433.826 .... 4229 packets received, 6042 bps, 75.52%, Err 105 (1.0e-005)
1435.949 .... 4237 packets received, 6044 bps, 75.55%, Err 105 (1.0e-005)
1438.072 .... 4245 packets received, 6047 bps, 75.58%, Err 105 (1.0e-005)
1440.174 .... 4253 packets received, 6049 bps, 75.61%, Err 105 (1.0e-005)
1442.288 .... 4261 packets received, 6052 bps, 75.65%, Err 105 (1.0e-005)
1444.299 .... 4266 packets received, 6050 bps, 75.63%, Err 105 (1.0e-005)
1446.417 .... 4274 packets received, 6053 bps, 75.66%, Err 105 (1.0e-005)
1448.517 .... 4282 packets received, 6055 bps, 75.69%, Err 105 (1.0e-005)
1450.635 .... 4290 packets received, 6058 bps, 75.72%, Err 105 (1.0e-005)
1452.749 .... 4298 packets received, 6060 bps, 75.75%, Err 105 (1.0e-005)
1454.872 .... 4306 packets received, 6063 bps, 75.78%, Err 105 (1.0e-005)
1456.980 .... 4314 packets received, 6065 bps, 75.81%, Err 105 (1.0e-005)
1459.088 .... 4322 packets received, 6068 bps, 75.85%, Err 105 (1.0e-005)
1461.196 .... 4330 packets received, 6070 bps, 75.88%, Err 105 (1.0e-005)
1463.303 .... 4338 packets received, 6073 bps, 75.91%, Err 105 (1.0e-005)
1464.745 ** WARNING: System too busy, sleep 15 ms, but be awakened 77 ms later
1465.558 .... 4344 packets received, 6072 bps, 75.89%, Err 105 (1.0e-005)
1467.801 .... 4355 packets received, 6078 bps, 75.97%, Err 106 (1.0e-005)
1469.065 ** WARNING: System too busy, sleep 15 ms, but be awakened 92 ms later
1469.914 .... 4363 packets received, 6080 bps, 76.00%, Err 106 (1.0e-005)
1471.618 ** WARNING: System too busy, sleep 15 ms, but be awakened 76 ms later
1471.915 .... 4370 packets received, 6082 bps, 76.02%, Err 106 (1.0e-005)
1476.446 .... 4375 packets received, 6070 bps, 75.87%, Err 107 (1.0e-005)
1478.602 .... 4383 packets received, 6072 bps, 75.90%, Err 107 (1.0e-005)
1480.745 .... 4391 packets received, 6074 bps, 75.93%, Err 107 (1.0e-005)
1482.869 .... 4399 packets received, 6077 bps, 75.96%, Err 107 (1.0e-005)
1484.970 .... 4407 packets received, 6079 bps, 75.99%, Err 107 (1.0e-005)
1487.088 .... 4415 packets received, 6081 bps, 76.02%, Err 107 (1.0e-005)
1489.194 .... 4423 packets received, 6084 bps, 76.05%, Err 107 (1.0e-005)
1491.443 .... 4429 packets received, 6083 bps, 76.04%, Err 107 (1.0e-005)
1496.633 .... 4436 packets received, 6071 bps, 75.89%, Err 108 (1.0e-005)
1498.799 .... 4444 packets received, 6074 bps, 75.92%, Err 108 (1.0e-005)
1503.214 .... 4448 packets received, 6061 bps, 75.76%, Err 109 (1.0e-005)
1505.368 .... 4456 packets received, 6063 bps, 75.79%, Err 109 (1.0e-005)
1509.792 .... 4460 packets received, 6051 bps, 75.64%, Err 110 (1.0e-005)
1515.319 .... 4468 packets received, 6040 bps, 75.50%, Err 111 (1.0e-005)
1517.415 .... 4476 packets received, 6042 bps, 75.53%, Err 111 (1.0e-005)
1519.527 .... 4481 packets received, 6041 bps, 75.51%, Err 111 (1.0e-005)
1524.198 .... 4486 packets received, 6029 bps, 75.36%, Err 112 (1.0e-005)
1526.349 .... 4494 packets received, 6031 bps, 75.39%, Err 112 (1.0e-005)
1531.030 .... 4499 packets received, 6019 bps, 75.24%, Err 113 (1.0e-005)
1533.208 .... 4507 packets received, 6021 bps, 75.27%, Err 113 (1.0e-005)
1535.317 .... 4515 packets received, 6024 bps, 75.30%, Err 113 (1.0e-005)
1537.427 .... 4523 packets received, 6026 bps, 75.33%, Err 113 (1.0e-005)
1539.563 .... 4531 packets received, 6028 bps, 75.36%, Err 113 (1.0e-005)
1541.695 .... 4539 packets received, 6031 bps, 75.38%, Err 113 (1.0e-005)
1543.807 .... 4547 packets received, 6033 bps, 75.41%, Err 113 (1.0e-005)
1545.919 .... 4555 packets received, 6035 bps, 75.44%, Err 113 (1.0e-005)
1548.162 .... 4561 packets received, 6035 bps, 75.43%, Err 113 (1.0e-005)
1553.121 .... 4567 packets received, 6023 bps, 75.29%, Err 114 (1.0e-005)
1555.289 .... 4575 packets received, 6025 bps, 75.32%, Err 114 (1.0e-005)
1557.417 .... 4583 packets received, 6028 bps, 75.35%, Err 114 (1.0e-005)
1559.539 .... 4591 packets received, 6030 bps, 75.38%, Err 114 (1.0e-005)
1561.645 .... 4599 packets received, 6032 bps, 75.41%, Err 114 (1.0e-005)
1563.750 .... 4607 packets received, 6035 bps, 75.43%, Err 114 (1.0e-005)
1566.027 .... 4613 packets received, 6034 bps, 75.42%, Err 114 (1.0e-005)
1568.132 .... 4621 packets received, 6036 bps, 75.45%, Err 114 (1.0e-005)
1570.241 .... 4629 packets received, 6039 bps, 75.48%, Err 114 (1.0e-005)
1572.346 .... 4637 packets received, 6041 bps, 75.51%, Err 114 (1.0e-005)
1574.471 .... 4645 packets received, 6043 bps, 75.54%, Err 114 (1.0e-005)
1576.531 .... 4650 packets received, 6042 bps, 75.52%, Err 114 (1.0e-005)
1578.667 .... 4658 packets received, 6044 bps, 75.55%, Err 114 (1.0e-005)
1580.677 .... 4663 packets received, 6043 bps, 75.53%, Err 114 (1.0e-005)
1582.790 .... 4671 packets received, 6045 bps, 75.56%, Err 114 (1.0e-005)
1584.906 .... 4679 packets received, 6047 bps, 75.59%, Err 114 (1.0e-005)
1587.022 .... 4687 packets received, 6050 bps, 75.62%, Err 114 (1.0e-005)
1589.131 .... 4695 packets received, 6052 bps, 75.65%, Err 114 (1.0e-005)
1591.237 .... 4703 packets received, 6054 bps, 75.68%, Err 114 (1.0e-005)
1593.610 .... 4709 packets received, 6053 bps, 75.66%, Err 114 (1.0e-005)
1595.732 .... 4717 packets received, 6055 bps, 75.69%, Err 114 (1.0e-005)
1597.846 .... 4725 packets received, 6057 bps, 75.72%, Err 114 (1.0e-005)
1599.959 .... 4733 packets received, 6059 bps, 75.74%, Err 114 (1.0e-005)
1602.057 .... 4741 packets received, 6062 bps, 75.77%, Err 114 (1.0e-005)
1604.164 .... 4749 packets received, 6064 bps, 75.80%, Err 114 (1.0e-005)
1606.304 .... 4757 packets received, 6066 bps, 75.83%, Err 114 (1.0e-005)
1608.401 .... 4765 packets received, 6068 bps, 75.86%, Err 114 (9.9e-006)
1610.511 .... 4773 packets received, 6071 bps, 75.88%, Err 114 (9.9e-006)
1612.632 .... 4781 packets received, 6073 bps, 75.91%, Err 114 (9.9e-006)
1614.747 .... 4789 packets received, 6075 bps, 75.94%, Err 114 (9.9e-006)
1616.858 .... 4797 packets received, 6077 bps, 75.97%, Err 114 (9.9e-006)
1618.921 .... 4802 packets received, 6076 bps, 75.95%, Err 114 (9.9e-006)
1621.052 .... 4810 packets received, 6078 bps, 75.97%, Err 114 (9.9e-006)
1623.154 .... 4818 packets received, 6080 bps, 76.00%, Err 114 (9.8e-006)
1625.229 .... 4823 packets received, 6079 bps, 75.98%, Err 114 (9.8e-006)
1627.337 .... 4831 packets received, 6081 bps, 76.01%, Err 114 (9.8e-006)
1629.433 .... 4839 packets received, 6083 bps, 76.04%, Err 115 (9.9e-006)
1631.550 .... 4847 packets received, 6085 bps, 76.07%, Err 116 (1.0e-005)
1633.657 .... 4855 packets received, 6087 bps, 76.09%, Err 116 (1.0e-005)
1635.776 .... 4863 packets received, 6090 bps, 76.12%, Err 116 (9.9e-006)
1637.896 .... 4871 packets received, 6092 bps, 76.15%, Err 116 (9.9e-006)
1639.993 .... 4879 packets received, 6094 bps, 76.17%, Err 116 (9.9e-006)
1642.105 .... 4885 packets received, 6094 bps, 76.17%, Err 117 (1.0e-005)
1645.731 .... 4886 packets received, 6081 bps, 76.02%, Err 118 (1.0e-005)
1647.883 .... 4894 packets received, 6083 bps, 76.04%, Err 119 (1.0e-005)
1651.504 .... 4895 packets received, 6071 bps, 75.89%, Err 119 (1.0e-005)
1653.674 .... 4903 packets received, 6073 bps, 75.91%, Err 119 (1.0e-005)
1655.075 ** WARNING: System too busy, sleep 15 ms, but be awakened 105 ms later
1655.777 .... 4909 packets received, 6073 bps, 75.91%, Err 120 (1.0e-005)
1659.129 .... 4911 packets received, 6063 bps, 75.79%, Err 120 (1.0e-005)
1661.283 .... 4919 packets received, 6065 bps, 75.81%, Err 120 (1.0e-005)
1663.395 .... 4927 packets received, 6067 bps, 75.84%, Err 120 (1.0e-005)
1665.519 .... 4935 packets received, 6069 bps, 75.87%, Err 120 (1.0e-005)
1667.665 .... 4943 packets received, 6071 bps, 75.89%, Err 120 (1.0e-005)
1672.609 .... 4949 packets received, 6061 bps, 75.76%, Err 121 (1.0e-005)
1674.727 .... 4957 packets received, 6063 bps, 75.79%, Err 121 (1.0e-005)
1678.616 .... 4959 packets received, 6051 bps, 75.64%, Err 123 (1.0e-005)
1680.764 .... 4967 packets received, 6053 bps, 75.67%, Err 123 (1.0e-005)
1682.866 .... 4975 packets received, 6055 bps, 75.69%, Err 123 (1.0e-005)
1685.190 .... 4981 packets received, 6054 bps, 75.68%, Err 123 (1.0e-005)
1687.301 .... 4989 packets received, 6057 bps, 75.71%, Err 123 (1.0e-005)
1689.401 .... 4997 packets received, 6059 bps, 75.73%, Err 123 (1.0e-005)
1691.477 .... 5002 packets received, 6057 bps, 75.72%, Err 123 (1.0e-005)
1693.592 .... 5010 packets received, 6059 bps, 75.74%, Err 123 (1.0e-005)
1695.706 .... 5018 packets received, 6062 bps, 75.77%, Err 123 (1.0e-005)
1697.784 .... 5023 packets received, 6060 bps, 75.75%, Err 123 (1.0e-005)
1699.911 .... 5031 packets received, 6062 bps, 75.78%, Err 123 (1.0e-005)
1702.710 .... 5039 packets received, 6062 bps, 75.77%, Err 123 (1.0e-005)
1704.819 .... 5047 packets received, 6064 bps, 75.80%, Err 124 (1.0e-005)
1708.435 .... 5048 packets received, 6052 bps, 75.65%, Err 125 (1.0e-005)
1710.583 .... 5056 packets received, 6054 bps, 75.68%, Err 125 (1.0e-005)
1712.706 .... 5064 packets received, 6056 bps, 75.70%, Err 125 (1.0e-005)
1714.811 .... 5072 packets received, 6059 bps, 75.73%, Err 125 (1.0e-005)
1716.916 .... 5080 packets received, 6061 bps, 75.76%, Err 125 (1.0e-005)
1719.037 .... 5088 packets received, 6063 bps, 75.78%, Err 125 (1.0e-005)
1721.178 .... 5096 packets received, 6065 bps, 75.81%, Err 125 (1.0e-005)
1723.304 .... 5104 packets received, 6067 bps, 75.83%, Err 125 (1.0e-005)
1725.427 .... 5112 packets received, 6069 bps, 75.86%, Err 125 (1.0e-005)
1727.537 .... 5120 packets received, 6071 bps, 75.88%, Err 125 (1.0e-005)
1729.651 .... 5128 packets received, 6073 bps, 75.91%, Err 125 (1.0e-005)
1731.882 .... 5134 packets received, 6072 bps, 75.90%, Err 125 (1.0e-005)
1733.990 .... 5142 packets received, 6074 bps, 75.93%, Err 125 (1.0e-005)
1736.099 .... 5150 packets received, 6076 bps, 75.95%, Err 125 (1.0e-005)
1740.771 .... 5155 packets received, 6066 bps, 75.82%, Err 126 (1.0e-005)
1744.915 .... 5158 packets received, 6055 bps, 75.69%, Err 127 (1.0e-005)
1747.063 .... 5166 packets received, 6057 bps, 75.71%, Err 127 (1.0e-005)
1749.184 .... 5174 packets received, 6059 bps, 75.74%, Err 127 (1.0e-005)
1751.305 .... 5182 packets received, 6061 bps, 75.76%, Err 127 (1.0e-005)
1753.415 .... 5190 packets received, 6063 bps, 75.79%, Err 127 (1.0e-005)
1755.514 .... 5198 packets received, 6065 bps, 75.81%, Err 127 (1.0e-005)
1758.090 .... 5205 packets received, 6064 bps, 75.80%, Err 127 (1.0e-005)
1760.213 .... 5213 packets received, 6066 bps, 75.83%, Err 127 (1.0e-005)
1762.330 .... 5221 packets received, 6068 bps, 75.85%, Err 127 (1.0e-005)
1764.433 .... 5229 packets received, 6070 bps, 75.88%, Err 127 (1.0e-005)
1766.554 .... 5237 packets received, 6072 bps, 75.90%, Err 127 (1.0e-005)
1768.659 .... 5245 packets received, 6074 bps, 75.93%, Err 127 (1.0e-005)
1770.781 .... 5253 packets received, 6076 bps, 75.95%, Err 127 (1.0e-005)
1772.883 .... 5261 packets received, 6078 bps, 75.98%, Err 127 (1.0e-005)
1774.986 .... 5269 packets received, 6080 bps, 76.01%, Err 127 (1.0e-005)
1777.106 .... 5274 packets received, 6079 bps, 75.99%, Err 127 (1.0e-005)
1779.218 .... 5282 packets received, 6081 bps, 76.01%, Err 127 (1.0e-005)
1781.340 .... 5290 packets received, 6083 bps, 76.04%, Err 127 (1.0e-005)
1783.444 .... 5298 packets received, 6085 bps, 76.06%, Err 127 (1.0e-005)
1785.558 .... 5306 packets received, 6087 bps, 76.09%, Err 127 (1.0e-005)
1787.675 .... 5314 packets received, 6089 bps, 76.11%, Err 127 (1.0e-005)
1791.554 .... 5316 packets received, 6078 bps, 75.97%, Err 128 (1.0e-005)
1793.703 .... 5324 packets received, 6080 bps, 76.00%, Err 128 (1.0e-005)
1795.806 .... 5332 packets received, 6082 bps, 76.02%, Err 128 (1.0e-005)
1797.912 .... 5340 packets received, 6084 bps, 76.05%, Err 128 (1.0e-005)
1800.031 .... 5348 packets received, 6086 bps, 76.07%, Err 128 (1.0e-005)
1802.161 .... 5356 packets received, 6088 bps, 76.09%, Err 128 (1.0e-005)
1804.261 .... 5364 packets received, 6090 bps, 76.12%, Err 129 (1.0e-005)
1807.877 .... 5365 packets received, 6079 bps, 75.98%, Err 129 (1.0e-005)
1810.032 .... 5373 packets received, 6080 bps, 76.00%, Err 129 (1.0e-005)
1812.137 .... 5381 packets received, 6082 bps, 76.03%, Err 129 (1.0e-005)
1814.265 .... 5389 packets received, 6084 bps, 76.05%, Err 129 (1.0e-005)
1816.400 .... 5397 packets received, 6086 bps, 76.08%, Err 129 (1.0e-005)
1818.504 .... 5405 packets received, 6088 bps, 76.10%, Err 130 (1.0e-005)
1823.704 .... 5412 packets received, 6079 bps, 75.98%, Err 131 (1.0e-005)
1825.874 .... 5420 packets received, 6080 bps, 76.00%, Err 131 (1.0e-005)
1827.981 .... 5428 packets received, 6082 bps, 76.03%, Err 131 (1.0e-005)
1830.104 .... 5436 packets received, 6084 bps, 76.05%, Err 131 (1.0e-005)
1832.250 .... 5444 packets received, 6086 bps, 76.07%, Err 131 (1.0e-005)
1834.343 .... 5452 packets received, 6088 bps, 76.10%, Err 131 (1.0e-005)
1836.459 .... 5460 packets received, 6090 bps, 76.12%, Err 131 (1.0e-005)
1840.619 .... 5463 packets received, 6079 bps, 75.99%, Err 132 (1.0e-005)
1845.027 .... 5467 packets received, 6069 bps, 75.87%, Err 133 (1.0e-005)
1847.197 .... 5475 packets received, 6071 bps, 75.89%, Err 133 (1.0e-005)
1849.301 .... 5483 packets received, 6073 bps, 75.91%, Err 133 (1.0e-005)
1851.406 .... 5491 packets received, 6075 bps, 75.94%, Err 133 (1.0e-005)
1853.545 .... 5499 packets received, 6077 bps, 75.96%, Err 133 (1.0e-005)
1855.554 .... 5504 packets received, 6076 bps, 75.95%, Err 133 (1.0e-005)
1857.656 .... 5512 packets received, 6078 bps, 75.97%, Err 133 (1.0e-005)
1859.784 .... 5520 packets received, 6080 bps, 75.99%, Err 133 (1.0e-005)
1861.891 .... 5528 packets received, 6081 bps, 76.02%, Err 133 (1.0e-005)
1864.015 .... 5536 packets received, 6083 bps, 76.04%, Err 133 (1.0e-005)
1866.114 .... 5544 packets received, 6085 bps, 76.07%, Err 133 (1.0e-005)
1868.231 .... 5552 packets received, 6087 bps, 76.09%, Err 133 (1.0e-005)
1872.632 .... 5556 packets received, 6077 bps, 75.97%, Err 134 (1.0e-005)
1874.812 .... 5564 packets received, 6079 bps, 75.99%, Err 134 (1.0e-005)
1876.918 .... 5572 packets received, 6081 bps, 76.01%, Err 134 (1.0e-005)
1879.044 .... 5580 packets received, 6083 bps, 76.03%, Err 134 (1.0e-005)
1881.185 .... 5588 packets received, 6084 bps, 76.06%, Err 134 (1.0e-005)
1883.287 .... 5596 packets received, 6086 bps, 76.08%, Err 134 (1.0e-005)
1885.532 .... 5602 packets received, 6086 bps, 76.07%, Err 134 (1.0e-005)
1887.636 .... 5610 packets received, 6088 bps, 76.09%, Err 134 (9.9e-006)
1889.766 .... 5618 packets received, 6089 bps, 76.12%, Err 134 (9.9e-006)
1891.872 .... 5626 packets received, 6091 bps, 76.14%, Err 134 (9.9e-006)
1897.076 .... 5633 packets received, 6082 bps, 76.03%, Err 135 (1.0e-005)
1899.213 .... 5641 packets received, 6084 bps, 76.05%, Err 135 (1.0e-005)
1901.335 .... 5649 packets received, 6086 bps, 76.07%, Err 135 (1.0e-005)
1903.437 .... 5657 packets received, 6088 bps, 76.09%, Err 135 (9.9e-006)
1905.549 .... 5665 packets received, 6089 bps, 76.12%, Err 135 (9.9e-006)
1907.666 .... 5673 packets received, 6091 bps, 76.14%, Err 135 (9.9e-006)
1911.558 .... 5675 packets received, 6081 bps, 76.01%, Err 136 (1.0e-005)
1915.711 .... 5678 packets received, 6071 bps, 75.89%, Err 138 (1.0e-005)
1917.845 .... 5686 packets received, 6073 bps, 75.91%, Err 138 (1.0e-005)
1919.962 .... 5694 packets received, 6075 bps, 75.93%, Err 138 (1.0e-005)
1922.098 .... 5700 packets received, 6074 bps, 75.93%, Err 139 (1.0e-005)
1924.205 .... 5708 packets received, 6076 bps, 75.95%, Err 139 (1.0e-005)
1926.318 .... 5716 packets received, 6078 bps, 75.97%, Err 139 (1.0e-005)
1928.432 .... 5724 packets received, 6080 bps, 76.00%, Err 139 (1.0e-005)
1933.619 .... 5731 packets received, 6071 bps, 75.89%, Err 141 (1.0e-005)
1935.727 .... 5739 packets received, 6073 bps, 75.91%, Err 141 (1.0e-005)
1937.858 .... 5747 packets received, 6075 bps, 75.93%, Err 141 (1.0e-005)
1939.979 .... 5753 packets received, 6074 bps, 75.93%, Err 141 (1.0e-005)
1942.534 .... 5760 packets received, 6074 bps, 75.92%, Err 141 (1.0e-005)
1944.646 .... 5768 packets received, 6075 bps, 75.94%, Err 141 (1.0e-005)
1946.784 .... 5776 packets received, 6077 bps, 75.96%, Err 141 (1.0e-005)
1948.885 .... 5784 packets received, 6079 bps, 75.99%, Err 141 (1.0e-005)
1950.995 .... 5792 packets received, 6081 bps, 76.01%, Err 142 (1.0e-005)
1954.626 .... 5793 packets received, 6071 bps, 75.88%, Err 142 (1.0e-005)
1956.785 .... 5801 packets received, 6072 bps, 75.90%, Err 142 (1.0e-005)
1958.909 .... 5809 packets received, 6074 bps, 75.93%, Err 142 (1.0e-005)
1963.819 .... 5815 packets received, 6065 bps, 75.81%, Err 144 (1.0e-005)
1965.983 .... 5823 packets received, 6067 bps, 75.84%, Err 144 (1.0e-005)
1968.087 .... 5831 packets received, 6069 bps, 75.86%, Err 144 (1.0e-005)
1970.234 .... 5839 packets received, 6070 bps, 75.88%, Err 144 (1.0e-005)
1972.354 .... 5847 packets received, 6072 bps, 75.90%, Err 144 (1.0e-005)
1974.462 .... 5855 packets received, 6074 bps, 75.92%, Err 144 (1.0e-005)
1976.711 .... 5861 packets received, 6073 bps, 75.92%, Err 144 (1.0e-005)
1978.835 .... 5869 packets received, 6075 bps, 75.94%, Err 144 (1.0e-005)
1980.944 .... 5877 packets received, 6077 bps, 75.96%, Err 144 (1.0e-005)
1983.058 .... 5885 packets received, 6079 bps, 75.98%, Err 144 (1.0e-005)
1987.987 .... 5891 packets received, 6070 bps, 75.87%, Err 146 (1.0e-005)
1990.139 .... 5899 packets received, 6071 bps, 75.89%, Err 146 (1.0e-005)
1992.259 .... 5907 packets received, 6073 bps, 75.91%, Err 146 (1.0e-005)
1994.353 .... 5915 packets received, 6075 bps, 75.94%, Err 146 (1.0e-005)
1996.470 .... 5923 packets received, 6077 bps, 75.96%, Err 146 (1.0e-005)
1998.602 .... 5931 packets received, 6078 bps, 75.98%, Err 146 (1.0e-005)
2000.695 .... 5939 packets received, 6080 bps, 76.00%, Err 146 (1.0e-005)
2002.815 .... 5947 packets received, 6082 bps, 76.03%, Err 146 (1.0e-005)
2006.977 .... 5950 packets received, 6072 bps, 75.91%, Err 147 (1.0e-005)
2009.126 .... 5958 packets received, 6074 bps, 75.93%, Err 148 (1.0e-005)
2012.744 .... 5959 packets received, 6064 bps, 75.80%, Err 148 (1.0e-005)
2014.918 .... 5967 packets received, 6066 bps, 75.82%, Err 148 (1.0e-005)
2017.016 .... 5975 packets received, 6068 bps, 75.85%, Err 148 (1.0e-005)
2019.116 .... 5983 packets received, 6069 bps, 75.87%, Err 148 (1.0e-005)
2021.229 .... 5991 packets received, 6071 bps, 75.89%, Err 148 (1.0e-005)
2023.341 .... 5999 packets received, 6073 bps, 75.91%, Err 148 (1.0e-005)
2025.462 .... 6007 packets received, 6075 bps, 75.93%, Err 148 (1.0e-005)
2027.580 .... 6015 packets received, 6076 bps, 75.96%, Err 149 (1.0e-005)
2029.685 .... 6023 packets received, 6078 bps, 75.98%, Err 149 (1.0e-005)
2031.806 .... 6031 packets received, 6080 bps, 76.00%, Err 149 (1.0e-005)
2033.923 .... 6039 packets received, 6082 bps, 76.02%, Err 149 (1.0e-005)
2035.935 .... 6044 packets received, 6081 bps, 76.01%, Err 149 (1.0e-005)
2040.347 .... 6048 packets received, 6072 bps, 75.89%, Err 150 (1.0e-005)
2042.484 .... 6056 packets received, 6073 bps, 75.92%, Err 150 (1.0e-005)
2044.642 .... 6064 packets received, 6075 bps, 75.94%, Err 150 (1.0e-005)
2046.743 .... 6072 packets received, 6077 bps, 75.96%, Err 150 (1.0e-005)
2048.993 .... 6078 packets received, 6076 bps, 75.95%, Err 150 (1.0e-005)
2051.115 .... 6086 packets received, 6078 bps, 75.97%, Err 150 (1.0e-005)
2053.218 .... 6094 packets received, 6079 bps, 75.99%, Err 150 (1.0e-005)
2055.337 .... 6102 packets received, 6081 bps, 76.01%, Err 150 (1.0e-005)
2060.528 .... 6109 packets received, 6073 bps, 75.91%, Err 151 (1.0e-005)
2062.647 .... 6117 packets received, 6074 bps, 75.93%, Err 152 (1.0e-005)
2066.255 .... 6118 packets received, 6065 bps, 75.81%, Err 154 (1.0e-005)
2068.371 .... 6126 packets received, 6067 bps, 75.83%, Err 154 (1.0e-005)
2070.490 .... 6134 packets received, 6068 bps, 75.85%, Err 154 (1.0e-005)
2072.725 .... 6140 packets received, 6068 bps, 75.84%, Err 154 (1.0e-005)
2075.021 .... 6146 packets received, 6067 bps, 75.83%, Err 154 (1.0e-005)
2077.122 .... 6154 packets received, 6069 bps, 75.86%, Err 154 (1.0e-005)
2079.255 .... 6162 packets received, 6070 bps, 75.88%, Err 154 (1.0e-005)
2081.365 .... 6170 packets received, 6072 bps, 75.90%, Err 154 (1.0e-005)
2083.741 .... 6176 packets received, 6071 bps, 75.89%, Err 154 (1.0e-005)
2085.840 .... 6184 packets received, 6073 bps, 75.91%, Err 154 (1.0e-005)
2088.659 .... 6192 packets received, 6072 bps, 75.90%, Err 154 (1.0e-005)
2090.776 .... 6200 packets received, 6074 bps, 75.92%, Err 154 (1.0e-005)
2095.444 .... 6205 packets received, 6065 bps, 75.82%, Err 155 (1.0e-005)
2097.598 .... 6213 packets received, 6067 bps, 75.84%, Err 155 (1.0e-005)
2099.702 .... 6221 packets received, 6069 bps, 75.86%, Err 155 (1.0e-005)
2101.821 .... 6229 packets received, 6070 bps, 75.88%, Err 155 (1.0e-005)
2103.930 .... 6237 packets received, 6072 bps, 75.90%, Err 155 (1.0e-005)
2105.959 .... 6242 packets received, 6071 bps, 75.89%, Err 155 (1.0e-005)
2108.069 .... 6250 packets received, 6073 bps, 75.91%, Err 155 (1.0e-005)
2113.736 .... 6256 packets received, 6062 bps, 75.78%, Err 156 (1.0e-005)
2115.881 .... 6264 packets received, 6064 bps, 75.80%, Err 156 (1.0e-005)
2117.810 TCP Disconnected.
ets received, 7739 bps, 96.74%, Err 0 (0.0e+000)
1847.439 .... 6980 packets received, 7739 bps, 96.74%, Err 0 (0.0e+000)
1849.543 .... 6988 packets received, 7739 bps, 96.74%, Err 0 (0.0e+000)
1851.656 .... 6996 packets received, 7739 bps, 96.74%, Err 0 (0.0e+000)
1853.770 .... 7004 packets received, 7739 bps, 96.74%, Err 0 (0.0e+000)
1855.881 .... 7012 packets received, 7739 bps, 96.74%, Err 0 (0.0e+000)
1857.997 .... 7020 packets received, 7739 bps, 96.74%, Err 0 (0.0e+000)
1860.104 .... 7028 packets received, 7739 bps, 96.74%, Err 0 (0.0e+000)
1862.212 .... 7036 packets received, 7739 bps, 96.74%, Err 0 (0.0e+000)
1864.353 .... 7044 packets received, 7739 bps, 96.74%, Err 0 (0.0e+000)
1866.461 .... 7052 packets received, 7739 bps, 96.74%, Err 0 (0.0e+000)
1868.567 .... 7060 packets received, 7739 bps, 96.74%, Err 0 (0.0e+000)
1870.683 .... 7068 packets received, 7739 bps, 96.74%, Err 0 (0.0e+000)
1872.787 .... 7076 packets received, 7739 bps, 96.74%, Err 0 (0.0e+000)
1874.895 .... 7084 packets received, 7739 bps, 96.74%, Err 0 (0.0e+000)
1877.001 .... 7092 packets received, 7739 bps, 96.74%, Err 0 (0.0e+000)
1879.127 .... 7100 packets received, 7739 bps, 96.74%, Err 0 (0.0e+000)
1881.225 .... 7108 packets received, 7739 bps, 96.74%, Err 0 (0.0e+000)
1883.355 .... 7116 packets received, 7739 bps, 96.74%, Err 0 (0.0e+000)
1885.471 .... 7124 packets received, 7739 bps, 96.74%, Err 0 (0.0e+000)
1887.554 .... 7132 packets received, 7739 bps, 96.74%, Err 0 (0.0e+000)
1889.693 .... 7140 packets received, 7739 bps, 96.74%, Err 0 (0.0e+000)
1891.789 .... 7148 packets received, 7739 bps, 96.74%, Err 0 (0.0e+000)
1893.907 .... 7156 packets received, 7739 bps, 96.74%, Err 0 (0.0e+000)
1896.017 .... 7164 packets received, 7739 bps, 96.74%, Err 0 (0.0e+000)
1898.148 .... 7172 packets received, 7739 bps, 96.74%, Err 0 (0.0e+000)
1900.246 .... 7180 packets received, 7739 bps, 96.74%, Err 0 (0.0e+000)
1902.351 .... 7188 packets received, 7739 bps, 96.74%, Err 0 (0.0e+000)
1904.474 .... 7196 packets received, 7739 bps, 96.74%, Err 0 (0.0e+000)
1906.586 .... 7204 packets received, 7739 bps, 96.74%, Err 0 (0.0e+000)
1908.694 .... 7212 packets received, 7739 bps, 96.74%, Err 0 (0.0e+000)
1910.807 .... 7220 packets received, 7739 bps, 96.74%, Err 0 (0.0e+000)
1912.912 .... 7228 packets received, 7740 bps, 96.74%, Err 0 (0.0e+000)
1915.040 .... 7236 packets received, 7740 bps, 96.74%, Err 0 (0.0e+000)
1917.133 .... 7244 packets received, 7740 bps, 96.74%, Err 0 (0.0e+000)
1919.257 .... 7252 packets received, 7740 bps, 96.74%, Err 0 (0.0e+000)
1921.354 .... 7260 packets received, 7740 bps, 96.75%, Err 0 (0.0e+000)
1923.491 .... 7268 packets received, 7740 bps, 96.74%, Err 0 (0.0e+000)
1925.587 .... 7276 packets received, 7740 bps, 96.75%, Err 0 (0.0e+000)
1927.698 .... 7284 packets received, 7740 bps, 96.75%, Err 0 (0.0e+000)
1929.808 .... 7292 packets received, 7740 bps, 96.75%, Err 0 (0.0e+000)
1931.905 .... 7300 packets received, 7740 bps, 96.75%, Err 0 (0.0e+000)
1934.044 .... 7308 packets received, 7740 bps, 96.75%, Err 0 (0.0e+000)
1936.158 .... 7316 packets received, 7740 bps, 96.75%, Err 0 (0.0e+000)
1938.267 .... 7324 packets received, 7740 bps, 96.75%, Err 0 (0.0e+000)
1940.375 .... 7332 packets received, 7740 bps, 96.75%, Err 0 (0.0e+000)
1942.483 .... 7340 packets received, 7740 bps, 96.75%, Err 0 (0.0e+000)
1944.588 .... 7348 packets received, 7740 bps, 96.75%, Err 0 (0.0e+000)
1946.700 .... 7356 packets received, 7740 bps, 96.75%, Err 0 (0.0e+000)
1948.819 .... 7364 packets received, 7740 bps, 96.75%, Err 0 (0.0e+000)
1950.915 .... 7372 packets received, 7740 bps, 96.75%, Err 0 (0.0e+000)
1953.038 .... 7380 packets received, 7740 bps, 96.75%, Err 0 (0.0e+000)
1955.139 .... 7388 packets received, 7740 bps, 96.75%, Err 0 (0.0e+000)
1957.277 .... 7396 packets received, 7740 bps, 96.75%, Err 0 (0.0e+000)
1959.369 .... 7404 packets received, 7740 bps, 96.75%, Err 0 (0.0e+000)
1961.494 .... 7412 packets received, 7740 bps, 96.75%, Err 0 (0.0e+000)
1963.589 .... 7420 packets received, 7740 bps, 96.75%, Err 0 (0.0e+000)
1965.715 .... 7428 packets received, 7740 bps, 96.75%, Err 0 (0.0e+000)
1967.830 .... 7436 packets received, 7740 bps, 96.75%, Err 0 (0.0e+000)
1969.940 .... 7444 packets received, 7740 bps, 96.75%, Err 0 (0.0e+000)
1972.040 .... 7452 packets received, 7740 bps, 96.75%, Err 0 (0.0e+000)
1974.168 .... 7460 packets received, 7740 bps, 96.75%, Err 0 (0.0e+000)
1976.277 .... 7468 packets received, 7740 bps, 96.75%, Err 0 (0.0e+000)
1978.398 .... 7476 packets received, 7740 bps, 96.75%, Err 0 (0.0e+000)
1980.506 .... 7484 packets received, 7740 bps, 96.75%, Err 0 (0.0e+000)
1982.630 .... 7492 packets received, 7740 bps, 96.75%, Err 0 (0.0e+000)
1984.730 .... 7500 packets received, 7740 bps, 96.75%, Err 0 (0.0e+000)
1986.842 .... 7508 packets received, 7740 bps, 96.75%, Err 0 (0.0e+000)
1988.955 .... 7516 packets received, 7740 bps, 96.75%, Err 0 (0.0e+000)
1991.069 .... 7524 packets received, 7740 bps, 96.75%, Err 0 (0.0e+000)
1993.182 .... 7532 packets received, 7740 bps, 96.75%, Err 0 (0.0e+000)
1995.291 .... 7540 packets received, 7740 bps, 96.75%, Err 0 (0.0e+000)
1997.397 .... 7548 packets received, 7740 bps, 96.75%, Err 0 (0.0e+000)
1999.504 .... 7556 packets received, 7740 bps, 96.75%, Err 0 (0.0e+000)
2001.622 .... 7564 packets received, 7740 bps, 96.75%, Err 0 (0.0e+000)
2003.748 .... 7572 packets received, 7740 bps, 96.75%, Err 0 (0.0e+000)
2005.860 .... 7580 packets received, 7740 bps, 96.75%, Err 0 (0.0e+000)
2007.963 .... 7588 packets received, 7740 bps, 96.75%, Err 0 (0.0e+000)
2010.079 .... 7596 packets received, 7740 bps, 96.75%, Err 0 (0.0e+000)
2012.189 .... 7604 packets received, 7740 bps, 96.75%, Err 0 (0.0e+000)
2014.308 .... 7612 packets received, 7740 bps, 96.75%, Err 0 (0.0e+000)
2016.405 .... 7620 packets received, 7740 bps, 96.76%, Err 0 (0.0e+000)
2018.510 .... 7628 packets received, 7740 bps, 96.76%, Err 0 (0.0e+000)
2020.636 .... 7636 packets received, 7740 bps, 96.76%, Err 0 (0.0e+000)
2022.756 .... 7644 packets received, 7740 bps, 96.76%, Err 0 (0.0e+000)
2024.862 .... 7652 packets received, 7740 bps, 96.76%, Err 0 (0.0e+000)
2026.967 .... 7660 packets received, 7741 bps, 96.76%, Err 0 (0.0e+000)
2029.083 .... 7668 packets received, 7741 bps, 96.76%, Err 0 (0.0e+000)
2031.195 .... 7676 packets received, 7741 bps, 96.76%, Err 0 (0.0e+000)
2033.294 .... 7684 packets received, 7741 bps, 96.76%, Err 0 (0.0e+000)
2035.416 .... 7692 packets received, 7741 bps, 96.76%, Err 0 (0.0e+000)
2037.524 .... 7700 packets received, 7741 bps, 96.76%, Err 0 (0.0e+000)
2039.646 .... 7708 packets received, 7741 bps, 96.76%, Err 0 (0.0e+000)
2041.749 .... 7716 packets received, 7741 bps, 96.76%, Err 0 (0.0e+000)
2043.871 .... 7724 packets received, 7741 bps, 96.76%, Err 0 (0.0e+000)
2045.962 .... 7732 packets received, 7741 bps, 96.76%, Err 0 (0.0e+000)
2048.085 .... 7740 packets received, 7741 bps, 96.76%, Err 0 (0.0e+000)
2050.208 .... 7748 packets received, 7741 bps, 96.76%, Err 0 (0.0e+000)
2052.312 .... 7756 packets received, 7741 bps, 96.76%, Err 0 (0.0e+000)
2054.423 .... 7764 packets received, 7741 bps, 96.76%, Err 0 (0.0e+000)
2056.552 .... 7772 packets received, 7741 bps, 96.76%, Err 0 (0.0e+000)
2058.647 .... 7780 packets received, 7741 bps, 96.76%, Err 0 (0.0e+000)
2060.755 .... 7788 packets received, 7741 bps, 96.76%, Err 0 (0.0e+000)
2062.860 .... 7796 packets received, 7741 bps, 96.76%, Err 0 (0.0e+000)
2065.011 .... 7804 packets received, 7741 bps, 96.76%, Err 0 (0.0e+000)
2067.109 .... 7812 packets received, 7741 bps, 96.76%, Err 0 (0.0e+000)
2069.230 .... 7820 packets received, 7741 bps, 96.76%, Err 0 (0.0e+000)
2071.340 .... 7828 packets received, 7741 bps, 96.76%, Err 0 (0.0e+000)
2073.446 .... 7836 packets received, 7741 bps, 96.76%, Err 0 (0.0e+000)
2075.556 .... 7844 packets received, 7741 bps, 96.76%, Err 0 (0.0e+000)
2077.663 .... 7852 packets received, 7741 bps, 96.76%, Err 0 (0.0e+000)
2079.783 .... 7860 packets received, 7741 bps, 96.76%, Err 0 (0.0e+000)
2081.891 .... 7868 packets received, 7741 bps, 96.76%, Err 0 (0.0e+000)
2084.013 .... 7876 packets received, 7741 bps, 96.76%, Err 0 (0.0e+000)
2086.109 .... 7884 packets received, 7741 bps, 96.76%, Err 0 (0.0e+000)
2088.221 .... 7892 packets received, 7741 bps, 96.76%, Err 0 (0.0e+000)
2090.342 .... 7900 packets received, 7741 bps, 96.76%, Err 0 (0.0e+000)
2092.450 .... 7908 packets received, 7741 bps, 96.76%, Err 0 (0.0e+000)
2094.560 .... 7916 packets received, 7741 bps, 96.76%, Err 0 (0.0e+000)
2096.681 .... 7924 packets received, 7741 bps, 96.76%, Err 0 (0.0e+000)
2098.781 .... 7932 packets received, 7741 bps, 96.76%, Err 0 (0.0e+000)
2100.886 .... 7940 packets received, 7741 bps, 96.76%, Err 0 (0.0e+000)
2103.007 .... 7948 packets received, 7741 bps, 96.76%, Err 0 (0.0e+000)
2105.137 .... 7956 packets received, 7741 bps, 96.76%, Err 0 (0.0e+000)
2107.242 .... 7964 packets received, 7741 bps, 96.76%, Err 0 (0.0e+000)
2109.343 .... 7972 packets received, 7741 bps, 96.76%, Err 0 (0.0e+000)
2111.458 .... 7980 packets received, 7741 bps, 96.76%, Err 0 (0.0e+000)
2113.579 .... 7988 packets received, 7741 bps, 96.76%, Err 0 (0.0e+000)
2115.684 .... 7996 packets received, 7741 bps, 96.77%, Err 0 (0.0e+000)
2117.788 .... 8004 packets received, 7741 bps, 96.77%, Err 0 (0.0e+000)
2119.895 .... 8012 packets received, 7741 bps, 96.77%, Err 0 (0.0e+000)
2122.021 .... 8020 packets received, 7741 bps, 96.77%, Err 0 (0.0e+000)
2124.136 .... 8028 packets received, 7741 bps, 96.77%, Err 0 (0.0e+000)
2126.244 .... 8036 packets received, 7741 bps, 96.77%, Err 0 (0.0e+000)
2128.361 .... 8044 packets received, 7741 bps, 96.77%, Err 0 (0.0e+000)
2130.467 .... 8052 packets received, 7741 bps, 96.77%, Err 0 (0.0e+000)
2132.578 .... 8060 packets received, 7741 bps, 96.77%, Err 0 (0.0e+000)
2134.701 .... 8068 packets received, 7741 bps, 96.77%, Err 0 (0.0e+000)
2136.807 .... 8076 packets received, 7741 bps, 96.77%, Err 0 (0.0e+000)
2138.916 .... 8084 packets received, 7741 bps, 96.77%, Err 0 (0.0e+000)
2141.024 .... 8092 packets received, 7741 bps, 96.77%, Err 0 (0.0e+000)
2143.148 .... 8100 packets received, 7741 bps, 96.77%, Err 0 (0.0e+000)
2145.242 .... 8108 packets received, 7741 bps, 96.77%, Err 0 (0.0e+000)
2147.369 .... 8116 packets received, 7741 bps, 96.77%, Err 0 (0.0e+000)
2149.475 .... 8124 packets received, 7741 bps, 96.77%, Err 0 (0.0e+000)
2151.571 .... 8132 packets received, 7742 bps, 96.77%, Err 0 (0.0e+000)
2153.694 .... 8140 packets received, 7742 bps, 96.77%, Err 0 (0.0e+000)
2155.820 .... 8148 packets received, 7741 bps, 96.77%, Err 0 (0.0e+000)
2157.915 .... 8156 packets received, 7742 bps, 96.77%, Err 0 (0.0e+000)
2160.039 .... 8164 packets received, 7742 bps, 96.77%, Err 0 (0.0e+000)
2162.152 .... 8172 packets received, 7742 bps, 96.77%, Err 0 (0.0e+000)
2164.267 .... 8180 packets received, 7742 bps, 96.77%, Err 0 (0.0e+000)
2166.373 .... 8188 packets received, 7742 bps, 96.77%, Err 0 (0.0e+000)
2168.478 .... 8196 packets received, 7742 bps, 96.77%, Err 0 (0.0e+000)
2170.611 .... 8204 packets received, 7742 bps, 96.77%, Err 0 (0.0e+000)
2172.715 .... 8212 packets received, 7742 bps, 96.77%, Err 0 (0.0e+000)
2174.816 .... 8220 packets received, 7742 bps, 96.77%, Err 0 (0.0e+000)
2176.924 .... 8228 packets received, 7742 bps, 96.77%, Err 0 (0.0e+000)
2179.027 .... 8236 packets received, 7742 bps, 96.77%, Err 0 (0.0e+000)
2181.153 .... 8244 packets received, 7742 bps, 96.77%, Err 0 (0.0e+000)
2183.261 .... 8252 packets received, 7742 bps, 96.77%, Err 0 (0.0e+000)
2185.382 .... 8260 packets received, 7742 bps, 96.77%, Err 0 (0.0e+000)
2187.489 .... 8268 packets received, 7742 bps, 96.77%, Err 0 (0.0e+000)
2189.593 .... 8276 packets received, 7742 bps, 96.77%, Err 0 (0.0e+000)
2191.716 .... 8284 packets received, 7742 bps, 96.77%, Err 0 (0.0e+000)
2193.832 .... 8292 packets received, 7742 bps, 96.77%, Err 0 (0.0e+000)
2195.945 .... 8300 packets received, 7742 bps, 96.77%, Err 0 (0.0e+000)
2198.046 .... 8308 packets received, 7742 bps, 96.77%, Err 0 (0.0e+000)
2200.155 .... 8316 packets received, 7742 bps, 96.77%, Err 0 (0.0e+000)
2202.267 .... 8324 packets received, 7742 bps, 96.77%, Err 0 (0.0e+000)
2204.374 .... 8332 packets received, 7742 bps, 96.77%, Err 0 (0.0e+000)
2206.486 .... 8340 packets received, 7742 bps, 96.77%, Err 0 (0.0e+000)
2208.607 .... 8348 packets received, 7742 bps, 96.77%, Err 0 (0.0e+000)
2210.727 .... 8356 packets received, 7742 bps, 96.77%, Err 0 (0.0e+000)
2212.836 .... 8364 packets received, 7742 bps, 96.77%, Err 0 (0.0e+000)
2214.940 .... 8372 packets received, 7742 bps, 96.77%, Err 0 (0.0e+000)
2217.049 .... 8380 packets received, 7742 bps, 96.77%, Err 0 (0.0e+000)
2219.162 .... 8388 packets received, 7742 bps, 96.78%, Err 0 (0.0e+000)
2221.285 .... 8396 packets received, 7742 bps, 96.77%, Err 0 (0.0e+000)
2223.399 .... 8404 packets received, 7742 bps, 96.77%, Err 0 (0.0e+000)
2225.503 .... 8412 packets received, 7742 bps, 96.78%, Err 0 (0.0e+000)
2227.606 .... 8420 packets received, 7742 bps, 96.78%, Err 0 (0.0e+000)
2229.730 .... 8428 packets received, 7742 bps, 96.78%, Err 0 (0.0e+000)
2231.837 .... 8436 packets received, 7742 bps, 96.78%, Err 0 (0.0e+000)
2233.966 .... 8444 packets received, 7742 bps, 96.78%, Err 0 (0.0e+000)
2236.070 .... 8452 packets received, 7742 bps, 96.78%, Err 0 (0.0e+000)
2238.165 .... 8460 packets received, 7742 bps, 96.78%, Err 0 (0.0e+000)
2240.290 .... 8468 packets received, 7742 bps, 96.78%, Err 0 (0.0e+000)
2242.400 .... 8476 packets received, 7742 bps, 96.78%, Err 0 (0.0e+000)
2244.508 .... 8484 packets received, 7742 bps, 96.78%, Err 0 (0.0e+000)
2246.630 .... 8492 packets received, 7742 bps, 96.78%, Err 0 (0.0e+000)
2248.743 .... 8500 packets received, 7742 bps, 96.78%, Err 0 (0.0e+000)
2250.850 .... 8508 packets received, 7742 bps, 96.78%, Err 0 (0.0e+000)
2252.960 .... 8516 packets received, 7742 bps, 96.78%, Err 0 (0.0e+000)
2255.071 .... 8524 packets received, 7742 bps, 96.78%, Err 0 (0.0e+000)
2257.188 .... 8532 packets received, 7742 bps, 96.78%, Err 0 (0.0e+000)
2258.922 ** WARNING: System too busy, sleep 15 ms, but be awakened 140 ms later
2260.642 .... 8538 packets received, 7736 bps, 96.70%, Err 0 (0.0e+000)
2262.899 .... 8549 packets received, 7738 bps, 96.73%, Err 0 (0.0e+000)
2265.002 .... 8557 packets received, 7738 bps, 96.73%, Err 0 (0.0e+000)
2267.120 .... 8565 packets received, 7738 bps, 96.73%, Err 0 (0.0e+000)
2269.237 .... 8573 packets received, 7738 bps, 96.73%, Err 0 (0.0e+000)
2271.351 .... 8581 packets received, 7738 bps, 96.73%, Err 0 (0.0e+000)
2273.469 .... 8589 packets received, 7738 bps, 96.73%, Err 0 (0.0e+000)
2275.565 .... 8597 packets received, 7738 bps, 96.73%, Err 0 (0.0e+000)
2277.686 .... 8605 packets received, 7738 bps, 96.73%, Err 0 (0.0e+000)
2279.793 .... 8613 packets received, 7738 bps, 96.73%, Err 0 (0.0e+000)
2281.916 .... 8621 packets received, 7738 bps, 96.73%, Err 0 (0.0e+000)
2284.024 .... 8629 packets received, 7738 bps, 96.73%, Err 0 (0.0e+000)
2286.145 .... 8637 packets received, 7738 bps, 96.73%, Err 0 (0.0e+000)
2288.245 .... 8645 packets received, 7738 bps, 96.73%, Err 0 (0.0e+000)
2290.352 .... 8653 packets received, 7738 bps, 96.73%, Err 0 (0.0e+000)
2292.463 .... 8661 packets received, 7738 bps, 96.73%, Err 0 (0.0e+000)
2294.571 .... 8669 packets received, 7738 bps, 96.73%, Err 0 (0.0e+000)
2296.703 .... 8677 packets received, 7738 bps, 96.73%, Err 0 (0.0e+000)
2298.796 .... 8685 packets received, 7738 bps, 96.73%, Err 0 (0.0e+000)
2300.917 .... 8693 packets received, 7738 bps, 96.73%, Err 0 (0.0e+000)
2303.039 .... 8701 packets received, 7738 bps, 96.73%, Err 0 (0.0e+000)
2305.144 .... 8709 packets received, 7738 bps, 96.73%, Err 0 (0.0e+000)
2307.267 .... 8717 packets received, 7738 bps, 96.73%, Err 0 (0.0e+000)
2309.360 .... 8725 packets received, 7738 bps, 96.73%, Err 0 (0.0e+000)
2311.466 .... 8733 packets received, 7739 bps, 96.73%, Err 0 (0.0e+000)
2313.574 .... 8741 packets received, 7739 bps, 96.73%, Err 0 (0.0e+000)
2315.715 .... 8749 packets received, 7738 bps, 96.73%, Err 0 (0.0e+000)
2317.813 .... 8757 packets received, 7739 bps, 96.73%, Err 0 (0.0e+000)
2319.933 .... 8765 packets received, 7739 bps, 96.73%, Err 0 (0.0e+000)
2322.041 .... 8773 packets received, 7739 bps, 96.73%, Err 0 (0.0e+000)
2324.136 .... 8781 packets received, 7739 bps, 96.73%, Err 0 (0.0e+000)
2326.274 .... 8789 packets received, 7739 bps, 96.73%, Err 0 (0.0e+000)
2328.371 .... 8797 packets received, 7739 bps, 96.73%, Err 0 (0.0e+000)
2330.481 .... 8805 packets received, 7739 bps, 96.73%, Err 0 (0.0e+000)
2332.601 .... 8813 packets received, 7739 bps, 96.73%, Err 0 (0.0e+000)
2334.724 .... 8821 packets received, 7739 bps, 96.73%, Err 0 (0.0e+000)
2336.817 .... 8829 packets received, 7739 bps, 96.73%, Err 0 (0.0e+000)
2338.925 .... 8837 packets received, 7739 bps, 96.73%, Err 0 (0.0e+000)
2341.033 .... 8845 packets received, 7739 bps, 96.73%, Err 0 (0.0e+000)
2343.170 .... 8853 packets received, 7739 bps, 96.73%, Err 0 (0.0e+000)
2345.261 .... 8861 packets received, 7739 bps, 96.73%, Err 0 (0.0e+000)
2347.399 .... 8869 packets received, 7739 bps, 96.73%, Err 0 (0.0e+000)
2349.504 .... 8877 packets received, 7739 bps, 96.73%, Err 0 (0.0e+000)
2351.607 .... 8885 packets received, 7739 bps, 96.73%, Err 0 (0.0e+000)
2353.717 .... 8893 packets received, 7739 bps, 96.74%, Err 0 (0.0e+000)
2355.839 .... 8901 packets received, 7739 bps, 96.74%, Err 0 (0.0e+000)
2357.943 .... 8909 packets received, 7739 bps, 96.74%, Err 0 (0.0e+000)
2360.051 .... 8917 packets received, 7739 bps, 96.74%, Err 0 (0.0e+000)
2362.162 .... 8925 packets received, 7739 bps, 96.74%, Err 0 (0.0e+000)
2364.271 .... 8933 packets received, 7739 bps, 96.74%, Err 0 (0.0e+000)
2366.391 .... 8941 packets received, 7739 bps, 96.74%, Err 0 (0.0e+000)
2368.513 .... 8949 packets received, 7739 bps, 96.74%, Err 0 (0.0e+000)
2370.618 .... 8957 packets received, 7739 bps, 96.74%, Err 0 (0.0e+000)
2372.725 .... 8965 packets received, 7739 bps, 96.74%, Err 0 (0.0e+000)
2374.851 .... 8973 packets received, 7739 bps, 96.74%, Err 0 (0.0e+000)
2376.959 .... 8981 packets received, 7739 bps, 96.74%, Err 0 (0.0e+000)
2379.072 .... 8989 packets received, 7739 bps, 96.74%, Err 0 (0.0e+000)
2381.166 .... 8997 packets received, 7739 bps, 96.74%, Err 0 (0.0e+000)
2383.289 .... 9005 packets received, 7739 bps, 96.74%, Err 0 (0.0e+000)
2385.384 .... 9013 packets received, 7739 bps, 96.74%, Err 0 (0.0e+000)
2387.524 .... 9021 packets received, 7739 bps, 96.74%, Err 0 (0.0e+000)
2389.632 .... 9029 packets received, 7739 bps, 96.74%, Err 0 (0.0e+000)
2391.727 .... 9037 packets received, 7739 bps, 96.74%, Err 0 (0.0e+000)
2393.849 .... 9045 packets received, 7739 bps, 96.74%, Err 0 (0.0e+000)
2395.958 .... 9053 packets received, 7739 bps, 96.74%, Err 0 (0.0e+000)
2398.070 .... 9061 packets received, 7739 bps, 96.74%, Err 0 (0.0e+000)
2400.179 .... 9069 packets received, 7739 bps, 96.74%, Err 0 (0.0e+000)
2402.302 .... 9077 packets received, 7739 bps, 96.74%, Err 0 (0.0e+000)
2404.411 .... 9085 packets received, 7739 bps, 96.74%, Err 0 (0.0e+000)
2406.515 .... 9093 packets received, 7739 bps, 96.74%, Err 0 (0.0e+000)
2408.617 .... 9101 packets received, 7739 bps, 96.74%, Err 0 (0.0e+000)
2410.727 .... 9109 packets received, 7739 bps, 96.74%, Err 0 (0.0e+000)
2412.849 .... 9117 packets received, 7739 bps, 96.74%, Err 0 (0.0e+000)
2414.970 .... 9125 packets received, 7739 bps, 96.74%, Err 0 (0.0e+000)
2417.072 .... 9133 packets received, 7739 bps, 96.74%, Err 0 (0.0e+000)
2419.178 .... 9141 packets received, 7739 bps, 96.74%, Err 0 (0.0e+000)
2421.315 .... 9149 packets received, 7739 bps, 96.74%, Err 0 (0.0e+000)
2423.419 .... 9157 packets received, 7739 bps, 96.74%, Err 0 (0.0e+000)
2425.536 .... 9165 packets received, 7739 bps, 96.74%, Err 0 (0.0e+000)
2427.640 .... 9173 packets received, 7739 bps, 96.74%, Err 0 (0.0e+000)
2429.758 .... 9181 packets received, 7739 bps, 96.74%, Err 0 (0.0e+000)
2431.852 .... 9189 packets received, 7739 bps, 96.74%, Err 0 (0.0e+000)
2433.969 .... 9197 packets received, 7739 bps, 96.74%, Err 0 (0.0e+000)
2436.097 .... 9205 packets received, 7739 bps, 96.74%, Err 0 (0.0e+000)
2438.210 .... 9213 packets received, 7739 bps, 96.74%, Err 0 (0.0e+000)
2440.309 .... 9221 packets received, 7739 bps, 96.74%, Err 0 (0.0e+000)
2442.428 .... 9229 packets received, 7739 bps, 96.74%, Err 0 (0.0e+000)
2444.536 .... 9237 packets received, 7740 bps, 96.74%, Err 0 (0.0e+000)
2446.637 .... 9245 packets received, 7740 bps, 96.74%, Err 0 (0.0e+000)
2448.758 .... 9253 packets received, 7740 bps, 96.74%, Err 0 (0.0e+000)
2450.867 .... 9261 packets received, 7740 bps, 96.74%, Err 0 (0.0e+000)
2452.985 .... 9269 packets received, 7740 bps, 96.74%, Err 0 (0.0e+000)
2455.091 .... 9277 packets received, 7740 bps, 96.75%, Err 0 (0.0e+000)
2457.197 .... 9285 packets received, 7740 bps, 96.75%, Err 0 (0.0e+000)
2459.332 .... 9293 packets received, 7740 bps, 96.74%, Err 0 (0.0e+000)
2461.439 .... 9301 packets received, 7740 bps, 96.75%, Err 0 (0.0e+000)
2463.542 .... 9309 packets received, 7740 bps, 96.75%, Err 0 (0.0e+000)
2465.654 .... 9317 packets received, 7740 bps, 96.75%, Err 0 (0.0e+000)
2467.780 .... 9325 packets received, 7740 bps, 96.75%, Err 0 (0.0e+000)
2468.135 ** WARNING: System too busy, sleep 15 ms, but be awakened 76 ms later
2469.938 TCP Disconnected.
