C:\Users\admin\Desktop\network\datalink af -ber 1e-4 -port 5 
=========================================================================
                          Station A                                 
-------------------------------------------------------------------------
Protocol.lib, version 3.0, Build: Oct 19 2009 (jiangy@public3.bta.net.cn)
Channel: 8000 bps, 270 ms propagation delay, bit error rate 1.0E-004
Log file "C:\Users\admin\Desktop\network\datalink-A.log", TCP port 5, debug mask 0x00
Station A is waiting for station B on TCP port 5 ... Done.
New epoch: Sun May 22 13:23:47 2016
=========================================================================
Designed by dao, build: May 11 2016  12:43:15
7.261 .... 1 packets received, 293 bps, 3.66%, Err 4 (1.2e-004)
9.382 .... 9 packets received, 2023 bps, 25.29%, Err 5 (9.8e-005)
16.341 .... 10 packets received, 1275 bps, 15.93%, Err 8 (9.6e-005)
23.315 .... 11 packets received, 978 bps, 12.22%, Err 13 (1.1e-004)
27.728 .... 15 packets received, 1119 bps, 13.99%, Err 18 (1.3e-004)
29.840 .... 23 packets received, 1593 bps, 19.91%, Err 19 (1.2e-004)
33.462 .... 24 packets received, 1481 bps, 18.51%, Err 19 (1.1e-004)
37.343 .... 26 packets received, 1436 bps, 17.95%, Err 23 (1.2e-004)
40.964 .... 27 packets received, 1359 bps, 16.99%, Err 24 (1.1e-004)
43.076 .... 35 packets received, 1675 bps, 20.93%, Err 24 (1.1e-004)
45.498 .... 42 packets received, 1902 bps, 23.77%, Err 24 (1.0e-004)
50.961 .... 50 packets received, 2020 bps, 25.25%, Err 28 (1.0e-004)
54.566 .... 51 packets received, 1924 bps, 24.05%, Err 29 (1.0e-004)
56.687 .... 59 packets received, 2142 bps, 26.77%, Err 29 (9.5e-005)
62.163 .... 65 packets received, 2151 bps, 26.89%, Err 31 (9.3e-005)
66.045 .... 67 packets received, 2086 bps, 26.08%, Err 32 (9.1e-005)
70.715 .... 72 packets received, 2093 bps, 26.17%, Err 35 (9.2e-005)
75.147 .... 76 packets received, 2079 bps, 25.98%, Err 41 (1.0e-004)
80.355 .... 83 packets received, 2123 bps, 26.53%, Err 43 (1.0e-004)
85.571 .... 90 packets received, 2161 bps, 27.01%, Err 46 (1.0e-004)
90.509 .... 96 packets received, 2179 bps, 27.23%, Err 48 (9.8e-005)
92.624 .... 104 packets received, 2306 bps, 28.83%, Err 48 (9.5e-005)
94.751 .... 112 packets received, 2428 bps, 30.35%, Err 48 (9.2e-005)
96.777 .... 117 packets received, 2483 bps, 31.04%, Err 48 (9.0e-005)
100.655 .... 119 packets received, 2428 bps, 30.35%, Err 49 (8.9e-005)
105.069 .... 123 packets received, 2404 bps, 30.05%, Err 51 (8.8e-005)
108.694 .... 124 packets received, 2342 bps, 29.28%, Err 52 (8.8e-005)
115.940 .... 126 packets received, 2231 bps, 27.89%, Err 57 (9.1e-005)
121.155 .... 133 packets received, 2253 bps, 28.17%, Err 60 (9.1e-005)
125.043 .... 135 packets received, 2216 bps, 27.70%, Err 63 (9.3e-005)
132.537 .... 138 packets received, 2137 bps, 26.71%, Err 69 (9.7e-005)
136.525 ** WARNING: System too busy, sleep 15 ms, but be awakened 66 ms later
138.049 ** WARNING: System too busy, sleep 15 ms, but be awakened 112 ms later
141.563 ** WARNING: System too busy, sleep 15 ms, but be awakened 113 ms later
143.138 .... 140 packets received, 2007 bps, 25.09%, Err 77 (1.0e-004)
146.751 .... 141 packets received, 1971 bps, 24.64%, Err 79 (1.0e-004)
151.151 .... 145 packets received, 1968 bps, 24.60%, Err 83 (1.0e-004)
158.661 .... 148 packets received, 1914 bps, 23.92%, Err 92 (1.1e-004)
160.779 .... 156 packets received, 1990 bps, 24.88%, Err 95 (1.1e-004)
171.122 .... 157 packets received, 1882 bps, 23.52%, Err 101 (1.1e-004)
173.241 .... 165 packets received, 1954 bps, 24.42%, Err 103 (1.1e-004)
176.842 .... 166 packets received, 1925 bps, 24.07%, Err 103 (1.1e-004)
179.015 .... 174 packets received, 1994 bps, 24.92%, Err 103 (1.1e-004)
183.150 .... 177 packets received, 1982 bps, 24.78%, Err 104 (1.1e-004)
187.037 .... 179 packets received, 1963 bps, 24.54%, Err 106 (1.1e-004)
189.155 .... 187 packets received, 2028 bps, 25.34%, Err 107 (1.1e-004)
192.772 .... 188 packets received, 2000 bps, 25.00%, Err 109 (1.1e-004)
196.387 .... 189 packets received, 1974 bps, 24.67%, Err 111 (1.1e-004)
198.509 .... 197 packets received, 2035 bps, 25.44%, Err 111 (1.0e-004)
202.649 .... 200 packets received, 2024 bps, 25.30%, Err 114 (1.1e-004)
204.771 .... 208 packets received, 2083 bps, 26.04%, Err 115 (1.0e-004)
208.369 .... 209 packets received, 2057 bps, 25.71%, Err 116 (1.0e-004)
213.048 .... 214 packets received, 2060 bps, 25.75%, Err 118 (1.0e-004)
216.656 .... 215 packets received, 2035 bps, 25.44%, Err 123 (1.1e-004)
218.775 .... 223 packets received, 2090 bps, 26.13%, Err 124 (1.1e-004)
220.927 .... 229 packets received, 2125 bps, 26.57%, Err 125 (1.1e-004)
224.556 .... 230 packets received, 2100 bps, 26.25%, Err 128 (1.1e-004)
229.786 .... 237 packets received, 2115 bps, 26.43%, Err 131 (1.1e-004)
231.930 .... 245 packets received, 2166 bps, 27.07%, Err 131 (1.0e-004)
235.798 .... 247 packets received, 2148 bps, 26.85%, Err 134 (1.1e-004)
237.963 .... 255 packets received, 2197 bps, 27.46%, Err 134 (1.0e-004)
240.105 .... 263 packets received, 2246 bps, 28.07%, Err 134 (1.0e-004)
248.406 .... 269 packets received, 2220 bps, 27.75%, Err 138 (1.0e-004)
253.078 .... 274 packets received, 2220 bps, 27.75%, Err 144 (1.0e-004)
256.687 .... 275 packets received, 2196 bps, 27.46%, Err 145 (1.0e-004)
260.307 .... 276 packets received, 2174 bps, 27.17%, Err 145 (1.0e-004)
264.191 .... 278 packets received, 2157 bps, 26.97%, Err 147 (1.0e-004)
269.646 .... 286 packets received, 2174 bps, 27.18%, Err 148 (1.0e-004)
271.919 .... 293 packets received, 2209 bps, 27.61%, Err 148 (1.0e-004)
274.023 .... 301 packets received, 2252 bps, 28.15%, Err 149 (1.0e-004)
276.146 .... 309 packets received, 2294 bps, 28.67%, Err 150 (9.9e-005)
279.761 .... 310 packets received, 2272 bps, 28.39%, Err 150 (9.8e-005)
284.417 .... 315 packets received, 2270 bps, 28.38%, Err 155 (1.0e-004)
288.559 .... 318 packets received, 2259 bps, 28.24%, Err 157 (1.0e-004)
293.244 .... 323 packets received, 2258 bps, 28.22%, Err 159 (9.9e-005)
298.182 .... 329 packets received, 2262 bps, 28.27%, Err 163 (1.0e-004)
301.807 .... 330 packets received, 2241 bps, 28.02%, Err 164 (1.0e-004)
305.959 .... 333 packets received, 2231 bps, 27.89%, Err 166 (1.0e-004)
312.921 .... 334 packets received, 2188 bps, 27.35%, Err 169 (1.0e-004)
317.588 .... 339 packets received, 2188 bps, 27.35%, Err 172 (1.0e-004)
319.733 ** WARNING: System too busy, sleep 15 ms, but be awakened 84 ms later
325.586 .... 342 packets received, 2153 bps, 26.91%, Err 179 (1.0e-004)
327.929 .... 349 packets received, 2181 bps, 27.27%, Err 179 (1.0e-004)
332.077 .... 352 packets received, 2173 bps, 27.16%, Err 181 (1.0e-004)
336.759 .... 357 packets received, 2173 bps, 27.16%, Err 183 (1.0e-004)
339.574 .... 365 packets received, 2203 bps, 27.54%, Err 183 (1.0e-004)
343.451 .... 367 packets received, 2190 bps, 27.38%, Err 185 (1.0e-004)
348.145 .... 372 packets received, 2190 bps, 27.38%, Err 188 (1.0e-004)
352.550 .... 376 packets received, 2186 bps, 27.32%, Err 189 (9.9e-005)
356.701 .... 379 packets received, 2178 bps, 27.22%, Err 192 (1.0e-004)
361.890 .... 386 packets received, 2186 bps, 27.33%, Err 194 (9.9e-005)
365.526 .... 387 packets received, 2170 bps, 27.12%, Err 194 (9.8e-005)
367.630 .... 395 packets received, 2202 bps, 27.53%, Err 194 (9.7e-005)
375.412 .... 399 packets received, 2178 bps, 27.23%, Err 200 (9.9e-005)
377.693 .... 406 packets received, 2203 bps, 27.54%, Err 200 (9.8e-005)
381.827 .... 409 packets received, 2195 bps, 27.44%, Err 205 (9.9e-005)
386.513 .... 414 packets received, 2195 bps, 27.44%, Err 209 (1.0e-004)
391.177 .... 419 packets received, 2195 bps, 27.44%, Err 212 (1.0e-004)
395.057 .... 421 packets received, 2184 bps, 27.30%, Err 215 (1.0e-004)
399.233 .... 424 packets received, 2177 bps, 27.21%, Err 216 (1.0e-004)
404.156 .... 430 packets received, 2180 bps, 27.26%, Err 219 (1.0e-004)
407.786 .... 431 packets received, 2166 bps, 27.08%, Err 221 (1.0e-004)
412.717 .... 437 packets received, 2170 bps, 27.12%, Err 225 (1.0e-004)
416.333 .... 438 packets received, 2156 bps, 26.95%, Err 225 (1.0e-004)
421.814 .... 446 packets received, 2167 bps, 27.09%, Err 227 (1.0e-004)
425.975 .... 449 packets received, 2160 bps, 27.00%, Err 228 (9.9e-005)
429.847 .... 451 packets received, 2150 bps, 26.88%, Err 232 (1.0e-004)
434.530 .... 456 packets received, 2151 bps, 26.88%, Err 233 (9.9e-005)
436.655 .... 464 packets received, 2178 bps, 27.22%, Err 234 (9.9e-005)
442.148 .... 470 packets received, 2178 bps, 27.23%, Err 239 (1.0e-004)
447.088 .... 476 packets received, 2182 bps, 27.27%, Err 242 (1.0e-004)
451.760 .... 481 packets received, 2182 bps, 27.27%, Err 245 (1.0e-004)
456.696 .... 487 packets received, 2185 bps, 27.31%, Err 249 (1.0e-004)
458.870 .... 495 packets received, 2211 bps, 27.63%, Err 249 (1.0e-004)
462.732 .... 497 packets received, 2201 bps, 27.51%, Err 251 (1.0e-004)
466.868 .... 500 packets received, 2195 bps, 27.43%, Err 253 (1.0e-004)
471.284 .... 504 packets received, 2191 bps, 27.39%, Err 255 (1.0e-004)
474.903 .... 505 packets received, 2179 bps, 27.24%, Err 256 (1.0e-004)
478.774 .... 507 packets received, 2170 bps, 27.12%, Err 257 (9.9e-005)
487.083 .... 513 packets received, 2158 bps, 26.98%, Err 264 (1.0e-004)
489.202 .... 521 packets received, 2182 bps, 27.28%, Err 264 (1.0e-004)
491.339 .... 527 packets received, 2198 bps, 27.47%, Err 264 (9.9e-005)
500.162 .... 535 packets received, 2192 bps, 27.40%, Err 269 (9.9e-005)
504.047 .... 537 packets received, 2183 bps, 27.29%, Err 273 (1.0e-004)
506.167 .... 545 packets received, 2206 bps, 27.58%, Err 273 (1.0e-004)
510.864 .... 548 packets received, 2198 bps, 27.48%, Err 275 (1.0e-004)
517.841 .... 549 packets received, 2172 bps, 27.15%, Err 278 (9.9e-005)
521.722 .... 551 packets received, 2164 bps, 27.05%, Err 282 (1.0e-004)
525.343 .... 552 packets received, 2153 bps, 26.91%, Err 284 (1.0e-004)
530.297 .... 558 packets received, 2156 bps, 26.95%, Err 286 (1.0e-004)
534.186 .... 560 packets received, 2148 bps, 26.85%, Err 289 (1.0e-004)
536.292 .... 568 packets received, 2170 bps, 27.13%, Err 290 (1.0e-004)
538.433 .... 574 packets received, 2184 bps, 27.30%, Err 290 (1.0e-004)
543.366 .... 580 packets received, 2187 bps, 27.34%, Err 293 (1.0e-004)
547.502 .... 583 packets received, 2182 bps, 27.27%, Err 295 (1.0e-004)
551.924 .... 587 packets received, 2179 bps, 27.24%, Err 298 (1.0e-004)
555.548 .... 588 packets received, 2169 bps, 27.11%, Err 301 (1.0e-004)
558.171 .... 595 packets received, 2184 bps, 27.30%, Err 301 (1.0e-004)
562.318 .... 598 packets received, 2179 bps, 27.24%, Err 304 (1.0e-004)
565.943 .... 599 packets received, 2169 bps, 27.11%, Err 305 (1.0e-004)
568.069 .... 607 packets received, 2189 bps, 27.37%, Err 305 (9.9e-005)
572.201 .... 610 packets received, 2184 bps, 27.30%, Err 311 (1.0e-004)
575.836 .... 611 packets received, 2174 bps, 27.18%, Err 312 (1.0e-004)
577.960 .... 619 packets received, 2194 bps, 27.43%, Err 312 (1.0e-004)
582.903 .... 625 packets received, 2197 bps, 27.46%, Err 313 (9.9e-005)
586.775 .... 627 packets received, 2189 bps, 27.37%, Err 317 (1.0e-004)
590.392 .... 628 packets received, 2179 bps, 27.24%, Err 317 (9.9e-005)
595.329 .... 634 packets received, 2182 bps, 27.28%, Err 318 (9.9e-005)
603.623 .... 640 packets received, 2172 bps, 27.16%, Err 325 (1.0e-004)
605.756 .... 648 packets received, 2192 bps, 27.40%, Err 326 (1.0e-004)
609.369 .... 649 packets received, 2182 bps, 27.28%, Err 328 (1.0e-004)
610.261 ** WARNING: System too busy, sleep 15 ms, but be awakened 83 ms later
613.757 .... 653 packets received, 2180 bps, 27.25%, Err 332 (1.0e-004)
618.446 .... 658 packets received, 2180 bps, 27.25%, Err 336 (1.0e-004)
620.590 .... 666 packets received, 2199 bps, 27.49%, Err 336 (1.0e-004)
624.715 .... 669 packets received, 2194 bps, 27.43%, Err 337 (1.0e-004)
629.662 .... 675 packets received, 2196 bps, 27.46%, Err 340 (1.0e-004)
637.163 .... 678 packets received, 2180 bps, 27.25%, Err 345 (1.0e-004)
641.583 .... 682 packets received, 2178 bps, 27.22%, Err 347 (1.0e-004)
646.248 .... 687 packets received, 2178 bps, 27.23%, Err 349 (1.0e-004)
651.740 .... 694 packets received, 2182 bps, 27.27%, Err 354 (1.0e-004)
655.350 .... 695 packets received, 2173 bps, 27.16%, Err 356 (1.0e-004)
658.976 .... 696 packets received, 2164 bps, 27.05%, Err 357 (1.0e-004)
660.232 ** WARNING: System too busy, sleep 15 ms, but be awakened 101 ms later
662.595 .... 697 packets received, 2155 bps, 26.94%, Err 357 (1.0e-004)
667.533 .... 703 packets received, 2158 bps, 26.97%, Err 360 (1.0e-004)
669.898 .... 710 packets received, 2171 bps, 27.14%, Err 361 (1.0e-004)
673.527 .... 711 packets received, 2163 bps, 27.04%, Err 361 (9.9e-005)
677.401 .... 713 packets received, 2156 bps, 26.96%, Err 364 (1.0e-004)
681.821 .... 717 packets received, 2155 bps, 26.93%, Err 367 (1.0e-004)
685.974 .... 720 packets received, 2150 bps, 26.88%, Err 371 (1.0e-004)
690.115 .... 723 packets received, 2146 bps, 26.83%, Err 372 (1.0e-004)
694.525 .... 727 packets received, 2145 bps, 26.81%, Err 374 (1.0e-004)
698.686 .... 730 packets received, 2141 bps, 26.76%, Err 379 (1.0e-004)
702.290 .... 731 packets received, 2133 bps, 26.66%, Err 379 (1.0e-004)
706.695 .... 735 packets received, 2131 bps, 26.64%, Err 381 (1.0e-004)
711.387 .... 740 packets received, 2131 bps, 26.64%, Err 384 (1.0e-004)
719.149 .... 744 packets received, 2120 bps, 26.49%, Err 392 (1.0e-004)
722.755 .... 745 packets received, 2112 bps, 26.40%, Err 392 (1.0e-004)
727.436 .... 750 packets received, 2112 bps, 26.40%, Err 394 (1.0e-004)
732.117 .... 755 packets received, 2113 bps, 26.41%, Err 396 (1.0e-004)
736.262 .... 758 packets received, 2109 bps, 26.37%, Err 398 (1.0e-004)
738.387 .... 766 packets received, 2125 bps, 26.57%, Err 398 (1.0e-004)
740.507 .... 774 packets received, 2141 bps, 26.77%, Err 399 (1.0e-004)
742.618 .... 779 packets received, 2149 bps, 26.86%, Err 400 (1.0e-004)
746.239 .... 780 packets received, 2141 bps, 26.77%, Err 401 (1.0e-004)
753.216 .... 781 packets received, 2124 bps, 26.55%, Err 406 (1.0e-004)
755.340 .... 789 packets received, 2140 bps, 26.75%, Err 407 (1.0e-004)
760.281 .... 795 packets received, 2142 bps, 26.78%, Err 408 (1.0e-004)
762.416 .... 803 packets received, 2158 bps, 26.97%, Err 409 (1.0e-004)
772.741 .... 804 packets received, 2132 bps, 26.64%, Err 415 (1.0e-004)
780.787 .... 809 packets received, 2123 bps, 26.53%, Err 418 (1.0e-004)
784.654 .... 811 packets received, 2117 bps, 26.47%, Err 419 (9.9e-005)
789.085 .... 815 packets received, 2116 bps, 26.45%, Err 421 (9.9e-005)
791.226 .... 823 packets received, 2131 bps, 26.64%, Err 422 (9.9e-005)
795.364 .... 826 packets received, 2128 bps, 26.60%, Err 428 (1.0e-004)
798.997 .... 827 packets received, 2120 bps, 26.51%, Err 431 (1.0e-004)
801.087 .... 835 packets received, 2135 bps, 26.69%, Err 432 (1.0e-004)
803.263 .... 841 packets received, 2145 bps, 26.81%, Err 432 (1.0e-004)
807.131 .... 843 packets received, 2140 bps, 26.75%, Err 435 (1.0e-004)
809.266 .... 851 packets received, 2154 bps, 26.93%, Err 435 (1.0e-004)
813.139 .... 853 packets received, 2149 bps, 26.86%, Err 438 (1.0e-004)
820.133 .... 854 packets received, 2133 bps, 26.67%, Err 444 (1.0e-004)
824.545 .... 858 packets received, 2132 bps, 26.65%, Err 447 (1.0e-004)
836.447 .... 865 packets received, 2119 bps, 26.48%, Err 456 (1.0e-004)
841.402 .... 871 packets received, 2121 bps, 26.51%, Err 460 (1.0e-004)
845.002 .... 872 packets received, 2114 bps, 26.43%, Err 460 (1.0e-004)
849.689 .... 877 packets received, 2115 bps, 26.43%, Err 464 (1.0e-004)
851.820 .... 885 packets received, 2128 bps, 26.61%, Err 464 (1.0e-004)
853.946 .... 891 packets received, 2138 bps, 26.72%, Err 464 (1.0e-004)
857.821 .... 893 packets received, 2133 bps, 26.66%, Err 466 (1.0e-004)
859.950 .... 901 packets received, 2146 bps, 26.83%, Err 466 (1.0e-004)
861.996 .... 906 packets received, 2153 bps, 26.92%, Err 466 (1.0e-004)
865.858 .... 908 packets received, 2148 bps, 26.85%, Err 469 (1.0e-004)
868.028 .... 916 packets received, 2162 bps, 27.02%, Err 469 (1.0e-004)
872.432 .... 920 packets received, 2160 bps, 27.00%, Err 473 (1.0e-004)
876.052 .... 921 packets received, 2154 bps, 26.92%, Err 474 (1.0e-004)
879.665 .... 922 packets received, 2147 bps, 26.84%, Err 474 (1.0e-004)
884.898 .... 929 packets received, 2151 bps, 26.88%, Err 477 (1.0e-004)
893.180 .... 935 packets received, 2145 bps, 26.81%, Err 485 (1.0e-004)
895.430 .... 943 packets received, 2157 bps, 26.97%, Err 486 (1.0e-004)
899.052 .... 944 packets received, 2151 bps, 26.89%, Err 486 (1.0e-004)
903.999 .... 950 packets received, 2153 bps, 26.91%, Err 488 (1.0e-004)
912.035 .... 955 packets received, 2145 bps, 26.81%, Err 494 (1.0e-004)
914.149 .... 963 packets received, 2158 bps, 26.98%, Err 494 (1.0e-004)
916.311 .... 969 packets received, 2166 bps, 27.08%, Err 494 (1.0e-004)
918.859 .... 976 packets received, 2176 bps, 27.20%, Err 494 (1.0e-004)
922.741 .... 978 packets received, 2171 bps, 27.14%, Err 496 (1.0e-004)
927.152 .... 982 packets received, 2170 bps, 27.12%, Err 497 (9.9e-005)
931.279 .... 985 packets received, 2167 bps, 27.08%, Err 499 (9.9e-005)
935.701 .... 989 packets received, 2165 bps, 27.07%, Err 501 (9.9e-005)
943.206 .... 992 packets received, 2155 bps, 26.93%, Err 507 (1.0e-004)
946.815 .... 993 packets received, 2149 bps, 26.86%, Err 508 (1.0e-004)
950.974 .... 996 packets received, 2146 bps, 26.82%, Err 513 (1.0e-004)
957.947 .... 997 packets received, 2132 bps, 26.65%, Err 519 (1.0e-004)
961.562 .... 998 packets received, 2126 bps, 26.58%, Err 521 (1.0e-004)
966.230 .... 1003 packets received, 2127 bps, 26.58%, Err 524 (1.0e-004)
969.852 .... 1004 packets received, 2121 bps, 26.51%, Err 525 (1.0e-004)
978.424 .... 1011 packets received, 2117 bps, 26.46%, Err 528 (1.0e-004)
983.101 .... 1016 packets received, 2117 bps, 26.46%, Err 531 (1.0e-004)
985.218 .... 1024 packets received, 2129 bps, 26.62%, Err 532 (1.0e-004)
986.141 ** WARNING: System too busy, sleep 15 ms, but be awakened 66 ms later
989.353 .... 1027 packets received, 2127 bps, 26.58%, Err 533 (1.0e-004)
994.033 .... 1032 packets received, 2127 bps, 26.59%, Err 535 (1.0e-004)
998.995 .... 1038 packets received, 2129 bps, 26.61%, Err 537 (1.0e-004)
1010.624 .... 1044 packets received, 2116 bps, 26.45%, Err 544 (1.0e-004)
1014.510 .... 1046 packets received, 2112 bps, 26.40%, Err 546 (1.0e-004)
1018.676 .... 1049 packets received, 2110 bps, 26.37%, Err 548 (1.0e-004)
1020.779 .... 1057 packets received, 2121 bps, 26.52%, Err 549 (1.0e-004)
1031.109 .... 1058 packets received, 2102 bps, 26.27%, Err 557 (1.0e-004)
1033.340 .... 1066 packets received, 2113 bps, 26.42%, Err 557 (1.0e-004)
1037.217 .... 1068 packets received, 2109 bps, 26.37%, Err 558 (1.0e-004)
1041.632 .... 1072 packets received, 2108 bps, 26.35%, Err 563 (1.0e-004)
1043.749 .... 1080 packets received, 2120 bps, 26.50%, Err 563 (1.0e-004)
1055.669 .... 1087 packets received, 2109 bps, 26.37%, Err 570 (1.0e-004)
1060.091 .... 1091 packets received, 2108 bps, 26.35%, Err 572 (1.0e-004)
1063.965 .... 1093 packets received, 2104 bps, 26.31%, Err 575 (1.0e-004)
1067.852 .... 1095 packets received, 2101 bps, 26.26%, Err 579 (1.0e-004)
1071.742 .... 1097 packets received, 2097 bps, 26.21%, Err 580 (1.0e-004)
1076.980 .... 1104 packets received, 2100 bps, 26.25%, Err 584 (1.0e-004)
1081.134 .... 1107 packets received, 2098 bps, 26.22%, Err 588 (1.0e-004)
1083.497 .... 1114 packets received, 2106 bps, 26.33%, Err 588 (1.0e-004)
1085.616 .... 1122 packets received, 2117 bps, 26.46%, Err 588 (1.0e-004)
1090.045 .... 1126 packets received, 2116 bps, 26.45%, Err 590 (1.0e-004)
1094.701 .... 1131 packets received, 2116 bps, 26.46%, Err 592 (1.0e-004)
1099.373 .... 1136 packets received, 2117 bps, 26.46%, Err 595 (1.0e-004)
1103.245 .... 1138 packets received, 2113 bps, 26.41%, Err 598 (1.0e-004)
1108.714 .... 1146 packets received, 2117 bps, 26.47%, Err 599 (1.0e-004)
1114.179 .... 1154 packets received, 2122 bps, 26.52%, Err 604 (1.0e-004)
1117.801 .... 1155 packets received, 2117 bps, 26.46%, Err 604 (1.0e-004)
1119.816 .... 1162 packets received, 2126 bps, 26.57%, Err 605 (1.0e-004)
1124.748 .... 1168 packets received, 2127 bps, 26.59%, Err 609 (1.0e-004)
1126.882 .... 1176 packets received, 2138 bps, 26.72%, Err 610 (1.0e-004)
1128.961 .... 1181 packets received, 2143 bps, 26.79%, Err 610 (1.0e-004)
1133.623 .... 1186 packets received, 2143 bps, 26.79%, Err 614 (1.0e-004)
1139.093 .... 1194 packets received, 2147 bps, 26.84%, Err 615 (1.0e-004)
1142.983 .... 1196 packets received, 2144 bps, 26.79%, Err 616 (1.0e-004)
1147.666 .... 1201 packets received, 2144 bps, 26.80%, Err 618 (1.0e-004)
1151.528 .... 1203 packets received, 2140 bps, 26.75%, Err 622 (1.0e-004)
1156.214 .... 1208 packets received, 2140 bps, 26.75%, Err 624 (1.0e-004)
1161.158 .... 1214 packets received, 2142 bps, 26.77%, Err 627 (1.0e-004)
1164.772 .... 1215 packets received, 2137 bps, 26.71%, Err 630 (1.0e-004)
1168.384 .... 1216 packets received, 2132 bps, 26.65%, Err 632 (1.0e-004)
1172.535 .... 1219 packets received, 2130 bps, 26.62%, Err 634 (1.0e-004)
1183.663 .... 1223 packets received, 2117 bps, 26.46%, Err 641 (1.0e-004)
1187.798 .... 1226 packets received, 2114 bps, 26.43%, Err 643 (1.0e-004)
1192.742 .... 1232 packets received, 2116 bps, 26.45%, Err 644 (1.0e-004)
1200.774 .... 1237 packets received, 2110 bps, 26.38%, Err 650 (1.0e-004)
1202.931 .... 1245 packets received, 2120 bps, 26.50%, Err 650 (1.0e-004)
1205.039 .... 1253 packets received, 2130 bps, 26.62%, Err 650 (1.0e-004)
1207.145 .... 1261 packets received, 2140 bps, 26.75%, Err 650 (1.0e-004)
1211.040 .... 1263 packets received, 2136 bps, 26.70%, Err 652 (1.0e-004)
1214.641 .... 1264 packets received, 2132 bps, 26.65%, Err 652 (1.0e-004)
1217.486 .... 1272 packets received, 2140 bps, 26.75%, Err 653 (1.0e-004)
1221.394 .... 1274 packets received, 2137 bps, 26.71%, Err 655 (1.0e-004)
1225.260 .... 1276 packets received, 2133 bps, 26.67%, Err 659 (1.0e-004)
1233.285 .... 1281 packets received, 2128 bps, 26.60%, Err 665 (1.0e-004)
1236.915 .... 1282 packets received, 2123 bps, 26.54%, Err 667 (1.0e-004)
1239.285 .... 1289 packets received, 2131 bps, 26.63%, Err 667 (1.0e-004)
1244.499 .... 1296 packets received, 2133 bps, 26.67%, Err 671 (1.0e-004)
1248.643 .... 1299 packets received, 2131 bps, 26.64%, Err 673 (1.0e-004)
1252.261 .... 1300 packets received, 2127 bps, 26.58%, Err 674 (1.0e-004)
1257.480 .... 1307 packets received, 2129 bps, 26.61%, Err 677 (1.0e-004)
1261.354 .... 1309 packets received, 2126 bps, 26.57%, Err 679 (1.0e-004)
1265.781 .... 1313 packets received, 2125 bps, 26.56%, Err 681 (1.0e-004)
1270.463 .... 1318 packets received, 2125 bps, 26.56%, Err 683 (1.0e-004)
1274.085 .... 1319 packets received, 2121 bps, 26.51%, Err 684 (1.0e-004)
1277.952 .... 1321 packets received, 2117 bps, 26.47%, Err 686 (1.0e-004)
1292.169 .... 1324 packets received, 2099 bps, 26.24%, Err 698 (1.0e-004)
1296.044 .... 1326 packets received, 2096 bps, 26.20%, Err 699 (1.0e-004)
1298.176 .... 1334 packets received, 2105 bps, 26.31%, Err 699 (1.0e-004)
1304.209 .... 1342 packets received, 2108 bps, 26.35%, Err 700 (1.0e-004)
1308.626 .... 1346 packets received, 2107 bps, 26.34%, Err 701 (1.0e-004)
1312.756 .... 1349 packets received, 2105 bps, 26.31%, Err 702 (1.0e-004)
1320.275 .... 1352 packets received, 2098 bps, 26.22%, Err 709 (1.0e-004)
1323.885 .... 1353 packets received, 2093 bps, 26.17%, Err 709 (1.0e-004)
1328.302 .... 1357 packets received, 2093 bps, 26.16%, Err 712 (1.0e-004)
1335.284 .... 1358 packets received, 2083 bps, 26.04%, Err 717 (1.0e-004)
1344.174 .... 1365 packets received, 2080 bps, 26.00%, Err 720 (1.0e-004)
1346.307 .... 1373 packets received, 2089 bps, 26.11%, Err 721 (1.0e-004)
1351.453 .... 1377 packets received, 2087 bps, 26.09%, Err 723 (1.0e-004)
1355.336 .... 1379 packets received, 2084 bps, 26.05%, Err 727 (1.0e-004)
1357.483 .... 1387 packets received, 2093 bps, 26.16%, Err 728 (1.0e-004)
1361.367 .... 1389 packets received, 2090 bps, 26.12%, Err 729 (1.0e-004)
1366.569 .... 1396 packets received, 2093 bps, 26.16%, Err 733 (1.0e-004)
1368.892 .... 1403 packets received, 2099 bps, 26.24%, Err 734 (1.0e-004)
1372.489 .... 1404 packets received, 2095 bps, 26.19%, Err 735 (1.0e-004)
1377.437 .... 1410 packets received, 2097 bps, 26.21%, Err 738 (1.0e-004)
1388.041 .... 1412 packets received, 2084 bps, 26.05%, Err 743 (1.0e-004)
1395.796 .... 1416 packets received, 2078 bps, 25.98%, Err 749 (1.0e-004)
1399.429 .... 1417 packets received, 2074 bps, 25.93%, Err 749 (1.0e-004)
1399.745 ** WARNING: System too busy, sleep 15 ms, but be awakened 76 ms later
1403.317 .... 1419 packets received, 2071 bps, 25.89%, Err 750 (1.0e-004)
1404.066 ** WARNING: System too busy, sleep 15 ms, but be awakened 93 ms later
1406.617 ** WARNING: System too busy, sleep 15 ms, but be awakened 78 ms later
1408.262 .... 1425 packets received, 2073 bps, 25.91%, Err 754 (1.0e-004)
1413.194 .... 1431 packets received, 2074 bps, 25.93%, Err 755 (1.0e-004)
1418.136 .... 1437 packets received, 2076 bps, 25.95%, Err 758 (1.0e-004)
1420.257 .... 1445 packets received, 2084 bps, 26.05%, Err 759 (1.0e-004)
1424.122 .... 1447 packets received, 2081 bps, 26.02%, Err 762 (1.0e-004)
1426.230 .... 1455 packets received, 2090 bps, 26.12%, Err 764 (1.0e-004)
1430.381 .... 1458 packets received, 2088 bps, 26.10%, Err 767 (1.0e-004)
1432.495 .... 1466 packets received, 2096 bps, 26.20%, Err 768 (1.0e-004)
1439.480 .... 1467 packets received, 2088 bps, 26.09%, Err 770 (1.0e-004)
1447.249 .... 1471 packets received, 2082 bps, 26.03%, Err 774 (1.0e-004)
1455.287 .... 1476 packets received, 2078 bps, 25.97%, Err 778 (1.0e-004)
1460.217 .... 1482 packets received, 2079 bps, 25.99%, Err 783 (1.0e-004)
1468.773 .... 1489 packets received, 2077 bps, 25.96%, Err 786 (1.0e-004)
1472.404 .... 1490 packets received, 2073 bps, 25.91%, Err 787 (1.0e-004)
1476.803 .... 1494 packets received, 2072 bps, 25.90%, Err 791 (1.0e-004)
1480.679 .... 1496 packets received, 2070 bps, 25.87%, Err 792 (1.0e-004)
1485.096 .... 1500 packets received, 2069 bps, 25.86%, Err 796 (1.0e-004)
1492.857 .... 1504 packets received, 2064 bps, 25.80%, Err 802 (1.0e-004)
1496.490 .... 1505 packets received, 2060 bps, 25.75%, Err 809 (1.0e-004)
1500.368 .... 1507 packets received, 2057 bps, 25.72%, Err 810 (1.0e-004)
1508.671 .... 1513 packets received, 2054 bps, 25.68%, Err 815 (1.0e-004)
1515.636 .... 1514 packets received, 2046 bps, 25.58%, Err 820 (1.0e-004)
1520.858 .... 1521 packets received, 2049 bps, 25.61%, Err 822 (1.0e-004)
1523.011 .... 1529 packets received, 2056 bps, 25.71%, Err 823 (1.0e-004)
1527.416 .... 1533 packets received, 2056 bps, 25.70%, Err 826 (1.0e-004)
1531.036 .... 1534 packets received, 2052 bps, 25.65%, Err 827 (1.0e-004)
1535.700 .... 1539 packets received, 2053 bps, 25.66%, Err 829 (1.0e-004)
1537.826 .... 1547 packets received, 2061 bps, 25.76%, Err 829 (1.0e-004)
1542.840 .... 1551 packets received, 2059 bps, 25.74%, Err 832 (1.0e-004)
1544.956 .... 1559 packets received, 2067 bps, 25.84%, Err 832 (1.0e-004)
1548.850 .... 1561 packets received, 2064 bps, 25.81%, Err 833 (1.0e-004)
1550.960 .... 1569 packets received, 2072 bps, 25.90%, Err 833 (1.0e-004)
1553.275 .... 1575 packets received, 2077 bps, 25.96%, Err 833 (1.0e-004)
1562.098 .... 1583 packets received, 2076 bps, 25.95%, Err 837 (1.0e-004)
1564.213 .... 1591 packets received, 2083 bps, 26.04%, Err 838 (1.0e-004)
1568.350 .... 1594 packets received, 2082 bps, 26.02%, Err 840 (1.0e-004)
1573.286 .... 1600 packets received, 2083 bps, 26.04%, Err 844 (1.0e-004)
1577.181 .... 1602 packets received, 2081 bps, 26.01%, Err 846 (1.0e-004)
1580.794 .... 1603 packets received, 2077 bps, 25.96%, Err 848 (1.0e-004)
1582.970 .... 1611 packets received, 2085 bps, 26.06%, Err 848 (1.0e-004)
1585.083 .... 1619 packets received, 2092 bps, 26.15%, Err 848 (1.0e-004)
1590.075 ** WARNING: System too busy, sleep 15 ms, but be awakened 104 ms later
1590.622 .... 1625 packets received, 2093 bps, 26.16%, Err 852 (1.0e-004)
1592.098 ** WARNING: System too busy, sleep 15 ms, but be awakened 373 ms later
1593.920 .... 1627 packets received, 2091 bps, 26.14%, Err 853 (1.0e-004)
1600.870 .... 1628 packets received, 2083 bps, 26.04%, Err 856 (1.0e-004)
1604.478 .... 1629 packets received, 2080 bps, 26.00%, Err 858 (1.0e-004)
1606.593 .... 1637 packets received, 2087 bps, 26.09%, Err 859 (1.0e-004)
1610.230 .... 1638 packets received, 2084 bps, 26.05%, Err 860 (1.0e-004)
1615.158 .... 1644 packets received, 2085 bps, 26.06%, Err 865 (1.0e-004)
1622.383 .... 1646 packets received, 2078 bps, 25.98%, Err 872 (1.0e-004)
1624.683 .... 1653 packets received, 2084 bps, 26.05%, Err 872 (1.0e-004)
1626.809 .... 1661 packets received, 2091 bps, 26.14%, Err 872 (1.0e-004)
1630.681 .... 1663 packets received, 2089 bps, 26.11%, Err 874 (1.0e-004)
1632.830 .... 1671 packets received, 2096 bps, 26.20%, Err 875 (1.0e-004)
1641.670 .... 1679 packets received, 2095 bps, 26.19%, Err 878 (1.0e-004)
1645.813 .... 1682 packets received, 2093 bps, 26.17%, Err 884 (1.0e-004)
1650.228 .... 1686 packets received, 2093 bps, 26.16%, Err 887 (1.0e-004)
1654.111 .... 1688 packets received, 2090 bps, 26.13%, Err 888 (1.0e-004)
1659.306 .... 1695 packets received, 2092 bps, 26.15%, Err 892 (1.0e-004)
1661.440 .... 1703 packets received, 2100 bps, 26.24%, Err 893 (1.0e-004)
1663.713 .... 1709 packets received, 2104 bps, 26.30%, Err 893 (1.0e-004)
1667.853 .... 1712 packets received, 2103 bps, 26.28%, Err 895 (1.0e-004)
1672.258 .... 1716 packets received, 2102 bps, 26.27%, Err 897 (1.0e-004)
1674.369 .... 1724 packets received, 2109 bps, 26.36%, Err 897 (1.0e-004)
1678.716 .... 1725 packets received, 2105 bps, 26.31%, Err 899 (1.0e-004)
1680.834 .... 1733 packets received, 2112 bps, 26.40%, Err 899 (1.0e-004)
1688.589 .... 1737 packets received, 2107 bps, 26.34%, Err 902 (1.0e-004)
1690.708 .... 1745 packets received, 2114 bps, 26.43%, Err 903 (9.9e-005)
1692.744 .... 1750 packets received, 2118 bps, 26.47%, Err 903 (9.9e-005)
1699.993 .... 1752 packets received, 2111 bps, 26.39%, Err 914 (1.0e-004)
1703.611 .... 1753 packets received, 2108 bps, 26.35%, Err 914 (1.0e-004)
1714.203 .... 1755 packets received, 2097 bps, 26.21%, Err 920 (1.0e-004)
1718.609 .... 1759 packets received, 2096 bps, 26.21%, Err 922 (1.0e-004)
1722.778 .... 1762 packets received, 2095 bps, 26.19%, Err 926 (1.0e-004)
1727.196 .... 1766 packets received, 2094 bps, 26.18%, Err 928 (1.0e-004)
1729.602 .... 1773 packets received, 2100 bps, 26.25%, Err 928 (1.0e-004)
1734.543 .... 1779 packets received, 2101 bps, 26.26%, Err 931 (1.0e-004)
1736.652 .... 1787 packets received, 2108 bps, 26.35%, Err 931 (1.0e-004)
1738.682 .... 1792 packets received, 2111 bps, 26.39%, Err 931 (1.0e-004)
1740.806 .... 1800 packets received, 2118 bps, 26.47%, Err 932 (1.0e-004)
1745.123 .... 1801 packets received, 2114 bps, 26.42%, Err 937 (1.0e-004)
1750.323 .... 1808 packets received, 2116 bps, 26.45%, Err 940 (1.0e-004)
1754.738 .... 1812 packets received, 2115 bps, 26.44%, Err 942 (1.0e-004)
1759.679 .... 1818 packets received, 2116 bps, 26.45%, Err 946 (1.0e-004)
1761.835 .... 1826 packets received, 2123 bps, 26.54%, Err 946 (1.0e-004)
1763.961 .... 1834 packets received, 2130 bps, 26.62%, Err 947 (1.0e-004)
1768.633 .... 1839 packets received, 2130 bps, 26.62%, Err 949 (1.0e-004)
1778.974 .... 1840 packets received, 2119 bps, 26.48%, Err 955 (1.0e-004)
1783.380 .... 1844 packets received, 2118 bps, 26.47%, Err 957 (1.0e-004)
1787.531 .... 1847 packets received, 2116 bps, 26.46%, Err 960 (1.0e-004)
1789.661 .... 1855 packets received, 2123 bps, 26.54%, Err 960 (1.0e-004)
1797.682 .... 1860 packets received, 2119 bps, 26.49%, Err 965 (1.0e-004)
1801.828 .... 1863 packets received, 2118 bps, 26.47%, Err 968 (1.0e-004)
1806.773 .... 1869 packets received, 2119 bps, 26.49%, Err 969 (1.0e-004)
1808.929 .... 1877 packets received, 2125 bps, 26.57%, Err 970 (1.0e-004)
1812.538 .... 1878 packets received, 2122 bps, 26.53%, Err 975 (1.0e-004)
1814.667 .... 1886 packets received, 2129 bps, 26.61%, Err 975 (1.0e-004)
1818.819 .... 1889 packets received, 2127 bps, 26.59%, Err 978 (1.0e-004)
1824.064 .... 1896 packets received, 2129 bps, 26.61%, Err 982 (1.0e-004)
1831.568 .... 1899 packets received, 2124 bps, 26.55%, Err 987 (1.0e-004)
1837.020 .... 1907 packets received, 2126 bps, 26.58%, Err 990 (1.0e-004)
1841.431 .... 1911 packets received, 2126 bps, 26.57%, Err 993 (1.0e-004)
1845.322 .... 1913 packets received, 2123 bps, 26.54%, Err 996 (1.0e-004)
1852.319 .... 1914 packets received, 2117 bps, 26.46%, Err 998 (1.0e-004)
1856.728 .... 1918 packets received, 2116 bps, 26.45%, Err 1000 (1.0e-004)
1860.602 .... 1920 packets received, 2114 bps, 26.42%, Err 1003 (1.0e-004)
1864.753 .... 1923 packets received, 2112 bps, 26.40%, Err 1004 (1.0e-004)
1867.404 .... 1931 packets received, 2118 bps, 26.48%, Err 1004 (1.0e-004)
1872.080 .... 1936 packets received, 2118 bps, 26.48%, Err 1007 (1.0e-004)
1877.541 .... 1944 packets received, 2121 bps, 26.51%, Err 1009 (1.0e-004)
1881.946 .... 1948 packets received, 2120 bps, 26.50%, Err 1012 (1.0e-004)
1890.265 .... 1954 packets received, 2117 bps, 26.47%, Err 1017 (1.0e-004)
1894.388 .... 1957 packets received, 2116 bps, 26.45%, Err 1021 (1.0e-004)
1915.300 .... 1960 packets received, 2096 bps, 26.20%, Err 1033 (1.0e-004)
1918.918 .... 1961 packets received, 2093 bps, 26.17%, Err 1039 (1.0e-004)
1922.539 .... 1962 packets received, 2090 bps, 26.13%, Err 1039 (1.0e-004)
1926.698 .... 1965 packets received, 2089 bps, 26.11%, Err 1040 (1.0e-004)
1928.805 .... 1973 packets received, 2095 bps, 26.19%, Err 1040 (1.0e-004)
1933.210 .... 1977 packets received, 2095 bps, 26.18%, Err 1043 (1.0e-004)
1938.163 .... 1983 packets received, 2096 bps, 26.20%, Err 1044 (1.0e-004)
1940.267 .... 1991 packets received, 2102 bps, 26.27%, Err 1045 (1.0e-004)
1945.205 .... 1997 packets received, 2103 bps, 26.29%, Err 1049 (1.0e-004)
1949.335 .... 2000 packets received, 2102 bps, 26.27%, Err 1050 (1.0e-004)
1953.758 .... 2004 packets received, 2101 bps, 26.26%, Err 1052 (1.0e-004)
1955.880 .... 2012 packets received, 2107 bps, 26.34%, Err 1052 (1.0e-004)
1960.291 .... 2016 packets received, 2106 bps, 26.33%, Err 1054 (1.0e-004)
1963.908 .... 2017 packets received, 2104 bps, 26.30%, Err 1057 (1.0e-004)
1967.522 .... 2018 packets received, 2101 bps, 26.26%, Err 1059 (1.0e-004)
1975.570 .... 2023 packets received, 2097 bps, 26.22%, Err 1064 (1.0e-004)
1980.496 .... 2029 packets received, 2098 bps, 26.23%, Err 1065 (1.0e-004)
1982.627 .... 2037 packets received, 2104 bps, 26.31%, Err 1065 (1.0e-004)
1986.505 .... 2039 packets received, 2102 bps, 26.28%, Err 1068 (1.0e-004)
1990.657 .... 2042 packets received, 2101 bps, 26.26%, Err 1073 (1.0e-004)
1995.062 .... 2046 packets received, 2101 bps, 26.26%, Err 1078 (1.0e-004)
2000.257 .... 2053 packets received, 2102 bps, 26.28%, Err 1080 (1.0e-004)
2002.391 .... 2061 packets received, 2108 bps, 26.35%, Err 1080 (1.0e-004)
2007.975 .... 2067 packets received, 2108 bps, 26.36%, Err 1083 (1.0e-004)
2016.554 .... 2074 packets received, 2107 bps, 26.33%, Err 1087 (1.0e-004)
2021.230 .... 2079 packets received, 2107 bps, 26.34%, Err 1089 (1.0e-004)
ived, 3418 bps, 42.72%, Err 60 (1.0e-005)
1465.415 .... 2448 packets received, 3424 bps, 42.80%, Err 60 (1.0e-005)
1467.525 .... 2456 packets received, 3430 bps, 42.88%, Err 60 (1.0e-005)
1469.646 .... 2464 packets received, 3437 bps, 42.96%, Err 60 (1.0e-005)
1471.751 .... 2472 packets received, 3443 bps, 43.04%, Err 60 (9.9e-006)
1473.877 .... 2480 packets received, 3449 bps, 43.11%, Err 61 (1.0e-005)
1475.986 .... 2488 packets received, 3455 bps, 43.19%, Err 61 (1.0e-005)
1478.096 .... 2496 packets received, 3461 bps, 43.27%, Err 61 (1.0e-005)
1480.216 .... 2504 packets received, 3467 bps, 43.34%, Err 61 (1.0e-005)
1482.310 .... 2512 packets received, 3474 bps, 43.42%, Err 61 (1.0e-005)
1484.418 .... 2520 packets received, 3480 bps, 43.50%, Err 61 (9.9e-006)
1489.745 ** WARNING: System too busy, sleep 15 ms, but be awakened 77 ms later
1490.084 .... 2527 packets received, 3476 bps, 43.45%, Err 62 (1.0e-005)
1492.291 .... 2537 packets received, 3485 bps, 43.56%, Err 63 (1.0e-005)
1494.066 ** WARNING: System too busy, sleep 15 ms, but be awakened 93 ms later
1494.434 .... 2545 packets received, 3491 bps, 43.63%, Err 63 (1.0e-005)
1496.617 ** WARNING: System too busy, sleep 15 ms, but be awakened 79 ms later
1498.834 .... 2549 packets received, 3486 bps, 43.57%, Err 64 (1.0e-005)
1501.161 .... 2556 packets received, 3490 bps, 43.62%, Err 64 (1.0e-005)
1505.325 .... 2557 packets received, 3482 bps, 43.52%, Err 64 (1.0e-005)
1509.499 .... 2558 packets received, 3473 bps, 43.42%, Err 64 (1.0e-005)
1513.639 .... 2559 packets received, 3465 bps, 43.32%, Err 64 (1.0e-005)
1517.696 .... 2560 packets received, 3457 bps, 43.22%, Err 64 (1.0e-005)
1521.753 .... 2561 packets received, 3449 bps, 43.12%, Err 64 (1.0e-005)
1525.840 .... 2562 packets received, 3442 bps, 43.02%, Err 64 (1.0e-005)
1529.933 .... 2563 packets received, 3434 bps, 42.92%, Err 64 (1.0e-005)
1534.035 .... 2564 packets received, 3426 bps, 42.82%, Err 64 (1.0e-005)
1538.119 .... 2565 packets received, 3418 bps, 42.73%, Err 64 (1.0e-005)
1542.180 .... 2566 packets received, 3410 bps, 42.63%, Err 64 (1.0e-005)
1546.298 .... 2567 packets received, 3403 bps, 42.53%, Err 64 (1.0e-005)
1550.349 .... 2568 packets received, 3395 bps, 42.44%, Err 64 (1.0e-005)
1554.411 .... 2569 packets received, 3387 bps, 42.34%, Err 64 (1.0e-005)
1558.561 .... 2570 packets received, 3380 bps, 42.25%, Err 64 (1.0e-005)
1566.011 .... 2571 packets received, 3365 bps, 42.06%, Err 65 (1.0e-005)
1570.833 .... 2573 packets received, 3357 bps, 41.97%, Err 65 (1.0e-005)
1574.876 .... 2574 packets received, 3350 bps, 41.87%, Err 65 (1.0e-005)
1578.984 .... 2575 packets received, 3343 bps, 41.78%, Err 65 (1.0e-005)
1583.056 .... 2576 packets received, 3335 bps, 41.69%, Err 65 (1.0e-005)
1590.415 .... 2577 packets received, 3321 bps, 41.51%, Err 66 (1.0e-005)
1595.225 .... 2579 packets received, 3314 bps, 41.42%, Err 66 (1.0e-005)
1599.289 .... 2580 packets received, 3306 bps, 41.33%, Err 66 (1.0e-005)
1601.321 .... 2584 packets received, 3307 bps, 41.34%, Err 66 (1.0e-005)
1603.432 .... 2592 packets received, 3313 bps, 41.42%, Err 66 (1.0e-005)
1605.550 .... 2600 packets received, 3319 bps, 41.49%, Err 66 (1.0e-005)
1607.664 .... 2608 packets received, 3325 bps, 41.56%, Err 66 (1.0e-005)
1609.782 .... 2616 packets received, 3331 bps, 41.63%, Err 66 (1.0e-005)
1614.462 .... 2621 packets received, 3327 bps, 41.59%, Err 67 (1.0e-005)
1616.561 .... 2629 packets received, 3333 bps, 41.67%, Err 67 (1.0e-005)
1618.683 .... 2637 packets received, 3339 bps, 41.74%, Err 67 (1.0e-005)
1620.805 .... 2643 packets received, 3342 bps, 41.78%, Err 67 (1.0e-005)
1622.916 .... 2651 packets received, 3348 bps, 41.85%, Err 67 (1.0e-005)
1627.071 .... 2654 packets received, 3343 bps, 41.79%, Err 68 (1.0e-005)
1629.227 .... 2662 packets received, 3349 bps, 41.86%, Err 68 (1.0e-005)
1631.337 .... 2670 packets received, 3355 bps, 41.93%, Err 68 (1.0e-005)
1633.453 .... 2678 packets received, 3360 bps, 42.00%, Err 68 (1.0e-005)
1635.559 .... 2686 packets received, 3366 bps, 42.07%, Err 68 (1.0e-005)
1637.685 .... 2694 packets received, 3372 bps, 42.14%, Err 68 (1.0e-005)
1639.779 .... 2702 packets received, 3377 bps, 42.22%, Err 68 (1.0e-005)
1641.893 .... 2710 packets received, 3383 bps, 42.29%, Err 68 (1.0e-005)
1646.039 .... 2713 packets received, 3378 bps, 42.23%, Err 69 (1.0e-005)
1648.167 .... 2721 packets received, 3384 bps, 42.30%, Err 69 (1.0e-005)
1650.274 .... 2726 packets received, 3386 bps, 42.32%, Err 69 (1.0e-005)
1652.382 .... 2734 packets received, 3391 bps, 42.39%, Err 70 (1.0e-005)
1654.421 .... 2739 packets received, 3393 bps, 42.41%, Err 70 (1.0e-005)
1659.094 .... 2744 packets received, 3390 bps, 42.37%, Err 71 (1.1e-005)
1661.230 .... 2752 packets received, 3395 bps, 42.44%, Err 71 (1.1e-005)
1663.354 .... 2760 packets received, 3401 bps, 42.51%, Err 71 (1.0e-005)
1665.593 .... 2766 packets received, 3404 bps, 42.55%, Err 71 (1.0e-005)
1667.717 .... 2774 packets received, 3409 bps, 42.61%, Err 71 (1.0e-005)
1669.837 .... 2782 packets received, 3415 bps, 42.68%, Err 72 (1.1e-005)
1673.447 .... 2783 packets received, 3408 bps, 42.61%, Err 72 (1.1e-005)
1675.577 .... 2791 packets received, 3414 bps, 42.67%, Err 72 (1.1e-005)
1677.695 .... 2799 packets received, 3419 bps, 42.74%, Err 72 (1.0e-005)
1679.789 .... 2804 packets received, 3421 bps, 42.76%, Err 72 (1.0e-005)
1680.055 ** WARNING: System too busy, sleep 15 ms, but be awakened 87 ms later
1682.457 .... 2809 packets received, 3422 bps, 42.77%, Err 72 (1.0e-005)
1686.901 .... 2814 packets received, 3419 bps, 42.74%, Err 74 (1.1e-005)
1691.834 .... 2820 packets received, 3416 bps, 42.70%, Err 75 (1.1e-005)
1693.979 .... 2828 packets received, 3422 bps, 42.77%, Err 75 (1.1e-005)
1696.095 .... 2836 packets received, 3427 bps, 42.84%, Err 75 (1.1e-005)
1698.210 .... 2844 packets received, 3432 bps, 42.90%, Err 75 (1.1e-005)
1700.315 .... 2852 packets received, 3438 bps, 42.97%, Err 75 (1.1e-005)
1704.618 .... 2854 packets received, 3431 bps, 42.89%, Err 75 (1.1e-005)
1708.773 .... 2855 packets received, 3424 bps, 42.80%, Err 75 (1.1e-005)
1712.792 .... 2856 packets received, 3417 bps, 42.72%, Err 75 (1.1e-005)
1716.940 .... 2857 packets received, 3410 bps, 42.63%, Err 75 (1.1e-005)
1721.151 .... 2858 packets received, 3403 bps, 42.54%, Err 75 (1.1e-005)
1725.264 .... 2859 packets received, 3396 bps, 42.45%, Err 75 (1.1e-005)
1729.373 .... 2860 packets received, 3389 bps, 42.37%, Err 75 (1.1e-005)
1733.462 .... 2861 packets received, 3383 bps, 42.28%, Err 75 (1.1e-005)
1737.580 .... 2862 packets received, 3376 bps, 42.20%, Err 75 (1.1e-005)
1741.696 .... 2863 packets received, 3369 bps, 42.11%, Err 75 (1.1e-005)
1745.930 .... 2864 packets received, 3362 bps, 42.02%, Err 75 (1.1e-005)
1750.006 .... 2865 packets received, 3355 bps, 41.94%, Err 75 (1.1e-005)
1754.176 .... 2866 packets received, 3348 bps, 41.86%, Err 75 (1.1e-005)
1758.195 .... 2867 packets received, 3342 bps, 41.77%, Err 75 (1.1e-005)
1762.230 .... 2868 packets received, 3335 bps, 41.69%, Err 76 (1.1e-005)
1766.353 .... 2869 packets received, 3329 bps, 41.61%, Err 76 (1.1e-005)
1770.413 .... 2870 packets received, 3322 bps, 41.53%, Err 76 (1.1e-005)
1774.517 .... 2871 packets received, 3316 bps, 41.45%, Err 76 (1.1e-005)
1778.682 .... 2872 packets received, 3309 bps, 41.36%, Err 76 (1.1e-005)
1782.730 .... 2873 packets received, 3303 bps, 41.29%, Err 76 (1.1e-005)
1786.877 .... 2874 packets received, 3296 bps, 41.20%, Err 76 (1.1e-005)
1791.023 .... 2875 packets received, 3290 bps, 41.12%, Err 76 (1.1e-005)
1795.263 .... 2876 packets received, 3283 bps, 41.04%, Err 76 (1.1e-005)
1799.367 .... 2877 packets received, 3277 bps, 40.96%, Err 76 (1.1e-005)
1801.587 .... 2882 packets received, 3278 bps, 40.98%, Err 76 (1.1e-005)
1803.699 .... 2890 packets received, 3284 bps, 41.05%, Err 76 (1.1e-005)
1805.805 .... 2898 packets received, 3289 bps, 41.11%, Err 76 (1.1e-005)
1807.914 .... 2906 packets received, 3294 bps, 41.18%, Err 76 (1.1e-005)
1810.046 .... 2914 packets received, 3299 bps, 41.24%, Err 76 (1.1e-005)
1812.147 .... 2922 packets received, 3305 bps, 41.31%, Err 76 (1.1e-005)
1814.366 .... 2928 packets received, 3307 bps, 41.34%, Err 76 (1.1e-005)
1816.473 .... 2936 packets received, 3313 bps, 41.41%, Err 76 (1.1e-005)
1818.579 .... 2944 packets received, 3318 bps, 41.47%, Err 76 (1.1e-005)
1820.703 .... 2952 packets received, 3323 bps, 41.54%, Err 76 (1.1e-005)
1822.809 .... 2960 packets received, 3328 bps, 41.60%, Err 76 (1.0e-005)
1824.903 .... 2968 packets received, 3333 bps, 41.66%, Err 77 (1.1e-005)
1828.530 .... 2969 packets received, 3328 bps, 41.60%, Err 77 (1.1e-005)
1831.207 .... 2977 packets received, 3332 bps, 41.65%, Err 77 (1.1e-005)
1833.320 .... 2985 packets received, 3337 bps, 41.71%, Err 77 (1.1e-005)
1835.429 .... 2993 packets received, 3342 bps, 41.77%, Err 77 (1.1e-005)
1837.544 .... 3001 packets received, 3347 bps, 41.84%, Err 77 (1.0e-005)
1839.650 .... 3006 packets received, 3349 bps, 41.86%, Err 77 (1.0e-005)
1841.763 .... 3014 packets received, 3354 bps, 41.92%, Err 77 (1.0e-005)
1844.621 .... 3022 packets received, 3357 bps, 41.97%, Err 77 (1.0e-005)
1846.742 .... 3030 packets received, 3362 bps, 42.03%, Err 77 (1.0e-005)
1848.849 .... 3038 packets received, 3368 bps, 42.09%, Err 77 (1.0e-005)
1850.958 .... 3046 packets received, 3373 bps, 42.16%, Err 77 (1.0e-005)
1853.083 .... 3054 packets received, 3378 bps, 42.22%, Err 78 (1.0e-005)
1856.687 .... 3055 packets received, 3372 bps, 42.15%, Err 78 (1.0e-005)
1858.871 .... 3063 packets received, 3377 bps, 42.21%, Err 78 (1.0e-005)
1860.975 .... 3071 packets received, 3382 bps, 42.27%, Err 78 (1.0e-005)
1863.102 .... 3079 packets received, 3387 bps, 42.34%, Err 78 (1.0e-005)
1865.211 .... 3087 packets received, 3392 bps, 42.40%, Err 78 (1.0e-005)
1867.339 .... 3095 packets received, 3397 bps, 42.46%, Err 78 (1.0e-005)
1869.443 .... 3103 packets received, 3402 bps, 42.52%, Err 78 (1.0e-005)
1871.549 .... 3111 packets received, 3407 bps, 42.58%, Err 78 (1.0e-005)
1876.496 .... 3117 packets received, 3404 bps, 42.55%, Err 79 (1.0e-005)
1878.642 .... 3125 packets received, 3409 bps, 42.61%, Err 79 (1.0e-005)
1880.745 .... 3133 packets received, 3414 bps, 42.67%, Err 79 (1.0e-005)
1882.883 .... 3141 packets received, 3419 bps, 42.73%, Err 79 (1.0e-005)
1884.992 .... 3149 packets received, 3424 bps, 42.79%, Err 79 (1.0e-005)
1887.103 .... 3157 packets received, 3428 bps, 42.86%, Err 79 (1.0e-005)
1889.203 .... 3165 packets received, 3433 bps, 42.92%, Err 79 (1.0e-005)
1891.320 .... 3173 packets received, 3438 bps, 42.98%, Err 79 (1.0e-005)
1893.433 .... 3181 packets received, 3443 bps, 43.04%, Err 79 (1.0e-005)
1895.543 .... 3189 packets received, 3448 bps, 43.10%, Err 79 (1.0e-005)
1897.649 .... 3197 packets received, 3453 bps, 43.16%, Err 79 (1.0e-005)
1899.764 .... 3205 packets received, 3457 bps, 43.22%, Err 79 (1.0e-005)
1904.685 .... 3209 packets received, 3453 bps, 43.16%, Err 79 (1.0e-005)
1908.795 .... 3210 packets received, 3446 bps, 43.08%, Err 79 (1.0e-005)
1912.829 .... 3211 packets received, 3440 bps, 43.00%, Err 79 (1.0e-005)
1916.870 .... 3212 packets received, 3434 bps, 42.92%, Err 79 (1.0e-005)
1920.909 .... 3213 packets received, 3428 bps, 42.85%, Err 79 (1.0e-005)
1924.987 .... 3214 packets received, 3422 bps, 42.77%, Err 79 (1.0e-005)
1929.105 .... 3215 packets received, 3415 bps, 42.69%, Err 79 (1.0e-005)
1933.203 .... 3216 packets received, 3409 bps, 42.61%, Err 79 (1.0e-005)
1937.276 .... 3217 packets received, 3403 bps, 42.54%, Err 80 (1.0e-005)
1941.398 .... 3218 packets received, 3397 bps, 42.46%, Err 80 (1.0e-005)
1945.529 .... 3219 packets received, 3391 bps, 42.38%, Err 80 (1.0e-005)
1949.658 .... 3220 packets received, 3385 bps, 42.31%, Err 80 (1.0e-005)
1953.770 .... 3221 packets received, 3379 bps, 42.23%, Err 80 (1.0e-005)
1957.833 .... 3222 packets received, 3373 bps, 42.16%, Err 80 (1.0e-005)
1961.945 .... 3223 packets received, 3367 bps, 42.08%, Err 80 (1.0e-005)
1966.053 .... 3224 packets received, 3361 bps, 42.01%, Err 80 (1.0e-005)
1970.087 .... 3225 packets received, 3355 bps, 41.93%, Err 80 (1.0e-005)
1974.292 .... 3226 packets received, 3349 bps, 41.86%, Err 80 (1.0e-005)
1978.378 .... 3227 packets received, 3343 bps, 41.78%, Err 80 (1.0e-005)
1982.548 .... 3228 packets received, 3337 bps, 41.71%, Err 80 (1.0e-005)
1986.650 .... 3229 packets received, 3331 bps, 41.64%, Err 80 (1.0e-005)
1990.785 .... 3230 packets received, 3325 bps, 41.56%, Err 80 (1.0e-005)
1994.828 .... 3231 packets received, 3319 bps, 41.49%, Err 80 (1.0e-005)
1998.869 .... 3232 packets received, 3314 bps, 41.42%, Err 80 (1.0e-005)
2001.082 .... 3235 packets received, 3313 bps, 41.41%, Err 80 (1.0e-005)
2003.174 .... 3243 packets received, 3318 bps, 41.47%, Err 80 (1.0e-005)
2005.278 .... 3251 packets received, 3322 bps, 41.53%, Err 80 (1.0e-005)
2007.389 .... 3256 packets received, 3324 bps, 41.55%, Err 80 (1.0e-005)
2009.482 .... 3264 packets received, 3329 bps, 41.61%, Err 80 (1.0e-005)
2011.616 .... 3272 packets received, 3333 bps, 41.67%, Err 80 (1.0e-005)
2013.703 .... 3280 packets received, 3338 bps, 41.72%, Err 80 (1.0e-005)
2015.840 .... 3288 packets received, 3343 bps, 41.78%, Err 80 (1.0e-005)
2017.943 .... 3296 packets received, 3347 bps, 41.84%, Err 80 (1.0e-005)
2020.058 .... 3304 packets received, 3352 bps, 41.90%, Err 81 (1.0e-005)
2023.667 .... 3305 packets received, 3347 bps, 41.84%, Err 81 (1.0e-005)
2025.825 .... 3313 packets received, 3351 bps, 41.89%, Err 81 (1.0e-005)
2027.964 .... 3321 packets received, 3356 bps, 41.95%, Err 81 (1.0e-005)
2030.070 .... 3329 packets received, 3360 bps, 42.01%, Err 81 (1.0e-005)
2032.202 .... 3337 packets received, 3365 bps, 42.06%, Err 81 (1.0e-005)
2034.708 .... 3344 packets received, 3368 bps, 42.10%, Err 81 (1.0e-005)
2036.825 .... 3352 packets received, 3372 bps, 42.16%, Err 82 (1.0e-005)
2038.378 TCP Disconnected.
r 0 (0.0e+000)
1860.978 .... 3838 packets received, 4227 bps, 52.83%, Err 0 (0.0e+000)
1863.090 .... 3846 packets received, 4231 bps, 52.88%, Err 0 (0.0e+000)
1865.212 .... 3854 packets received, 4235 bps, 52.93%, Err 0 (0.0e+000)
1867.318 .... 3862 packets received, 4239 bps, 52.98%, Err 0 (0.0e+000)
1869.442 .... 3870 packets received, 4242 bps, 53.03%, Err 0 (0.0e+000)
1871.554 .... 3878 packets received, 4246 bps, 53.08%, Err 0 (0.0e+000)
1873.662 .... 3886 packets received, 4250 bps, 53.13%, Err 0 (0.0e+000)
1875.759 .... 3894 packets received, 4254 bps, 53.18%, Err 0 (0.0e+000)
1877.881 .... 3902 packets received, 4258 bps, 53.23%, Err 0 (0.0e+000)
1879.995 .... 3910 packets received, 4262 bps, 53.28%, Err 0 (0.0e+000)
1882.113 .... 3918 packets received, 4266 bps, 53.33%, Err 0 (0.0e+000)
1884.232 .... 3926 packets received, 4270 bps, 53.38%, Err 0 (0.0e+000)
1886.327 .... 3934 packets received, 4274 bps, 53.43%, Err 0 (0.0e+000)
1888.429 .... 3942 packets received, 4278 bps, 53.47%, Err 0 (0.0e+000)
1890.554 .... 3950 packets received, 4282 bps, 53.52%, Err 0 (0.0e+000)
1892.674 .... 3958 packets received, 4286 bps, 53.57%, Err 0 (0.0e+000)
1894.780 .... 3966 packets received, 4290 bps, 53.62%, Err 0 (0.0e+000)
1896.886 .... 3974 packets received, 4293 bps, 53.67%, Err 0 (0.0e+000)
1899.012 .... 3982 packets received, 4297 bps, 53.72%, Err 0 (0.0e+000)
1904.656 .... 3989 packets received, 4292 bps, 53.65%, Err 0 (0.0e+000)
1908.791 .... 3990 packets received, 4284 bps, 53.55%, Err 0 (0.0e+000)
1912.909 .... 3991 packets received, 4276 bps, 53.45%, Err 0 (0.0e+000)
1917.041 .... 3992 packets received, 4267 bps, 53.34%, Err 0 (0.0e+000)
1921.177 .... 3993 packets received, 4259 bps, 53.24%, Err 0 (0.0e+000)
1925.321 .... 3994 packets received, 4251 bps, 53.14%, Err 0 (0.0e+000)
1929.495 .... 3995 packets received, 4243 bps, 53.04%, Err 0 (0.0e+000)
1933.590 .... 3996 packets received, 4235 bps, 52.94%, Err 0 (0.0e+000)
1937.839 .... 3997 packets received, 4227 bps, 52.84%, Err 0 (0.0e+000)
1941.993 .... 3998 packets received, 4219 bps, 52.74%, Err 0 (0.0e+000)
1946.079 .... 3999 packets received, 4211 bps, 52.64%, Err 0 (0.0e+000)
1950.088 .... 4000 packets received, 4204 bps, 52.54%, Err 0 (0.0e+000)
1954.220 .... 4001 packets received, 4196 bps, 52.45%, Err 0 (0.0e+000)
1958.339 .... 4002 packets received, 4188 bps, 52.35%, Err 0 (0.0e+000)
1962.398 .... 4003 packets received, 4180 bps, 52.25%, Err 0 (0.0e+000)
1966.516 .... 4004 packets received, 4173 bps, 52.16%, Err 0 (0.0e+000)
1970.655 .... 4005 packets received, 4165 bps, 52.06%, Err 0 (0.0e+000)
1974.840 .... 4006 packets received, 4157 bps, 51.96%, Err 0 (0.0e+000)
1978.929 .... 4007 packets received, 4149 bps, 51.87%, Err 0 (0.0e+000)
1982.999 .... 4008 packets received, 4142 bps, 51.77%, Err 0 (0.0e+000)
1987.083 .... 4009 packets received, 4134 bps, 51.68%, Err 0 (0.0e+000)
1991.105 .... 4010 packets received, 4127 bps, 51.59%, Err 0 (0.0e+000)
1995.258 .... 4011 packets received, 4120 bps, 51.50%, Err 0 (0.0e+000)
1999.421 .... 4012 packets received, 4112 bps, 51.40%, Err 0 (0.0e+000)
2001.590 .... 4017 packets received, 4113 bps, 51.41%, Err 0 (0.0e+000)
2003.720 .... 4025 packets received, 4117 bps, 51.46%, Err 0 (0.0e+000)
2005.816 .... 4033 packets received, 4120 bps, 51.50%, Err 0 (0.0e+000)
2007.933 .... 4041 packets received, 4124 bps, 51.55%, Err 0 (0.0e+000)
2010.059 .... 4049 packets received, 4128 bps, 51.60%, Err 0 (0.0e+000)
2012.178 .... 4057 packets received, 4132 bps, 51.65%, Err 0 (0.0e+000)
2014.272 .... 4065 packets received, 4136 bps, 51.70%, Err 0 (0.0e+000)
2016.398 .... 4073 packets received, 4139 bps, 51.74%, Err 0 (0.0e+000)
2018.521 .... 4081 packets received, 4143 bps, 51.79%, Err 0 (0.0e+000)
2020.623 .... 4089 packets received, 4147 bps, 51.84%, Err 0 (0.0e+000)
2022.733 .... 4097 packets received, 4151 bps, 51.88%, Err 0 (0.0e+000)
2024.855 .... 4105 packets received, 4154 bps, 51.93%, Err 0 (0.0e+000)
2026.949 .... 4113 packets received, 4158 bps, 51.98%, Err 0 (0.0e+000)
2029.078 .... 4121 packets received, 4162 bps, 52.02%, Err 0 (0.0e+000)
2031.182 .... 4129 packets received, 4166 bps, 52.07%, Err 0 (0.0e+000)
2033.289 .... 4137 packets received, 4169 bps, 52.12%, Err 0 (0.0e+000)
2035.397 .... 4145 packets received, 4173 bps, 52.17%, Err 0 (0.0e+000)
2037.505 .... 4153 packets received, 4177 bps, 52.21%, Err 0 (0.0e+000)
2039.643 .... 4161 packets received, 4181 bps, 52.26%, Err 0 (0.0e+000)
2041.746 .... 4169 packets received, 4184 bps, 52.30%, Err 0 (0.0e+000)
2043.858 .... 4177 packets received, 4188 bps, 52.35%, Err 0 (0.0e+000)
2045.960 .... 4185 packets received, 4192 bps, 52.40%, Err 0 (0.0e+000)
2048.090 .... 4193 packets received, 4195 bps, 52.44%, Err 0 (0.0e+000)
2050.199 .... 4201 packets received, 4199 bps, 52.49%, Err 0 (0.0e+000)
2050.920 TCP Disconnected.
.83%, Err 132 (1.0e-005)
1791.054 .... 5306 packets received, 6068 bps, 75.85%, Err 132 (1.0e-005)
1793.677 .... 5313 packets received, 6067 bps, 75.84%, Err 132 (1.0e-005)
1795.799 .... 5321 packets received, 6069 bps, 75.86%, Err 132 (1.0e-005)
1797.911 .... 5329 packets received, 6071 bps, 75.89%, Err 133 (1.0e-005)
1800.026 .... 5337 packets received, 6073 bps, 75.91%, Err 133 (1.0e-005)
1802.161 .... 5345 packets received, 6075 bps, 75.94%, Err 133 (1.0e-005)
1804.245 .... 5353 packets received, 6077 bps, 75.96%, Err 133 (1.0e-005)
1806.351 .... 5361 packets received, 6079 bps, 75.99%, Err 133 (1.0e-005)
1808.467 .... 5369 packets received, 6081 bps, 76.01%, Err 133 (1.0e-005)
1810.540 .... 5374 packets received, 6080 bps, 76.00%, Err 133 (1.0e-005)
1812.651 .... 5382 packets received, 6082 bps, 76.02%, Err 133 (1.0e-005)
1814.764 .... 5390 packets received, 6084 bps, 76.05%, Err 133 (1.0e-005)
1820.223 .... 5398 packets received, 6074 bps, 75.93%, Err 134 (1.0e-005)
1822.359 .... 5406 packets received, 6076 bps, 75.95%, Err 134 (1.0e-005)
1824.468 .... 5414 packets received, 6078 bps, 75.98%, Err 134 (1.0e-005)
1826.638 .... 5420 packets received, 6078 bps, 75.97%, Err 134 (1.0e-005)
1828.747 .... 5428 packets received, 6080 bps, 76.00%, Err 134 (1.0e-005)
1830.869 .... 5436 packets received, 6082 bps, 76.02%, Err 134 (1.0e-005)
1832.968 .... 5444 packets received, 6084 bps, 76.04%, Err 134 (1.0e-005)
1835.078 .... 5452 packets received, 6085 bps, 76.07%, Err 134 (1.0e-005)
1840.013 .... 5458 packets received, 6076 bps, 75.95%, Err 135 (1.0e-005)
1842.744 .... 5466 packets received, 6076 bps, 75.95%, Err 135 (1.0e-005)
1844.869 .... 5474 packets received, 6078 bps, 75.97%, Err 135 (1.0e-005)
1847.163 .... 5480 packets received, 6077 bps, 75.96%, Err 135 (1.0e-005)
1849.283 .... 5488 packets received, 6079 bps, 75.98%, Err 136 (1.0e-005)
1852.886 .... 5489 packets received, 6068 bps, 75.85%, Err 136 (1.0e-005)
1855.058 .... 5497 packets received, 6070 bps, 75.87%, Err 136 (1.0e-005)
1857.167 .... 5505 packets received, 6072 bps, 75.89%, Err 136 (1.0e-005)
1859.307 .... 5513 packets received, 6073 bps, 75.92%, Err 136 (1.0e-005)
1861.417 .... 5521 packets received, 6075 bps, 75.94%, Err 136 (1.0e-005)
1863.541 .... 5529 packets received, 6077 bps, 75.96%, Err 136 (1.0e-005)
1865.662 .... 5537 packets received, 6079 bps, 75.99%, Err 136 (1.0e-005)
1867.759 .... 5545 packets received, 6081 bps, 76.01%, Err 136 (1.0e-005)
1869.885 .... 5553 packets received, 6083 bps, 76.04%, Err 136 (1.0e-005)
1872.004 .... 5561 packets received, 6085 bps, 76.06%, Err 136 (1.0e-005)
1874.769 .... 5569 packets received, 6084 bps, 76.06%, Err 136 (1.0e-005)
1876.893 .... 5577 packets received, 6086 bps, 76.08%, Err 136 (1.0e-005)
1878.998 .... 5585 packets received, 6088 bps, 76.10%, Err 136 (1.0e-005)
1883.401 .... 5589 packets received, 6078 bps, 75.98%, Err 137 (1.0e-005)
1885.556 .... 5597 packets received, 6080 bps, 76.00%, Err 137 (1.0e-005)
1887.681 .... 5605 packets received, 6082 bps, 76.02%, Err 137 (1.0e-005)
1889.791 .... 5613 packets received, 6084 bps, 76.05%, Err 137 (1.0e-005)
1894.977 .... 5620 packets received, 6075 bps, 75.93%, Err 138 (1.0e-005)
1897.092 .... 5628 packets received, 6077 bps, 75.96%, Err 138 (1.0e-005)
1899.193 .... 5633 packets received, 6075 bps, 75.94%, Err 138 (1.0e-005)
1901.304 .... 5641 packets received, 6077 bps, 75.96%, Err 138 (1.0e-005)
1903.414 .... 5649 packets received, 6079 bps, 75.99%, Err 138 (1.0e-005)
1908.890 .... 5657 packets received, 6070 bps, 75.88%, Err 139 (1.0e-005)
1910.994 .... 5665 packets received, 6072 bps, 75.90%, Err 139 (1.0e-005)
1913.690 .... 5673 packets received, 6072 bps, 75.90%, Err 139 (1.0e-005)
1915.791 .... 5681 packets received, 6074 bps, 75.92%, Err 139 (1.0e-005)
1919.677 .... 5683 packets received, 6064 bps, 75.80%, Err 140 (1.0e-005)
1921.822 .... 5691 packets received, 6066 bps, 75.82%, Err 140 (1.0e-005)
1923.923 .... 5699 packets received, 6067 bps, 75.84%, Err 140 (1.0e-005)
1926.037 .... 5707 packets received, 6069 bps, 75.87%, Err 140 (1.0e-005)
1928.152 .... 5715 packets received, 6071 bps, 75.89%, Err 140 (1.0e-005)
1930.259 .... 5723 packets received, 6073 bps, 75.91%, Err 140 (1.0e-005)
1932.380 .... 5731 packets received, 6075 bps, 75.93%, Err 140 (1.0e-005)
1936.524 .... 5734 packets received, 6065 bps, 75.81%, Err 141 (1.0e-005)
1940.412 .... 5736 packets received, 6055 bps, 75.69%, Err 142 (1.0e-005)
1942.565 .... 5744 packets received, 6057 bps, 75.71%, Err 142 (1.0e-005)
1944.693 .... 5752 packets received, 6058 bps, 75.73%, Err 142 (1.0e-005)
1946.790 .... 5760 packets received, 6060 bps, 75.75%, Err 142 (1.0e-005)
1948.898 .... 5768 packets received, 6062 bps, 75.78%, Err 142 (1.0e-005)
1951.014 .... 5776 packets received, 6064 bps, 75.80%, Err 142 (1.0e-005)
1953.120 .... 5784 packets received, 6066 bps, 75.82%, Err 142 (1.0e-005)
1955.266 .... 5792 packets received, 6068 bps, 75.84%, Err 143 (1.0e-005)
1957.298 .... 5797 packets received, 6066 bps, 75.83%, Err 143 (1.0e-005)
1959.407 .... 5805 packets received, 6068 bps, 75.85%, Err 143 (1.0e-005)
1961.509 .... 5813 packets received, 6070 bps, 75.88%, Err 143 (1.0e-005)
1963.627 .... 5821 packets received, 6072 bps, 75.90%, Err 143 (1.0e-005)
1965.945 .... 5827 packets received, 6071 bps, 75.89%, Err 143 (1.0e-005)
1968.066 .... 5835 packets received, 6073 bps, 75.91%, Err 143 (1.0e-005)
1970.178 .... 5843 packets received, 6075 bps, 75.93%, Err 143 (1.0e-005)
1974.308 .... 5846 packets received, 6065 bps, 75.81%, Err 144 (1.0e-005)
1976.491 .... 5854 packets received, 6067 bps, 75.83%, Err 144 (1.0e-005)
1978.603 .... 5862 packets received, 6068 bps, 75.86%, Err 144 (1.0e-005)
1984.047 .... 5870 packets received, 6060 bps, 75.75%, Err 145 (1.0e-005)
1986.210 .... 5878 packets received, 6062 bps, 75.77%, Err 145 (1.0e-005)
1988.319 .... 5886 packets received, 6064 bps, 75.79%, Err 145 (1.0e-005)
1990.386 .... 5891 packets received, 6062 bps, 75.78%, Err 145 (1.0e-005)
1992.497 .... 5899 packets received, 6064 bps, 75.80%, Err 145 (1.0e-005)
1994.607 .... 5907 packets received, 6066 bps, 75.82%, Err 145 (1.0e-005)
1996.733 .... 5915 packets received, 6068 bps, 75.85%, Err 145 (1.0e-005)
1998.823 .... 5923 packets received, 6070 bps, 75.87%, Err 145 (1.0e-005)
2003.494 .... 5928 packets received, 6061 bps, 75.76%, Err 146 (1.0e-005)
2005.621 .... 5936 packets received, 6062 bps, 75.78%, Err 146 (1.0e-005)
2007.735 .... 5944 packets received, 6064 bps, 75.80%, Err 146 (1.0e-005)
2009.900 .... 5950 packets received, 6064 bps, 75.80%, Err 146 (1.0e-005)
2012.015 .... 5958 packets received, 6065 bps, 75.82%, Err 146 (1.0e-005)
2014.873 .... 5966 packets received, 6065 bps, 75.81%, Err 146 (1.0e-005)
2017.000 .... 5974 packets received, 6067 bps, 75.83%, Err 146 (1.0e-005)
2019.115 .... 5982 packets received, 6068 bps, 75.85%, Err 146 (1.0e-005)
2021.229 .... 5990 packets received, 6070 bps, 75.88%, Err 146 (1.0e-005)
2023.339 .... 5998 packets received, 6072 bps, 75.90%, Err 146 (1.0e-005)
2025.446 .... 6006 packets received, 6074 bps, 75.92%, Err 146 (1.0e-005)
2027.556 .... 6014 packets received, 6075 bps, 75.94%, Err 146 (1.0e-005)
2029.668 .... 6022 packets received, 6077 bps, 75.97%, Err 147 (1.0e-005)
2033.300 .... 6023 packets received, 6067 bps, 75.84%, Err 148 (1.0e-005)
2035.436 .... 6031 packets received, 6069 bps, 75.86%, Err 148 (1.0e-005)
2037.563 .... 6039 packets received, 6071 bps, 75.88%, Err 148 (1.0e-005)
2039.686 .... 6047 packets received, 6072 bps, 75.91%, Err 148 (1.0e-005)
2042.468 .... 6055 packets received, 6072 bps, 75.90%, Err 148 (1.0e-005)
2046.869 .... 6059 packets received, 6063 bps, 75.79%, Err 149 (1.0e-005)
2049.027 .... 6067 packets received, 6065 bps, 75.81%, Err 149 (1.0e-005)
2051.165 .... 6075 packets received, 6066 bps, 75.83%, Err 149 (1.0e-005)
2053.282 .... 6083 packets received, 6068 bps, 75.85%, Err 149 (1.0e-005)
2055.386 .... 6091 packets received, 6070 bps, 75.87%, Err 149 (1.0e-005)
2057.529 .... 6099 packets received, 6072 bps, 75.89%, Err 149 (1.0e-005)
2061.664 .... 6102 packets received, 6062 bps, 75.78%, Err 150 (1.0e-005)
2063.820 .... 6110 packets received, 6064 bps, 75.80%, Err 150 (1.0e-005)
2069.260 .... 6118 packets received, 6056 bps, 75.70%, Err 152 (1.0e-005)
2072.889 .... 6119 packets received, 6046 bps, 75.58%, Err 152 (1.0e-005)
2075.043 .... 6127 packets received, 6048 bps, 75.60%, Err 152 (1.0e-005)
2077.168 .... 6135 packets received, 6050 bps, 75.62%, Err 152 (1.0e-005)
2081.615 .... 6139 packets received, 6041 bps, 75.51%, Err 153 (1.0e-005)
2086.529 .... 6145 packets received, 6032 bps, 75.40%, Err 154 (1.0e-005)
2091.775 .... 6152 packets received, 6024 bps, 75.30%, Err 155 (1.0e-005)
2093.924 .... 6160 packets received, 6026 bps, 75.32%, Err 155 (1.0e-005)
2096.031 .... 6168 packets received, 6027 bps, 75.34%, Err 155 (1.0e-005)
2098.105 .... 6173 packets received, 6026 bps, 75.33%, Err 155 (1.0e-005)
2103.573 .... 6181 packets received, 6018 bps, 75.23%, Err 156 (1.0e-005)
2108.240 .... 6186 packets received, 6010 bps, 75.13%, Err 157 (1.0e-005)
2110.391 .... 6194 packets received, 6012 bps, 75.15%, Err 157 (1.0e-005)
2112.507 .... 6202 packets received, 6013 bps, 75.17%, Err 157 (1.0e-005)
2114.606 .... 6210 packets received, 6015 bps, 75.19%, Err 157 (1.0e-005)
2116.636 .... 6215 packets received, 6014 bps, 75.18%, Err 157 (1.0e-005)
.... 6963 packets received, 7738 bps, 96.73%, Err 0 (0.0e+000)
1845.242 .... 6971 packets received, 7738 bps, 96.73%, Err 0 (0.0e+000)
1847.365 .... 6979 packets received, 7738 bps, 96.73%, Err 0 (0.0e+000)
1849.474 .... 6987 packets received, 7738 bps, 96.73%, Err 0 (0.0e+000)
1851.590 .... 6995 packets received, 7738 bps, 96.73%, Err 0 (0.0e+000)
1853.700 .... 7003 packets received, 7738 bps, 96.73%, Err 0 (0.0e+000)
1855.809 .... 7011 packets received, 7738 bps, 96.73%, Err 0 (0.0e+000)
1857.929 .... 7019 packets received, 7738 bps, 96.73%, Err 0 (0.0e+000)
1860.038 .... 7027 packets received, 7738 bps, 96.73%, Err 0 (0.0e+000)
1862.150 .... 7035 packets received, 7738 bps, 96.73%, Err 0 (0.0e+000)
1864.263 .... 7043 packets received, 7738 bps, 96.73%, Err 0 (0.0e+000)
1866.368 .... 7051 packets received, 7738 bps, 96.73%, Err 0 (0.0e+000)
1868.477 .... 7059 packets received, 7738 bps, 96.73%, Err 0 (0.0e+000)
1870.605 .... 7067 packets received, 7738 bps, 96.73%, Err 0 (0.0e+000)
1872.696 .... 7075 packets received, 7738 bps, 96.73%, Err 0 (0.0e+000)
1874.821 .... 7083 packets received, 7738 bps, 96.73%, Err 0 (0.0e+000)
1876.937 .... 7091 packets received, 7738 bps, 96.73%, Err 0 (0.0e+000)
1879.050 .... 7099 packets received, 7738 bps, 96.73%, Err 0 (0.0e+000)
1881.163 .... 7107 packets received, 7738 bps, 96.73%, Err 0 (0.0e+000)
1883.263 .... 7115 packets received, 7739 bps, 96.73%, Err 0 (0.0e+000)
1885.372 .... 7123 packets received, 7739 bps, 96.73%, Err 0 (0.0e+000)
1887.476 .... 7131 packets received, 7739 bps, 96.73%, Err 0 (0.0e+000)
1889.601 .... 7139 packets received, 7739 bps, 96.73%, Err 0 (0.0e+000)
1891.727 .... 7147 packets received, 7739 bps, 96.73%, Err 0 (0.0e+000)
1893.818 .... 7155 packets received, 7739 bps, 96.73%, Err 0 (0.0e+000)
1895.954 .... 7163 packets received, 7739 bps, 96.73%, Err 0 (0.0e+000)
1898.042 .... 7171 packets received, 7739 bps, 96.73%, Err 0 (0.0e+000)
1900.157 .... 7179 packets received, 7739 bps, 96.73%, Err 0 (0.0e+000)
1902.260 .... 7187 packets received, 7739 bps, 96.73%, Err 0 (0.0e+000)
1904.380 .... 7195 packets received, 7739 bps, 96.73%, Err 0 (0.0e+000)
1906.493 .... 7203 packets received, 7739 bps, 96.73%, Err 0 (0.0e+000)
1908.603 .... 7211 packets received, 7739 bps, 96.74%, Err 0 (0.0e+000)
1910.716 .... 7219 packets received, 7739 bps, 96.74%, Err 0 (0.0e+000)
1912.821 .... 7227 packets received, 7739 bps, 96.74%, Err 0 (0.0e+000)
1914.945 .... 7235 packets received, 7739 bps, 96.74%, Err 0 (0.0e+000)
1917.071 .... 7243 packets received, 7739 bps, 96.74%, Err 0 (0.0e+000)
1919.164 .... 7251 packets received, 7739 bps, 96.74%, Err 0 (0.0e+000)
1921.291 .... 7259 packets received, 7739 bps, 96.74%, Err 0 (0.0e+000)
1923.419 .... 7267 packets received, 7739 bps, 96.74%, Err 0 (0.0e+000)
1925.522 .... 7275 packets received, 7739 bps, 96.74%, Err 0 (0.0e+000)
1927.608 .... 7283 packets received, 7739 bps, 96.74%, Err 0 (0.0e+000)
1929.730 .... 7291 packets received, 7739 bps, 96.74%, Err 0 (0.0e+000)
1931.843 .... 7299 packets received, 7739 bps, 96.74%, Err 0 (0.0e+000)
1933.966 .... 7307 packets received, 7739 bps, 96.74%, Err 0 (0.0e+000)
1936.063 .... 7315 packets received, 7739 bps, 96.74%, Err 0 (0.0e+000)
1938.189 .... 7323 packets received, 7739 bps, 96.74%, Err 0 (0.0e+000)
1940.282 .... 7331 packets received, 7739 bps, 96.74%, Err 0 (0.0e+000)
1942.405 .... 7339 packets received, 7739 bps, 96.74%, Err 0 (0.0e+000)
1944.526 .... 7347 packets received, 7739 bps, 96.74%, Err 0 (0.0e+000)
1946.635 .... 7355 packets received, 7739 bps, 96.74%, Err 0 (0.0e+000)
1948.740 .... 7363 packets received, 7739 bps, 96.74%, Err 0 (0.0e+000)
1950.852 .... 7371 packets received, 7739 bps, 96.74%, Err 0 (0.0e+000)
1952.973 .... 7379 packets received, 7739 bps, 96.74%, Err 0 (0.0e+000)
1955.075 .... 7387 packets received, 7739 bps, 96.74%, Err 0 (0.0e+000)
1957.184 .... 7395 packets received, 7739 bps, 96.74%, Err 0 (0.0e+000)
1959.302 .... 7403 packets received, 7739 bps, 96.74%, Err 0 (0.0e+000)
1961.409 .... 7411 packets received, 7739 bps, 96.74%, Err 0 (0.0e+000)
1963.544 .... 7419 packets received, 7739 bps, 96.74%, Err 0 (0.0e+000)
1965.630 .... 7427 packets received, 7739 bps, 96.74%, Err 0 (0.0e+000)
1967.736 .... 7435 packets received, 7739 bps, 96.74%, Err 0 (0.0e+000)
1969.858 .... 7443 packets received, 7739 bps, 96.74%, Err 0 (0.0e+000)
1971.978 .... 7451 packets received, 7739 bps, 96.74%, Err 0 (0.0e+000)
1974.078 .... 7459 packets received, 7739 bps, 96.74%, Err 0 (0.0e+000)
1976.194 .... 7467 packets received, 7739 bps, 96.74%, Err 0 (0.0e+000)
1978.321 .... 7475 packets received, 7739 bps, 96.74%, Err 0 (0.0e+000)
1980.414 .... 7483 packets received, 7739 bps, 96.74%, Err 0 (0.0e+000)
1982.522 .... 7491 packets received, 7740 bps, 96.74%, Err 0 (0.0e+000)
1984.637 .... 7499 packets received, 7740 bps, 96.74%, Err 0 (0.0e+000)
1986.763 .... 7507 packets received, 7739 bps, 96.74%, Err 0 (0.0e+000)
1988.869 .... 7515 packets received, 7740 bps, 96.74%, Err 0 (0.0e+000)
1990.979 .... 7523 packets received, 7740 bps, 96.74%, Err 0 (0.0e+000)
1993.096 .... 7531 packets received, 7740 bps, 96.74%, Err 0 (0.0e+000)
1995.208 .... 7539 packets received, 7740 bps, 96.74%, Err 0 (0.0e+000)
1997.318 .... 7547 packets received, 7740 bps, 96.74%, Err 0 (0.0e+000)
1999.425 .... 7555 packets received, 7740 bps, 96.75%, Err 0 (0.0e+000)
2001.537 .... 7563 packets received, 7740 bps, 96.75%, Err 0 (0.0e+000)
2003.637 .... 7571 packets received, 7740 bps, 96.75%, Err 0 (0.0e+000)
2005.753 .... 7579 packets received, 7740 bps, 96.75%, Err 0 (0.0e+000)
2007.881 .... 7587 packets received, 7740 bps, 96.75%, Err 0 (0.0e+000)
2009.986 .... 7595 packets received, 7740 bps, 96.75%, Err 0 (0.0e+000)
2012.098 .... 7603 packets received, 7740 bps, 96.75%, Err 0 (0.0e+000)
2014.214 .... 7611 packets received, 7740 bps, 96.75%, Err 0 (0.0e+000)
2016.325 .... 7619 packets received, 7740 bps, 96.75%, Err 0 (0.0e+000)
2018.447 .... 7627 packets received, 7740 bps, 96.75%, Err 0 (0.0e+000)
2020.545 .... 7635 packets received, 7740 bps, 96.75%, Err 0 (0.0e+000)
2022.650 .... 7643 packets received, 7740 bps, 96.75%, Err 0 (0.0e+000)
2024.784 .... 7651 packets received, 7740 bps, 96.75%, Err 0 (0.0e+000)
2026.876 .... 7659 packets received, 7740 bps, 96.75%, Err 0 (0.0e+000)
2028.997 .... 7667 packets received, 7740 bps, 96.75%, Err 0 (0.0e+000)
2031.108 .... 7675 packets received, 7740 bps, 96.75%, Err 0 (0.0e+000)
2033.216 .... 7683 packets received, 7740 bps, 96.75%, Err 0 (0.0e+000)
2035.338 .... 7691 packets received, 7740 bps, 96.75%, Err 0 (0.0e+000)
2037.430 .... 7699 packets received, 7740 bps, 96.75%, Err 0 (0.0e+000)
2039.555 .... 7707 packets received, 7740 bps, 96.75%, Err 0 (0.0e+000)
2041.664 .... 7715 packets received, 7740 bps, 96.75%, Err 0 (0.0e+000)
2043.785 .... 7723 packets received, 7740 bps, 96.75%, Err 0 (0.0e+000)
2045.899 .... 7731 packets received, 7740 bps, 96.75%, Err 0 (0.0e+000)
2047.991 .... 7739 packets received, 7740 bps, 96.75%, Err 0 (0.0e+000)
2050.099 .... 7747 packets received, 7740 bps, 96.75%, Err 0 (0.0e+000)
2052.231 .... 7755 packets received, 7740 bps, 96.75%, Err 0 (0.0e+000)
2054.345 .... 7763 packets received, 7740 bps, 96.75%, Err 0 (0.0e+000)
2056.457 .... 7771 packets received, 7740 bps, 96.75%, Err 0 (0.0e+000)
2058.553 .... 7779 packets received, 7740 bps, 96.75%, Err 0 (0.0e+000)
2060.676 .... 7787 packets received, 7740 bps, 96.75%, Err 0 (0.0e+000)
2062.796 .... 7795 packets received, 7740 bps, 96.75%, Err 0 (0.0e+000)
2064.909 .... 7803 packets received, 7740 bps, 96.75%, Err 0 (0.0e+000)
2067.015 .... 7811 packets received, 7740 bps, 96.75%, Err 0 (0.0e+000)
2069.137 .... 7819 packets received, 7740 bps, 96.75%, Err 0 (0.0e+000)
2071.232 .... 7827 packets received, 7740 bps, 96.75%, Err 0 (0.0e+000)
2073.345 .... 7835 packets received, 7740 bps, 96.75%, Err 0 (0.0e+000)
2075.480 .... 7843 packets received, 7740 bps, 96.75%, Err 0 (0.0e+000)
2077.575 .... 7851 packets received, 7740 bps, 96.75%, Err 0 (0.0e+000)
2079.681 .... 7859 packets received, 7740 bps, 96.75%, Err 0 (0.0e+000)
2081.792 .... 7867 packets received, 7740 bps, 96.75%, Err 0 (0.0e+000)
2083.906 .... 7875 packets received, 7740 bps, 96.75%, Err 0 (0.0e+000)
2086.029 .... 7883 packets received, 7740 bps, 96.75%, Err 0 (0.0e+000)
2088.131 .... 7891 packets received, 7740 bps, 96.75%, Err 0 (0.0e+000)
2090.247 .... 7899 packets received, 7740 bps, 96.75%, Err 0 (0.0e+000)
2092.351 .... 7907 packets received, 7740 bps, 96.76%, Err 0 (0.0e+000)
2094.464 .... 7915 packets received, 7740 bps, 96.76%, Err 0 (0.0e+000)
2096.576 .... 7923 packets received, 7740 bps, 96.76%, Err 0 (0.0e+000)
2098.694 .... 7931 packets received, 7740 bps, 96.76%, Err 0 (0.0e+000)
2100.806 .... 7939 packets received, 7740 bps, 96.76%, Err 0 (0.0e+000)
2102.924 .... 7947 packets received, 7740 bps, 96.76%, Err 0 (0.0e+000)
2105.024 .... 7955 packets received, 7741 bps, 96.76%, Err 0 (0.0e+000)
2107.136 .... 7963 packets received, 7741 bps, 96.76%, Err 0 (0.0e+000)
2109.252 .... 7971 packets received, 7741 bps, 96.76%, Err 0 (0.0e+000)
2111.350 .... 7979 packets received, 7741 bps, 96.76%, Err 0 (0.0e+000)
2113.474 .... 7987 packets received, 7741 bps, 96.76%, Err 0 (0.0e+000)
2115.584 .... 7995 packets received, 7741 bps, 96.76%, Err 0 (0.0e+000)
2117.708 .... 8003 packets received, 7741 bps, 96.76%, Err 0 (0.0e+000)
2119.817 .... 8011 packets received, 7741 bps, 96.76%, Err 0 (0.0e+000)
2121.913 .... 8019 packets received, 7741 bps, 96.76%, Err 0 (0.0e+000)
2124.031 .... 8027 packets received, 7741 bps, 96.76%, Err 0 (0.0e+000)
2126.142 .... 8035 packets received, 7741 bps, 96.76%, Err 0 (0.0e+000)
2128.252 .... 8043 packets received, 7741 bps, 96.76%, Err 0 (0.0e+000)
2130.368 .... 8051 packets received, 7741 bps, 96.76%, Err 0 (0.0e+000)
2132.498 .... 8059 packets received, 7741 bps, 96.76%, Err 0 (0.0e+000)
2134.594 .... 8067 packets received, 7741 bps, 96.76%, Err 0 (0.0e+000)
2136.703 .... 8075 packets received, 7741 bps, 96.76%, Err 0 (0.0e+000)
2138.818 .... 8083 packets received, 7741 bps, 96.76%, Err 0 (0.0e+000)
2140.916 .... 8091 packets received, 7741 bps, 96.76%, Err 0 (0.0e+000)
2143.054 .... 8099 packets received, 7741 bps, 96.76%, Err 0 (0.0e+000)
2145.164 .... 8107 packets received, 7741 bps, 96.76%, Err 0 (0.0e+000)
2147.259 .... 8115 packets received, 7741 bps, 96.76%, Err 0 (0.0e+000)
2149.367 .... 8123 packets received, 7741 bps, 96.76%, Err 0 (0.0e+000)
2151.477 .... 8131 packets received, 7741 bps, 96.76%, Err 0 (0.0e+000)
2153.601 .... 8139 packets received, 7741 bps, 96.76%, Err 0 (0.0e+000)
2155.712 .... 8147 packets received, 7741 bps, 96.76%, Err 0 (0.0e+000)
2157.836 .... 8155 packets received, 7741 bps, 96.76%, Err 0 (0.0e+000)
2159.947 .... 8163 packets received, 7741 bps, 96.76%, Err 0 (0.0e+000)
2162.043 .... 8171 packets received, 7741 bps, 96.76%, Err 0 (0.0e+000)
2164.173 .... 8179 packets received, 7741 bps, 96.76%, Err 0 (0.0e+000)
2166.279 .... 8187 packets received, 7741 bps, 96.76%, Err 0 (0.0e+000)
2168.400 .... 8195 packets received, 7741 bps, 96.76%, Err 0 (0.0e+000)
2170.501 .... 8203 packets received, 7741 bps, 96.76%, Err 0 (0.0e+000)
2172.611 .... 8211 packets received, 7741 bps, 96.76%, Err 0 (0.0e+000)
2174.738 .... 8219 packets received, 7741 bps, 96.76%, Err 0 (0.0e+000)
2176.846 .... 8227 packets received, 7741 bps, 96.76%, Err 0 (0.0e+000)
2178.949 .... 8235 packets received, 7741 bps, 96.76%, Err 0 (0.0e+000)
2181.060 .... 8243 packets received, 7741 bps, 96.76%, Err 0 (0.0e+000)
2183.172 .... 8251 packets received, 7741 bps, 96.76%, Err 0 (0.0e+000)
2185.279 .... 8259 packets received, 7741 bps, 96.76%, Err 0 (0.0e+000)
2187.391 .... 8267 packets received, 7741 bps, 96.76%, Err 0 (0.0e+000)
2189.515 .... 8275 packets received, 7741 bps, 96.76%, Err 0 (0.0e+000)
2191.609 .... 8283 packets received, 7741 bps, 96.77%, Err 0 (0.0e+000)
2193.739 .... 8291 packets received, 7741 bps, 96.76%, Err 0 (0.0e+000)
2195.837 .... 8299 packets received, 7741 bps, 96.77%, Err 0 (0.0e+000)
2197.954 .... 8307 packets received, 7741 bps, 96.77%, Err 0 (0.0e+000)
2200.059 .... 8315 packets received, 7741 bps, 96.77%, Err 0 (0.0e+000)
2202.172 .... 8323 packets received, 7741 bps, 96.77%, Err 0 (0.0e+000)
2204.293 .... 8331 packets received, 7741 bps, 96.77%, Err 0 (0.0e+000)
2206.408 .... 8339 packets received, 7741 bps, 96.77%, Err 0 (0.0e+000)
2208.529 .... 8347 packets received, 7741 bps, 96.77%, Err 0 (0.0e+000)
2210.620 .... 8355 packets received, 7741 bps, 96.77%, Err 0 (0.0e+000)
2212.730 .... 8363 packets received, 7741 bps, 96.77%, Err 0 (0.0e+000)
2214.857 .... 8371 packets received, 7741 bps, 96.77%, Err 0 (0.0e+000)
2216.967 .... 8379 packets received, 7741 bps, 96.77%, Err 0 (0.0e+000)
2219.081 .... 8387 packets received, 7741 bps, 96.77%, Err 0 (0.0e+000)
2221.177 .... 8395 packets received, 7741 bps, 96.77%, Err 0 (0.0e+000)
2223.290 .... 8403 packets received, 7741 bps, 96.77%, Err 0 (0.0e+000)
2225.414 .... 8411 packets received, 7741 bps, 96.77%, Err 0 (0.0e+000)
2227.528 .... 8419 packets received, 7741 bps, 96.77%, Err 0 (0.0e+000)
2229.630 .... 8427 packets received, 7741 bps, 96.77%, Err 0 (0.0e+000)
2231.759 .... 8435 packets received, 7741 bps, 96.77%, Err 0 (0.0e+000)
2233.872 .... 8443 packets received, 7741 bps, 96.77%, Err 0 (0.0e+000)
2235.966 .... 8451 packets received, 7742 bps, 96.77%, Err 0 (0.0e+000)
2238.087 .... 8459 packets received, 7742 bps, 96.77%, Err 0 (0.0e+000)
2240.184 .... 8467 packets received, 7742 bps, 96.77%, Err 0 (0.0e+000)
2242.307 .... 8475 packets received, 7742 bps, 96.77%, Err 0 (0.0e+000)
2244.426 .... 8483 packets received, 7742 bps, 96.77%, Err 0 (0.0e+000)
2246.525 .... 8491 packets received, 7742 bps, 96.77%, Err 0 (0.0e+000)
2248.634 .... 8499 packets received, 7742 bps, 96.77%, Err 0 (0.0e+000)
2250.757 .... 8507 packets received, 7742 bps, 96.77%, Err 0 (0.0e+000)
2252.871 .... 8515 packets received, 7742 bps, 96.77%, Err 0 (0.0e+000)
2254.979 .... 8523 packets received, 7742 bps, 96.77%, Err 0 (0.0e+000)
2257.087 .... 8531 packets received, 7742 bps, 96.77%, Err 0 (0.0e+000)
2258.681 ** WARNING: System too busy, sleep 15 ms, but be awakened 71 ms later
2260.599 ** WARNING: System too busy, sleep 15 ms, but be awakened 178 ms later
2260.790 .... 8538 packets received, 7735 bps, 96.69%, Err 0 (0.0e+000)
2263.029 .... 8549 packets received, 7738 bps, 96.72%, Err 0 (0.0e+000)
2265.155 .... 8557 packets received, 7738 bps, 96.72%, Err 0 (0.0e+000)
2267.261 .... 8565 packets received, 7738 bps, 96.72%, Err 0 (0.0e+000)
2269.375 .... 8573 packets received, 7738 bps, 96.72%, Err 0 (0.0e+000)
2271.491 .... 8581 packets received, 7738 bps, 96.72%, Err 0 (0.0e+000)
2273.594 .... 8589 packets received, 7738 bps, 96.72%, Err 0 (0.0e+000)
2275.720 .... 8597 packets received, 7738 bps, 96.72%, Err 0 (0.0e+000)
2277.827 .... 8605 packets received, 7738 bps, 96.72%, Err 0 (0.0e+000)
2279.918 .... 8613 packets received, 7738 bps, 96.72%, Err 0 (0.0e+000)
2282.042 .... 8621 packets received, 7738 bps, 96.72%, Err 0 (0.0e+000)
2284.165 .... 8629 packets received, 7738 bps, 96.72%, Err 0 (0.0e+000)
2286.260 .... 8637 packets received, 7738 bps, 96.72%, Err 0 (0.0e+000)
2288.375 .... 8645 packets received, 7738 bps, 96.72%, Err 0 (0.0e+000)
2290.490 .... 8653 packets received, 7738 bps, 96.72%, Err 0 (0.0e+000)
2292.600 .... 8661 packets received, 7738 bps, 96.72%, Err 0 (0.0e+000)
2294.724 .... 8669 packets received, 7738 bps, 96.72%, Err 0 (0.0e+000)
2296.813 .... 8677 packets received, 7738 bps, 96.72%, Err 0 (0.0e+000)
2298.950 .... 8685 packets received, 7738 bps, 96.72%, Err 0 (0.0e+000)
2301.057 .... 8693 packets received, 7738 bps, 96.72%, Err 0 (0.0e+000)
2303.155 .... 8701 packets received, 7738 bps, 96.73%, Err 0 (0.0e+000)
2305.279 .... 8709 packets received, 7738 bps, 96.72%, Err 0 (0.0e+000)
2307.376 .... 8717 packets received, 7738 bps, 96.73%, Err 0 (0.0e+000)
2309.499 .... 8725 packets received, 7738 bps, 96.73%, Err 0 (0.0e+000)
2311.622 .... 8733 packets received, 7738 bps, 96.73%, Err 0 (0.0e+000)
2313.716 .... 8741 packets received, 7738 bps, 96.73%, Err 0 (0.0e+000)
2315.826 .... 8749 packets received, 7738 bps, 96.73%, Err 0 (0.0e+000)
2317.937 .... 8757 packets received, 7738 bps, 96.73%, Err 0 (0.0e+000)
2320.063 .... 8765 packets received, 7738 bps, 96.73%, Err 0 (0.0e+000)
2322.174 .... 8773 packets received, 7738 bps, 96.73%, Err 0 (0.0e+000)
2324.291 .... 8781 packets received, 7738 bps, 96.73%, Err 0 (0.0e+000)
2326.386 .... 8789 packets received, 7738 bps, 96.73%, Err 0 (0.0e+000)
2328.510 .... 8797 packets received, 7738 bps, 96.73%, Err 0 (0.0e+000)
2330.621 .... 8805 packets received, 7738 bps, 96.73%, Err 0 (0.0e+000)
2332.741 .... 8813 packets received, 7738 bps, 96.73%, Err 0 (0.0e+000)
2334.849 .... 8821 packets received, 7738 bps, 96.73%, Err 0 (0.0e+000)
2336.948 .... 8829 packets received, 7738 bps, 96.73%, Err 0 (0.0e+000)
2339.079 .... 8837 packets received, 7738 bps, 96.73%, Err 0 (0.0e+000)
2341.188 .... 8845 packets received, 7738 bps, 96.73%, Err 0 (0.0e+000)
2343.283 .... 8853 packets received, 7738 bps, 96.73%, Err 0 (0.0e+000)
2345.415 .... 8861 packets received, 7738 bps, 96.73%, Err 0 (0.0e+000)
2347.525 .... 8869 packets received, 7738 bps, 96.73%, Err 0 (0.0e+000)
2349.619 .... 8877 packets received, 7738 bps, 96.73%, Err 0 (0.0e+000)
2351.743 .... 8885 packets received, 7738 bps, 96.73%, Err 0 (0.0e+000)
2353.858 .... 8893 packets received, 7738 bps, 96.73%, Err 0 (0.0e+000)
2355.952 .... 8901 packets received, 7738 bps, 96.73%, Err 0 (0.0e+000)
2358.074 .... 8909 packets received, 7738 bps, 96.73%, Err 0 (0.0e+000)
2360.183 .... 8917 packets received, 7738 bps, 96.73%, Err 0 (0.0e+000)
2362.294 .... 8925 packets received, 7738 bps, 96.73%, Err 0 (0.0e+000)
2364.410 .... 8933 packets received, 7738 bps, 96.73%, Err 0 (0.0e+000)
2366.531 .... 8941 packets received, 7738 bps, 96.73%, Err 0 (0.0e+000)
2368.638 .... 8949 packets received, 7739 bps, 96.73%, Err 0 (0.0e+000)
2370.759 .... 8957 packets received, 7738 bps, 96.73%, Err 0 (0.0e+000)
2372.865 .... 8965 packets received, 7739 bps, 96.73%, Err 0 (0.0e+000)
2374.962 .... 8973 packets received, 7739 bps, 96.73%, Err 0 (0.0e+000)
2377.070 .... 8981 packets received, 7739 bps, 96.73%, Err 0 (0.0e+000)
2379.182 .... 8989 packets received, 7739 bps, 96.73%, Err 0 (0.0e+000)
2381.291 .... 8997 packets received, 7739 bps, 96.73%, Err 0 (0.0e+000)
2383.415 .... 9005 packets received, 7739 bps, 96.73%, Err 0 (0.0e+000)
2385.525 .... 9013 packets received, 7739 bps, 96.73%, Err 0 (0.0e+000)
2387.636 .... 9021 packets received, 7739 bps, 96.73%, Err 0 (0.0e+000)
2389.745 .... 9029 packets received, 7739 bps, 96.73%, Err 0 (0.0e+000)
2391.852 .... 9037 packets received, 7739 bps, 96.73%, Err 0 (0.0e+000)
2393.981 .... 9045 packets received, 7739 bps, 96.73%, Err 0 (0.0e+000)
2396.086 .... 9053 packets received, 7739 bps, 96.73%, Err 0 (0.0e+000)
2398.194 .... 9061 packets received, 7739 bps, 96.73%, Err 0 (0.0e+000)
2400.320 .... 9069 packets received, 7739 bps, 96.73%, Err 0 (0.0e+000)
2402.416 .... 9077 packets received, 7739 bps, 96.74%, Err 0 (0.0e+000)
2404.540 .... 9085 packets received, 7739 bps, 96.74%, Err 0 (0.0e+000)
2406.648 .... 9093 packets received, 7739 bps, 96.74%, Err 0 (0.0e+000)
2408.772 .... 9101 packets received, 7739 bps, 96.74%, Err 0 (0.0e+000)
2410.883 .... 9109 packets received, 7739 bps, 96.74%, Err 0 (0.0e+000)
2412.990 .... 9117 packets received, 7739 bps, 96.74%, Err 0 (0.0e+000)
2415.098 .... 9125 packets received, 7739 bps, 96.74%, Err 0 (0.0e+000)
2417.206 .... 9133 packets received, 7739 bps, 96.74%, Err 0 (0.0e+000)
2419.318 .... 9141 packets received, 7739 bps, 96.74%, Err 0 (0.0e+000)
2421.428 .... 9149 packets received, 7739 bps, 96.74%, Err 0 (0.0e+000)
2423.546 .... 9157 packets received, 7739 bps, 96.74%, Err 0 (0.0e+000)
2425.646 .... 9165 packets received, 7739 bps, 96.74%, Err 0 (0.0e+000)
2427.781 .... 9173 packets received, 7739 bps, 96.74%, Err 0 (0.0e+000)
2429.871 .... 9181 packets received, 7739 bps, 96.74%, Err 0 (0.0e+000)
2431.992 .... 9189 packets received, 7739 bps, 96.74%, Err 0 (0.0e+000)
2434.108 .... 9197 packets received, 7739 bps, 96.74%, Err 0 (0.0e+000)
2436.207 .... 9205 packets received, 7739 bps, 96.74%, Err 0 (0.0e+000)
2438.321 .... 9213 packets received, 7739 bps, 96.74%, Err 0 (0.0e+000)
2440.437 .... 9221 packets received, 7739 bps, 96.74%, Err 0 (0.0e+000)
2442.557 .... 9229 packets received, 7739 bps, 96.74%, Err 0 (0.0e+000)
2444.667 .... 9237 packets received, 7739 bps, 96.74%, Err 0 (0.0e+000)
2446.789 .... 9245 packets received, 7739 bps, 96.74%, Err 0 (0.0e+000)
2448.897 .... 9253 packets received, 7739 bps, 96.74%, Err 0 (0.0e+000)
2451.007 .... 9261 packets received, 7739 bps, 96.74%, Err 0 (0.0e+000)
2453.112 .... 9269 packets received, 7739 bps, 96.74%, Err 0 (0.0e+000)
2455.224 .... 9277 packets received, 7739 bps, 96.74%, Err 0 (0.0e+000)
2457.352 .... 9285 packets received, 7739 bps, 96.74%, Err 0 (0.0e+000)
2459.456 .... 9293 packets received, 7739 bps, 96.74%, Err 0 (0.0e+000)
2461.551 .... 9301 packets received, 7739 bps, 96.74%, Err 0 (0.0e+000)
2463.674 .... 9309 packets received, 7739 bps, 96.74%, Err 0 (0.0e+000)
2465.788 .... 9317 packets received, 7739 bps, 96.74%, Err 0 (0.0e+000)
2467.905 .... 9325 packets received, 7739 bps, 96.74%, Err 0 (0.0e+000)
2468.011 ** WARNING: System too busy, sleep 15 ms, but be awakened 83 ms later
