C:\Users\admin\Desktop\selective\selective af -ber 1e-4 -port 5 
=========================================================================
                          Station A                                 
-------------------------------------------------------------------------
Protocol.lib, version 3.0, Build: Oct 19 2009 (jiangy@public3.bta.net.cn)
Channel: 8000 bps, 270 ms propagation delay, bit error rate 1.0E-004
Log file "C:\Users\admin\Desktop\selective\selective-A.log", TCP port 5, debug mask 0x00
Station A is waiting for station B on TCP port 5 ... Done.
New epoch: Sun May 22 12:34:41 2016
=========================================================================
Designed by dao, build: May 11 2016  20:59:06
4.331 .... 2 packets received, 1008 bps, 12.60%, Err 4 (1.6e-004)
6.652 .... 11 packets received, 3529 bps, 44.11%, Err 4 (9.3e-005)
9.303 .... 15 packets received, 3400 bps, 42.50%, Err 6 (9.4e-005)
11.747 .... 24 packets received, 4282 bps, 53.52%, Err 7 (8.9e-005)
14.139 .... 28 packets received, 4134 bps, 51.68%, Err 8 (8.2e-005)
14.812 ** WARNING: System too busy, sleep 15 ms, but be awakened 77 ms later
16.386 ** WARNING: System too busy, sleep 15 ms, but be awakened 74 ms later
16.587 .... 38 packets received, 4769 bps, 59.61%, Err 11 (9.6e-005)
19.125 .... 40 packets received, 4344 bps, 54.30%, Err 14 (1.0e-004)
21.847 .... 44 packets received, 4176 bps, 52.20%, Err 18 (1.2e-004)
24.574 .... 49 packets received, 4129 bps, 51.61%, Err 19 (1.1e-004)
26.775 .... 60 packets received, 4636 bps, 57.95%, Err 20 (1.1e-004)
30.234 .... 65 packets received, 4442 bps, 55.53%, Err 22 (1.0e-004)
32.354 .... 76 packets received, 4851 bps, 60.64%, Err 23 (1.0e-004)
34.458 .... 84 packets received, 5032 bps, 62.90%, Err 23 (9.5e-005)
36.578 .... 92 packets received, 5189 bps, 64.86%, Err 23 (8.9e-005)
41.144 .... 96 packets received, 4810 bps, 60.12%, Err 29 (1.0e-004)
43.803 .... 107 packets received, 5034 bps, 62.92%, Err 29 (9.5e-005)
45.928 .... 113 packets received, 5068 bps, 63.36%, Err 30 (9.3e-005)
48.562 .... 116 packets received, 4919 bps, 61.49%, Err 32 (9.3e-005)
50.792 .... 127 packets received, 5148 bps, 64.35%, Err 32 (8.8e-005)
52.483 ** WARNING: System too busy, sleep 15 ms, but be awakened 68 ms later
53.992 .... 133 packets received, 5070 bps, 63.38%, Err 35 (9.0e-005)
57.010 .... 143 packets received, 5161 bps, 64.52%, Err 38 (9.4e-005)
61.574 .... 146 packets received, 4877 bps, 60.97%, Err 42 (9.7e-005)
64.500 .... 154 packets received, 4910 bps, 61.38%, Err 44 (9.7e-005)
67.943 .... 159 packets received, 4812 bps, 60.15%, Err 48 (1.0e-004)
71.149 .... 169 packets received, 4883 bps, 61.04%, Err 50 (1.0e-004)
73.251 .... 177 packets received, 4967 bps, 62.09%, Err 50 (9.7e-005)
76.183 .... 183 packets received, 4937 bps, 61.71%, Err 51 (9.4e-005)
78.828 .... 193 packets received, 5031 bps, 62.89%, Err 52 (9.2e-005)
81.744 .... 203 packets received, 5103 bps, 63.78%, Err 53 (9.1e-005)
86.619 .... 210 packets received, 4981 bps, 62.26%, Err 56 (9.1e-005)
92.254 .... 221 packets received, 4920 bps, 61.51%, Err 60 (9.2e-005)
95.437 .... 230 packets received, 4950 bps, 61.87%, Err 63 (9.4e-005)
98.631 .... 237 packets received, 4935 bps, 61.68%, Err 67 (9.6e-005)
102.679 .... 241 packets received, 4819 bps, 60.24%, Err 72 (1.0e-004)
106.095 .... 245 packets received, 4741 bps, 59.27%, Err 73 (9.9e-005)
111.464 .... 254 packets received, 4678 bps, 58.48%, Err 81 (1.0e-004)
115.026 .... 261 packets received, 4658 bps, 58.22%, Err 84 (1.1e-004)
118.805 .... 264 packets received, 4561 bps, 57.02%, Err 87 (1.1e-004)
124.713 .... 272 packets received, 4476 bps, 55.95%, Err 97 (1.1e-004)
126.832 .... 273 packets received, 4418 bps, 55.22%, Err 100 (1.1e-004)
129.243 .... 282 packets received, 4478 bps, 55.97%, Err 102 (1.2e-004)
131.363 .... 289 packets received, 4515 bps, 56.44%, Err 104 (1.2e-004)
134.267 .... 295 packets received, 4509 bps, 56.36%, Err 106 (1.2e-004)
137.192 .... 305 packets received, 4562 bps, 57.02%, Err 107 (1.1e-004)
139.303 .... 316 packets received, 4655 bps, 58.18%, Err 107 (1.1e-004)
142.742 .... 324 packets received, 4657 bps, 58.22%, Err 108 (1.1e-004)
147.584 .... 332 packets received, 4615 bps, 57.69%, Err 110 (1.1e-004)
151.015 .... 342 packets received, 4646 bps, 58.08%, Err 112 (1.1e-004)
153.134 .... 348 packets received, 4662 bps, 58.28%, Err 115 (1.1e-004)
155.770 .... 358 packets received, 4715 bps, 58.94%, Err 115 (1.1e-004)
158.706 .... 364 packets received, 4705 bps, 58.81%, Err 117 (1.1e-004)
162.229 .... 370 packets received, 4679 bps, 58.48%, Err 119 (1.1e-004)
164.367 .... 379 packets received, 4730 bps, 59.13%, Err 120 (1.1e-004)
169.465 .... 385 packets received, 4660 bps, 58.25%, Err 123 (1.1e-004)
174.071 .... 392 packets received, 4619 bps, 57.74%, Err 128 (1.1e-004)
179.718 .... 403 packets received, 4599 bps, 57.49%, Err 132 (1.1e-004)
182.381 .... 408 packets received, 4588 bps, 57.35%, Err 134 (1.1e-004)
184.527 .... 418 packets received, 4646 bps, 58.07%, Err 135 (1.1e-004)
187.198 .... 424 packets received, 4645 bps, 58.07%, Err 138 (1.1e-004)
189.918 .... 425 packets received, 4590 bps, 57.37%, Err 139 (1.1e-004)
192.040 .... 435 packets received, 4646 bps, 58.07%, Err 139 (1.1e-004)
194.154 .... 443 packets received, 4679 bps, 58.49%, Err 139 (1.0e-004)
196.537 .... 447 packets received, 4664 bps, 58.30%, Err 142 (1.1e-004)
200.278 .... 453 packets received, 4638 bps, 57.98%, Err 144 (1.0e-004)
203.536 .... 461 packets received, 4645 bps, 58.06%, Err 149 (1.1e-004)
206.141 .... 470 packets received, 4676 bps, 58.44%, Err 150 (1.1e-004)
209.323 .... 476 packets received, 4663 bps, 58.29%, Err 151 (1.0e-004)
211.449 .... 485 packets received, 4703 bps, 58.79%, Err 152 (1.0e-004)
213.698 .... 492 packets received, 4721 bps, 59.01%, Err 153 (1.0e-004)
215.952 .... 500 packets received, 4748 bps, 59.35%, Err 153 (1.0e-004)
218.057 .... 503 packets received, 4730 bps, 59.13%, Err 154 (1.0e-004)
220.183 .... 514 packets received, 4787 bps, 59.83%, Err 154 (1.0e-004)
222.296 .... 522 packets received, 4815 bps, 60.19%, Err 154 (1.0e-004)
224.432 .... 526 packets received, 4806 bps, 60.07%, Err 156 (1.0e-004)
224.876 ** WARNING: System too busy, sleep 15 ms, but be awakened 180 ms later
227.410 .... 528 packets received, 4761 bps, 59.51%, Err 160 (1.0e-004)
230.598 .... 534 packets received, 4748 bps, 59.35%, Err 162 (1.0e-004)
232.679 .... 545 packets received, 4803 bps, 60.03%, Err 163 (1.0e-004)
234.810 .... 553 packets received, 4829 bps, 60.36%, Err 164 (1.0e-004)
237.977 .... 559 packets received, 4816 bps, 60.20%, Err 165 (1.0e-004)
241.186 ** WARNING: System too busy, sleep 15 ms, but be awakened 137 ms later
242.036 .... 570 packets received, 4828 bps, 60.36%, Err 166 (9.9e-005)
244.957 .... 581 packets received, 4863 bps, 60.79%, Err 168 (9.9e-005)
247.666 .... 582 packets received, 4818 bps, 60.22%, Err 170 (9.9e-005)
250.881 .... 592 packets received, 4838 bps, 60.47%, Err 174 (1.0e-004)
253.794 .... 597 packets received, 4823 bps, 60.28%, Err 178 (1.0e-004)
255.972 .... 599 packets received, 4798 bps, 59.97%, Err 182 (1.0e-004)
258.902 .... 602 packets received, 4767 bps, 59.59%, Err 183 (1.0e-004)
262.953 .... 604 packets received, 4709 bps, 58.86%, Err 183 (1.0e-004)
266.479 .... 608 packets received, 4677 bps, 58.47%, Err 184 (1.0e-004)
271.310 .... 616 packets received, 4655 bps, 58.18%, Err 185 (1.0e-004)
275.896 .... 624 packets received, 4637 bps, 57.96%, Err 188 (1.0e-004)
278.560 .... 633 packets received, 4658 bps, 58.23%, Err 190 (1.0e-004)
281.398 .... 639 packets received, 4655 bps, 58.19%, Err 191 (9.9e-005)
284.046 .... 647 packets received, 4669 bps, 58.37%, Err 193 (9.9e-005)
286.746 .... 653 packets received, 4668 bps, 58.35%, Err 194 (9.9e-005)
288.881 .... 663 packets received, 4705 bps, 58.81%, Err 195 (9.9e-005)
291.266 .... 666 packets received, 4687 bps, 58.59%, Err 196 (9.8e-005)
293.357 .... 677 packets received, 4731 bps, 59.13%, Err 196 (9.8e-005)
296.805 .... 685 packets received, 4731 bps, 59.14%, Err 199 (9.8e-005)
299.255 .... 686 packets received, 4699 bps, 58.74%, Err 202 (9.9e-005)
302.191 .... 693 packets received, 4701 bps, 58.76%, Err 203 (9.8e-005)
306.491 .... 699 packets received, 4675 bps, 58.44%, Err 207 (9.9e-005)
308.636 .... 704 packets received, 4676 bps, 58.44%, Err 211 (1.0e-004)
310.746 .... 714 packets received, 4710 bps, 58.87%, Err 211 (9.9e-005)
315.858 .... 719 packets received, 4666 bps, 58.32%, Err 217 (1.0e-004)
317.998 .... 727 packets received, 4686 bps, 58.58%, Err 217 (1.0e-004)
320.108 .... 733 packets received, 4694 bps, 58.67%, Err 217 (9.9e-005)
324.964 .... 737 packets received, 4649 bps, 58.11%, Err 220 (9.9e-005)
327.085 .... 747 packets received, 4681 bps, 58.51%, Err 222 (9.9e-005)
330.535 .... 751 packets received, 4657 bps, 58.21%, Err 227 (1.0e-004)
333.516 .... 755 packets received, 4640 bps, 58.00%, Err 227 (9.9e-005)
336.165 .... 761 packets received, 4640 bps, 58.00%, Err 229 (9.9e-005)
339.334 .... 768 packets received, 4639 bps, 57.99%, Err 231 (9.9e-005)
342.798 .... 776 packets received, 4640 bps, 58.00%, Err 235 (1.0e-004)
345.780 .... 781 packets received, 4629 bps, 57.87%, Err 236 (1.0e-004)
347.920 .... 792 packets received, 4666 bps, 58.32%, Err 236 (9.9e-005)
350.036 .... 798 packets received, 4673 bps, 58.41%, Err 236 (9.8e-005)
352.372 ** WARNING: System too busy, sleep 15 ms, but be awakened 66 ms later
353.966 .... 799 packets received, 4626 bps, 57.83%, Err 244 (1.0e-004)
357.209 .... 802 packets received, 4602 bps, 57.52%, Err 246 (1.0e-004)
359.440 .... 805 packets received, 4590 bps, 57.38%, Err 246 (1.0e-004)
361.885 .... 806 packets received, 4565 bps, 57.06%, Err 249 (1.0e-004)
367.535 .... 817 packets received, 4556 bps, 56.95%, Err 254 (1.0e-004)
370.614 .... 826 packets received, 4568 bps, 57.10%, Err 256 (1.0e-004)
373.522 .... 833 packets received, 4571 bps, 57.13%, Err 258 (1.0e-004)
374.777 ** WARNING: System too busy, sleep 15 ms, but be awakened 153 ms later
377.287 .... 842 packets received, 4574 bps, 57.17%, Err 259 (1.0e-004)
379.948 .... 849 packets received, 4580 bps, 57.24%, Err 260 (1.0e-004)
382.583 .... 857 packets received, 4591 bps, 57.39%, Err 261 (1.0e-004)
384.613 .... 868 packets received, 4625 bps, 57.81%, Err 262 (1.0e-004)
389.719 .... 873 packets received, 4591 bps, 57.39%, Err 267 (1.0e-004)
392.837 .... 878 packets received, 4580 bps, 57.26%, Err 267 (9.9e-005)
395.485 .... 888 packets received, 4602 bps, 57.52%, Err 268 (9.9e-005)
397.606 .... 895 packets received, 4613 bps, 57.66%, Err 269 (9.9e-005)
400.762 .... 905 packets received, 4628 bps, 57.85%, Err 273 (9.9e-005)
404.562 .... 913 packets received, 4625 bps, 57.81%, Err 274 (9.9e-005)
407.743 .... 924 packets received, 4644 bps, 58.05%, Err 276 (9.9e-005)
410.131 .... 933 packets received, 4662 bps, 58.28%, Err 277 (9.9e-005)
413.058 .... 939 packets received, 4659 bps, 58.23%, Err 279 (9.8e-005)
416.212 .... 947 packets received, 4663 bps, 58.28%, Err 282 (9.9e-005)
420.217 .... 958 packets received, 4672 bps, 58.40%, Err 286 (9.9e-005)
423.990 .... 963 packets received, 4655 bps, 58.18%, Err 291 (1.0e-004)
426.827 .... 965 packets received, 4633 bps, 57.91%, Err 293 (1.0e-004)
430.263 .... 977 packets received, 4653 bps, 58.17%, Err 295 (1.0e-004)
435.962 .... 988 packets received, 4644 bps, 58.05%, Err 299 (1.0e-004)
438.108 .... 998 packets received, 4668 bps, 58.35%, Err 300 (1.0e-004)
440.492 .... 1002 packets received, 4661 bps, 58.27%, Err 302 (1.0e-004)
443.425 .... 1010 packets received, 4668 bps, 58.35%, Err 305 (1.0e-004)
446.073 .... 1021 packets received, 4690 bps, 58.63%, Err 305 (1.0e-004)
449.247 .... 1028 packets received, 4689 bps, 58.61%, Err 311 (1.0e-004)
451.981 .... 1031 packets received, 4674 bps, 58.43%, Err 311 (1.0e-004)
454.371 .... 1040 packets received, 4690 bps, 58.63%, Err 312 (1.0e-004)
459.474 .... 1045 packets received, 4661 bps, 58.26%, Err 316 (1.0e-004)
461.609 .... 1055 packets received, 4683 bps, 58.54%, Err 316 (1.0e-004)
463.715 .... 1063 packets received, 4697 bps, 58.72%, Err 316 (9.9e-005)
465.830 .... 1071 packets received, 4711 bps, 58.89%, Err 316 (9.9e-005)
470.165 .... 1074 packets received, 4681 bps, 58.51%, Err 320 (9.9e-005)
473.340 .... 1080 packets received, 4675 bps, 58.44%, Err 321 (9.9e-005)
476.526 .... 1086 packets received, 4670 bps, 58.38%, Err 322 (9.9e-005)
482.167 .... 1096 packets received, 4658 bps, 58.22%, Err 329 (1.0e-004)
485.364 .... 1102 packets received, 4652 bps, 58.16%, Err 332 (1.0e-004)
488.074 .... 1105 packets received, 4639 bps, 57.99%, Err 334 (1.0e-004)
491.261 .... 1115 packets received, 4651 bps, 58.14%, Err 335 (1.0e-004)
495.310 .... 1121 packets received, 4638 bps, 57.97%, Err 341 (1.0e-004)
498.210 .... 1127 packets received, 4635 bps, 57.94%, Err 341 (1.0e-004)
500.350 .... 1138 packets received, 4660 bps, 58.26%, Err 342 (1.0e-004)
502.474 .... 1144 packets received, 4665 bps, 58.32%, Err 342 (1.0e-004)
507.849 .... 1149 packets received, 4636 bps, 57.95%, Err 347 (1.0e-004)
509.865 .... 1155 packets received, 4642 bps, 58.02%, Err 350 (1.0e-004)
511.973 .... 1166 packets received, 4667 bps, 58.33%, Err 350 (1.0e-004)
516.818 .... 1171 packets received, 4643 bps, 58.03%, Err 354 (1.0e-004)
521.133 .... 1178 packets received, 4632 bps, 57.90%, Err 357 (1.0e-004)
524.053 .... 1186 packets received, 4637 bps, 57.97%, Err 360 (1.0e-004)
526.183 .... 1194 packets received, 4650 bps, 58.12%, Err 360 (1.0e-004)
528.277 .... 1198 packets received, 4647 bps, 58.08%, Err 362 (1.0e-004)
532.075 .... 1202 packets received, 4629 bps, 57.86%, Err 364 (1.0e-004)
534.200 .... 1213 packets received, 4653 bps, 58.16%, Err 365 (1.0e-004)
538.529 .... 1216 packets received, 4627 bps, 57.83%, Err 369 (1.0e-004)
540.636 .... 1226 packets received, 4647 bps, 58.08%, Err 370 (1.0e-004)
544.082 .... 1231 packets received, 4636 bps, 57.95%, Err 373 (1.0e-004)
547.514 .... 1243 packets received, 4652 bps, 58.15%, Err 376 (1.0e-004)
549.635 .... 1254 packets received, 4675 bps, 58.44%, Err 376 (1.0e-004)
552.275 .... 1260 packets received, 4675 bps, 58.43%, Err 379 (1.0e-004)
555.046 .... 1268 packets received, 4681 bps, 58.51%, Err 380 (1.0e-004)
557.701 .... 1274 packets received, 4681 bps, 58.51%, Err 383 (1.0e-004)
560.349 .... 1283 packets received, 4691 bps, 58.64%, Err 385 (1.0e-004)
565.684 .... 1292 packets received, 4680 bps, 58.50%, Err 389 (1.0e-004)
568.603 .... 1301 packets received, 4688 bps, 58.60%, Err 394 (1.0e-004)
570.727 .... 1303 packets received, 4678 bps, 58.47%, Err 396 (1.0e-004)
572.943 .... 1314 packets received, 4699 bps, 58.74%, Err 396 (1.0e-004)
575.076 .... 1316 packets received, 4689 bps, 58.61%, Err 398 (1.0e-004)
578.056 .... 1325 packets received, 4697 bps, 58.71%, Err 399 (1.0e-004)
583.442 .... 1329 packets received, 4667 bps, 58.34%, Err 402 (1.0e-004)
585.570 .... 1340 packets received, 4689 bps, 58.61%, Err 402 (1.0e-004)
587.959 .... 1345 packets received, 4687 bps, 58.59%, Err 404 (1.0e-004)
591.402 .... 1355 packets received, 4694 bps, 58.68%, Err 405 (1.0e-004)
593.492 .... 1365 packets received, 4712 bps, 58.91%, Err 408 (1.0e-004)
596.669 .... 1368 packets received, 4698 bps, 58.72%, Err 410 (1.0e-004)
598.866 .... 1378 packets received, 4715 bps, 58.93%, Err 411 (1.0e-004)
601.781 .... 1383 packets received, 4709 bps, 58.86%, Err 413 (1.0e-004)
604.784 .... 1392 packets received, 4716 bps, 58.95%, Err 413 (1.0e-004)
606.916 .... 1399 packets received, 4723 bps, 59.04%, Err 414 (9.9e-005)
609.296 .... 1401 packets received, 4711 bps, 58.89%, Err 418 (1.0e-004)
612.469 .... 1406 packets received, 4704 bps, 58.79%, Err 420 (1.0e-004)
615.198 .... 1410 packets received, 4696 bps, 58.70%, Err 424 (1.0e-004)
617.327 .... 1420 packets received, 4713 bps, 58.91%, Err 424 (1.0e-004)
619.504 .... 1421 packets received, 4700 bps, 58.75%, Err 425 (1.0e-004)
622.438 .... 1431 packets received, 4710 bps, 58.88%, Err 426 (1.0e-004)
625.106 .... 1439 packets received, 4717 bps, 58.96%, Err 428 (1.0e-004)
628.054 .... 1442 packets received, 4704 bps, 58.80%, Err 429 (9.9e-005)
631.226 .... 1452 packets received, 4713 bps, 58.91%, Err 435 (1.0e-004)
636.351 .... 1459 packets received, 4698 bps, 58.72%, Err 437 (1.0e-004)
639.008 .... 1468 packets received, 4707 bps, 58.84%, Err 439 (1.0e-004)
642.421 .... 1478 packets received, 4714 bps, 58.92%, Err 441 (1.0e-004)
647.810 .... 1483 packets received, 4690 bps, 58.63%, Err 448 (1.0e-004)
650.737 .... 1489 packets received, 4688 bps, 58.60%, Err 448 (1.0e-004)
654.030 .... 1496 packets received, 4686 bps, 58.58%, Err 452 (1.0e-004)
656.945 .... 1505 packets received, 4694 bps, 58.67%, Err 453 (1.0e-004)
660.988 .... 1510 packets received, 4680 bps, 58.51%, Err 459 (1.0e-004)
665.341 .... 1515 packets received, 4665 bps, 58.32%, Err 463 (1.0e-004)
668.478 .... 1524 packets received, 4671 bps, 58.39%, Err 466 (1.0e-004)
670.571 .... 1531 packets received, 4678 bps, 58.47%, Err 466 (1.0e-004)
674.633 .... 1533 packets received, 4656 bps, 58.20%, Err 470 (1.0e-004)
677.216 .... 1542 packets received, 4665 bps, 58.31%, Err 470 (1.0e-004)
679.616 .... 1545 packets received, 4658 bps, 58.22%, Err 472 (1.0e-004)
682.869 .... 1552 packets received, 4656 bps, 58.21%, Err 473 (1.0e-004)
688.248 .... 1561 packets received, 4647 bps, 58.09%, Err 477 (1.0e-004)
690.801 .... 1571 packets received, 4659 bps, 58.24%, Err 478 (1.0e-004)
694.571 .... 1572 packets received, 4637 bps, 57.96%, Err 481 (1.0e-004)
697.240 .... 1579 packets received, 4640 bps, 58.00%, Err 482 (1.0e-004)
699.361 .... 1588 packets received, 4652 bps, 58.15%, Err 482 (1.0e-004)
701.491 .... 1596 packets received, 4661 bps, 58.27%, Err 483 (1.0e-004)
703.610 .... 1604 packets received, 4671 bps, 58.38%, Err 483 (1.0e-004)
708.170 .... 1608 packets received, 4652 bps, 58.15%, Err 488 (1.0e-004)
710.843 .... 1610 packets received, 4640 bps, 58.00%, Err 488 (1.0e-004)
712.945 .... 1621 packets received, 4658 bps, 58.23%, Err 489 (1.0e-004)
715.864 .... 1627 packets received, 4656 bps, 58.20%, Err 491 (1.0e-004)
719.292 .... 1637 packets received, 4663 bps, 58.28%, Err 493 (1.0e-004)
723.610 .... 1642 packets received, 4649 bps, 58.11%, Err 497 (1.0e-004)
726.449 .... 1651 packets received, 4656 bps, 58.20%, Err 498 (1.0e-004)
728.571 .... 1659 packets received, 4665 bps, 58.31%, Err 498 (1.0e-004)
730.709 .... 1663 packets received, 4663 bps, 58.28%, Err 500 (1.0e-004)
734.151 .... 1672 packets received, 4666 bps, 58.32%, Err 501 (1.0e-004)
736.803 .... 1680 packets received, 4671 bps, 58.39%, Err 504 (1.0e-004)
739.961 .... 1689 packets received, 4676 bps, 58.45%, Err 505 (9.9e-005)
743.180 .... 1698 packets received, 4681 bps, 58.51%, Err 509 (1.0e-004)
745.869 .... 1700 packets received, 4670 bps, 58.37%, Err 510 (1.0e-004)
748.035 .... 1710 packets received, 4683 bps, 58.54%, Err 512 (1.0e-004)
752.882 .... 1714 packets received, 4664 bps, 58.30%, Err 519 (1.0e-004)
755.548 .... 1723 packets received, 4672 bps, 58.40%, Err 520 (1.0e-004)
758.465 .... 1725 packets received, 4659 bps, 58.24%, Err 523 (1.0e-004)
761.210 .... 1734 packets received, 4667 bps, 58.34%, Err 524 (1.0e-004)
763.855 .... 1738 packets received, 4661 bps, 58.27%, Err 527 (1.0e-004)
767.017 .... 1740 packets received, 4648 bps, 58.09%, Err 528 (1.0e-004)
769.233 .... 1751 packets received, 4663 bps, 58.29%, Err 529 (1.0e-004)
771.365 .... 1757 packets received, 4667 bps, 58.33%, Err 530 (1.0e-004)
775.093 .... 1763 packets received, 4660 bps, 58.25%, Err 534 (1.0e-004)
778.600 .... 1774 packets received, 4668 bps, 58.35%, Err 535 (1.0e-004)
781.515 .... 1783 packets received, 4674 bps, 58.43%, Err 539 (1.0e-004)
784.773 .... 1786 packets received, 4662 bps, 58.28%, Err 539 (1.0e-004)
786.899 .... 1794 packets received, 4671 bps, 58.38%, Err 540 (1.0e-004)
789.807 .... 1799 packets received, 4666 bps, 58.33%, Err 545 (1.0e-004)
792.714 .... 1803 packets received, 4660 bps, 58.25%, Err 547 (1.0e-004)
795.988 .... 1813 packets received, 4666 bps, 58.33%, Err 549 (1.0e-004)
798.560 .... 1822 packets received, 4674 bps, 58.43%, Err 550 (1.0e-004)
801.490 .... 1826 packets received, 4667 bps, 58.34%, Err 552 (1.0e-004)
806.932 .... 1836 packets received, 4661 bps, 58.27%, Err 556 (1.0e-004)
809.057 .... 1846 packets received, 4674 bps, 58.43%, Err 557 (1.0e-004)
812.229 .... 1849 packets received, 4664 bps, 58.30%, Err 559 (1.0e-004)
814.445 .... 1857 packets received, 4671 bps, 58.39%, Err 561 (1.0e-004)
816.564 .... 1865 packets received, 4679 bps, 58.49%, Err 561 (1.0e-004)
820.869 .... 1868 packets received, 4662 bps, 58.28%, Err 566 (1.0e-004)
822.997 .... 1873 packets received, 4662 bps, 58.28%, Err 566 (1.0e-004)
825.134 .... 1882 packets received, 4673 bps, 58.41%, Err 568 (1.0e-004)
829.981 .... 1885 packets received, 4653 bps, 58.16%, Err 572 (1.0e-004)
834.301 .... 1892 packets received, 4646 bps, 58.07%, Err 576 (1.0e-004)
837.772 .... 1901 packets received, 4649 bps, 58.11%, Err 578 (1.0e-004)
840.949 .... 1907 packets received, 4646 bps, 58.07%, Err 581 (1.0e-004)
843.053 .... 1917 packets received, 4658 bps, 58.23%, Err 581 (1.0e-004)
848.688 .... 1924 packets received, 4644 bps, 58.05%, Err 586 (1.0e-004)
851.843 .... 1931 packets received, 4644 bps, 58.05%, Err 588 (1.0e-004)
853.982 .... 1942 packets received, 4659 bps, 58.23%, Err 588 (1.0e-004)
856.102 .... 1950 packets received, 4666 bps, 58.33%, Err 590 (1.0e-004)
858.229 .... 1957 packets received, 4671 bps, 58.39%, Err 590 (1.0e-004)
860.621 .... 1959 packets received, 4663 bps, 58.29%, Err 592 (1.0e-004)
863.009 .... 1968 packets received, 4672 bps, 58.40%, Err 593 (1.0e-004)
867.318 .... 1971 packets received, 4656 bps, 58.19%, Err 597 (1.0e-004)
871.904 .... 1977 packets received, 4645 bps, 58.06%, Err 599 (1.0e-004)
874.018 .... 1989 packets received, 4662 bps, 58.28%, Err 599 (1.0e-004)
876.404 .... 1994 packets received, 4661 bps, 58.26%, Err 601 (1.0e-004)
877.261 ** WARNING: System too busy, sleep 15 ms, but be awakened 83 ms later
878.756 .... 2000 packets received, 4663 bps, 58.28%, Err 603 (1.0e-004)
881.522 .... 2009 packets received, 4669 bps, 58.36%, Err 604 (1.0e-004)
883.642 .... 2016 packets received, 4674 bps, 58.42%, Err 606 (1.0e-004)
886.834 .... 2018 packets received, 4662 bps, 58.27%, Err 610 (1.0e-004)
890.078 .... 2028 packets received, 4668 bps, 58.35%, Err 612 (1.0e-004)
894.125 .... 2030 packets received, 4651 bps, 58.14%, Err 617 (1.0e-004)
897.247 .... 2035 packets received, 4646 bps, 58.08%, Err 619 (1.0e-004)
899.383 .... 2044 packets received, 4656 bps, 58.20%, Err 619 (1.0e-004)
901.500 .... 2049 packets received, 4656 bps, 58.20%, Err 620 (1.0e-004)
904.406 .... 2056 packets received, 4657 bps, 58.21%, Err 622 (1.0e-004)
908.473 .... 2061 packets received, 4648 bps, 58.09%, Err 627 (1.0e-004)
910.587 .... 2070 packets received, 4657 bps, 58.21%, Err 629 (1.0e-004)
912.697 .... 2078 packets received, 4664 bps, 58.30%, Err 629 (1.0e-004)
915.896 .... 2085 packets received, 4664 bps, 58.29%, Err 633 (1.0e-004)
920.730 .... 2092 packets received, 4655 bps, 58.18%, Err 638 (1.0e-004)
923.464 .... 2098 packets received, 4654 bps, 58.18%, Err 640 (1.0e-004)
926.637 .... 2104 packets received, 4651 bps, 58.14%, Err 643 (1.0e-004)
929.537 .... 2108 packets received, 4646 bps, 58.07%, Err 645 (1.0e-004)
931.919 .... 2116 packets received, 4651 bps, 58.14%, Err 646 (1.0e-004)
934.845 .... 2121 packets received, 4648 bps, 58.10%, Err 648 (1.0e-004)
937.234 .... 2129 packets received, 4654 bps, 58.17%, Err 649 (1.0e-004)
939.337 .... 2140 packets received, 4667 bps, 58.34%, Err 650 (1.0e-004)
942.257 .... 2142 packets received, 4657 bps, 58.21%, Err 654 (1.0e-004)
945.538 .... 2146 packets received, 4649 bps, 58.12%, Err 655 (1.0e-004)
947.670 .... 2155 packets received, 4658 bps, 58.23%, Err 655 (1.0e-004)
949.761 .... 2162 packets received, 4663 bps, 58.29%, Err 655 (1.0e-004)
952.670 .... 2168 packets received, 4662 bps, 58.27%, Err 656 (1.0e-004)
954.809 .... 2175 packets received, 4667 bps, 58.33%, Err 657 (1.0e-004)
956.929 .... 2186 packets received, 4680 bps, 58.50%, Err 657 (1.0e-004)
959.314 .... 2191 packets received, 4679 bps, 58.48%, Err 660 (1.0e-004)
961.977 .... 2198 packets received, 4681 bps, 58.51%, Err 663 (1.0e-004)
964.968 .... 2207 packets received, 4685 bps, 58.57%, Err 664 (1.0e-004)
969.825 .... 2214 packets received, 4677 bps, 58.46%, Err 666 (1.0e-004)
974.139 .... 2222 packets received, 4673 bps, 58.41%, Err 668 (1.0e-004)
977.076 .... 2232 packets received, 4680 bps, 58.50%, Err 671 (1.0e-004)
979.865 .... 2238 packets received, 4679 bps, 58.49%, Err 674 (1.0e-004)
983.639 .... 2241 packets received, 4667 bps, 58.34%, Err 678 (1.0e-004)
985.774 .... 2251 packets received, 4678 bps, 58.47%, Err 679 (1.0e-004)
987.887 .... 2253 packets received, 4672 bps, 58.40%, Err 682 (1.0e-004)
989.997 .... 2264 packets received, 4685 bps, 58.56%, Err 684 (1.0e-004)
990.497 ** WARNING: System too busy, sleep 15 ms, but be awakened 124 ms later
992.222 .... 2270 packets received, 4687 bps, 58.58%, Err 686 (1.0e-004)
994.312 .... 2276 packets received, 4689 bps, 58.61%, Err 686 (1.0e-004)
996.975 .... 2282 packets received, 4689 bps, 58.61%, Err 687 (1.0e-004)
1001.566 .... 2288 packets received, 4680 bps, 58.50%, Err 690 (1.0e-004)
1006.668 .... 2296 packets received, 4672 bps, 58.40%, Err 695 (1.0e-004)
1009.876 .... 2303 packets received, 4672 bps, 58.40%, Err 703 (1.0e-004)
1010.390 ** WARNING: System too busy, sleep 15 ms, but be awakened 105 ms later
1013.135 .... 2306 packets received, 4663 bps, 58.28%, Err 703 (1.0e-004)
1014.309 ** WARNING: System too busy, sleep 15 ms, but be awakened 83 ms later
1016.067 .... 2308 packets received, 4653 bps, 58.17%, Err 704 (1.0e-004)
1018.160 .... 2318 packets received, 4664 bps, 58.30%, Err 704 (1.0e-004)
1020.279 .... 2324 packets received, 4666 bps, 58.33%, Err 704 (1.0e-004)
1022.698 .... 2328 packets received, 4663 bps, 58.29%, Err 705 (1.0e-004)
1024.793 .... 2338 packets received, 4674 bps, 58.42%, Err 706 (1.0e-004)
1026.901 .... 2345 packets received, 4678 bps, 58.47%, Err 707 (1.0e-004)
1029.030 .... 2352 packets received, 4682 bps, 58.53%, Err 708 (1.0e-004)
1031.435 .... 2357 packets received, 4681 bps, 58.52%, Err 710 (1.0e-004)
1033.805 .... 2365 packets received, 4686 bps, 58.58%, Err 712 (1.0e-004)
1036.631 .... 2371 packets received, 4685 bps, 58.57%, Err 713 (1.0e-004)
1039.568 .... 2380 packets received, 4690 bps, 58.62%, Err 715 (1.0e-004)
1042.458 .... 2388 packets received, 4693 bps, 58.66%, Err 718 (1.0e-004)
1045.444 .... 2391 packets received, 4685 bps, 58.56%, Err 722 (1.0e-004)
1048.896 .... 2393 packets received, 4674 bps, 58.42%, Err 724 (1.0e-004)
1052.184 .... 2399 packets received, 4671 bps, 58.38%, Err 726 (1.0e-004)
1055.151 .... 2403 packets received, 4665 bps, 58.32%, Err 728 (1.0e-004)
1057.315 .... 2413 packets received, 4675 bps, 58.44%, Err 729 (1.0e-004)
1060.505 .... 2418 packets received, 4671 bps, 58.38%, Err 732 (1.0e-004)
1063.716 .... 2424 packets received, 4668 bps, 58.35%, Err 734 (1.0e-004)
1066.666 .... 2435 packets received, 4676 bps, 58.45%, Err 736 (1.0e-004)
1069.572 .... 2444 packets received, 4681 bps, 58.51%, Err 739 (1.0e-004)
1071.713 .... 2454 packets received, 4691 bps, 58.63%, Err 740 (1.0e-004)
1075.044 .... 2460 packets received, 4688 bps, 58.59%, Err 743 (1.0e-004)
1078.421 .... 2468 packets received, 4688 bps, 58.60%, Err 745 (1.0e-004)
1081.227 .... 2472 packets received, 4683 bps, 58.54%, Err 749 (1.0e-004)
1084.066 .... 2477 packets received, 4681 bps, 58.51%, Err 750 (1.0e-004)
1087.270 .... 2486 packets received, 4684 bps, 58.55%, Err 752 (1.0e-004)
1089.917 .... 2494 packets received, 4687 bps, 58.59%, Err 755 (1.0e-004)
1092.041 .... 2504 packets received, 4697 bps, 58.71%, Err 755 (1.0e-004)
1094.179 .... 2512 packets received, 4703 bps, 58.79%, Err 755 (1.0e-004)
1096.282 .... 2515 packets received, 4700 bps, 58.74%, Err 758 (1.0e-004)
1099.181 .... 2524 packets received, 4704 bps, 58.80%, Err 760 (1.0e-004)
1101.319 .... 2535 packets received, 4715 bps, 58.94%, Err 760 (1.0e-004)
1105.354 .... 2537 packets received, 4702 bps, 58.77%, Err 763 (1.0e-004)
1108.791 .... 2547 packets received, 4706 bps, 58.82%, Err 766 (1.0e-004)
1111.746 .... 2554 packets received, 4706 bps, 58.82%, Err 767 (1.0e-004)
1116.317 .... 2562 packets received, 4701 bps, 58.77%, Err 771 (1.0e-004)
1119.135 .... 2567 packets received, 4699 bps, 58.73%, Err 773 (1.0e-004)
1121.803 .... 2575 packets received, 4702 bps, 58.78%, Err 774 (1.0e-004)
1124.456 .... 2584 packets received, 4707 bps, 58.84%, Err 775 (1.0e-004)
1127.903 .... 2593 packets received, 4709 bps, 58.87%, Err 778 (1.0e-004)
1131.095 .... 2601 packets received, 4711 bps, 58.88%, Err 782 (1.0e-004)
1134.093 .... 2606 packets received, 4707 bps, 58.84%, Err 782 (1.0e-004)
1137.008 .... 2613 packets received, 4708 bps, 58.85%, Err 787 (1.0e-004)
1139.737 .... 2614 packets received, 4698 bps, 58.73%, Err 788 (1.0e-004)
1142.685 .... 2624 packets received, 4704 bps, 58.80%, Err 789 (1.0e-004)
1144.790 .... 2631 packets received, 4708 bps, 58.85%, Err 791 (1.0e-004)
1147.176 ** WARNING: System too busy, sleep 15 ms, but be awakened 162 ms later
1147.862 .... 2640 packets received, 4711 bps, 58.89%, Err 793 (1.0e-004)
1150.650 .... 2647 packets received, 4712 bps, 58.90%, Err 798 (1.0e-004)
1153.555 .... 2650 packets received, 4706 bps, 58.82%, Err 798 (1.0e-004)
1156.040 .... 2659 packets received, 4712 bps, 58.90%, Err 801 (1.0e-004)
1158.426 .... 2663 packets received, 4709 bps, 58.86%, Err 803 (1.0e-004)
1161.065 .... 2671 packets received, 4712 bps, 58.91%, Err 806 (1.0e-004)
1163.798 .... 2672 packets received, 4703 bps, 58.79%, Err 813 (1.0e-004)
1166.452 .... 2679 packets received, 4705 bps, 58.81%, Err 816 (1.0e-004)
1169.717 .... 2689 packets received, 4709 bps, 58.86%, Err 817 (1.0e-004)
1173.491 .... 2690 packets received, 4696 bps, 58.70%, Err 822 (1.0e-004)
1178.609 .... 2696 packets received, 4686 bps, 58.57%, Err 827 (1.0e-004)
1180.832 .... 2707 packets received, 4696 bps, 58.70%, Err 827 (1.0e-004)
1184.277 .... 2714 packets received, 4694 bps, 58.68%, Err 829 (1.0e-004)
1186.420 .... 2726 packets received, 4707 bps, 58.83%, Err 829 (1.0e-004)
1189.328 .... 2732 packets received, 4706 bps, 58.82%, Err 832 (1.0e-004)
1192.589 .... 2738 packets received, 4703 bps, 58.79%, Err 833 (1.0e-004)
1194.977 .... 2745 packets received, 4706 bps, 58.82%, Err 834 (1.0e-004)
1197.117 .... 2752 packets received, 4709 bps, 58.86%, Err 835 (1.0e-004)
1199.214 .... 2763 packets received, 4720 bps, 59.00%, Err 835 (1.0e-004)
1201.607 .... 2767 packets received, 4717 bps, 58.96%, Err 836 (1.0e-004)
1201.905 ** WARNING: System too busy, sleep 15 ms, but be awakened 111 ms later
1204.082 .... 2775 packets received, 4721 bps, 59.01%, Err 839 (1.0e-004)
1207.217 .... 2779 packets received, 4716 bps, 58.94%, Err 840 (1.0e-004)
1209.460 .... 2790 packets received, 4725 bps, 59.07%, Err 840 (1.0e-004)
1211.582 .... 2798 packets received, 4731 bps, 59.13%, Err 840 (1.0e-004)
1213.967 ** WARNING: System too busy, sleep 15 ms, but be awakened 155 ms later
1215.895 .... 2801 packets received, 4719 bps, 58.99%, Err 842 (1.0e-004)
1218.011 .... 2811 packets received, 4728 bps, 59.09%, Err 844 (1.0e-004)
1223.138 .... 2816 packets received, 4716 bps, 58.95%, Err 849 (1.0e-004)
1225.275 .... 2827 packets received, 4726 bps, 59.08%, Err 849 (1.0e-004)
1227.917 .... 2831 packets received, 4723 bps, 59.03%, Err 852 (1.0e-004)
1230.030 .... 2841 packets received, 4731 bps, 59.14%, Err 852 (1.0e-004)
1234.611 .... 2843 packets received, 4717 bps, 58.96%, Err 857 (1.0e-004)
1236.778 ** WARNING: System too busy, sleep 15 ms, but be awakened 136 ms later
1237.464 .... 2845 packets received, 4709 bps, 58.87%, Err 857 (1.0e-004)
1239.675 ** WARNING: System too busy, sleep 15 ms, but be awakened 74 ms later
1239.870 .... 2856 packets received, 4719 bps, 58.98%, Err 858 (1.0e-004)
1243.132 .... 2862 packets received, 4716 bps, 58.95%, Err 860 (1.0e-004)
1245.261 .... 2871 packets received, 4723 bps, 59.03%, Err 860 (1.0e-004)
1248.404 .... 2876 packets received, 4719 bps, 58.99%, Err 862 (1.0e-004)
1251.316 .... 2882 packets received, 4718 bps, 58.97%, Err 865 (1.0e-004)
1254.305 .... 2885 packets received, 4712 bps, 58.89%, Err 866 (1.0e-004)
1256.701 .... 2894 packets received, 4717 bps, 58.97%, Err 868 (1.0e-004)
1258.852 .... 2900 packets received, 4719 bps, 58.99%, Err 869 (1.0e-004)
1263.426 .... 2901 packets received, 4703 bps, 58.79%, Err 875 (1.0e-004)
1265.571 .... 2910 packets received, 4710 bps, 58.88%, Err 879 (1.0e-004)
1267.591 .... 2916 packets received, 4712 bps, 58.90%, Err 880 (1.0e-004)
1269.718 .... 2924 packets received, 4717 bps, 58.97%, Err 880 (1.0e-004)
1273.167 .... 2931 packets received, 4716 bps, 58.95%, Err 882 (1.0e-004)
1275.352 .... 2942 packets received, 4725 bps, 59.07%, Err 883 (1.0e-004)
1277.400 .... 2949 packets received, 4729 bps, 59.11%, Err 883 (1.0e-004)
1279.524 .... 2956 packets received, 4732 bps, 59.15%, Err 884 (1.0e-004)
1284.102 .... 2958 packets received, 4719 bps, 58.98%, Err 888 (1.0e-004)
1286.214 .... 2969 packets received, 4728 bps, 59.11%, Err 892 (1.0e-004)
1288.340 .... 2971 packets received, 4724 bps, 59.05%, Err 895 (1.0e-004)
1290.454 .... 2981 packets received, 4732 bps, 59.15%, Err 896 (1.0e-004)
1292.602 .... 2988 packets received, 4735 bps, 59.19%, Err 896 (1.0e-004)
1294.715 .... 2996 packets received, 4740 bps, 59.25%, Err 897 (1.0e-004)
1297.637 .... 2998 packets received, 4733 bps, 59.16%, Err 899 (1.0e-004)
1299.826 .... 3002 packets received, 4731 bps, 59.14%, Err 900 (1.0e-004)
1301.935 .... 3012 packets received, 4739 bps, 59.24%, Err 901 (1.0e-004)
1306.254 .... 3015 packets received, 4728 bps, 59.10%, Err 904 (1.0e-004)
1309.624 .... 3025 packets received, 4731 bps, 59.14%, Err 906 (1.0e-004)
1311.755 .... 3035 packets received, 4739 bps, 59.24%, Err 907 (1.0e-004)
1317.115 .... 3040 packets received, 4728 bps, 59.10%, Err 909 (1.0e-004)
1320.577 .... 3051 packets received, 4733 bps, 59.16%, Err 911 (1.0e-004)
1322.700 .... 3063 packets received, 4744 bps, 59.29%, Err 912 (1.0e-004)
1325.355 .... 3068 packets received, 4742 bps, 59.27%, Err 915 (1.0e-004)
1329.413 .... 3073 packets received, 4735 bps, 59.19%, Err 921 (1.0e-004)
1332.604 .... 3077 packets received, 4730 bps, 59.12%, Err 923 (1.0e-004)
1335.524 .... 3088 packets received, 4736 bps, 59.20%, Err 924 (1.0e-004)
1340.093 .... 3095 packets received, 4731 bps, 59.14%, Err 928 (1.0e-004)
1345.994 .... 3104 packets received, 4724 bps, 59.05%, Err 933 (1.0e-004)
1348.390 .... 3112 packets received, 4728 bps, 59.09%, Err 935 (1.0e-004)
1350.776 .... 3119 packets received, 4730 bps, 59.12%, Err 935 (1.0e-004)
1353.697 .... 3124 packets received, 4727 bps, 59.09%, Err 939 (1.0e-004)
1355.824 .... 3134 packets received, 4735 bps, 59.19%, Err 939 (1.0e-004)
1358.821 .... 3137 packets received, 4729 bps, 59.11%, Err 941 (1.0e-004)
1362.300 .... 3148 packets received, 4733 bps, 59.17%, Err 944 (1.0e-004)
1365.193 .... 3153 packets received, 4731 bps, 59.14%, Err 944 (1.0e-004)
1367.396 .... 3163 packets received, 4738 bps, 59.23%, Err 947 (1.0e-004)
1369.517 .... 3167 packets received, 4737 bps, 59.21%, Err 948 (1.0e-004)
1374.897 .... 3176 packets received, 4732 bps, 59.15%, Err 953 (1.0e-004)
1377.037 .... 3184 packets received, 4736 bps, 59.20%, Err 953 (1.0e-004)
1379.411 .... 3188 packets received, 4734 bps, 59.18%, Err 955 (1.0e-004)
1381.810 .... 3195 packets received, 4736 bps, 59.20%, Err 956 (1.0e-004)
1385.837 .... 3200 packets received, 4730 bps, 59.12%, Err 958 (1.0e-004)
1387.992 .... 3211 packets received, 4739 bps, 59.23%, Err 961 (1.0e-004)
1390.634 .... 3214 packets received, 4734 bps, 59.18%, Err 963 (1.0e-004)
1395.573 .... 3222 packets received, 4729 bps, 59.11%, Err 966 (1.0e-004)
1398.220 .... 3231 packets received, 4733 bps, 59.17%, Err 968 (1.0e-004)
1400.342 .... 3242 packets received, 4742 bps, 59.28%, Err 968 (1.0e-004)
1402.460 .... 3245 packets received, 4740 bps, 59.24%, Err 972 (1.0e-004)
1405.982 .... 3250 packets received, 4735 bps, 59.19%, Err 974 (1.0e-004)
1409.436 .... 3260 packets received, 4738 bps, 59.22%, Err 977 (1.0e-004)
1411.558 .... 3271 packets received, 4747 bps, 59.33%, Err 977 (1.0e-004)
1413.685 .... 3279 packets received, 4751 bps, 59.39%, Err 977 (1.0e-004)
1417.732 .... 3281 packets received, 4740 bps, 59.26%, Err 982 (1.0e-004)
1423.850 .... 3285 packets received, 4726 bps, 59.07%, Err 986 (1.0e-004)
1428.366 .... 3286 packets received, 4712 bps, 58.90%, Err 987 (1.0e-004)
1430.982 .... 3292 packets received, 4712 bps, 58.90%, Err 989 (1.0e-004)
1433.343 .... 3299 packets received, 4715 bps, 58.93%, Err 991 (1.0e-004)
1437.147 .... 3303 packets received, 4708 bps, 58.85%, Err 995 (1.0e-004)
1439.273 .... 3313 packets received, 4715 bps, 58.94%, Err 995 (1.0e-004)
1442.475 .... 3317 packets received, 4710 bps, 58.88%, Err 999 (1.0e-004)
1444.655 .... 3319 packets received, 4706 bps, 58.83%, Err 1001 (1.0e-004)
1447.312 .... 3324 packets received, 4704 bps, 58.81%, Err 1003 (1.0e-004)
1450.488 .... 3328 packets received, 4700 bps, 58.75%, Err 1006 (1.0e-004)
1452.619 .... 3339 packets received, 4708 bps, 58.86%, Err 1006 (1.0e-004)
1455.269 .... 3342 packets received, 4704 bps, 58.80%, Err 1009 (1.0e-004)
1458.773 .... 3350 packets received, 4704 bps, 58.80%, Err 1012 (1.0e-004)
1461.606 .... 3356 packets received, 4703 bps, 58.79%, Err 1013 (1.0e-004)
1463.746 .... 3367 packets received, 4712 bps, 58.90%, Err 1013 (1.0e-004)
1465.865 .... 3375 packets received, 4716 bps, 58.95%, Err 1014 (1.0e-004)
1468.247 .... 3380 packets received, 4715 bps, 58.94%, Err 1016 (1.0e-004)
1470.902 .... 3388 packets received, 4718 bps, 58.98%, Err 1018 (1.0e-004)
1476.005 .... 3397 packets received, 4714 bps, 58.93%, Err 1022 (1.0e-004)
1478.112 .... 3402 packets received, 4715 bps, 58.93%, Err 1023 (1.0e-004)
1481.106 .... 3406 packets received, 4711 bps, 58.88%, Err 1025 (1.0e-004)
1484.206 .... 3415 packets received, 4713 bps, 58.91%, Err 1028 (1.0e-004)
1486.334 .... 3417 packets received, 4709 bps, 58.86%, Err 1030 (1.0e-004)
1490.974 .... 3424 packets received, 4704 bps, 58.80%, Err 1035 (1.0e-004)
1493.654 .... 3431 packets received, 4705 bps, 58.82%, Err 1036 (1.0e-004)
1496.023 .... 3436 packets received, 4705 bps, 58.81%, Err 1038 (1.0e-004)
1500.088 .... 3443 packets received, 4701 bps, 58.77%, Err 1041 (1.0e-004)
1502.801 .... 3449 packets received, 4701 bps, 58.76%, Err 1047 (1.0e-004)
1505.962 .... 3452 packets received, 4695 bps, 58.69%, Err 1048 (1.0e-004)
1508.114 .... 3463 packets received, 4704 bps, 58.79%, Err 1048 (1.0e-004)
1510.263 .... 3471 packets received, 4708 bps, 58.85%, Err 1048 (1.0e-004)
1512.630 .... 3475 packets received, 4706 bps, 58.82%, Err 1052 (1.0e-004)
1515.636 .... 3478 packets received, 4700 bps, 58.76%, Err 1053 (1.0e-004)
1518.426 .... 3487 packets received, 4704 bps, 58.80%, Err 1053 (1.0e-004)
1521.364 .... 3492 packets received, 4702 bps, 58.77%, Err 1056 (1.0e-004)
1524.360 .... 3497 packets received, 4699 bps, 58.74%, Err 1058 (1.0e-004)
1526.803 .... 3508 packets received, 4706 bps, 58.83%, Err 1059 (1.0e-004)
1529.998 .... 3510 packets received, 4699 bps, 58.74%, Err 1060 (1.0e-004)
1532.194 .... 3519 packets received, 4704 bps, 58.81%, Err 1062 (1.0e-004)
1534.309 .... 3525 packets received, 4706 bps, 58.83%, Err 1064 (1.0e-004)
1536.947 .... 3529 packets received, 4703 bps, 58.79%, Err 1068 (1.0e-004)
1540.416 .... 3534 packets received, 4699 bps, 58.74%, Err 1071 (1.0e-004)
1543.177 .... 3537 packets received, 4695 bps, 58.69%, Err 1072 (1.0e-004)
1546.028 .... 3542 packets received, 4693 bps, 58.66%, Err 1075 (1.0e-004)
1548.263 .... 3546 packets received, 4691 bps, 58.64%, Err 1076 (1.0e-004)
1553.091 .... 3553 packets received, 4686 bps, 58.58%, Err 1077 (1.0e-004)
1557.771 .... 3561 packets received, 4682 bps, 58.53%, Err 1080 (1.0e-004)
1559.917 .... 3571 packets received, 4689 bps, 58.61%, Err 1084 (1.0e-004)
1562.592 .... 3575 packets received, 4686 bps, 58.58%, Err 1090 (1.0e-004)
1565.018 .... 3584 packets received, 4691 bps, 58.64%, Err 1090 (1.0e-004)
1567.123 .... 3586 packets received, 4687 bps, 58.59%, Err 1092 (1.0e-004)
1569.865 .... 3596 packets received, 4692 bps, 58.65%, Err 1092 (1.0e-004)
1573.042 .... 3603 packets received, 4692 bps, 58.65%, Err 1095 (1.0e-004)
1576.817 .... 3606 packets received, 4684 bps, 58.55%, Err 1097 (1.0e-004)
1578.871 .... 3616 packets received, 4691 bps, 58.64%, Err 1099 (1.0e-004)
1580.986 .... 3622 packets received, 4693 bps, 58.66%, Err 1099 (1.0e-004)
1583.368 .... 3629 packets received, 4695 bps, 58.68%, Err 1101 (1.0e-004)
1585.505 .... 3635 packets received, 4696 bps, 58.70%, Err 1102 (1.0e-004)
1588.428 .... 3641 packets received, 4695 bps, 58.69%, Err 1105 (1.0e-004)
1592.211 .... 3644 packets received, 4688 bps, 58.60%, Err 1106 (1.0e-004)
1595.479 .... 3654 packets received, 4691 bps, 58.64%, Err 1108 (1.0e-004)
1598.676 .... 3663 packets received, 4693 bps, 58.67%, Err 1110 (1.0e-004)
1600.770 .... 3674 packets received, 4701 bps, 58.77%, Err 1110 (1.0e-004)
1602.897 .... 3682 packets received, 4705 bps, 58.82%, Err 1110 (1.0e-004)
1608.540 .... 3689 packets received, 4698 bps, 58.72%, Err 1115 (1.0e-004)
1610.941 .... 3698 packets received, 4702 bps, 58.78%, Err 1115 (1.0e-004)
1613.339 .... 3705 packets received, 4704 bps, 58.80%, Err 1116 (1.0e-004)
1617.127 .... 3706 packets received, 4694 bps, 58.68%, Err 1118 (1.0e-004)
1619.511 .... 3712 packets received, 4695 bps, 58.69%, Err 1121 (1.0e-004)
1622.480 .... 3716 packets received, 4691 bps, 58.64%, Err 1123 (1.0e-004)
1625.850 .... 3725 packets received, 4693 bps, 58.66%, Err 1126 (1.0e-004)
1628.839 .... 3735 packets received, 4697 bps, 58.71%, Err 1126 (1.0e-004)
1631.509 .... 3740 packets received, 4696 bps, 58.69%, Err 1128 (1.0e-004)
1633.882 .... 3746 packets received, 4696 bps, 58.70%, Err 1130 (1.0e-004)
1636.221 .... 3755 packets received, 4701 bps, 58.76%, Err 1130 (1.0e-004)
1639.398 .... 3762 packets received, 4700 bps, 58.76%, Err 1133 (1.0e-004)
1642.139 .... 3769 packets received, 4701 bps, 58.77%, Err 1134 (1.0e-004)
1644.250 .... 3779 packets received, 4708 bps, 58.85%, Err 1135 (1.0e-004)
1646.407 .... 3787 packets received, 4711 bps, 58.89%, Err 1136 (1.0e-004)
1649.297 .... 3793 packets received, 4711 bps, 58.88%, Err 1139 (1.0e-004)
1652.275 .... 3796 packets received, 4706 bps, 58.82%, Err 1142 (1.0e-004)
1654.948 .... 3802 packets received, 4706 bps, 58.82%, Err 1143 (1.0e-004)
1657.074 .... 3811 packets received, 4711 bps, 58.89%, Err 1144 (1.0e-004)
1661.645 .... 3813 packets received, 4700 bps, 58.75%, Err 1149 (1.0e-004)
1666.231 .... 3820 packets received, 4696 bps, 58.70%, Err 1155 (1.0e-004)
1668.885 .... 3825 packets received, 4695 bps, 58.68%, Err 1157 (1.0e-004)
1671.792 .... 3828 packets received, 4690 bps, 58.63%, Err 1158 (1.0e-004)
1674.815 .... 3834 packets received, 4689 bps, 58.61%, Err 1160 (1.0e-004)
1676.966 .... 3843 packets received, 4694 bps, 58.68%, Err 1161 (1.0e-004)
1681.822 .... 3847 packets received, 4685 bps, 58.57%, Err 1163 (1.0e-004)
1684.750 .... 3857 packets received, 4689 bps, 58.62%, Err 1166 (1.0e-004)
1686.882 .... 3864 packets received, 4692 bps, 58.65%, Err 1169 (1.0e-004)
1690.654 .... 3868 packets received, 4686 bps, 58.58%, Err 1170 (1.0e-004)
1692.761 .... 3879 packets received, 4694 bps, 58.67%, Err 1172 (1.0e-004)
1694.896 .... 3887 packets received, 4698 bps, 58.72%, Err 1172 (1.0e-004)
1697.025 .... 3891 packets received, 4696 bps, 58.71%, Err 1174 (1.0e-004)
1699.677 .... 3900 packets received, 4700 bps, 58.75%, Err 1174 (1.0e-004)
1701.794 .... 3903 packets received, 4698 bps, 58.72%, Err 1176 (1.0e-004)
1704.967 .... 3914 packets received, 4702 bps, 58.78%, Err 1178 (1.0e-004)
1708.149 .... 3922 packets received, 4703 bps, 58.79%, Err 1179 (1.0e-004)
1710.259 .... 3932 packets received, 4709 bps, 58.87%, Err 1180 (1.0e-004)
1713.450 .... 3936 packets received, 4705 bps, 58.82%, Err 1183 (1.0e-004)
1715.915 .... 3938 packets received, 4701 bps, 58.76%, Err 1186 (1.0e-004)
1719.368 .... 3949 packets received, 4705 bps, 58.81%, Err 1189 (1.0e-004)
1723.417 .... 3954 packets received, 4699 bps, 58.74%, Err 1193 (1.0e-004)
1725.794 .... 3962 packets received, 4702 bps, 58.78%, Err 1197 (1.0e-004)
1727.905 .... 3968 packets received, 4704 bps, 58.80%, Err 1199 (1.0e-004)
1731.126 .... 3974 packets received, 4702 bps, 58.78%, Err 1203 (1.0e-004)
1734.305 .... 3979 packets received, 4699 bps, 58.74%, Err 1204 (1.0e-004)
1736.512 .... 3990 packets received, 4706 bps, 58.83%, Err 1207 (1.0e-004)
1738.871 .... 3995 packets received, 4706 bps, 58.82%, Err 1207 (1.0e-004)
1740.989 .... 4000 packets received, 4706 bps, 58.83%, Err 1209 (1.0e-004)
1743.117 .... 4008 packets received, 4710 bps, 58.87%, Err 1209 (1.0e-004)
1745.491 .... 4012 packets received, 4708 bps, 58.85%, Err 1211 (1.0e-004)
1747.945 .... 4013 packets received, 4703 bps, 58.78%, Err 1214 (1.0e-004)
1750.085 .... 4023 packets received, 4709 bps, 58.86%, Err 1214 (1.0e-004)
1752.474 .... 4030 packets received, 4710 bps, 58.88%, Err 1215 (1.0e-004)
1754.850 .... 4034 packets received, 4709 bps, 58.86%, Err 1217 (1.0e-004)
1758.038 .... 4044 packets received, 4712 bps, 58.90%, Err 1221 (1.0e-004)
1761.838 .... 4049 packets received, 4707 bps, 58.84%, Err 1222 (1.0e-004)
1763.892 .... 4060 packets received, 4715 bps, 58.93%, Err 1222 (1.0e-004)
1768.732 .... 4065 packets received, 4708 bps, 58.84%, Err 1225 (1.0e-004)
1771.656 .... 4074 packets received, 4710 bps, 58.88%, Err 1227 (1.0e-004)
1775.729 .... 4081 packets received, 4707 bps, 58.84%, Err 1230 (1.0e-004)
1778.889 .... 4087 packets received, 4706 bps, 58.82%, Err 1236 (1.0e-004)
1781.865 .... 4091 packets received, 4703 bps, 58.78%, Err 1240 (1.0e-004)
1783.980 .... 4100 packets received, 4707 bps, 58.84%, Err 1241 (1.0e-004)
1786.117 .... 4106 packets received, 4709 bps, 58.86%, Err 1241 (1.0e-004)
1789.280 .... 4112 packets received, 4707 bps, 58.84%, Err 1245 (1.0e-004)
1792.806 .... 4113 packets received, 4699 bps, 58.74%, Err 1248 (1.0e-004)
1794.947 .... 4122 packets received, 4704 bps, 58.80%, Err 1250 (1.0e-004)
1800.837 .... 4128 packets received, 4695 bps, 58.69%, Err 1254 (1.0e-004)
1803.233 .... 4137 packets received, 4699 bps, 58.74%, Err 1255 (1.0e-004)
1805.345 .... 4143 packets received, 4701 bps, 58.76%, Err 1257 (1.0e-004)
1807.998 .... 4149 packets received, 4700 bps, 58.76%, Err 1261 (1.0e-004)
1811.541 .... 4151 packets received, 4694 bps, 58.67%, Err 1262 (1.0e-004)
1813.641 .... 4160 packets received, 4698 bps, 58.73%, Err 1264 (1.0e-004)
1815.870 .... 4165 packets received, 4698 bps, 58.73%, Err 1264 (1.0e-004)
1817.948 .... 4171 packets received, 4700 bps, 58.74%, Err 1264 (1.0e-004)
1820.615 .... 4175 packets received, 4697 bps, 58.71%, Err 1266 (1.0e-004)
1822.745 .... 4185 packets received, 4703 bps, 58.79%, Err 1266 (1.0e-004)
1825.121 .... 4188 packets received, 4700 bps, 58.75%, Err 1268 (1.0e-004)
1827.575 .... 4197 packets received, 4704 bps, 58.80%, Err 1268 (1.0e-004)
1831.026 .... 4204 packets received, 4703 bps, 58.79%, Err 1270 (1.0e-004)
1832.795 ** WARNING: System too busy, sleep 15 ms, but be awakened 319 ms later
1834.815 .... 4213 packets received, 4703 bps, 58.79%, Err 1272 (1.0e-004)
1837.482 .... 4217 packets received, 4701 bps, 58.76%, Err 1273 (1.0e-004)
1839.602 .... 4226 packets received, 4705 bps, 58.82%, Err 1275 (1.0e-004)
1841.718 .... 4232 packets received, 4707 bps, 58.83%, Err 1275 (1.0e-004)
1844.637 .... 4237 packets received, 4705 bps, 58.81%, Err 1276 (1.0e-004)
1846.762 .... 4248 packets received, 4712 bps, 58.89%, Err 1276 (1.0e-004)
1849.156 .... 4252 packets received, 4710 bps, 58.87%, Err 1278 (1.0e-004)
1851.792 .... 4259 packets received, 4711 bps, 58.89%, Err 1280 (1.0e-004)
1855.214 .... 4268 packets received, 4712 bps, 58.90%, Err 1284 (1.0e-004)
1858.401 .... 4272 packets received, 4709 bps, 58.86%, Err 1285 (1.0e-004)
1860.788 .... 4276 packets received, 4707 bps, 58.84%, Err 1287 (1.0e-004)
1862.890 .... 4284 packets received, 4710 bps, 58.88%, Err 1287 (1.0e-004)
1866.089 .... 4292 packets received, 4711 bps, 58.89%, Err 1290 (1.0e-004)
1869.246 .... 4301 packets received, 4713 bps, 58.91%, Err 1293 (1.0e-004)
1872.139 .... 4308 packets received, 4713 bps, 58.92%, Err 1294 (1.0e-004)
1874.529 .... 4313 packets received, 4713 bps, 58.91%, Err 1297 (1.0e-004)
1877.795 .... 4317 packets received, 4709 bps, 58.86%, Err 1299 (1.0e-004)
1880.444 .... 4323 packets received, 4709 bps, 58.86%, Err 1301 (1.0e-004)
1882.583 .... 4333 packets received, 4714 bps, 58.93%, Err 1302 (1.0e-004)
1887.401 .... 4337 packets received, 4707 bps, 58.83%, Err 1307 (1.0e-004)
1890.512 .... 4341 packets received, 4703 bps, 58.79%, Err 1309 (1.0e-004)
1892.615 .... 4353 packets received, 4711 bps, 58.89%, Err 1309 (1.0e-004)
1895.022 .... 4358 packets received, 4710 bps, 58.88%, Err 1311 (1.0e-004)
1897.680 .... 4363 packets received, 4709 bps, 58.87%, Err 1316 (1.0e-004)
1901.195 .... 4369 packets received, 4707 bps, 58.84%, Err 1320 (1.0e-004)
1903.956 .... 4374 packets received, 4706 bps, 58.82%, Err 1323 (1.0e-004)
1907.732 .... 4379 packets received, 4702 bps, 58.77%, Err 1329 (1.0e-004)
1910.651 .... 4384 packets received, 4700 bps, 58.75%, Err 1332 (1.0e-004)
1913.572 .... 4388 packets received, 4697 bps, 58.71%, Err 1337 (1.0e-004)
1917.351 .... 4393 packets received, 4693 bps, 58.66%, Err 1340 (1.0e-004)
1920.026 .... 4396 packets received, 4690 bps, 58.62%, Err 1341 (1.0e-004)
1922.214 .... 4405 packets received, 4694 bps, 58.67%, Err 1341 (1.0e-004)
1924.339 .... 4409 packets received, 4693 bps, 58.66%, Err 1341 (1.0e-004)
1927.243 .... 4413 packets received, 4690 bps, 58.63%, Err 1343 (1.0e-004)
1929.494 .... 4425 packets received, 4697 bps, 58.72%, Err 1344 (1.0e-004)
1932.118 .... 4431 packets received, 4697 bps, 58.72%, Err 1346 (1.0e-004)
1935.059 .... 4440 packets received, 4700 bps, 58.75%, Err 1347 (1.0e-004)
1938.226 .... 4450 packets received, 4703 bps, 58.78%, Err 1348 (1.0e-004)
1941.333 .... 4459 packets received, 4705 bps, 58.81%, Err 1350 (1.0e-004)
1946.710 .... 4468 packets received, 4701 bps, 58.76%, Err 1353 (1.0e-004)
1949.632 .... 4476 packets received, 4702 bps, 58.78%, Err 1354 (1.0e-004)
1952.532 .... 4483 packets received, 4703 bps, 58.79%, Err 1356 (1.0e-004)
1955.286 .... 4492 packets received, 4706 bps, 58.82%, Err 1358 (1.0e-004)
1957.961 .... 4500 packets received, 4708 bps, 58.84%, Err 1361 (1.0e-004)
1960.960 .... 4510 packets received, 4711 bps, 58.89%, Err 1363 (1.0e-004)
1964.125 .... 4515 packets received, 4708 bps, 58.86%, Err 1367 (1.0e-004)
1966.990 .... 4522 packets received, 4709 bps, 58.86%, Err 1369 (1.0e-004)
1970.500 .... 4531 packets received, 4710 bps, 58.87%, Err 1372 (1.0e-004)
1973.414 .... 4534 packets received, 4706 bps, 58.83%, Err 1374 (1.0e-004)
1976.419 .... 4543 packets received, 4708 bps, 58.85%, Err 1374 (1.0e-004)
1980.998 .... 4547 packets received, 4701 bps, 58.77%, Err 1376 (1.0e-004)
1983.126 .... 4558 packets received, 4708 bps, 58.85%, Err 1376 (1.0e-004)
1985.241 .... 4566 packets received, 4711 bps, 58.89%, Err 1376 (1.0e-004)
1988.709 .... 4574 packets received, 4711 bps, 58.89%, Err 1377 (1.0e-004)
1990.770 .... 4581 packets received, 4713 bps, 58.92%, Err 1379 (1.0e-004)
1993.708 .... 4587 packets received, 4713 bps, 58.91%, Err 1382 (1.0e-004)
1997.225 .... 4592 packets received, 4709 bps, 58.87%, Err 1385 (1.0e-004)
2000.149 .... 4597 packets received, 4708 bps, 58.85%, Err 1385 (1.0e-004)
2003.576 .... 4604 packets received, 4707 bps, 58.83%, Err 1389 (1.0e-004)
2005.788 .... 4614 packets received, 4712 bps, 58.90%, Err 1391 (1.0e-004)
2007.949 .... 4621 packets received, 4714 bps, 58.92%, Err 1391 (1.0e-004)
2010.285 .... 4624 packets received, 4711 bps, 58.89%, Err 1392 (1.0e-004)
2012.924 .... 4632 packets received, 4713 bps, 58.92%, Err 1394 (1.0e-004)
2015.031 .... 4643 packets received, 4720 bps, 58.99%, Err 1395 (1.0e-004)
2017.685 .... 4646 packets received, 4716 bps, 58.96%, Err 1398 (1.0e-004)
2023.938 .... 4655 packets received, 4711 bps, 58.89%, Err 1402 (1.0e-004)
2029.864 .... 4662 packets received, 4704 bps, 58.80%, Err 1408 (1.0e-004)
2034.474 .... 4669 packets received, 4701 bps, 58.76%, Err 1414 (1.0e-004)
2039.048 .... 4676 packets received, 4697 bps, 58.71%, Err 1418 (1.0e-004)
2044.444 .... 4685 packets received, 4694 bps, 58.67%, Err 1421 (1.0e-004)
2047.350 .... 4694 packets received, 4696 bps, 58.70%, Err 1422 (1.0e-004)
2049.464 .... 4696 packets received, 4693 bps, 58.67%, Err 1424 (1.0e-004)
2051.594 .... 4707 packets received, 4699 bps, 58.74%, Err 1424 (1.0e-004)
2053.697 .... 4715 packets received, 4703 bps, 58.78%, Err 1424 (1.0e-004)
2056.611 .... 4722 packets received, 4703 bps, 58.79%, Err 1426 (1.0e-004)
2059.450 .... 4729 packets received, 4703 bps, 58.79%, Err 1427 (1.0e-004)
2062.980 .... 4737 packets received, 4703 bps, 58.79%, Err 1431 (1.0e-004)
2065.983 .... 4740 packets received, 4699 bps, 58.74%, Err 1431 (1.0e-004)
2071.600 .... 4750 packets received, 4696 bps, 58.71%, Err 1436 (1.0e-004)
2073.643 .... 4760 packets received, 4702 bps, 58.77%, Err 1436 (1.0e-004)
2076.294 .... 4764 packets received, 4700 bps, 58.75%, Err 1438 (1.0e-004)
2078.419 .... 4774 packets received, 4705 bps, 58.81%, Err 1438 (1.0e-004)
2080.858 .... 4777 packets received, 4702 bps, 58.78%, Err 1440 (1.0e-004)
2084.024 .... 4786 packets received, 4704 bps, 58.80%, Err 1443 (1.0e-004)
2088.616 .... 4793 packets received, 4700 bps, 58.75%, Err 1446 (1.0e-004)
2094.000 .... 4803 packets received, 4698 bps, 58.73%, Err 1450 (1.0e-004)
2096.646 .... 4812 packets received, 4701 bps, 58.76%, Err 1454 (1.0e-004)
2098.769 .... 4818 packets received, 4702 bps, 58.78%, Err 1454 (1.0e-004)
2100.873 .... 4825 packets received, 4704 bps, 58.80%, Err 1454 (1.0e-004)
2102.996 .... 4832 packets received, 4706 bps, 58.83%, Err 1455 (1.0e-004)
2106.256 .... 4835 packets received, 4702 bps, 58.77%, Err 1458 (1.0e-004)
2109.529 .... 4846 packets received, 4705 bps, 58.82%, Err 1459 (1.0e-004)
2112.964 .... 4850 packets received, 4701 bps, 58.77%, Err 1464 (1.0e-004)
2116.231 .... 4854 packets received, 4698 bps, 58.73%, Err 1465 (1.0e-004)
2119.354 .... 4858 packets received, 4695 bps, 58.69%, Err 1465 (1.0e-004)
2121.476 .... 4865 packets received, 4697 bps, 58.71%, Err 1468 (1.0e-004)
2124.200 .... 4866 packets received, 4692 bps, 58.65%, Err 1470 (1.0e-004)
2126.579 .... 4876 packets received, 4696 bps, 58.71%, Err 1471 (1.0e-004)
2129.768 .... 4879 packets received, 4692 bps, 58.65%, Err 1474 (1.0e-004)
2134.608 .... 4888 packets received, 4690 bps, 58.63%, Err 1479 (1.0e-004)
2137.715 .... 4895 packets received, 4690 bps, 58.63%, Err 1479 (1.0e-004)
2139.838 .... 4906 packets received, 4696 bps, 58.70%, Err 1479 (1.0e-004)
2141.959 .... 4910 packets received, 4695 bps, 58.69%, Err 1483 (1.0e-004)
2144.414 .... 4911 packets received, 4691 bps, 58.63%, Err 1483 (1.0e-004)
2146.544 .... 4922 packets received, 4697 bps, 58.71%, Err 1483 (1.0e-004)
2150.860 .... 4925 packets received, 4690 bps, 58.63%, Err 1487 (1.0e-004)
2153.245 .... 4934 packets received, 4693 bps, 58.67%, Err 1491 (1.0e-004)
2157.305 .... 4935 packets received, 4686 bps, 58.57%, Err 1495 (1.0e-004)
2159.976 .... 4941 packets received, 4685 bps, 58.57%, Err 1497 (1.0e-004)
2162.615 .... 4945 packets received, 4684 bps, 58.54%, Err 1498 (1.0e-004)
2164.632 .... 4956 packets received, 4690 bps, 58.62%, Err 1498 (1.0e-004)
2166.755 .... 4963 packets received, 4692 bps, 58.64%, Err 1499 (1.0e-004)
2169.429 .... 4969 packets received, 4691 bps, 58.64%, Err 1501 (1.0e-004)
2172.394 .... 4971 packets received, 4687 bps, 58.59%, Err 1504 (1.0e-004)
2175.010 .... 4979 packets received, 4689 bps, 58.61%, Err 1504 (1.0e-004)
2177.661 .... 4984 packets received, 4688 bps, 58.60%, Err 1506 (1.0e-004)
2180.302 .... 4992 packets received, 4690 bps, 58.62%, Err 1508 (1.0e-004)
2183.272 .... 4994 packets received, 4685 bps, 58.56%, Err 1509 (1.0e-004)
2188.412 .... 5003 packets received, 4683 bps, 58.53%, Err 1514 (1.0e-004)
2195.050 .... 5009 packets received, 4674 bps, 58.43%, Err 1522 (1.0e-004)
2198.193 .... 5014 packets received, 4672 bps, 58.40%, Err 1523 (1.0e-004)
2203.589 .... 5024 packets received, 4670 bps, 58.37%, Err 1526 (1.0e-004)
51.51%, Err 96 (1.0e-005)
2137.243 .... 4291 packets received, 4114 bps, 51.43%, Err 96 (1.0e-005)
2141.325 .... 4292 packets received, 4107 bps, 51.34%, Err 97 (1.0e-005)
2145.509 .... 4293 packets received, 4100 bps, 51.25%, Err 97 (1.0e-005)
2149.678 .... 4294 packets received, 4093 bps, 51.17%, Err 97 (1.0e-005)
2153.795 .... 4295 packets received, 4086 bps, 51.08%, Err 97 (1.0e-005)
2157.980 .... 4296 packets received, 4079 bps, 50.99%, Err 97 (1.0e-005)
2162.073 .... 4297 packets received, 4073 bps, 50.91%, Err 97 (1.0e-005)
2166.341 .... 4298 packets received, 4066 bps, 50.82%, Err 97 (1.0e-005)
2170.407 .... 4299 packets received, 4059 bps, 50.74%, Err 97 (1.0e-005)
2174.489 .... 4300 packets received, 4052 bps, 50.65%, Err 97 (1.0e-005)
2178.732 .... 4301 packets received, 4045 bps, 50.57%, Err 97 (1.0e-005)
2182.868 .... 4302 packets received, 4039 bps, 50.48%, Err 97 (1.0e-005)
2186.929 .... 4303 packets received, 4032 bps, 50.40%, Err 97 (1.0e-005)
2191.075 .... 4304 packets received, 4025 bps, 50.32%, Err 97 (1.0e-005)
2195.176 .... 4305 packets received, 4019 bps, 50.23%, Err 97 (1.0e-005)
2199.370 .... 4306 packets received, 4012 bps, 50.15%, Err 97 (1.0e-005)
2201.601 .... 4311 packets received, 4012 bps, 50.16%, Err 97 (1.0e-005)
2203.708 .... 4319 packets received, 4016 bps, 50.20%, Err 97 (1.0e-005)
2205.817 .... 4327 packets received, 4020 bps, 50.25%, Err 97 (1.0e-005)
2207.946 .... 4334 packets received, 4022 bps, 50.28%, Err 98 (1.0e-005)
2210.085 .... 4341 packets received, 4025 bps, 50.31%, Err 98 (1.0e-005)
2212.198 .... 4349 packets received, 4028 bps, 50.36%, Err 98 (1.0e-005)
2214.326 .... 4357 packets received, 4032 bps, 50.40%, Err 98 (1.0e-005)
2216.444 .... 4365 packets received, 4036 bps, 50.44%, Err 98 (1.0e-005)
2218.563 .... 4373 packets received, 4039 bps, 50.49%, Err 98 (1.0e-005)
2220.697 .... 4381 packets received, 4043 bps, 50.53%, Err 98 (1.0e-005)
2222.838 .... 4389 packets received, 4046 bps, 50.58%, Err 99 (1.0e-005)
2224.929 .... 4397 packets received, 4050 bps, 50.62%, Err 99 (1.0e-005)
2227.052 .... 4405 packets received, 4053 bps, 50.66%, Err 99 (1.0e-005)
2229.158 .... 4413 packets received, 4057 bps, 50.71%, Err 99 (1.0e-005)
2231.260 .... 4421 packets received, 4060 bps, 50.75%, Err 99 (1.0e-005)
2233.385 .... 4429 packets received, 4064 bps, 50.80%, Err 99 (1.0e-005)
2236.835 .... 4437 packets received, 4065 bps, 50.81%, Err 100 (1.0e-005)
2238.947 .... 4448 packets received, 4071 bps, 50.89%, Err 100 (1.0e-005)
2241.072 .... 4456 packets received, 4074 bps, 50.93%, Err 100 (1.0e-005)
2243.173 .... 4464 packets received, 4078 bps, 50.97%, Err 100 (1.0e-005)
2245.280 .... 4472 packets received, 4081 bps, 51.02%, Err 100 (1.0e-005)
2248.729 .... 4478 packets received, 4081 bps, 51.01%, Err 102 (1.0e-005)
2250.849 .... 4489 packets received, 4087 bps, 51.08%, Err 102 (1.0e-005)
2252.959 .... 4497 packets received, 4090 bps, 51.13%, Err 102 (1.0e-005)
2255.068 .... 4505 packets received, 4094 bps, 51.17%, Err 103 (1.0e-005)
2257.193 .... 4513 packets received, 4097 bps, 51.21%, Err 103 (1.0e-005)
2259.289 .... 4521 packets received, 4100 bps, 51.26%, Err 103 (1.0e-005)
2261.415 .... 4529 packets received, 4104 bps, 51.30%, Err 103 (1.0e-005)
2263.521 .... 4537 packets received, 4107 bps, 51.34%, Err 103 (1.0e-005)
2265.630 .... 4544 packets received, 4110 bps, 51.37%, Err 104 (1.0e-005)
2267.729 .... 4551 packets received, 4112 bps, 51.40%, Err 104 (1.0e-005)
2269.836 .... 4559 packets received, 4116 bps, 51.45%, Err 104 (1.0e-005)
2271.946 .... 4567 packets received, 4119 bps, 51.49%, Err 104 (1.0e-005)
2274.068 .... 4575 packets received, 4122 bps, 51.53%, Err 104 (1.0e-005)
2276.180 .... 4583 packets received, 4126 bps, 51.57%, Err 104 (1.0e-005)
2278.291 .... 4591 packets received, 4129 bps, 51.61%, Err 104 (1.0e-005)
2280.398 .... 4599 packets received, 4133 bps, 51.66%, Err 104 (1.0e-005)
2282.539 .... 4607 packets received, 4136 bps, 51.70%, Err 104 (1.0e-005)
2284.655 .... 4615 packets received, 4139 bps, 51.74%, Err 104 (1.0e-005)
2286.757 .... 4623 packets received, 4143 bps, 51.78%, Err 104 (1.0e-005)
2288.881 .... 4631 packets received, 4146 bps, 51.82%, Err 104 (1.0e-005)
2290.980 .... 4639 packets received, 4149 bps, 51.87%, Err 104 (1.0e-005)
2293.089 .... 4647 packets received, 4153 bps, 51.91%, Err 104 (1.0e-005)
2295.197 .... 4655 packets received, 4156 bps, 51.95%, Err 104 (1.0e-005)
2297.338 .... 4663 packets received, 4159 bps, 51.99%, Err 104 (1.0e-005)
2299.448 .... 4671 packets received, 4162 bps, 52.03%, Err 104 (1.0e-005)
2304.553 .... 4676 packets received, 4158 bps, 51.97%, Err 104 (1.0e-005)
2308.588 .... 4677 packets received, 4151 bps, 51.89%, Err 104 (1.0e-005)
2312.693 .... 4678 packets received, 4145 bps, 51.81%, Err 104 (1.0e-005)
2316.747 .... 4679 packets received, 4138 bps, 51.73%, Err 104 (1.0e-005)
2320.792 .... 4680 packets received, 4132 bps, 51.65%, Err 104 (1.0e-005)
2324.985 .... 4681 packets received, 4126 bps, 51.57%, Err 104 (1.0e-005)
2329.027 .... 4682 packets received, 4119 bps, 51.49%, Err 104 (1.0e-005)
2333.104 .... 4683 packets received, 4113 bps, 51.41%, Err 104 (1.0e-005)
2337.231 .... 4684 packets received, 4107 bps, 51.33%, Err 104 (1.0e-005)
2341.340 .... 4685 packets received, 4100 bps, 51.25%, Err 104 (1.0e-005)
2345.401 .... 4686 packets received, 4094 bps, 51.17%, Err 104 (1.0e-005)
2349.478 .... 4687 packets received, 4088 bps, 51.10%, Err 104 (1.0e-005)
2353.537 .... 4688 packets received, 4082 bps, 51.02%, Err 104 (1.0e-005)
2358.581 .... 4689 packets received, 4074 bps, 50.92%, Err 105 (1.0e-005)
2360.774 TCP Disconnected.
 Err 0 (0.0e+000)
2341.271 .... 4820 packets received, 4218 bps, 52.73%, Err 0 (0.0e+000)
2345.360 .... 4821 packets received, 4212 bps, 52.65%, Err 0 (0.0e+000)
2349.457 .... 4822 packets received, 4206 bps, 52.57%, Err 0 (0.0e+000)
2353.696 .... 4823 packets received, 4199 bps, 52.49%, Err 0 (0.0e+000)
2357.854 .... 4824 packets received, 4192 bps, 52.40%, Err 0 (0.0e+000)
2361.897 .... 4825 packets received, 4186 bps, 52.32%, Err 0 (0.0e+000)
2365.939 .... 4826 packets received, 4180 bps, 52.25%, Err 0 (0.0e+000)
2370.115 .... 4827 packets received, 4173 bps, 52.16%, Err 0 (0.0e+000)
2374.239 .... 4828 packets received, 4167 bps, 52.08%, Err 0 (0.0e+000)
2378.341 .... 4829 packets received, 4160 bps, 52.01%, Err 0 (0.0e+000)
2382.429 .... 4830 packets received, 4154 bps, 51.93%, Err 0 (0.0e+000)
2386.539 .... 4831 packets received, 4148 bps, 51.85%, Err 0 (0.0e+000)
2390.705 .... 4832 packets received, 4141 bps, 51.77%, Err 0 (0.0e+000)
2394.840 .... 4833 packets received, 4135 bps, 51.69%, Err 0 (0.0e+000)
2398.982 .... 4834 packets received, 4129 bps, 51.61%, Err 0 (0.0e+000)
2401.050 .... 4837 packets received, 4128 bps, 51.60%, Err 0 (0.0e+000)
2403.181 .... 4845 packets received, 4131 bps, 51.64%, Err 0 (0.0e+000)
2405.292 .... 4853 packets received, 4134 bps, 51.68%, Err 0 (0.0e+000)
2407.399 .... 4861 packets received, 4137 bps, 51.72%, Err 0 (0.0e+000)
2409.512 .... 4869 packets received, 4141 bps, 51.76%, Err 0 (0.0e+000)
2411.621 .... 4877 packets received, 4144 bps, 51.80%, Err 0 (0.0e+000)
2413.734 .... 4885 packets received, 4147 bps, 51.84%, Err 0 (0.0e+000)
2415.854 .... 4893 packets received, 4150 bps, 51.88%, Err 0 (0.0e+000)
2417.954 .... 4901 packets received, 4153 bps, 51.92%, Err 0 (0.0e+000)
2420.080 .... 4909 packets received, 4156 bps, 51.95%, Err 0 (0.0e+000)
2422.183 .... 4917 packets received, 4160 bps, 51.99%, Err 0 (0.0e+000)
2424.290 .... 4925 packets received, 4163 bps, 52.03%, Err 0 (0.0e+000)
2426.406 .... 4933 packets received, 4166 bps, 52.07%, Err 0 (0.0e+000)
d, 7409 bps, 92.61%, Err 154 (1.0e-005)
1877.419 .... 6790 packets received, 7408 bps, 92.60%, Err 155 (1.0e-005)
1879.527 .... 6798 packets received, 7408 bps, 92.61%, Err 155 (1.0e-005)
1881.643 .... 6806 packets received, 7409 bps, 92.61%, Err 155 (1.0e-005)
1883.736 .... 6814 packets received, 7409 bps, 92.62%, Err 155 (1.0e-005)
1885.862 .... 6822 packets received, 7410 bps, 92.62%, Err 156 (1.0e-005)
1888.486 .... 6828 packets received, 7406 bps, 92.57%, Err 157 (1.1e-005)
1890.606 .... 6839 packets received, 7409 bps, 92.62%, Err 157 (1.1e-005)
1892.715 .... 6846 packets received, 7409 bps, 92.61%, Err 158 (1.1e-005)
1894.823 .... 6854 packets received, 7409 bps, 92.61%, Err 158 (1.1e-005)
1896.959 .... 6862 packets received, 7409 bps, 92.62%, Err 158 (1.1e-005)
1899.054 .... 6870 packets received, 7410 bps, 92.62%, Err 158 (1.1e-005)
1899.786 ** WARNING: System too busy, sleep 15 ms, but be awakened 342 ms later
1901.529 .... 6872 packets received, 7402 bps, 92.53%, Err 158 (1.1e-005)
1904.637 .... 6883 packets received, 7402 bps, 92.53%, Err 159 (1.1e-005)
1906.756 .... 6894 packets received, 7406 bps, 92.57%, Err 160 (1.1e-005)
1908.867 .... 6901 packets received, 7405 bps, 92.56%, Err 160 (1.1e-005)
1910.987 .... 6909 packets received, 7405 bps, 92.57%, Err 160 (1.1e-005)
1913.099 .... 6917 packets received, 7406 bps, 92.57%, Err 160 (1.1e-005)
1915.210 .... 6925 packets received, 7406 bps, 92.58%, Err 160 (1.1e-005)
1917.318 .... 6933 packets received, 7407 bps, 92.58%, Err 160 (1.1e-005)
1919.427 .... 6941 packets received, 7407 bps, 92.59%, Err 160 (1.1e-005)
1921.553 .... 6949 packets received, 7407 bps, 92.59%, Err 160 (1.1e-005)
1923.661 .... 6957 packets received, 7408 bps, 92.60%, Err 160 (1.1e-005)
1925.757 .... 6965 packets received, 7408 bps, 92.60%, Err 160 (1.11898.7711927.881 .... 6973 packets received, 7409 bps, 92.61%, Err 160 (11900.914 .1929.994 .... 6981 packets received, 7409 bps, 92.61%, Err 160 1903.041 ...1932.110 .... 6989 packets received, 7409 bps, 92.62%, Err 161905.421 .... 1934.215 .... 6997 packets received, 7410 bps, 92.62%, Err 1907.540 .... 711936.329 .... 7005 packets received, 7410 bps, 92.63%, Er1909.675 .... 71961938.449 .... 7013 packets received, 7410 bps, 92.63%, 1912.062 .... 7203 p1940.564 .... 7021 packets received, 7411 bps, 92.63%1914.187 .... 7210 pac1942.677 .... 7029 packets received, 7411 bps, 92.61916.303 .... 7216 packe1944.784 .... 7033 packets received, 7407 bps, 921918.708 .... 7223 packets1946.900 .... 7044 packets received, 7411 bps, 1920.823 .... 7230 packets r1949.009 .... 7052 packets received, 7411 bps1922.946 .... 7236 packets rec1951.118 .... 7060 packets received, 7412 b1925.339 .... 7243 packets recei1953.243 .... 7068 packets received, 74121927.462 .... 7250 packets receive1955.349 .... 7076 packets received, 741929.595 .... 7256 packets received,1957.466 .... 7084 packets received, 1931.988 .... 7263 packets received, 71959.580 .... 7092 packets received1934.109 .... 7270 packets received, 7691961.687 .... 7100 packets receiv1936.233 .... 7276 packets received, 7697 1963.803 .... 7108 packets rece1938.635 .... 7283 packets received, 7695 bp1965.914 .... 7116 packets re1940.751 .... 7290 packets received, 7694 bps,1968.017 .... 7124 packets 1942.859 .... 7296 packets received, 7692 bps, 91970.140 .... 7132 packet1945.277 .... 7303 packets received, 7690 bps, 96.12%, Err 0 (0.0e+000)
1947.387 .... 7310 packets received, 7689 bps, 96.11%, Err 0 (0.0e+000)
1949.509 .... 7316 packets received, 7687 bps, 96.08%, Err 0 (0.0e+000)
1951.902 .... 7323 packets received, 7685 bps, 96.06%, E1979.646 .... 7161954.023 .... 7330 packets received, 7684 bps, 96.05%, Err1981.758 .... 71956.163 .... 7336 packets received, 7681 bps, 96.02%, Err 01984.662 ....1958.553 .... 7343 packets received, 7679 bps, 95.99%, Err 0 (1987.300 ..1960.673 .... 7350 packets received, 7678 bps, 95.98%, Err 0 (0.1989.413 1962.796 .... 7356 packets received, 7676 bps, 95.95%, Err 0 (0.0e1991.531965.177 .... 7363 packets received, 7674 bps, 95.93%, Err 0 (0.0e+01993.1967.305 .... 7370 packets received, 7673 bps, 95.92%, Err 0 (0.0e+0001991969.445 .... 7376 packets received, 7671 bps, 95.89%, Err 0 (0.0e+000)11971.819 .... 7383 packets received, 7669 bps, 95.87%, Err 0 (0.0e+000)
1973.939 .... 7390 packets received, 7668 bps, 95.85%, Err 0 (0.0e+000)
1976.073 .... 7396 packets received, 7666 bps, 95.83%, Err 0 (0.0e+000)
1978.460 .... 7403 packets received, 7664 bps, 95.80%, Err 0 (0.0e+000)
1980.570 .... 7410 packets received, 7663 bps, 95.79%, Err 0 (0.0e+000)
1982.724 .... 7416 packets received, 7661 bps, 95.77%, Err 0 (0.0e+000)
1985.100 .... 7423 packets received, 7659 bps, 95.74%, Err 0 (0.0e+000)
1987.227 .... 7430 packets received, 7658 bps, 95.73%, Err 0 (0.0e+000)
1989.338 .... 7436 packets received, 7656 bps, 95.70%, Err 0 (0.0e+000)
1991.744 .... 7443 packets received, 7654 bps, 95.68%, Err 0 (0.0e+000)
1993.865 .... 7450 packets received, 7653 bps, 95.67%, Err 0 (0.0e+000)
1996.008 .... 7456 packets received, 7651 bps, 95.64%, Err 0 (0.0e+000)
1998.387 .... 7463 packets received, 7649 bps, 95.62%, Err 0 (0.0e+000)
2000.495 .... 7470 packets received, 7648 bps, 95.61%, Err 0 (0.0e+000)
2002.643 .... 7476 packets received, 7646 bps, 95.58%, Err 0 (0.0e+000)
2005.033 .... 7483 packets received, 7644 bps, 95.56%, Err 0 (0.0e+000)
2007.131 .... 7490 packets received, 7644 bps, 95.54%, Err 0 (0.0e+000)
2009.270 .... 7496 packets received, 7642 bps, 95.52%, Err 0 (0.0e+000)
2011.657 .... 7503 packets received, 7640 bps, 95.49%, Err 0 (0.0e+000)
2013.801 .... 7510 packets received, 7639 bps, 95.48%, Err 0 (0.0e+000)
2015.915 .... 7516 packets received, 7637 bps, 95.46%, Err 0 (0.0e+000)
2018.318 .... 7523 packets received, 7635 bps, 95.43%, Err 0 (0.0e+000)
2020.428 .... 7530 packets received, 7634 bps, 95.42%, Err 0 (0.0e+000)
2022.547 .... 7536 packets received, 7632 bps, 95.40%, Err 0 (0.0e+000)
2024.948 .... 7543 packets received, 7630 bps, 95.37%, Err 0 (0.0e+000)
2027.070 .... 7550 packets received, 7629 bps, 95.36%, Err 0 (0.0e+000)
2029.190 .... 7556 packets received, 7627 bps, 95.34%, Err 0 (0.0e+000)
2031.598 .... 7563 packets received, 7625 bps, 95.31%, Err 0 (0.0e+000)
2033.708 .... 7570 packets received, 7624 bps, 95.30%, Err 0 (0.0e+000)
2035.834 .... 7576 packets received, 7622 bps, 95.28%, Err 0 (0.0e+000)
2038.211 .... 7583 packets received, 7620 bps, 95.26%, Err 0 (0.0e+000)
2040.353 .... 7590 packets received, 7619 bps, 95.24%, Err 0 (0.0e+000)
2042.472 .... 7596 packets received, 7618 bps, 95.22%, Err 0 (0.0e+000)
2044.857 .... 7603 packets received, 7616 bps, 95.20%, Err 0 (0.0e+000)
2046.982 .... 7610 packets received, 7615 bps, 95.19%, Err 0 (0.0e+000)
2049.122 .... 7616 packets received, 7613 bps, 95.16%, Err 0 (0.0e+000)
2051.504 .... 7623 packets received, 7611 bps, 95.14%, Err 0 (0.0e+000)
2053.623 .... 7630 packets received, 7610 bps, 95.13%, Err 0 (0.0e+000)
2055.740 .... 7636 packets received, 7608 bps, 95.10%, Err 0 (0.0e+000)
2058.147 .... 7643 packets received, 7606 bps, 95.08%, Err 0 (0.0e+000)
2060.258 .... 7650 packets received, 7605 bps, 95.07%, Err 0 (0.0e+000)
2062.394 .... 7656 packets received, 7604 bps, 95.04%, Err 0 (0.0e+000)
2064.782 .... 7663 packets received, 7602 bps, 95.02%, Err 0 (0.0e+000)
2066.913 .... 7670 packets received, 7601 bps, 95.01%, Err 0 (0.0e+000)
2069.023 .... 7676 packets received, 7599 bps, 94.99%, Err 0 (0.0e+000)
2071.428 .... 7683 packets received, 7597 bps, 94.96%, Err 0 (0.0e+000)
2073.539 .... 7690 packets received, 7596 bps, 94.95%, Err 0 (0.0e+000)
2075.666 .... 7696 packets received, 7594 bps, 94.93%, Err 0 (0.0e+000)
2078.072 .... 7703 packets received, 7593 bps, 94.91%, Err 0 (0.0e+000)
2080.195 .... 7710 packets received, 7592 bps, 94.90%, Err 0 (0.0e+000)
2082.306 .... 7716 packets received, 7590 bps, 94.87%, Err 0 (0.0e+000)
2084.709 .... 7723 packets received, 7588 bps, 94.85%, Err 0 (0.0e+000)
2086.817 .... 7730 packets received, 7587 bps, 94.84%, Err 0 (0.0e+000)
2088.956 .... 7736 packets received, 7585 bps, 94.82%, Err 0 (0.0e+000)
2091.340 .... 7743 packets received, 7584 bps, 94.79%, Err 0 (0.0e+000)
2093.464 .... 7750 packets received, 7583 bps, 94.78%, Err 0 (0.0e+000)
2095.584 .... 7756 packets received, 7581 bps, 94.76%, Err 0 (0.0e+000)
2097.983 .... 7763 packets received, 7579 bps, 94.74%, Err 0 (0.0e+000)
2100.104 .... 7770 packets received, 7578 bps, 94.73%, Err 0 (0.0e+000)
2102.245 .... 7776 packets received, 7576 bps, 94.70%, Err 0 (0.0e+000)
2104.630 .... 7783 packets received, 7575 bps, 94.68%, Err 0 (0.0e+000)
2106.746 .... 7790 packets received, 7574 bps, 94.67%, Err 0 (0.0e+000)
2108.871 .... 7796 packets received, 7572 bps, 94.65%, Err 0 (0.0e+000)
2111.273 .... 7803 packets received, 7570 bps, 94.63%, Err 0 (0.0e+000)
2113.372 .... 7810 packets received, 7569 bps, 94.62%, Err 0 (0.0e+000)
2115.504 .... 7816 packets received, 7568 bps, 94.59%, Err 0 (0.0e+000)
2117.913 .... 7823 packets received, 7566 bps, 94.57%, Err 0 (0.0e+000)
2120.038 .... 7830 packets received, 7565 bps, 94.56%, Err 0 (0.0e+000)
2122.147 .... 7836 packets received, 7563 bps, 94.54%, Err 0 (0.0e+000)
2124.537 .... 7843 packets received, 7561 bps, 94.52%, Err 0 (0.0e+000)
2126.679 .... 7850 packets received, 7561 bps, 94.51%, Err 0 (0.0e+000)
2128.789 .... 7856 packets received, 7559 bps, 94.49%, Err 0 (0.0e+000)
2131.194 .... 7863 packets received, 7557 bps, 94.46%, Err 0 (0.0e+000)
2133.317 .... 7870 packets received, 7556 bps, 94.45%, Err 0 (0.0e+000)
2135.428 .... 7876 packets received, 7555 bps, 94.43%, Err 0 (0.0e+000)
2137.817 .... 7883 packets received, 7553 bps, 94.41%, Err 0 (0.0e+000)
2139.935 .... 7890 packets received, 7552 bps, 94.40%, Err 0 (0.0e+000)
2142.072 .... 7896 packets received, 7550 bps, 94.38%, Err 0 (0.0e+000)
2144.457 .... 7903 packets received, 7548 bps, 94.36%, Err 0 (0.0e+000)
2146.586 .... 7910 packets received, 7548 bps, 94.35%, Err 0 (0.0e+000)
2148.714 .... 7916 packets received, 7546 bps, 94.32%, Err 0 (0.0e+000)
2151.108 .... 7923 packets received, 7544 bps, 94.30%, Err 0 (0.0e+000)
2153.220 .... 7930 packets received, 7543 bps, 94.29%, Err 0 (0.0e+000)
2155.358 .... 7936 packets received, 7542 bps, 94.27%, Err 0 (0.0e+000)
2157.750 .... 7943 packets received, 7540 bps, 94.25%, Err 0 (0.0e+000)
2159.871 .... 7950 packets received, 7539 bps, 94.24%, Err 0 (0.0e+000)
2162.003 .... 7956 packets received, 7537 bps, 94.22%, Err 0 (0.0e+000)
2164.386 .... 7963 packets received, 7536 bps, 94.20%, Err 0 (0.0e+000)
2166.521 .... 7970 packets received, 7535 bps, 94.19%, Err 0 (0.0e+000)
2168.620 .... 7976 packets received, 7533 bps, 94.17%, Err 0 (0.0e+000)
2171.029 .... 7983 packets received, 7532 bps, 94.14%, Err 0 (0.0e+000)
2173.132 .... 7990 packets received, 7531 bps, 94.14%, Err 0 (0.0e+000)
2175.263 .... 7996 packets received, 7529 bps, 94.11%, Err 0 (0.0e+000)
2177.668 .... 8003 packets received, 7527 bps, 94.09%, Err 0 (0.0e+000)
2179.776 .... 8010 packets received, 7527 bps, 94.08%, Err 0 (0.0e+000)
2181.913 .... 8016 packets received, 7525 bps, 94.06%, Err 0 (0.0e+000)
2184.319 .... 8023 packets received, 7523 bps, 94.04%, Err 0 (0.0e+000)
2186.428 .... 8030 packets received, 7523 bps, 94.03%, Err 0 (0.0e+000)
2188.561 .... 8036 packets received, 7521 bps, 94.01%, Err 0 (0.0e+000)
2190.938 .... 8043 packets received, 7519 bps, 93.99%, Err 0 (0.0e+000)
2193.060 .... 8050 packets received, 7518 bps, 93.98%, Err 0 (0.0e+000)
2195.183 .... 8056 packets received, 7517 bps, 93.96%, Err 0 (0.0e+000)
2197.585 .... 8063 packets received, 7515 bps, 93.94%, Err 0 (0.0e+000)
2199.712 .... 8070 packets received, 7514 bps, 93.93%, Err 0 (0.0e+000)
2201.836 .... 8076 packets received, 7513 bps, 93.91%, Err 0 (0.0e+000)
2204.226 .... 8083 packets received, 7511 bps, 93.89%, Err 0 (0.0e+000)
2206.338 .... 8090 packets received, 7510 bps, 93.88%, Err 0 (0.0e+000)
2208.464 .... 8096 packets received, 7509 bps, 93.86%, Err 0 (0.0e+000)
2210.865 .... 8103 packets received, 7507 bps, 93.84%, Err 0 (0.0e+000)
2212.990 .... 8110 packets received, 7506 bps, 93.83%, Err 0 (0.0e+000)
2215.110 .... 8116 packets received, 7505 bps, 93.81%, Err 0 (0.0e+000)
2217.512 .... 8123 packets received, 7503 bps, 93.79%, Err 0 (0.0e+000)
2219.620 .... 8130 packets received, 7502 bps, 93.78%, Err 0 (0.0e+000)
2221.758 .... 8136 packets received, 7501 bps, 93.76%, Err 0 (0.0e+000)
2224.149 .... 8143 packets received, 7499 bps, 93.74%, Err 0 (0.0e+000)
2226.271 .... 8150 packets received, 7498 bps, 93.73%, Err 0 (0.0e+000)
2228.381 .... 8156 packets received, 7497 bps, 93.71%, Err 0 (0.0e+000)
2230.779 .... 8163 packets received, 7495 bps, 93.69%, Err 0 (0.0e+000)
2232.910 .... 8170 packets received, 7494 bps, 93.68%, Err 0 (0.0e+000)
2235.043 .... 8176 packets received, 7493 bps, 93.66%, Err 0 (0.0e+000)
2237.423 .... 8183 packets received, 7491 bps, 93.64%, Err 0 (0.0e+000)
2239.549 .... 8190 packets received, 7490 bps, 93.63%, Err 0 (0.0e+000)
2241.687 .... 8196 packets received, 7489 bps, 93.61%, Err 0 (0.0e+000)
2244.057 .... 8203 packets received, 7487 bps, 93.59%, Err 0 (0.0e+000)
2246.178 .... 8210 packets received, 7487 bps, 93.58%, Err 0 (0.0e+000)
2248.317 .... 8216 packets received, 7485 bps, 93.56%, Err 0 (0.0e+000)
2250.713 .... 8223 packets received, 7483 bps, 93.54%, Err 0 (0.0e+000)
2252.818 .... 8230 packets received, 7483 bps, 93.53%, Err 0 (0.0e+000)
2254.955 .... 8236 packets received, 7481 bps, 93.51%, Err 0 (0.0e+000)
2257.336 .... 8243 packets received, 7479 bps, 93.49%, Err 0 (0.0e+000)
2259.473 .... 8250 packets received, 7479 bps, 93.48%, Err 0 (0.0e+000)
2261.601 .... 8256 packets received, 7477 bps, 93.46%, Err 0 (0.0e+000)
2263.977 .... 8263 packets received, 7476 bps, 93.45%, Err 0 (0.0e+000)
2266.102 .... 8270 packets received, 7475 bps, 93.44%, Err 0 (0.0e+000)
2268.231 .... 8276 packets received, 7473 bps, 93.42%, Err 0 (0.0e+000)
2270.635 .... 8283 packets received, 7472 bps, 93.40%, Err 0 (0.0e+000)
2272.743 .... 8290 packets received, 7471 bps, 93.39%, Err 0 (0.0e+000)
2274.868 .... 8296 packets received, 7470 bps, 93.37%, Err 0 (0.0e+000)
2277.261 .... 8303 packets received, 7468 bps, 93.35%, Err 0 (0.0e+000)
2278.278 TCP Disconnected.
6%, Err 190 (1.0e-005)
2295.056 .... 8308 packets received, 7415 bps, 92.68%, Err 190 (1.0e-005)
2297.184 .... 8316 packets received, 7415 bps, 92.69%, Err 190 (1.0e-005)
2299.290 .... 8324 packets received, 7415 bps, 92.69%, Err 190 (1.0e-005)
2301.400 .... 8332 packets received, 7416 bps, 92.69%, Err 190 (1.0e-005)
2303.526 .... 8335 packets received, 7411 bps, 92.64%, Err 191 (1.0e-005)
2305.661 .... 8346 packets received, 7414 bps, 92.68%, Err 191 (1.0e-005)
2307.776 .... 8354 packets received, 7415 bps, 92.68%, Err 191 (1.0e-005)
2309.875 .... 8358 packets received, 7411 bps, 92.64%, Err 192 (1.1e-005)
2311.999 .... 8369 packets received, 7414 bps, 92.68%, Err 192 (1.0e-005)
2314.120 .... 8377 packets received, 7415 bps, 92.68%, Err 192 (1.0e-005)
2316.216 .... 8385 packets received, 7415 bps, 92.69%, Err 192 (1.0e-005)
2318.341 .... 8393 packets received, 7415 bps, 92.69%, Err 192 (1.0e-005)
2320.294 TCP Disconnected.
