C:\Users\admin\Desktop\selective\selective bf -ber 1e-4 -port 5 
=========================================================================
                          Station B                                 
-------------------------------------------------------------------------
Protocol.lib, version 3.0, Build: Oct 19 2009 (jiangy@public3.bta.net.cn)
Channel: 8000 bps, 270 ms propagation delay, bit error rate 1.0E-004
Log file "C:\Users\admin\Desktop\selective\selective-B.log", TCP port 5, debug mask 0x00
Station B is connecting station A (TCP port 5) ... Done.
New epoch: Sun May 22 12:34:41 2016
=========================================================================
Designed by dao, build: May 11 2016  20:59:06
3.199 .... 6 packets received, 4210 bps, 52.62%, Err 1 (3.9e-005)
5.579 .... 15 packets received, 5797 bps, 72.47%, Err 4 (9.0e-005)
9.902 .... 21 packets received, 4470 bps, 55.87%, Err 7 (9.7e-005)
13.377 .... 31 packets received, 4848 bps, 60.59%, Err 9 (9.2e-005)
14.812 ** WARNING: System too busy, sleep 15 ms, but be awakened 74 ms later
16.385 ** WARNING: System too busy, sleep 15 ms, but be awakened 73 ms later
16.503 .... 39 packets received, 4923 bps, 61.54%, Err 10 (8.6e-005)
19.295 .... 44 packets received, 4739 bps, 59.24%, Err 13 (9.3e-005)
21.407 .... 52 packets received, 5041 bps, 63.01%, Err 16 (1.0e-004)
24.135 .... 53 packets received, 4550 bps, 56.88%, Err 17 (1.0e-004)
27.046 .... 62 packets received, 4744 bps, 59.30%, Err 21 (1.1e-004)
29.164 .... 73 packets received, 5176 bps, 64.70%, Err 21 (1.0e-004)
31.821 .... 75 packets received, 4870 bps, 60.87%, Err 23 (1.0e-004)
33.937 .... 85 packets received, 5172 bps, 64.65%, Err 25 (1.1e-004)
36.322 .... 88 packets received, 5000 bps, 62.50%, Err 27 (1.1e-004)
38.418 .... 98 packets received, 5263 bps, 65.78%, Err 29 (1.1e-004)
42.478 .... 100 packets received, 4853 bps, 60.67%, Err 32 (1.1e-004)
47.070 .... 107 packets received, 4683 bps, 58.54%, Err 33 (1.0e-004)
49.193 .... 117 packets received, 4899 bps, 61.24%, Err 34 (1.0e-004)
52.483 ** WARNING: System too busy, sleep 15 ms, but be awakened 69 ms later
52.826 .... 121 packets received, 4716 bps, 58.95%, Err 36 (1.0e-004)
56.176 .... 132 packets received, 4836 bps, 60.46%, Err 39 (1.0e-004)
58.867 .... 134 packets received, 4684 bps, 58.55%, Err 41 (1.0e-004)
63.458 .... 141 packets received, 4571 bps, 57.13%, Err 43 (1.0e-004)
65.560 .... 147 packets received, 4612 bps, 57.65%, Err 44 (1.0e-004)
68.736 .... 154 packets received, 4607 bps, 57.59%, Err 45 (9.7e-005)
71.652 .... 163 packets received, 4677 bps, 58.47%, Err 47 (9.7e-005)
75.109 .... 174 packets received, 4762 bps, 59.53%, Err 50 (9.8e-005)
78.654 .... 179 packets received, 4677 bps, 58.47%, Err 53 (1.0e-004)
80.756 .... 189 packets received, 4810 bps, 60.12%, Err 54 (9.9e-005)
83.680 .... 194 packets received, 4764 bps, 59.55%, Err 57 (1.0e-004)
86.573 .... 199 packets received, 4723 bps, 59.04%, Err 62 (1.0e-004)
89.335 .... 202 packets received, 4645 bps, 58.07%, Err 63 (1.0e-004)
91.470 .... 211 packets received, 4739 bps, 59.23%, Err 65 (1.0e-004)
94.099 .... 217 packets received, 4737 bps, 59.21%, Err 67 (1.0e-004)
98.163 .... 223 packets received, 4666 bps, 58.32%, Err 69 (1.0e-004)
100.292 .... 233 packets received, 4771 bps, 59.64%, Err 71 (1.0e-004)
105.909 .... 240 packets received, 4653 bps, 58.17%, Err 73 (1.0e-004)
110.798 .... 248 packets received, 4596 bps, 57.45%, Err 78 (1.0e-004)
113.975 .... 252 packets received, 4539 bps, 56.74%, Err 79 (1.0e-004)
116.912 .... 262 packets received, 4601 bps, 57.51%, Err 81 (1.0e-004)
119.020 .... 272 packets received, 4691 bps, 58.64%, Err 81 (1.0e-004)
121.710 .... 276 packets received, 4655 bps, 58.19%, Err 85 (1.0e-004)
124.702 .... 279 packets received, 4592 bps, 57.40%, Err 86 (1.0e-004)
126.838 .... 286 packets received, 4628 bps, 57.85%, Err 88 (1.0e-004)
128.978 .... 292 packets received, 4647 bps, 58.08%, Err 88 (1.0e-004)
134.086 .... 297 packets received, 4546 bps, 56.82%, Err 94 (1.0e-004)
136.663 .... 299 packets received, 4490 bps, 56.12%, Err 94 (1.0e-004)
138.787 .... 310 packets received, 4584 bps, 57.30%, Err 94 (1.0e-004)
140.904 .... 318 packets received, 4631 bps, 57.89%, Err 94 (9.8e-005)
144.318 .... 323 packets received, 4593 bps, 57.41%, Err 99 (1.0e-004)
147.322 .... 325 packets received, 4527 bps, 56.58%, Err 100 (1.0e-004)
149.417 .... 335 packets received, 4600 bps, 57.50%, Err 101 (9.9e-005)
152.336 .... 340 packets received, 4579 bps, 57.24%, Err 104 (1.0e-004)
155.517 .... 345 packets received, 4551 bps, 56.89%, Err 108 (1.0e-004)
158.799 .... 349 packets received, 4509 bps, 56.36%, Err 112 (1.0e-004)
161.327 .... 358 packets received, 4553 bps, 56.91%, Err 112 (1.0e-004)
164.506 .... 364 packets received, 4539 bps, 56.74%, Err 114 (1.0e-004)
166.996 .... 373 packets received, 4582 bps, 57.28%, Err 115 (1.0e-004)
169.914 .... 377 packets received, 4552 bps, 56.89%, Err 118 (1.0e-004)
172.635 .... 384 packets received, 4563 bps, 57.04%, Err 121 (1.0e-004)
177.205 .... 390 packets received, 4514 bps, 56.43%, Err 126 (1.0e-004)
179.337 .... 399 packets received, 4564 bps, 57.05%, Err 129 (1.1e-004)
181.460 .... 403 packets received, 4555 bps, 56.94%, Err 130 (1.0e-004)
183.870 .... 408 packets received, 4551 bps, 56.89%, Err 130 (1.0e-004)
186.778 .... 412 packets received, 4524 bps, 56.55%, Err 131 (1.0e-004)
188.902 .... 421 packets received, 4571 bps, 57.14%, Err 132 (1.0e-004)
193.718 .... 426 packets received, 4510 bps, 56.38%, Err 136 (1.0e-004)
195.745 .... 432 packets received, 4526 bps, 56.58%, Err 140 (1.0e-004)
198.938 .... 435 packets received, 4484 bps, 56.06%, Err 141 (1.0e-004)
201.922 .... 437 packets received, 4438 bps, 55.48%, Err 144 (1.0e-004)
204.855 .... 445 packets received, 4455 bps, 55.69%, Err 145 (1.0e-004)
208.055 .... 453 packets received, 4465 bps, 55.81%, Err 149 (1.0e-004)
211.033 .... 458 packets received, 4451 bps, 55.63%, Err 151 (1.0e-004)
213.052 .... 467 packets received, 4495 bps, 56.19%, Err 151 (1.0e-004)
215.148 .... 473 packets received, 4508 bps, 56.35%, Err 152 (1.0e-004)
217.272 .... 481 packets received, 4540 bps, 56.75%, Err 153 (1.0e-004)
221.584 .... 484 packets received, 4479 bps, 55.99%, Err 156 (1.0e-004)
223.716 .... 495 packets received, 4537 bps, 56.71%, Err 157 (1.0e-004)
224.876 ** WARNING: System too busy, sleep 15 ms, but be awakened 179 ms later
227.024 .... 501 packets received, 4525 bps, 56.56%, Err 159 (1.0e-004)
230.828 .... 506 packets received, 4495 bps, 56.19%, Err 160 (1.0e-004)
232.952 .... 517 packets received, 4551 bps, 56.88%, Err 160 (1.0e-004)
235.304 .... 521 packets received, 4540 bps, 56.75%, Err 161 (9.9e-005)
237.978 .... 529 packets received, 4558 bps, 56.97%, Err 163 (9.9e-005)
241.185 ** WARNING: System too busy, sleep 15 ms, but be awakened 137 ms later
243.617 .... 538 packets received, 4528 bps, 56.60%, Err 168 (1.0e-004)
245.749 .... 548 packets received, 4572 bps, 57.15%, Err 168 (1.0e-004)
248.387 .... 553 packets received, 4565 bps, 57.06%, Err 170 (9.9e-005)
250.519 .... 558 packets received, 4567 bps, 57.08%, Err 171 (9.9e-005)
255.719 .... 568 packets received, 4554 bps, 56.92%, Err 174 (9.9e-005)
258.635 .... 578 packets received, 4582 bps, 57.27%, Err 176 (9.9e-005)
262.699 .... 579 packets received, 4519 bps, 56.48%, Err 180 (1.0e-004)
265.609 .... 586 packets received, 4523 bps, 56.54%, Err 183 (1.0e-004)
268.263 .... 588 packets received, 4494 bps, 56.17%, Err 185 (1.0e-004)
271.526 .... 594 packets received, 4485 bps, 56.06%, Err 187 (1.0e-004)
274.242 .... 600 packets received, 4485 bps, 56.07%, Err 189 (1.0e-004)
277.133 .... 610 packets received, 4512 bps, 56.41%, Err 192 (1.0e-004)
280.323 .... 621 packets received, 4541 bps, 56.77%, Err 194 (1.0e-004)
283.751 .... 627 packets received, 4530 bps, 56.62%, Err 197 (1.0e-004)
287.041 .... 636 packets received, 4542 bps, 56.78%, Err 201 (1.0e-004)
289.149 .... 644 packets received, 4566 bps, 57.07%, Err 201 (1.0e-004)
291.527 .... 647 packets received, 4550 bps, 56.87%, Err 203 (1.0e-004)
294.405 .... 655 packets received, 4561 bps, 57.01%, Err 205 (1.0e-004)
297.883 .... 665 packets received, 4576 bps, 57.20%, Err 206 (1.0e-004)
302.462 .... 670 packets received, 4541 bps, 56.76%, Err 210 (1.0e-004)
304.851 .... 679 packets received, 4566 bps, 57.07%, Err 212 (1.0e-004)
306.955 .... 684 packets received, 4568 bps, 57.10%, Err 213 (1.0e-004)
309.605 .... 687 packets received, 4549 bps, 56.86%, Err 215 (1.0e-004)
312.600 .... 695 packets received, 4557 bps, 56.97%, Err 217 (1.0e-004)
315.778 .... 705 packets received, 4576 bps, 57.20%, Err 219 (1.0e-004)
318.431 .... 713 packets received, 4590 bps, 57.37%, Err 220 (1.0e-004)
321.182 .... 722 packets received, 4608 bps, 57.60%, Err 223 (1.0e-004)
324.429 .... 724 packets received, 4574 bps, 57.18%, Err 224 (1.0e-004)
326.556 .... 734 packets received, 4607 bps, 57.59%, Err 225 (1.0e-004)
329.212 .... 739 packets received, 4601 bps, 57.51%, Err 228 (1.0e-004)
335.089 .... 749 packets received, 4582 bps, 57.27%, Err 232 (1.0e-004)
337.226 .... 759 packets received, 4613 bps, 57.67%, Err 234 (1.0e-004)
340.668 .... 767 packets received, 4615 bps, 57.68%, Err 238 (1.0e-004)
344.210 .... 772 packets received, 4597 bps, 57.46%, Err 238 (1.0e-004)
346.314 .... 782 packets received, 4628 bps, 57.85%, Err 238 (9.9e-005)
348.703 .... 789 packets received, 4638 bps, 57.97%, Err 238 (9.9e-005)
350.834 .... 792 packets received, 4627 bps, 57.84%, Err 240 (9.9e-005)
352.373 ** WARNING: System too busy, sleep 15 ms, but be awakened 66 ms later
353.151 .... 797 packets received, 4626 bps, 57.82%, Err 244 (1.0e-004)
355.365 .... 802 packets received, 4626 bps, 57.82%, Err 244 (9.9e-005)
357.567 .... 812 packets received, 4654 bps, 58.18%, Err 245 (9.9e-005)
359.679 .... 814 packets received, 4638 bps, 57.98%, Err 248 (9.9e-005)
362.321 .... 817 packets received, 4622 bps, 57.77%, Err 250 (1.0e-004)
364.798 .... 828 packets received, 4652 bps, 58.15%, Err 251 (9.9e-005)
367.695 .... 834 packets received, 4649 bps, 58.11%, Err 252 (9.9e-005)
372.802 .... 842 packets received, 4629 bps, 57.86%, Err 256 (9.9e-005)
374.776 ** WARNING: System too busy, sleep 15 ms, but be awakened 153 ms later
375.284 .... 843 packets received, 4604 bps, 57.55%, Err 260 (1.0e-004)
377.401 .... 855 packets received, 4643 bps, 58.04%, Err 261 (1.0e-004)
382.243 .... 860 packets received, 4611 bps, 57.64%, Err 265 (1.0e-004)
387.609 .... 870 packets received, 4600 bps, 57.50%, Err 268 (1.0e-004)
389.651 .... 880 packets received, 4629 bps, 57.86%, Err 268 (1.0e-004)
393.694 .... 882 packets received, 4591 bps, 57.39%, Err 272 (1.0e-004)
395.830 .... 892 packets received, 4618 bps, 57.73%, Err 272 (1.0e-004)
400.136 .... 895 packets received, 4584 bps, 57.30%, Err 275 (1.0e-004)
402.528 .... 903 packets received, 4598 bps, 57.47%, Err 277 (1.0e-004)
405.703 .... 909 packets received, 4592 bps, 57.40%, Err 279 (1.0e-004)
408.353 .... 913 packets received, 4582 bps, 57.28%, Err 282 (1.0e-004)
411.714 .... 924 packets received, 4599 bps, 57.49%, Err 284 (1.0e-004)
416.295 .... 931 packets received, 4583 bps, 57.29%, Err 289 (1.0e-004)
419.132 .... 936 packets received, 4577 bps, 57.21%, Err 290 (1.0e-004)
421.281 .... 945 packets received, 4597 bps, 57.46%, Err 291 (1.0e-004)
424.174 .... 949 packets received, 4585 bps, 57.31%, Err 294 (1.0e-004)
424.843 ** WARNING: System too busy, sleep 15 ms, but be awakened 66 ms later
427.061 .... 953 packets received, 4573 bps, 57.16%, Err 296 (1.0e-004)
433.069 .... 963 packets received, 4557 bps, 56.96%, Err 299 (1.0e-004)
435.721 .... 971 packets received, 4567 bps, 57.09%, Err 300 (1.0e-004)
440.036 .... 975 packets received, 4541 bps, 56.76%, Err 305 (1.0e-004)
443.139 .... 977 packets received, 4518 bps, 56.48%, Err 307 (1.0e-004)
446.059 .... 983 packets received, 4516 bps, 56.45%, Err 308 (1.0e-004)
448.820 .... 991 packets received, 4525 bps, 56.56%, Err 309 (1.0e-004)
450.933 .... 1000 packets received, 4545 bps, 56.81%, Err 309 (1.0e-004)
453.839 .... 1006 packets received, 4542 bps, 56.78%, Err 311 (1.0e-004)
456.575 .... 1014 packets received, 4551 bps, 56.89%, Err 313 (1.0e-004)
461.952 .... 1021 packets received, 4529 bps, 56.62%, Err 318 (1.0e-004)
464.869 .... 1030 packets received, 4540 bps, 56.76%, Err 321 (1.0e-004)
466.996 .... 1036 packets received, 4546 bps, 56.83%, Err 324 (1.0e-004)
469.363 .... 1046 packets received, 4567 bps, 57.08%, Err 325 (1.0e-004)
471.499 .... 1053 packets received, 4577 bps, 57.21%, Err 325 (1.0e-004)
473.870 .... 1057 packets received, 4571 bps, 57.14%, Err 327 (1.0e-004)
476.535 .... 1063 packets received, 4571 bps, 57.14%, Err 330 (1.0e-004)
478.717 .... 1065 packets received, 4559 bps, 56.99%, Err 332 (1.0e-004)
481.917 .... 1069 packets received, 4546 bps, 56.82%, Err 333 (1.0e-004)
484.042 .... 1080 packets received, 4572 bps, 57.15%, Err 334 (1.0e-004)
487.184 .... 1085 packets received, 4564 bps, 57.05%, Err 336 (1.0e-004)
489.936 .... 1093 packets received, 4572 bps, 57.14%, Err 337 (1.0e-004)
492.052 .... 1104 packets received, 4598 bps, 57.47%, Err 337 (1.0e-004)
494.173 .... 1112 packets received, 4611 bps, 57.64%, Err 339 (1.0e-004)
497.081 .... 1114 packets received, 4592 bps, 57.40%, Err 344 (1.0e-004)
500.886 .... 1118 packets received, 4574 bps, 57.17%, Err 345 (1.0e-004)
504.064 .... 1126 packets received, 4577 bps, 57.22%, Err 348 (1.0e-004)
507.228 .... 1134 packets received, 4581 bps, 57.27%, Err 349 (1.0e-004)
509.349 .... 1143 packets received, 4598 bps, 57.48%, Err 350 (1.0e-004)
511.469 .... 1146 packets received, 4591 bps, 57.39%, Err 352 (1.0e-004)
513.556 .... 1156 packets received, 4613 bps, 57.66%, Err 352 (9.9e-005)
516.736 .... 1160 packets received, 4600 bps, 57.50%, Err 355 (1.0e-004)
519.745 .... 1168 packets received, 4605 bps, 57.56%, Err 358 (1.0e-004)
522.935 .... 1177 packets received, 4612 bps, 57.65%, Err 360 (1.0e-004)
527.553 .... 1184 packets received, 4599 bps, 57.49%, Err 363 (1.0e-004)
532.884 .... 1193 packets received, 4587 bps, 57.34%, Err 368 (1.0e-004)
534.997 .... 1203 packets received, 4608 bps, 57.59%, Err 369 (1.0e-004)
537.908 .... 1208 packets received, 4602 bps, 57.52%, Err 373 (1.0e-004)
540.635 .... 1215 packets received, 4605 bps, 57.56%, Err 374 (1.0e-004)
543.564 .... 1223 packets received, 4610 bps, 57.63%, Err 375 (1.0e-004)
545.677 .... 1234 packets received, 4634 bps, 57.92%, Err 375 (1.0e-004)
551.042 .... 1240 packets received, 4611 bps, 57.64%, Err 380 (1.0e-004)
553.966 .... 1249 packets received, 4620 bps, 57.75%, Err 381 (1.0e-004)
557.423 .... 1255 packets received, 4613 bps, 57.67%, Err 383 (1.0e-004)
560.341 .... 1264 packets received, 4622 bps, 57.78%, Err 385 (1.0e-004)
563.519 .... 1270 packets received, 4618 bps, 57.72%, Err 389 (1.0e-004)
566.464 .... 1276 packets received, 4616 bps, 57.69%, Err 392 (1.0e-004)
569.640 .... 1280 packets received, 4604 bps, 57.55%, Err 393 (1.0e-004)
572.147 .... 1289 packets received, 4616 bps, 57.70%, Err 394 (1.0e-004)
574.271 .... 1294 packets received, 4617 bps, 57.71%, Err 396 (1.0e-004)
576.656 .... 1299 packets received, 4616 bps, 57.70%, Err 398 (1.0e-004)
579.592 .... 1302 packets received, 4603 bps, 57.54%, Err 401 (1.0e-004)
581.760 .... 1314 packets received, 4628 bps, 57.85%, Err 402 (1.0e-004)
584.414 .... 1320 packets received, 4628 bps, 57.85%, Err 404 (1.0e-004)
586.539 .... 1327 packets received, 4636 bps, 57.95%, Err 407 (1.0e-004)
589.191 .... 1332 packets received, 4632 bps, 57.90%, Err 410 (1.0e-004)
591.916 .... 1334 packets received, 4618 bps, 57.72%, Err 414 (1.0e-004)
594.034 .... 1345 packets received, 4639 bps, 57.99%, Err 415 (1.0e-004)
596.945 .... 1351 packets received, 4637 bps, 57.96%, Err 417 (1.0e-004)
600.203 .... 1359 packets received, 4639 bps, 57.99%, Err 418 (1.0e-004)
603.633 .... 1369 packets received, 4647 bps, 58.09%, Err 420 (1.0e-004)
606.136 .... 1377 packets received, 4655 bps, 58.18%, Err 422 (1.0e-004)
608.250 .... 1387 packets received, 4672 bps, 58.40%, Err 422 (1.0e-004)
610.353 .... 1393 packets received, 4676 bps, 58.45%, Err 423 (1.0e-004)
613.015 .... 1395 packets received, 4663 bps, 58.28%, Err 424 (1.0e-004)
615.997 .... 1404 packets received, 4670 bps, 58.37%, Err 427 (1.0e-004)
619.526 .... 1408 packets received, 4657 bps, 58.21%, Err 428 (1.0e-004)
622.944 .... 1417 packets received, 4661 bps, 58.26%, Err 430 (1.0e-004)
625.081 .... 1424 packets received, 4668 bps, 58.35%, Err 432 (1.0e-004)
627.436 .... 1427 packets received, 4660 bps, 58.25%, Err 433 (1.0e-004)
632.551 .... 1437 packets received, 4655 bps, 58.18%, Err 437 (1.0e-004)
636.005 .... 1445 packets received, 4655 bps, 58.19%, Err 438 (1.0e-004)
638.117 .... 1455 packets received, 4672 bps, 58.40%, Err 439 (9.9e-005)
640.856 .... 1460 packets received, 4668 bps, 58.35%, Err 442 (1.0e-004)
644.382 .... 1465 packets received, 4658 bps, 58.23%, Err 445 (1.0e-004)
646.839 .... 1466 packets received, 4644 bps, 58.05%, Err 447 (1.0e-004)
649.499 .... 1475 packets received, 4653 bps, 58.16%, Err 449 (1.0e-004)
652.160 .... 1478 packets received, 4643 bps, 58.04%, Err 451 (1.0e-004)
655.360 .... 1488 packets received, 4652 bps, 58.15%, Err 452 (1.0e-004)
660.218 .... 1494 packets received, 4636 bps, 57.95%, Err 455 (1.0e-004)
663.162 .... 1503 packets received, 4644 bps, 58.04%, Err 459 (1.0e-004)
665.540 .... 1510 packets received, 4649 bps, 58.11%, Err 460 (1.0e-004)
668.181 .... 1518 packets received, 4655 bps, 58.18%, Err 462 (1.0e-004)
671.361 .... 1525 packets received, 4654 bps, 58.17%, Err 465 (1.0e-004)
673.494 .... 1535 packets received, 4670 bps, 58.37%, Err 465 (1.0e-004)
675.642 .... 1543 packets received, 4679 bps, 58.49%, Err 465 (1.0e-004)
678.018 .... 1548 packets received, 4678 bps, 58.47%, Err 469 (1.0e-004)
681.799 .... 1552 packets received, 4664 bps, 58.30%, Err 472 (1.0e-004)
684.708 .... 1560 packets received, 4668 bps, 58.35%, Err 478 (1.0e-004)
686.840 .... 1569 packets received, 4680 bps, 58.50%, Err 478 (1.0e-004)
688.952 .... 1576 packets received, 4687 bps, 58.58%, Err 478 (1.0e-004)
691.086 .... 1584 packets received, 4696 bps, 58.70%, Err 479 (1.0e-004)
694.539 .... 1591 packets received, 4693 bps, 58.67%, Err 484 (1.0e-004)
697.783 .... 1595 packets received, 4683 bps, 58.54%, Err 485 (1.0e-004)
699.959 .... 1605 packets received, 4698 bps, 58.72%, Err 486 (1.0e-004)
702.337 .... 1608 packets received, 4691 bps, 58.63%, Err 489 (1.0e-004)
705.525 .... 1619 packets received, 4702 bps, 58.77%, Err 492 (1.0e-004)
709.583 .... 1623 packets received, 4686 bps, 58.58%, Err 496 (1.0e-004)
712.667 .... 1630 packets received, 4686 bps, 58.57%, Err 496 (1.0e-004)
714.806 .... 1641 packets received, 4703 bps, 58.79%, Err 496 (1.0e-004)
718.246 .... 1648 packets received, 4701 bps, 58.76%, Err 500 (1.0e-004)
720.379 .... 1660 packets received, 4721 bps, 59.01%, Err 500 (1.0e-004)
724.080 .... 1668 packets received, 4720 bps, 59.00%, Err 502 (1.0e-004)
726.802 .... 1671 packets received, 4710 bps, 58.88%, Err 505 (1.0e-004)
729.727 .... 1678 packets received, 4711 bps, 58.89%, Err 507 (1.0e-004)
732.557 .... 1685 packets received, 4713 bps, 58.91%, Err 509 (1.0e-004)
735.456 .... 1694 packets received, 4719 bps, 58.99%, Err 510 (1.0e-004)
737.584 .... 1700 packets received, 4722 bps, 59.03%, Err 512 (1.0e-004)
740.751 .... 1708 packets received, 4724 bps, 59.05%, Err 517 (1.0e-004)
744.569 .... 1713 packets received, 4714 bps, 58.92%, Err 520 (1.0e-004)
747.180 .... 1720 packets received, 4716 bps, 58.95%, Err 522 (1.0e-004)
749.642 .... 1722 packets received, 4706 bps, 58.83%, Err 523 (1.0e-004)
753.093 .... 1731 packets received, 4709 bps, 58.86%, Err 525 (1.0e-004)
755.742 .... 1737 packets received, 4709 bps, 58.86%, Err 528 (1.0e-004)
757.929 .... 1748 packets received, 4725 bps, 59.06%, Err 529 (1.0e-004)
760.045 .... 1749 packets received, 4715 bps, 58.93%, Err 533 (1.0e-004)
763.574 .... 1752 packets received, 4701 bps, 58.76%, Err 535 (1.0e-004)
766.583 .... 1757 packets received, 4696 bps, 58.70%, Err 536 (1.0e-004)
768.715 .... 1768 packets received, 4712 bps, 58.90%, Err 536 (1.0e-004)
771.358 .... 1772 packets received, 4706 bps, 58.83%, Err 538 (1.0e-004)
775.412 .... 1776 packets received, 4692 bps, 58.66%, Err 543 (1.0e-004)
777.522 .... 1786 packets received, 4706 bps, 58.83%, Err 543 (1.0e-004)
780.429 .... 1791 packets received, 4702 bps, 58.77%, Err 546 (1.0e-004)
782.556 .... 1802 packets received, 4718 bps, 58.97%, Err 546 (1.0e-004)
785.464 .... 1808 packets received, 4716 bps, 58.95%, Err 549 (1.0e-004)
789.257 .... 1813 packets received, 4706 bps, 58.83%, Err 552 (1.0e-004)
791.658 .... 1821 packets received, 4713 bps, 58.91%, Err 552 (1.0e-004)
793.806 .... 1827 packets received, 4715 bps, 58.94%, Err 552 (1.0e-004)
796.172 .... 1831 packets received, 4712 bps, 58.89%, Err 555 (1.0e-004)
798.812 .... 1834 packets received, 4704 bps, 58.80%, Err 556 (1.0e-004)
805.603 .... 1843 packets received, 4687 bps, 58.59%, Err 559 (1.0e-004)
808.012 .... 1852 packets received, 4696 bps, 58.70%, Err 562 (1.0e-004)
810.129 .... 1857 packets received, 4696 bps, 58.70%, Err 564 (1.0e-004)
813.900 .... 1862 packets received, 4687 bps, 58.59%, Err 565 (1.0e-004)
816.004 .... 1872 packets received, 4700 bps, 58.75%, Err 565 (1.0e-004)
819.773 .... 1874 packets received, 4683 bps, 58.54%, Err 570 (1.0e-004)
822.443 .... 1877 packets received, 4676 bps, 58.44%, Err 572 (1.0e-004)
825.643 .... 1881 packets received, 4667 bps, 58.34%, Err 573 (1.0e-004)
831.023 .... 1890 packets received, 4659 bps, 58.24%, Err 580 (1.0e-004)
834.211 .... 1898 packets received, 4661 bps, 58.26%, Err 584 (1.0e-004)
839.069 .... 1905 packets received, 4651 bps, 58.14%, Err 588 (1.0e-004)
842.262 .... 1915 packets received, 4658 bps, 58.22%, Err 590 (1.0e-004)
846.046 .... 1919 packets received, 4647 bps, 58.09%, Err 592 (1.0e-004)
851.589 .... 1928 packets received, 4638 bps, 57.98%, Err 594 (1.0e-004)
853.724 .... 1938 packets received, 4651 bps, 58.13%, Err 596 (1.0e-004)
855.842 .... 1944 packets received, 4653 bps, 58.17%, Err 596 (1.0e-004)
857.978 .... 1947 packets received, 4649 bps, 58.11%, Err 597 (1.0e-004)
861.420 .... 1957 packets received, 4654 bps, 58.18%, Err 600 (1.0e-004)
864.068 .... 1968 packets received, 4666 bps, 58.33%, Err 600 (1.0e-004)
867.523 .... 1975 packets received, 4664 bps, 58.30%, Err 601 (1.0e-004)
872.962 .... 1986 packets received, 4661 bps, 58.26%, Err 606 (1.0e-004)
875.859 .... 1992 packets received, 4659 bps, 58.24%, Err 612 (1.0e-004)
877.261 ** WARNING: System too busy, sleep 15 ms, but be awakened 93 ms later
878.535 .... 1996 packets received, 4654 bps, 58.18%, Err 617 (1.0e-004)
881.521 .... 2001 packets received, 4650 bps, 58.13%, Err 618 (1.0e-004)
884.700 .... 2011 packets received, 4657 bps, 58.21%, Err 620 (1.0e-004)
887.622 .... 2019 packets received, 4660 bps, 58.25%, Err 623 (1.0e-004)
890.860 .... 2025 packets received, 4657 bps, 58.21%, Err 624 (1.0e-004)
892.997 .... 2033 packets received, 4664 bps, 58.30%, Err 625 (1.0e-004)
895.130 .... 2041 packets received, 4671 bps, 58.39%, Err 625 (1.0e-004)
897.232 .... 2049 packets received, 4678 bps, 58.48%, Err 625 (1.0e-004)
900.414 .... 2054 packets received, 4673 bps, 58.42%, Err 629 (1.0e-004)
903.689 .... 2058 packets received, 4665 bps, 58.32%, Err 630 (1.0e-004)
905.805 .... 2068 packets received, 4677 bps, 58.46%, Err 631 (1.0e-004)
909.248 .... 2074 packets received, 4673 bps, 58.41%, Err 633 (1.0e-004)
912.428 .... 2079 packets received, 4668 bps, 58.35%, Err 634 (1.0e-004)
915.435 .... 2089 packets received, 4675 bps, 58.44%, Err 635 (1.0e-004)
920.548 .... 2097 packets received, 4667 bps, 58.33%, Err 639 (1.0e-004)
923.721 .... 2107 packets received, 4673 bps, 58.41%, Err 642 (1.0e-004)
926.899 .... 2115 packets received, 4675 bps, 58.43%, Err 646 (1.0e-004)
929.024 .... 2123 packets received, 4681 bps, 58.52%, Err 646 (1.0e-004)
931.144 .... 2130 packets received, 4686 bps, 58.58%, Err 646 (1.0e-004)
935.988 .... 2135 packets received, 4673 bps, 58.41%, Err 651 (1.0e-004)
940.498 .... 2142 packets received, 4666 bps, 58.32%, Err 653 (1.0e-004)
942.868 .... 2152 packets received, 4676 bps, 58.45%, Err 654 (1.0e-004)
945.786 .... 2156 packets received, 4670 bps, 58.37%, Err 656 (1.0e-004)
950.908 .... 2165 packets received, 4664 bps, 58.30%, Err 661 (1.0e-004)
953.992 .... 2170 packets received, 4660 bps, 58.25%, Err 662 (1.0e-004)
956.984 .... 2174 packets received, 4654 bps, 58.17%, Err 663 (1.0e-004)
959.116 .... 2182 packets received, 4661 bps, 58.26%, Err 666 (1.0e-004)
961.239 .... 2188 packets received, 4663 bps, 58.29%, Err 667 (1.0e-004)
963.364 .... 2194 packets received, 4666 bps, 58.32%, Err 667 (1.0e-004)
965.498 .... 2201 packets received, 4670 bps, 58.38%, Err 667 (1.0e-004)
969.542 .... 2202 packets received, 4653 bps, 58.16%, Err 671 (1.0e-004)
971.929 .... 2210 packets received, 4658 bps, 58.23%, Err 676 (1.0e-004)
974.309 .... 2214 packets received, 4655 bps, 58.19%, Err 678 (1.0e-004)
976.952 .... 2222 packets received, 4659 bps, 58.24%, Err 679 (1.0e-004)
979.072 .... 2229 packets received, 4664 bps, 58.30%, Err 680 (1.0e-004)
981.206 .... 2235 packets received, 4666 bps, 58.33%, Err 681 (1.0e-004)
985.245 .... 2241 packets received, 4660 bps, 58.25%, Err 685 (1.0e-004)
988.164 .... 2250 packets received, 4665 bps, 58.31%, Err 687 (1.0e-004)
990.495 ** WARNING: System too busy, sleep 15 ms, but be awakened 123 ms later
991.665 .... 2251 packets received, 4650 bps, 58.13%, Err 689 (1.0e-004)
995.124 .... 2258 packets received, 4648 bps, 58.10%, Err 692 (1.0e-004)
998.048 .... 2262 packets received, 4643 bps, 58.04%, Err 692 (1.0e-004)
1003.772 .... 2271 packets received, 4635 bps, 57.94%, Err 696 (1.0e-004)
1005.875 .... 2279 packets received, 4641 bps, 58.02%, Err 698 (1.0e-004)
1007.993 .... 2285 packets received, 4644 bps, 58.05%, Err 699 (1.0e-004)
1010.391 ** WARNING: System too busy, sleep 15 ms, but be awakened 100 ms later
1010.557 .... 2289 packets received, 4640 bps, 58.00%, Err 701 (1.0e-004)
1013.118 .... 2299 packets received, 4649 bps, 58.11%, Err 701 (1.0e-004)
1014.309 ** WARNING: System too busy, sleep 15 ms, but be awakened 86 ms later
1016.574 .... 2306 packets received, 4647 bps, 58.09%, Err 705 (1.0e-004)
1019.488 .... 2310 packets received, 4642 bps, 58.02%, Err 707 (1.0e-004)
1022.777 .... 2320 packets received, 4647 bps, 58.09%, Err 709 (1.0e-004)
1028.128 .... 2329 packets received, 4641 bps, 58.01%, Err 713 (1.0e-004)
1030.517 .... 2337 packets received, 4646 bps, 58.07%, Err 713 (1.0e-004)
1032.650 .... 2343 packets received, 4648 bps, 58.10%, Err 716 (1.0e-004)
1034.773 .... 2349 packets received, 4650 bps, 58.13%, Err 716 (1.0e-004)
1037.956 .... 2354 packets received, 4646 bps, 58.07%, Err 717 (1.0e-004)
1041.685 .... 2363 packets received, 4647 bps, 58.09%, Err 721 (1.0e-004)
1044.953 .... 2373 packets received, 4652 bps, 58.15%, Err 723 (1.0e-004)
1047.335 .... 2377 packets received, 4649 bps, 58.12%, Err 729 (1.0e-004)
1050.855 .... 2382 packets received, 4643 bps, 58.04%, Err 730 (1.0e-004)
1052.981 .... 2392 packets received, 4654 bps, 58.17%, Err 731 (1.0e-004)
1055.962 .... 2397 packets received, 4650 bps, 58.13%, Err 734 (1.0e-004)
1059.214 .... 2400 packets received, 4642 bps, 58.02%, Err 734 (1.0e-004)
1061.339 .... 2409 packets received, 4650 bps, 58.12%, Err 734 (1.0e-004)
1064.763 .... 2412 packets received, 4641 bps, 58.01%, Err 740 (1.0e-004)
1067.806 .... 2416 packets received, 4635 bps, 57.94%, Err 743 (1.0e-004)
1070.475 .... 2420 packets received, 4631 bps, 57.89%, Err 746 (1.0e-004)
1073.182 .... 2422 packets received, 4623 bps, 57.79%, Err 747 (1.0e-004)
1075.325 .... 2432 packets received, 4633 bps, 57.91%, Err 747 (1.0e-004)
1079.644 .... 2435 packets received, 4620 bps, 57.75%, Err 750 (1.0e-004)
1082.043 .... 2445 packets received, 4629 bps, 57.86%, Err 750 (1.0e-004)
1084.964 .... 2449 packets received, 4624 bps, 57.80%, Err 754 (1.0e-004)
1088.485 .... 2454 packets received, 4618 bps, 57.73%, Err 757 (1.0e-004)
1091.487 .... 2462 packets received, 4621 bps, 57.76%, Err 758 (1.0e-004)
1095.799 .... 2468 packets received, 4614 bps, 57.67%, Err 763 (1.0e-004)
1098.912 .... 2473 packets received, 4610 bps, 57.63%, Err 763 (1.0e-004)
1102.383 .... 2481 packets received, 4610 bps, 57.63%, Err 768 (1.0e-004)
1105.355 .... 2484 packets received, 4604 bps, 57.54%, Err 771 (1.0e-004)
1108.262 .... 2490 packets received, 4603 bps, 57.53%, Err 774 (1.0e-004)
1111.460 .... 2496 packets received, 4600 bps, 57.50%, Err 776 (1.0e-004)
1113.592 .... 2498 packets received, 4595 bps, 57.44%, Err 779 (1.0e-004)
1115.710 .... 2508 packets received, 4605 bps, 57.56%, Err 781 (1.0e-004)
1119.414 .... 2514 packets received, 4601 bps, 57.51%, Err 783 (1.0e-004)
1122.602 .... 2522 packets received, 4602 bps, 57.53%, Err 785 (1.0e-004)
1126.026 .... 2532 packets received, 4606 bps, 57.58%, Err 789 (1.0e-004)
1128.159 .... 2542 packets received, 4616 bps, 57.70%, Err 789 (1.0e-004)
1130.277 .... 2548 packets received, 4618 bps, 57.72%, Err 789 (1.0e-004)
1132.663 .... 2550 packets received, 4612 bps, 57.65%, Err 792 (1.0e-004)
1135.677 .... 2559 packets received, 4616 bps, 57.70%, Err 793 (1.0e-004)
1138.871 .... 2565 packets received, 4614 bps, 57.67%, Err 795 (1.0e-004)
1141.774 .... 2574 packets received, 4618 bps, 57.73%, Err 798 (1.0e-004)
1144.429 .... 2579 packets received, 4616 bps, 57.70%, Err 800 (1.0e-004)
1147.179 ** WARNING: System too busy, sleep 15 ms, but be awakened 162 ms later
1147.951 .... 2587 packets received, 4616 bps, 57.71%, Err 803 (1.0e-004)
1150.133 .... 2598 packets received, 4627 bps, 57.84%, Err 803 (1.0e-004)
1153.568 .... 2601 packets received, 4619 bps, 57.74%, Err 806 (1.0e-004)
1156.819 .... 2610 packets received, 4622 bps, 57.77%, Err 809 (1.0e-004)
1160.271 .... 2618 packets received, 4622 bps, 57.78%, Err 810 (1.0e-004)
1163.452 .... 2629 packets received, 4629 bps, 57.86%, Err 811 (1.0e-004)
1166.639 .... 2637 packets received, 4630 bps, 57.88%, Err 814 (1.0e-004)
1170.411 .... 2643 packets received, 4626 bps, 57.82%, Err 816 (1.0e-004)
1173.417 .... 2653 packets received, 4631 bps, 57.89%, Err 817 (1.0e-004)
1175.536 .... 2659 packets received, 4634 bps, 57.92%, Err 818 (1.0e-004)
1177.679 .... 2665 packets received, 4636 bps, 57.94%, Err 818 (1.0e-004)
1179.790 .... 2671 packets received, 4638 bps, 57.97%, Err 819 (1.0e-004)
1181.897 .... 2677 packets received, 4640 bps, 58.00%, Err 820 (1.0e-004)
1185.352 .... 2681 packets received, 4633 bps, 57.92%, Err 825 (1.0e-004)
1188.857 .... 2687 packets received, 4630 bps, 57.87%, Err 827 (1.0e-004)
1192.336 .... 2697 packets received, 4634 bps, 57.92%, Err 830 (1.0e-004)
1195.543 .... 2704 packets received, 4633 bps, 57.91%, Err 832 (1.0e-004)
1199.039 .... 2708 packets received, 4626 bps, 57.83%, Err 836 (1.0e-004)
1201.708 .... 2712 packets received, 4623 bps, 57.79%, Err 836 (1.0e-004)
1201.905 ** WARNING: System too busy, sleep 15 ms, but be awakened 109 ms later
1204.891 .... 2718 packets received, 4621 bps, 57.76%, Err 838 (1.0e-004)
1206.982 .... 2727 packets received, 4628 bps, 57.85%, Err 839 (1.0e-004)
1209.093 .... 2733 packets received, 4630 bps, 57.88%, Err 841 (1.0e-004)
1212.267 .... 2741 packets received, 4632 bps, 57.90%, Err 843 (1.0e-004)
1213.967 ** WARNING: System too busy, sleep 15 ms, but be awakened 156 ms later
1214.502 .... 2750 packets received, 4638 bps, 57.98%, Err 843 (1.0e-004)
1218.946 .... 2752 packets received, 4625 bps, 57.81%, Err 846 (1.0e-004)
1221.059 .... 2763 packets received, 4635 bps, 57.94%, Err 848 (1.0e-004)
1224.510 .... 2770 packets received, 4634 bps, 57.92%, Err 851 (1.0e-004)
1226.600 .... 2780 packets received, 4643 bps, 58.03%, Err 851 (1.0e-004)
1229.260 .... 2785 packets received, 4641 bps, 58.01%, Err 854 (1.0e-004)
1234.339 .... 2794 packets received, 4637 bps, 57.96%, Err 858 (1.0e-004)
1236.769 ** WARNING: System too busy, sleep 15 ms, but be awakened 128 ms later
1237.353 .... 2805 packets received, 4644 bps, 58.05%, Err 859 (1.0e-004)
1239.443 .... 2812 packets received, 4647 bps, 58.09%, Err 860 (1.0e-004)
1239.676 ** WARNING: System too busy, sleep 15 ms, but be awakened 73 ms later
1243.633 .... 2814 packets received, 4635 bps, 57.94%, Err 865 (1.0e-004)
1246.546 .... 2819 packets received, 4632 bps, 57.91%, Err 866 (1.0e-004)
1249.467 .... 2826 packets received, 4633 bps, 57.91%, Err 868 (1.0e-004)
1254.842 .... 2832 packets received, 4623 bps, 57.79%, Err 873 (1.0e-004)
1257.751 .... 2841 packets received, 4627 bps, 57.84%, Err 875 (1.0e-004)
1259.922 .... 2851 packets received, 4635 bps, 57.94%, Err 876 (1.0e-004)
1262.016 .... 2858 packets received, 4639 bps, 57.99%, Err 876 (1.0e-004)
1264.647 .... 2864 packets received, 4639 bps, 57.99%, Err 877 (1.0e-004)
1268.096 .... 2875 packets received, 4644 bps, 58.05%, Err 880 (1.0e-004)
1271.294 .... 2883 packets received, 4645 bps, 58.07%, Err 884 (1.0e-004)
1274.492 .... 2886 packets received, 4639 bps, 57.98%, Err 888 (1.0e-004)
1277.732 .... 2890 packets received, 4633 bps, 57.92%, Err 891 (1.0e-004)
1280.993 .... 2893 packets received, 4626 bps, 57.83%, Err 892 (1.0e-004)
1285.938 .... 2900 packets received, 4620 bps, 57.74%, Err 897 (1.0e-004)
1288.082 .... 2909 packets received, 4626 bps, 57.83%, Err 898 (1.0e-004)
1290.203 .... 2912 packets received, 4623 bps, 57.79%, Err 900 (1.0e-004)
1292.318 .... 2918 packets received, 4625 bps, 57.82%, Err 902 (1.0e-004)
1295.512 .... 2924 packets received, 4623 bps, 57.79%, Err 904 (1.0e-004)
1298.484 .... 2927 packets received, 4618 bps, 57.72%, Err 906 (1.0e-004)
1300.615 .... 2937 packets received, 4626 bps, 57.82%, Err 907 (1.0e-004)
1302.987 .... 2944 packets received, 4628 bps, 57.85%, Err 908 (1.0e-004)
1305.115 .... 2951 packets received, 4632 bps, 57.90%, Err 909 (1.0e-004)
1307.240 .... 2957 packets received, 4634 bps, 57.92%, Err 909 (1.0e-004)
1309.376 .... 2963 packets received, 4635 bps, 57.94%, Err 909 (1.0e-004)
1311.474 .... 2966 packets received, 4633 bps, 57.91%, Err 911 (1.0e-004)
1313.594 .... 2976 packets received, 4641 bps, 58.01%, Err 911 (1.0e-004)
1316.760 .... 2981 packets received, 4637 bps, 57.97%, Err 914 (1.0e-004)
1319.752 .... 2987 packets received, 4636 bps, 57.95%, Err 914 (1.0e-004)
1322.155 .... 2998 packets received, 4645 bps, 58.06%, Err 916 (1.0e-004)
1325.350 .... 3001 packets received, 4638 bps, 57.98%, Err 921 (1.0e-004)
1328.333 .... 3006 packets received, 4636 bps, 57.94%, Err 923 (1.0e-004)
1331.240 .... 3012 packets received, 4635 bps, 57.93%, Err 926 (1.0e-004)
1334.448 .... 3014 packets received, 4627 bps, 57.83%, Err 929 (1.0e-004)
1336.574 .... 3023 packets received, 4633 bps, 57.91%, Err 930 (1.0e-004)
1340.019 .... 3028 packets received, 4629 bps, 57.86%, Err 932 (1.0e-004)
1342.997 .... 3032 packets received, 4625 bps, 57.81%, Err 934 (1.0e-004)
1346.193 .... 3040 packets received, 4626 bps, 57.82%, Err 937 (1.0e-004)
1349.163 .... 3043 packets received, 4620 bps, 57.75%, Err 938 (1.0e-004)
1351.317 .... 3053 packets received, 4628 bps, 57.85%, Err 939 (1.0e-004)
1355.902 .... 3055 packets received, 4615 bps, 57.69%, Err 945 (1.0e-004)
1358.836 .... 3061 packets received, 4614 bps, 57.68%, Err 945 (1.0e-004)
1361.740 .... 3071 packets received, 4620 bps, 57.75%, Err 948 (1.0e-004)
1363.869 .... 3081 packets received, 4627 bps, 57.84%, Err 948 (1.0e-004)
1365.992 .... 3089 packets received, 4632 bps, 57.90%, Err 949 (1.0e-004)
1368.114 .... 3096 packets received, 4636 bps, 57.94%, Err 951 (1.0e-004)
1370.748 .... 3101 packets received, 4634 bps, 57.93%, Err 953 (1.0e-004)
1373.396 .... 3108 packets received, 4636 bps, 57.94%, Err 956 (1.0e-004)
1376.572 .... 3119 packets received, 4641 bps, 58.02%, Err 958 (1.0e-004)
1380.643 .... 3123 packets received, 4633 bps, 57.92%, Err 965 (1.0e-004)
1383.325 .... 3129 packets received, 4633 bps, 57.92%, Err 966 (1.0e-004)
1385.962 .... 3137 packets received, 4636 bps, 57.95%, Err 968 (1.0e-004)
1388.336 .... 3145 packets received, 4640 bps, 58.00%, Err 970 (1.0e-004)
1390.465 .... 3155 packets received, 4648 bps, 58.10%, Err 970 (1.0e-004)
1392.585 .... 3163 packets received, 4653 bps, 58.16%, Err 970 (1.0e-004)
1395.228 .... 3167 packets received, 4650 bps, 58.12%, Err 973 (1.0e-004)
1399.264 .... 3173 packets received, 4645 bps, 58.06%, Err 975 (1.0e-004)
1401.400 .... 3183 packets received, 4653 bps, 58.16%, Err 975 (1.0e-004)
1405.967 .... 3187 packets received, 4643 bps, 58.04%, Err 977 (1.0e-004)
1408.087 .... 3197 packets received, 4651 bps, 58.14%, Err 977 (1.0e-004)
1411.268 .... 3200 packets received, 4645 bps, 58.06%, Err 984 (1.0e-004)
1414.537 .... 3202 packets received, 4637 bps, 57.96%, Err 984 (1.0e-004)
1416.602 .... 3211 packets received, 4643 bps, 58.04%, Err 984 (1.0e-004)
1420.337 .... 3216 packets received, 4638 bps, 57.98%, Err 989 (1.0e-004)
1422.450 .... 3226 packets received, 4646 bps, 58.07%, Err 989 (1.0e-004)
1426.487 .... 3228 packets received, 4635 bps, 57.94%, Err 991 (1.0e-004)
1431.835 .... 3238 packets received, 4632 bps, 57.90%, Err 996 (1.0e-004)
1435.285 .... 3245 packets received, 4631 bps, 57.89%, Err 999 (1.0e-004)
1438.545 .... 3250 packets received, 4628 bps, 57.85%, Err 1000 (1.0e-004)
1441.479 .... 3258 packets received, 4630 bps, 57.87%, Err 1003 (1.0e-004)
1444.127 .... 3261 packets received, 4626 bps, 57.82%, Err 1004 (1.0e-004)
1446.576 .... 3265 packets received, 4623 bps, 57.79%, Err 1006 (1.0e-004)
1451.629 .... 3273 packets received, 4619 bps, 57.73%, Err 1010 (1.0e-004)
1454.987 .... 3275 packets received, 4611 bps, 57.63%, Err 1012 (1.0e-004)
1457.116 .... 3286 packets received, 4619 bps, 57.74%, Err 1013 (1.0e-004)
1459.232 .... 3294 packets received, 4624 bps, 57.80%, Err 1014 (1.0e-004)
1461.367 .... 3302 packets received, 4628 bps, 57.86%, Err 1015 (1.0e-004)
1464.008 .... 3307 packets received, 4627 bps, 57.84%, Err 1019 (1.0e-004)
1466.993 .... 3312 packets received, 4625 bps, 57.81%, Err 1021 (1.0e-004)
1470.177 .... 3317 packets received, 4622 bps, 57.77%, Err 1023 (1.0e-004)
1472.215 .... 3327 packets received, 4629 bps, 57.86%, Err 1023 (1.0e-004)
1474.346 .... 3332 packets received, 4629 bps, 57.87%, Err 1024 (1.0e-004)
1478.132 .... 3333 packets received, 4619 bps, 57.74%, Err 1028 (1.0e-004)
1481.298 .... 3338 packets received, 4616 bps, 57.70%, Err 1028 (1.0e-004)
1483.421 .... 3345 packets received, 4619 bps, 57.74%, Err 1030 (1.0e-004)
1486.408 .... 3352 packets received, 4619 bps, 57.74%, Err 1032 (1.0e-004)
1489.343 .... 3356 packets received, 4616 bps, 57.70%, Err 1034 (1.0e-004)
1492.238 .... 3367 packets received, 4622 bps, 57.77%, Err 1035 (1.0e-004)
1495.227 .... 3375 packets received, 4624 bps, 57.79%, Err 1037 (1.0e-004)
1498.740 .... 3384 packets received, 4625 bps, 57.81%, Err 1040 (1.0e-004)
1501.404 .... 3391 packets received, 4626 bps, 57.83%, Err 1042 (1.0e-004)
1505.461 .... 3395 packets received, 4619 bps, 57.74%, Err 1046 (1.0e-004)
1507.578 .... 3398 packets received, 4617 bps, 57.71%, Err 1048 (1.0e-004)
1511.002 .... 3408 packets received, 4620 bps, 57.75%, Err 1049 (1.0e-004)
1513.410 .... 3414 packets received, 4621 bps, 57.76%, Err 1051 (1.0e-004)
1515.518 .... 3423 packets received, 4627 bps, 57.83%, Err 1052 (1.0e-004)
1518.437 .... 3426 packets received, 4622 bps, 57.77%, Err 1056 (1.0e-004)
1521.164 .... 3430 packets received, 4619 bps, 57.73%, Err 1058 (1.0e-004)
1525.230 .... 3433 packets received, 4611 bps, 57.63%, Err 1062 (1.0e-004)
1528.684 .... 3442 packets received, 4612 bps, 57.65%, Err 1063 (1.0e-004)
1531.852 .... 3453 packets received, 4617 bps, 57.72%, Err 1064 (1.0e-004)
1534.033 .... 3464 packets received, 4625 bps, 57.82%, Err 1064 (1.0e-004)
1537.197 .... 3469 packets received, 4623 bps, 57.78%, Err 1067 (1.0e-004)
1539.869 .... 3480 packets received, 4629 bps, 57.86%, Err 1067 (1.0e-004)
1543.195 .... 3483 packets received, 4623 bps, 57.79%, Err 1071 (1.0e-004)
1545.232 .... 3485 packets received, 4620 bps, 57.75%, Err 1072 (1.0e-004)
1547.366 .... 3494 packets received, 4625 bps, 57.82%, Err 1072 (1.0e-004)
1549.761 .... 3501 packets received, 4627 bps, 57.84%, Err 1075 (1.0e-004)
1551.881 .... 3507 packets received, 4629 bps, 57.86%, Err 1077 (1.0e-004)
1555.655 .... 3508 packets received, 4619 bps, 57.74%, Err 1079 (1.0e-004)
1558.563 .... 3516 packets received, 4621 bps, 57.76%, Err 1081 (1.0e-004)
1564.205 .... 3523 packets received, 4613 bps, 57.67%, Err 1086 (1.0e-004)
1567.133 .... 3531 packets received, 4615 bps, 57.69%, Err 1088 (1.0e-004)
1571.460 .... 3537 packets received, 4610 bps, 57.63%, Err 1090 (1.0e-004)
1574.631 .... 3543 packets received, 4609 bps, 57.61%, Err 1092 (1.0e-004)
1580.265 .... 3554 packets received, 4607 bps, 57.58%, Err 1096 (1.0e-004)
1582.678 .... 3562 packets received, 4610 bps, 57.63%, Err 1097 (1.0e-004)
1586.982 .... 3564 packets received, 4600 bps, 57.50%, Err 1102 (1.0e-004)
1589.655 .... 3572 packets received, 4603 bps, 57.53%, Err 1103 (1.0e-004)
1592.827 .... 3578 packets received, 4601 bps, 57.52%, Err 1104 (1.0e-004)
1595.758 .... 3586 packets received, 4603 bps, 57.54%, Err 1107 (1.0e-004)
1599.180 .... 3592 packets received, 4601 bps, 57.51%, Err 1111 (1.0e-004)
1601.298 .... 3595 packets received, 4599 bps, 57.48%, Err 1114 (1.0e-004)
1604.279 .... 3601 packets received, 4598 bps, 57.47%, Err 1115 (1.0e-004)
1606.426 .... 3610 packets received, 4603 bps, 57.54%, Err 1115 (1.0e-004)
1608.522 .... 3613 packets received, 4601 bps, 57.51%, Err 1116 (1.0e-004)
1612.559 .... 3617 packets received, 4595 bps, 57.43%, Err 1118 (1.0e-004)
1614.693 .... 3627 packets received, 4601 bps, 57.51%, Err 1121 (1.0e-004)
1618.475 .... 3628 packets received, 4592 bps, 57.40%, Err 1123 (1.0e-004)
1621.372 .... 3637 packets received, 4595 bps, 57.43%, Err 1126 (1.0e-004)
1623.480 .... 3641 packets received, 4594 bps, 57.42%, Err 1127 (1.0e-004)
1626.656 .... 3651 packets received, 4597 bps, 57.47%, Err 1128 (1.0e-004)
1628.784 .... 3659 packets received, 4602 bps, 57.52%, Err 1130 (1.0e-004)
1630.899 .... 3670 packets received, 4609 bps, 57.62%, Err 1131 (1.0e-004)
1633.559 .... 3676 packets received, 4609 bps, 57.62%, Err 1133 (1.0e-004)
1637.873 .... 3682 packets received, 4605 bps, 57.56%, Err 1138 (1.0e-004)
1643.539 .... 3688 packets received, 4596 bps, 57.45%, Err 1139 (1.0e-004)
1646.651 .... 3697 packets received, 4599 bps, 57.49%, Err 1141 (1.0e-004)
1648.765 .... 3703 packets received, 4600 bps, 57.51%, Err 1142 (1.0e-004)
1653.601 .... 3707 packets received, 4592 bps, 57.40%, Err 1146 (1.0e-004)
1655.717 .... 3717 packets received, 4598 bps, 57.48%, Err 1146 (1.0e-004)
1658.387 .... 3721 packets received, 4596 bps, 57.45%, Err 1148 (1.0e-004)
1662.427 .... 3726 packets received, 4591 bps, 57.39%, Err 1155 (1.0e-004)
1666.478 .... 3730 packets received, 4585 bps, 57.31%, Err 1158 (1.0e-004)
1668.631 .... 3741 packets received, 4592 bps, 57.40%, Err 1158 (1.0e-004)
1670.734 .... 3744 packets received, 4590 bps, 57.38%, Err 1159 (1.0e-004)
1672.870 .... 3751 packets received, 4593 bps, 57.41%, Err 1160 (1.0e-004)
1676.389 .... 3761 packets received, 4595 bps, 57.44%, Err 1162 (1.0e-004)
1678.782 .... 3769 packets received, 4599 bps, 57.48%, Err 1163 (1.0e-004)
1680.898 .... 3780 packets received, 4606 bps, 57.58%, Err 1163 (1.0e-004)
1685.739 .... 3785 packets received, 4599 bps, 57.49%, Err 1167 (1.0e-004)
1687.880 .... 3796 packets received, 4607 bps, 57.58%, Err 1168 (1.0e-004)
1690.774 .... 3803 packets received, 4607 bps, 57.59%, Err 1172 (1.0e-004)
1693.561 .... 3806 packets received, 4603 bps, 57.54%, Err 1174 (1.0e-004)
1696.494 .... 3809 packets received, 4599 bps, 57.49%, Err 1174 (1.0e-004)
1698.631 .... 3819 packets received, 4605 bps, 57.57%, Err 1175 (1.0e-004)
1703.719 .... 3824 packets received, 4597 bps, 57.47%, Err 1178 (1.0e-004)
1706.819 .... 3832 packets received, 4599 bps, 57.48%, Err 1183 (1.0e-004)
1710.008 .... 3838 packets received, 4597 bps, 57.47%, Err 1185 (1.0e-004)
1712.914 .... 3844 packets received, 4597 bps, 57.46%, Err 1187 (1.0e-004)
1715.905 .... 3853 packets received, 4599 bps, 57.49%, Err 1190 (1.0e-004)
1718.039 .... 3861 packets received, 4603 bps, 57.54%, Err 1191 (1.0e-004)
1720.153 .... 3869 packets received, 4607 bps, 57.59%, Err 1191 (1.0e-004)
1726.074 .... 3877 packets received, 4601 bps, 57.51%, Err 1197 (1.0e-004)
1729.257 .... 3883 packets received, 4599 bps, 57.49%, Err 1201 (1.0e-004)
1732.722 .... 3888 packets received, 4596 bps, 57.45%, Err 1201 (1.0e-004)
1734.910 .... 3899 packets received, 4603 bps, 57.54%, Err 1202 (1.0e-004)
1737.032 .... 3902 packets received, 4601 bps, 57.52%, Err 1205 (1.0e-004)
1740.237 .... 3912 packets received, 4605 bps, 57.56%, Err 1207 (1.0e-004)
1742.826 .... 3920 packets received, 4607 bps, 57.59%, Err 1208 (1.0e-004)
1747.706 .... 3928 packets received, 4604 bps, 57.55%, Err 1213 (1.0e-004)
1749.805 .... 3938 packets received, 4610 bps, 57.62%, Err 1213 (1.0e-004)
1752.459 .... 3943 packets received, 4609 bps, 57.61%, Err 1215 (1.0e-004)
1755.641 .... 3950 packets received, 4609 bps, 57.61%, Err 1218 (1.0e-004)
1758.823 .... 3954 packets received, 4605 bps, 57.56%, Err 1222 (1.0e-004)
1761.492 .... 3959 packets received, 4604 bps, 57.55%, Err 1223 (1.0e-004)
1764.752 .... 3965 packets received, 4602 bps, 57.53%, Err 1225 (1.0e-004)
1766.881 .... 3976 packets received, 4609 bps, 57.62%, Err 1225 (1.0e-004)
1768.991 .... 3980 packets received, 4608 bps, 57.61%, Err 1227 (1.0e-004)
1771.655 .... 3987 packets received, 4610 bps, 57.62%, Err 1229 (1.0e-004)
1774.816 .... 3995 packets received, 4611 bps, 57.63%, Err 1234 (1.0e-004)
1778.086 .... 3998 packets received, 4606 bps, 57.57%, Err 1235 (1.0e-004)
1781.071 .... 4007 packets received, 4608 bps, 57.60%, Err 1237 (1.0e-004)
1784.334 .... 4016 packets received, 4610 bps, 57.63%, Err 1237 (1.0e-004)
1787.531 .... 4023 packets received, 4610 bps, 57.62%, Err 1239 (1.0e-004)
1789.540 .... 4029 packets received, 4612 bps, 57.65%, Err 1241 (1.0e-004)
1792.282 .... 4030 packets received, 4606 bps, 57.57%, Err 1243 (1.0e-004)
1795.451 .... 4040 packets received, 4609 bps, 57.61%, Err 1247 (1.0e-004)
1799.507 .... 4043 packets received, 4602 bps, 57.53%, Err 1248 (1.0e-004)
1804.619 .... 4052 packets received, 4599 bps, 57.49%, Err 1253 (1.0e-004)
1807.465 .... 4059 packets received, 4600 bps, 57.50%, Err 1254 (1.0e-004)
1811.775 .... 4063 packets received, 4593 bps, 57.42%, Err 1257 (1.0e-004)
1813.906 .... 4073 packets received, 4599 bps, 57.49%, Err 1258 (1.0e-004)
1817.702 .... 4074 packets received, 4591 bps, 57.39%, Err 1259 (1.0e-004)
1820.879 .... 4083 packets received, 4593 bps, 57.41%, Err 1260 (1.0e-004)
1822.994 .... 4089 packets received, 4594 bps, 57.43%, Err 1264 (1.0e-004)
1826.200 .... 4094 packets received, 4592 bps, 57.40%, Err 1265 (1.0e-004)
1829.178 .... 4103 packets received, 4595 bps, 57.43%, Err 1268 (1.0e-004)
1832.788 ** WARNING: System too busy, sleep 15 ms, but be awakened 342 ms later
1834.519 .... 4108 packets received, 4587 bps, 57.33%, Err 1270 (1.0e-004)
1836.683 .... 4118 packets received, 4592 bps, 57.41%, Err 1272 (1.0e-004)
1840.487 .... 4119 packets received, 4584 bps, 57.30%, Err 1275 (1.0e-004)
1843.040 .... 4129 packets received, 4589 bps, 57.36%, Err 1275 (1.0e-004)
1845.961 .... 4134 packets received, 4587 bps, 57.34%, Err 1276 (1.0e-004)
1849.144 .... 4143 packets received, 4589 bps, 57.37%, Err 1278 (1.0e-004)
1852.309 .... 4152 packets received, 4591 bps, 57.39%, Err 1280 (1.0e-004)
1855.242 .... 4161 packets received, 4594 bps, 57.43%, Err 1284 (1.0e-004)
1857.330 .... 4171 packets received, 4600 bps, 57.50%, Err 1284 (1.0e-004)
1859.440 .... 4172 packets received, 4596 bps, 57.45%, Err 1288 (1.0e-004)
1862.157 .... 4174 packets received, 4591 bps, 57.39%, Err 1290 (1.0e-004)
1865.096 .... 4178 packets received, 4588 bps, 57.36%, Err 1291 (1.0e-004)
1867.133 .... 4189 packets received, 4595 bps, 57.44%, Err 1291 (1.0e-004)
1869.259 .... 4196 packets received, 4598 bps, 57.47%, Err 1292 (1.0e-004)
1872.437 .... 4202 packets received, 4597 bps, 57.46%, Err 1295 (1.0e-004)
1874.541 .... 4212 packets received, 4602 bps, 57.53%, Err 1297 (1.0e-004)
1876.662 .... 4220 packets received, 4606 bps, 57.57%, Err 1297 (1.0e-004)
1878.784 .... 4228 packets received, 4609 bps, 57.62%, Err 1298 (1.0e-004)
1881.432 .... 4234 packets received, 4610 bps, 57.62%, Err 1301 (1.0e-004)
1884.452 .... 4235 packets received, 4603 bps, 57.54%, Err 1305 (1.0e-004)
1886.552 .... 4244 packets received, 4608 bps, 57.60%, Err 1308 (1.0e-004)
1888.677 .... 4248 packets received, 4607 bps, 57.59%, Err 1311 (1.0e-004)
1891.391 .... 4249 packets received, 4602 bps, 57.52%, Err 1315 (1.0e-004)
1893.530 .... 4258 packets received, 4606 bps, 57.58%, Err 1315 (1.0e-004)
1895.651 .... 4263 packets received, 4606 bps, 57.58%, Err 1316 (1.0e-004)
1898.296 .... 4267 packets received, 4604 bps, 57.55%, Err 1319 (1.0e-004)
1901.300 .... 4276 packets received, 4607 bps, 57.58%, Err 1320 (1.0e-004)
1903.695 .... 4280 packets received, 4605 bps, 57.56%, Err 1322 (1.0e-004)
1906.337 .... 4287 packets received, 4606 bps, 57.58%, Err 1326 (1.0e-004)
1909.057 .... 4289 packets received, 4602 bps, 57.52%, Err 1329 (1.0e-004)
1912.236 .... 4292 packets received, 4597 bps, 57.47%, Err 1331 (1.0e-004)
1915.245 .... 4300 packets received, 4599 bps, 57.48%, Err 1332 (1.0e-004)
1917.366 .... 4310 packets received, 4604 bps, 57.55%, Err 1333 (1.0e-004)
1920.546 .... 4318 packets received, 4605 bps, 57.57%, Err 1334 (1.0e-004)
1922.671 .... 4328 packets received, 4611 bps, 57.63%, Err 1335 (1.0e-004)
1927.069 .... 4331 packets received, 4603 bps, 57.54%, Err 1337 (1.0e-004)
1929.633 .... 4340 packets received, 4607 bps, 57.59%, Err 1338 (1.0e-004)
1933.673 .... 4344 packets received, 4602 bps, 57.52%, Err 1343 (1.0e-004)
1935.790 .... 4354 packets received, 4607 bps, 57.59%, Err 1344 (1.0e-004)
1937.899 .... 4362 packets received, 4610 bps, 57.63%, Err 1344 (1.0e-004)
1940.025 .... 4369 packets received, 4613 bps, 57.66%, Err 1346 (1.0e-004)
1943.208 .... 4372 packets received, 4608 bps, 57.61%, Err 1352 (1.0e-004)
1946.449 .... 4376 packets received, 4605 bps, 57.56%, Err 1354 (1.0e-004)
1949.101 .... 4384 packets received, 4607 bps, 57.59%, Err 1357 (1.0e-004)
1953.154 .... 4390 packets received, 4604 bps, 57.55%, Err 1360 (1.0e-004)
1955.797 .... 4400 packets received, 4608 bps, 57.60%, Err 1362 (1.0e-004)
1958.482 .... 4409 packets received, 4611 bps, 57.64%, Err 1362 (1.0e-004)
1960.615 .... 4417 packets received, 4615 bps, 57.68%, Err 1362 (1.0e-004)
1963.810 .... 4425 packets received, 4615 bps, 57.69%, Err 1364 (1.0e-004)
1966.244 .... 4433 packets received, 4618 bps, 57.72%, Err 1366 (1.0e-004)
1969.678 .... 4443 packets received, 4620 bps, 57.75%, Err 1370 (1.0e-004)
1971.814 .... 4453 packets received, 4626 bps, 57.82%, Err 1370 (1.0e-004)
1974.220 .... 4458 packets received, 4625 bps, 57.82%, Err 1372 (1.0e-004)
1976.345 .... 4469 packets received, 4632 bps, 57.90%, Err 1372 (1.0e-004)
1978.470 .... 4476 packets received, 4634 bps, 57.92%, Err 1375 (1.0e-004)
1980.632 .... 4480 packets received, 4633 bps, 57.91%, Err 1379 (1.0e-004)
1983.359 .... 4483 packets received, 4630 bps, 57.87%, Err 1379 (1.0e-004)
1985.748 .... 4493 packets received, 4635 bps, 57.93%, Err 1380 (1.0e-004)
1988.653 .... 4499 packets received, 4634 bps, 57.92%, Err 1381 (1.0e-004)
1991.835 .... 4508 packets received, 4636 bps, 57.95%, Err 1382 (1.0e-004)
1994.499 .... 4516 packets received, 4638 bps, 57.97%, Err 1384 (1.0e-004)
1997.962 .... 4523 packets received, 4637 bps, 57.96%, Err 1386 (1.0e-004)
2000.680 .... 4526 packets received, 4634 bps, 57.92%, Err 1387 (1.0e-004)
2002.792 .... 4536 packets received, 4639 bps, 57.99%, Err 1387 (1.0e-004)
2005.965 .... 4543 packets received, 4639 bps, 57.99%, Err 1393 (1.0e-004)
2010.031 .... 4547 packets received, 4634 bps, 57.92%, Err 1397 (1.0e-004)
2014.603 .... 4554 packets received, 4630 bps, 57.88%, Err 1400 (1.0e-004)
2017.007 .... 4562 packets received, 4633 bps, 57.91%, Err 1403 (1.0e-004)
2019.936 .... 4564 packets received, 4628 bps, 57.85%, Err 1404 (1.0e-004)
2022.117 .... 4574 packets received, 4633 bps, 57.91%, Err 1405 (1.0e-004)
2025.291 .... 4579 packets received, 4631 bps, 57.89%, Err 1407 (1.0e-004)
2027.947 .... 4587 packets received, 4633 bps, 57.91%, Err 1408 (1.0e-004)
2030.066 .... 4598 packets received, 4639 bps, 57.99%, Err 1410 (1.0e-004)
2032.458 .... 4603 packets received, 4639 bps, 57.99%, Err 1412 (1.0e-004)
2035.271 .... 4608 packets received, 4637 bps, 57.97%, Err 1414 (1.0e-004)
2037.298 .... 4618 packets received, 4643 bps, 58.04%, Err 1414 (1.0e-004)
2039.402 .... 4624 packets received, 4644 bps, 58.05%, Err 1414 (1.0e-004)
2041.526 .... 4630 packets received, 4645 bps, 58.07%, Err 1414 (1.0e-004)
2044.437 .... 4633 packets received, 4642 bps, 58.02%, Err 1418 (1.0e-004)
2047.353 .... 4642 packets received, 4644 bps, 58.05%, Err 1422 (1.0e-004)
2049.818 .... 4643 packets received, 4640 bps, 57.99%, Err 1426 (1.0e-004)
2054.940 .... 4647 packets received, 4632 bps, 57.90%, Err 1427 (1.0e-004)
2057.590 .... 4656 packets received, 4635 bps, 57.94%, Err 1430 (1.0e-004)
2060.519 .... 4659 packets received, 4631 bps, 57.89%, Err 1432 (1.0e-004)
2062.970 .... 4668 packets received, 4635 bps, 57.93%, Err 1432 (1.0e-004)
2065.876 .... 4673 packets received, 4633 bps, 57.91%, Err 1433 (1.0e-004)
2069.136 .... 4677 packets received, 4630 bps, 57.87%, Err 1436 (1.0e-004)
2071.260 .... 4684 packets received, 4632 bps, 57.90%, Err 1438 (1.0e-004)
2073.910 .... 4693 packets received, 4635 bps, 57.94%, Err 1441 (1.0e-004)
2077.088 .... 4695 packets received, 4630 bps, 57.87%, Err 1444 (1.0e-004)
2079.533 .... 4700 packets received, 4629 bps, 57.87%, Err 1444 (1.0e-004)
2085.976 .... 4710 packets received, 4625 bps, 57.81%, Err 1447 (1.0e-004)
2092.148 .... 4719 packets received, 4620 bps, 57.75%, Err 1454 (1.0e-004)
2095.068 .... 4728 packets received, 4622 bps, 57.78%, Err 1455 (1.0e-004)
2098.495 .... 4735 packets received, 4622 bps, 57.77%, Err 1458 (1.0e-004)
2102.014 .... 4742 packets received, 4621 bps, 57.76%, Err 1459 (1.0e-004)
2104.414 .... 4749 packets received, 4622 bps, 57.78%, Err 1461 (1.0e-004)
2106.530 .... 4759 packets received, 4627 bps, 57.84%, Err 1461 (1.0e-004)
2109.717 .... 4767 packets received, 4628 bps, 57.85%, Err 1464 (1.0e-004)
2112.429 .... 4773 packets received, 4628 bps, 57.85%, Err 1466 (1.0e-004)
2115.359 .... 4784 packets received, 4632 bps, 57.90%, Err 1466 (1.0e-004)
2117.750 .... 4789 packets received, 4632 bps, 57.90%, Err 1469 (1.0e-004)
2120.900 .... 4796 packets received, 4632 bps, 57.90%, Err 1471 (1.0e-004)
2124.712 .... 4806 packets received, 4633 bps, 57.91%, Err 1473 (1.0e-004)
2129.038 .... 4812 packets received, 4629 bps, 57.87%, Err 1478 (1.0e-004)
2132.150 .... 4816 packets received, 4627 bps, 57.83%, Err 1480 (1.0e-004)
2135.047 .... 4821 packets received, 4625 bps, 57.81%, Err 1481 (1.0e-004)
2137.185 .... 4830 packets received, 4629 bps, 57.86%, Err 1481 (1.0e-004)
2141.208 .... 4831 packets received, 4621 bps, 57.77%, Err 1483 (1.0e-004)
2143.287 .... 4841 packets received, 4626 bps, 57.83%, Err 1485 (1.0e-004)
2146.194 .... 4845 packets received, 4624 bps, 57.80%, Err 1489 (1.0e-004)
2148.401 .... 4856 packets received, 4630 bps, 57.87%, Err 1489 (1.0e-004)
2152.712 .... 4858 packets received, 4622 bps, 57.78%, Err 1491 (1.0e-004)
2154.833 .... 4868 packets received, 4627 bps, 57.84%, Err 1491 (1.0e-004)
2156.947 .... 4876 packets received, 4630 bps, 57.88%, Err 1492 (1.0e-004)
2159.054 .... 4880 packets received, 4630 bps, 57.87%, Err 1495 (1.0e-004)
2161.986 .... 4889 packets received, 4632 bps, 57.90%, Err 1497 (1.0e-004)
2164.867 .... 4894 packets received, 4630 bps, 57.88%, Err 1500 (1.0e-004)
2167.647 .... 4897 packets received, 4627 bps, 57.84%, Err 1501 (1.0e-004)
2170.036 .... 4907 packets received, 4632 bps, 57.90%, Err 1503 (1.0e-004)
2174.341 .... 4909 packets received, 4624 bps, 57.80%, Err 1506 (1.0e-004)
2176.478 .... 4919 packets received, 4629 bps, 57.87%, Err 1509 (1.0e-004)
2178.613 .... 4927 packets received, 4632 bps, 57.90%, Err 1509 (1.0e-004)
2180.988 .... 4932 packets received, 4632 bps, 57.90%, Err 1510 (1.0e-004)
2184.013 .... 4938 packets received, 4631 bps, 57.89%, Err 1515 (1.0e-004)
2186.992 .... 4943 packets received, 4629 bps, 57.87%, Err 1517 (1.0e-004)
2189.392 .... 4952 packets received, 4633 bps, 57.91%, Err 1519 (1.0e-004)
2194.235 .... 4955 packets received, 4625 bps, 57.82%, Err 1523 (1.0e-004)
2196.334 .... 4966 packets received, 4631 bps, 57.89%, Err 1524 (1.0e-004)
2198.461 .... 4972 packets received, 4632 bps, 57.90%, Err 1525 (1.0e-004)
2200.580 .... 4978 packets received, 4633 bps, 57.92%, Err 1527 (1.0e-004)
2203.498 .... 4983 packets received, 4632 bps, 57.90%, Err 1529 (1.0e-004)
2204.328 TCP Disconnected.
0.0e+000)
1638.639 .... 6200 packets received, 7750 bps, 96.88%, Err 0 (0.0e+000)
1640.740 .... 6208 packets received, 7750 bps, 96.88%, Err 0 (0.0e+000)
1642.858 .... 6216 packets received, 7750 bps, 96.88%, Err 0 (0.0e+000)
1644.975 .... 6224 packets received, 7750 bps, 96.88%, Err 0 (0.0e+000)
1647.080 .... 6232 packets received, 7750 bps, 96.88%, Err 0 (0.0e+000)
1649.197 .... 6240 packets received, 7750 bps, 96.88%, Err 0 (0.0e+000)
1651.298 .... 6248 packets received, 7750 bps, 96.88%, Err 0 (0.0e+000)
1653.415 .... 6256 packets received, 7750 bps, 96.88%, Err 0 (0.0e+000)
1655.518 .... 6264 packets received, 7750 bps, 96.88%, Err 0 (0.0e+000)
1657.637 .... 6272 packets received, 7750 bps, 96.88%, Err 0 (0.0e+000)
1659.756 .... 6280 packets received, 7750 bps, 96.88%, Err 0 (0.0e+000)
1661.856 .... 6288 packets received, 7750 bps, 96.88%, Err 0 (0.0e+000)
1663.974 .... 6296 packets received, 7750 bps, 96.88%, Err 0 (0.0e+000)
1666.091 .... 6304 packets received, 7750 bps, 96.88%, Err 0 (0.0e+000)
1668.191 .... 6312 packets received, 7750 bps, 96.88%, Err 0 (0.0e+000)
1670.307 .... 6320 packets received, 7750 bps, 96.88%, Err 0 (0.0e+000)
1672.431 .... 6328 packets received, 7750 bps, 96.88%, Err 0 (0.0e+000)
1674.535 .... 6336 packets received, 7750 bps, 96.88%, Err 0 (0.0e+000)
1676.651 .... 6344 packets received, 7750 bps, 96.88%, Err 0 (0.0e+000)
1678.751 .... 6352 packets received, 7750 bps, 96.88%, Err 0 (0.0e+000)
1680.879 .... 6360 packets received, 7750 bps, 96.88%, Err 0 (0.0e+000)
1682.983 .... 6368 packets received, 7750 bps, 96.88%, Err 0 (0.0e+000)
1685.134 .... 6376 packets received, 7750 bps, 96.88%, Err 0 (0.0e+000)
1687.215 .... 6384 packets received, 7750 bps, 96.88%, Err 0 (0.0e+000)
1689.334 .... 6392 packets received, 7750 bps, 96.88%, Err 0 (0.0e+000)
1691.441 .... 6400 packets received, 7750 bps, 96.88%, Err 0 (0.0e+000)
1693.554 .... 6408 packets received, 7750 bps, 96.88%, Err 0 (0.0e+000)
1695.669 .... 6416 packets received, 7750 bps, 96.88%, Err 0 (0.0e+000)
1697.803 .... 6424 packets received, 7750 bps, 96.88%, Err 0 (0.0e+000)
1699.887 .... 6432 packets received, 7750 bps, 96.88%, Err 0 (0.0e+000)
1701.998 .... 6440 packets received, 7750 bps, 96.88%, Err 0 (0.0e+000)
1704.114 .... 6448 packets received, 7750 bps, 96.88%, Err 0 (0.0e+000)
1706.230 .... 6456 packets received, 7750 bps, 96.88%, Err 0 (0.0e+000)
1708.322 .... 6464 packets received, 7751 bps, 96.88%, Err 0 (0.0e+000)
1710.470 .... 6472 packets received, 7750 bps, 96.88%, Err 0 (0.0e+000)
1712.552 .... 6480 packets received, 7751 bps, 96.88%, Err 0 (0.0e+000)
1714.680 .... 6488 packets received, 7751 bps, 96.88%, Err 0 (0.0e+000)
1716.773 .... 6496 packets received, 7751 bps, 96.88%, Err 0 (0.0e+000)
1718.895 .... 6504 packets received, 7751 bps, 96.88%, Err 0 (0.0e+000)
1721.009 .... 6512 packets received, 7751 bps, 96.88%, Err 0 (0.0e+000)
1723.113 .... 6520 packets received, 7751 bps, 96.88%, Err 0 (0.0e+000)
1725.226 .... 6528 packets received, 7751 bps, 96.88%, Err 0 (0.0e+000)
1727.350 .... 6536 packets received, 7751 bps, 96.88%, Err 0 (0.0e+000)
1729.450 .... 6544 packets received, 7751 bps, 96.88%, Err 0 (0.0e+000)
1731.565 .... 6552 packets received, 7751 bps, 96.88%, Err 0 (0.0e+000)
1733.684 .... 6560 packets received, 7751 bps, 96.88%, Err 0 (0.0e+000)
1735.783 .... 6568 packets received, 7751 bps, 96.88%, Err 0 (0.0e+000)
1737.904 .... 6576 packets received, 7751 bps, 96.88%, Err 0 (0.0e+000)
1740.019 .... 6584 packets received, 7751 bps, 96.88%, Err 0 (0.0e+000)
1742.134 .... 6592 packets received, 7751 bps, 96.88%, Err 0 (0.0e+000)
1744.238 .... 6600 packets received, 7751 bps, 96.88%, Err 0 (0.0e+000)
1746.356 .... 6608 packets received, 7751 bps, 96.88%, Err 0 (0.0e+000)
1748.461 .... 6616 packets received, 7751 bps, 96.88%, Err 0 (0.0e+000)
1750.582 .... 6624 packets received, 7751 bps, 96.88%, Err 0 (0.0e+000)
1752.685 .... 6632 packets received, 7751 bps, 96.88%, Err 0 (0.0e+000)
1754.800 .... 6640 packets received, 7751 bps, 96.88%, Err 0 (0.0e+000)
1756.918 .... 6648 packets received, 7751 bps, 96.88%, Err 0 (0.0e+000)
1759.017 .... 6656 packets received, 7751 bps, 96.88%, Err 0 (0.0e+000)
1761.131 .... 6664 packets received, 7751 bps, 96.88%, Err 0 (0.0e+000)
1763.245 .... 6672 packets received, 7751 bps, 96.88%, Err 0 (0.0e+000)
1765.365 .... 6680 packets received, 7751 bps, 96.88%, Err 0 (0.0e+000)
1767.481 .... 6688 packets received, 7751 bps, 96.88%, Err 0 (0.0e+000)
1769.592 .... 6696 packets received, 7751 bps, 96.88%, Err 0 (0.0e+000)
1771.706 .... 6704 packets received, 7751 bps, 96.88%, Err 0 (0.0e+000)
1773.800 .... 6712 packets received, 7751 bps, 96.89%, Err 0 (0.0e+000)
1775.921 .... 6720 packets received, 7751 bps, 96.88%, Err 0 (0.0e+000)
1778.023 .... 6728 packets received, 7751 bps, 96.89%, Err 0 (0.0e+000)
1780.145 .... 6736 packets received, 7751 bps, 96.88%, Err 0 (0.0e+000)
1782.248 .... 6744 packets received, 7751 bps, 96.89%, Err 0 (0.0e+000)
1784.367 .... 6752 packets received, 7751 bps, 96.89%, Err 0 (0.0e+000)
1786.476 .... 6760 packets received, 7751 bps, 96.89%, Err 0 (0.0e+000)
1788.601 .... 6768 packets received, 7751 bps, 96.88%, Err 0 (0.0e+000)
1790.710 .... 6776 packets received, 7751 bps, 96.89%, Err 0 (0.0e+000)
1792.819 .... 6784 packets received, 7751 bps, 96.89%, Err 0 (0.0e+000)
1794.927 .... 6792 packets received, 7751 bps, 96.89%, Err 0 (0.0e+000)
1797.039 .... 6800 packets received, 7751 bps, 96.89%, Err 0 (0.0e+000)
1799.164 .... 6808 packets received, 7751 bps, 96.89%, Err 0 (0.0e+000)
1801.271 .... 6816 packets received, 7751 bps, 96.89%, Err 0 (0.0e+000)
1803.390 .... 6824 packets received, 7751 bps, 96.89%, Err 0 (0.0e+000)
1805.499 .... 6832 packets received, 7751 bps, 96.89%, Err 0 (0.0e+000)
1807.596 .... 6840 packets received, 7751 bps, 96.89%, Err 0 (0.0e+000)
1809.695 .... 6848 packets received, 7751 bps, 96.89%, Err 0 (0.0e+000)
1811.811 .... 6856 packets received, 7751 bps, 96.89%, Err 0 (0.0e+000)
1813.926 .... 6864 packets received, 7751 bps, 96.89%, Err 0 (0.0e+000)
1816.044 .... 6872 packets received, 7751 bps, 96.89%, Err 0 (0.0e+000)
1818.161 .... 6880 packets received, 7751 bps, 96.89%, Err 0 (0.0e+000)
1820.271 .... 6888 packets received, 7751 bps, 96.89%, Err 0 (0.0e+000)
1822.381 .... 6896 packets received, 7751 bps, 96.89%, Err 0 (0.0e+000)
1824.504 .... 6904 packets received, 7751 bps, 96.89%, Err 0 (0.0e+000)
1826.609 .... 6912 packets received, 7751 bps, 96.89%, Err 0 (0.0e+000)
1828.708 .... 6920 packets received, 7751 bps, 96.89%, Err 0 (0.0e+000)
1830.817 .... 6928 packets received, 7751 bps, 96.89%, Err 0 (0.0e+000)
1832.930 .... 6936 packets received, 7751 bps, 96.89%, Err 0 (0.0e+000)
1835.057 .... 6944 packets received, 7751 bps, 96.89%, Err 0 (0.0e+000)
1837.175 .... 6952 packets received, 7751 bps, 96.89%, Err 0 (0.0e+000)
1839.289 .... 6960 packets received, 7751 bps, 96.89%, Err 0 (0.0e+000)
1841.399 .... 6968 packets received, 7751 bps, 96.89%, Err 0 (0.0e+000)
1843.500 .... 6976 packets received, 7751 bps, 96.89%, Err 0 (0.0e+000)
1845.620 .... 6984 packets received, 7751 bps, 96.89%, Err 0 (0.0e+000)
1847.729 .... 6992 packets received, 7751 bps, 96.89%, Err 0 (0.0e+000)
1849.846 .... 7000 packets received, 7751 bps, 96.89%, Err 0 (0.0e+000)
1851.935 .... 7008 packets received, 7751 bps, 96.89%, Err 0 (0.0e+000)
1854.061 .... 7016 packets received, 7751 bps, 96.89%, Err 0 (0.0e+000)
1856.188 .... 7024 packets received, 7751 bps, 96.89%, Err 0 (0.0e+000)
1858.295 .... 7032 packets received, 7751 bps, 96.89%, Err 0 (0.0e+000)
1860.393 .... 7040 packets received, 7751 bps, 96.89%, Err 0 (0.0e+000)
1862.510 .... 7048 packets received, 7751 bps, 96.89%, Err 0 (0.0e+000)
1864.619 .... 7056 packets received, 7751 bps, 96.89%, Err 0 (0.0e+000)
1866.740 .... 7064 packets received, 7751 bps, 96.89%, Err 0 (0.0e+000)
1868.845 .... 7072 packets received, 7751 bps, 96.89%, Err 0 (0.0e+000)
1870.957 .... 7080 packets received, 7751 bps, 96.89%, Err 0 (0.0e+000)
1872.786 ** WARNING: System too busy, sleep 15 ms, but be awakened 343 ms later
1874.519 .... 7086 packets received, 7743 bps, 96.79%, Err 0 (0.0e+000)
1876.746 .... 7095 packets received, 7744 bps, 96.79%, Err 0 (0.0e+000)
1878.865 .... 7102 packets received, 7742 bps, 96.78%, Err 0 (0.0e+000)
1880.986 .... 7108 packets received, 7740 bps, 96.75%, Err 0 (0.0e+000)
1883.383 .... 7115 packets received, 7738 bps, 96.73%, Err 0 (0.0e+000)
1885.507 .... 7122 packets received, 7737 bps, 96.71%, Err 0 (0.0e+000)
1887.627 .... 7128 packets received, 7735 bps, 96.68%, Err 0 (0.0e+000)
1890.021 .... 7135 packets received, 7733 bps, 96.66%, Err 0 (0.0e+000)
1892.138 .... 7142 packets received, 7731 bps, 96.64%, Err 0 (0.0e+000)
1894.261 .... 7148 packets received, 7729 bps, 96.62%, Err 0 (0.0e+000)
1896.665 .... 7155 packets received, 7727 bps, 96.59%, Err 0 (0.0e+000)
1898.786 .... 7162 packets received, 7726 bps, 96.57%, Err 0 (0.0e+000)
1900.902 .... 7168 packets received, 7724 bps, 96.55%, Err 0 (0.0e+000)
1903.294 .... 7175 packets received, 7722 bps, 96.52%, Err 0 (0.0e+000)
1905.420 .... 7182 packets received, 7721 bps, 96.51%, Err 0 (0.0e+000)
1907.553 .... 7188 packets received, 7718 bps, 96.48%, Err 0 (0.0e+000)
1909.953 .... 7195 packets received, 7716 bps, 96.45%, Err 0 (0.0e+000)
1912.054 .... 7202 packets received, 7715 bps, 96.44%, Err 0 (0.0e+000)
1914.199 .... 7208 packets received, 7713 bps, 96.41%, Err 0 (0.0e+000)
1916.578 .... 7215 packets received, 7711 bps, 96.39%, Err 0 (0.0e+000)
1918.696 .... 7222 packets received, 7710 bps, 96.37%, Err 0 (0.0e+000)
1920.835 .... 7228 packets received, 7708 bps, 96.35%, Err 0 (0.0e+000)
1923.223 .... 7235 packets received, 7706 bps, 96.32%, Err 0 (0.0e+000)
1925.349 .... 7242 packets received, 7704 bps, 96.31%, Err 0 (0.0e+000)
1927.476 .... 7248 packets received, 7702 bps, 96.28%, Err 0 (0.0e+000)
1929.874 .... 7255 packets received, 7700 bps, 96.25%, Err 0 (0.0e+000)
1932.003 .... 7262 packets received, 7699 bps, 96.24%, Err 0 (0.0e+000)
1934.095 .... 7268 packets received, 7697 bps, 96.21%, Err 0 (0.0e+000)
1936.515 .... 7275 packets received, 7695 bps, 96.19%, Err 0 (0.0e+000)
1938.620 .... 7282 packets received, 7694 bps, 96.17%, Err 0 (0.0e+000)
1940.737 .... 7288 packets received, 7692 bps, 96.15%, Err 0 (0.0e+000)
1943.140 .... 7295 packets received, 7690 bps, 96.12%, Err 0 (0.0e+000)
1945.246 .... 7302 packets received, 7689 bps, 96.11%, Err 0 (0.0e+000)
1947.404 .... 7308 packets received, 7687 bps, 96.08%, Err 0 (0.0e+000)
1949.788 .... 7315 packets received, 7685 bps, 96.06%, Err 0 (0.0e+000)
1951.892 .... 7322 packets received, 7684 bps, 96.05%, Err 0 (0.0e+000)
1954.026 .... 7328 packets received, 7682 bps, 96.02%, Err 0 (0.0e+000)
1956.415 .... 7335 packets received, 7679 bps, 95.99%, Err 0 (0.0e+000)
1958.538 .... 7342 packets received, 7678 bps, 95.98%, Err 0 (0.0e+000)
1960.659 .... 7348 packets received, 7676 bps, 95.96%, Err 0 (0.0e+000)
1963.053 .... 7355 packets received, 7674 bps, 95.93%, Err 0 (0.0e+000)
1965.187 .... 7362 packets received, 7673 bps, 95.92%, Err 0 (0.0e+000)
1967.313 .... 7368 packets received, 7671 bps, 95.89%, Err 0 (0.0e+000)
1969.697 .... 7375 packets received, 7669 bps, 95.87%, Err 0 (0.0e+000)
1971.827 .... 7382 packets received, 7668 bps, 95.85%, Err 0 (0.0e+000)
1973.953 .... 7388 packets received, 7666 bps, 95.83%, Err 0 (0.0e+000)
1976.353 .... 7395 packets received, 7664 bps, 95.80%, Err 0 (0.0e+000)
1978.445 .... 7402 packets received, 7663 bps, 95.79%, Err 0 (0.0e+000)
1980.602 .... 7408 packets received, 7661 bps, 95.76%, Err 0 (0.0e+000)
1982.974 .... 7415 packets received, 7659 bps, 95.74%, Err 0 (0.0e+000)
1985.099 .... 7422 packets received, 7658 bps, 95.73%, Err 0 (0.0e+000)
1987.236 .... 7428 packets received, 7656 bps, 95.70%, Err 0 (0.0e+000)
1989.617 .... 7435 packets received, 7654 bps, 95.68%, Err 0 (0.0e+000)
1991.740 .... 7442 packets received, 7653 bps, 95.67%, Err 0 (0.0e+000)
1993.877 .... 7448 packets received, 7651 bps, 95.64%, Err 0 (0.0e+000)
1996.266 .... 7455 packets received, 7649 bps, 95.62%, Err 0 (0.0e+000)
1998.373 .... 7462 packets received, 7648 bps, 95.60%, Err 0 (0.0e+000)
2000.509 .... 7468 packets received, 7646 bps, 95.58%, Err 0 (0.0e+000)
2002.892 .... 7475 packets received, 7644 bps, 95.56%, Err 0 (0.0e+000)
2005.018 .... 7482 packets received, 7643 bps, 95.54%, Err 0 (0.0e+000)
2007.162 .... 7488 packets received, 7641 bps, 95.52%, Err 0 (0.0e+000)
2009.549 .... 7495 packets received, 7639 bps, 95.49%, Err 0 (0.0e+000)
2011.670 .... 7502 packets received, 7639 bps, 95.48%, Err 0 (0.0e+000)
2013.785 .... 7508 packets received, 7637 bps, 95.46%, Err 0 (0.0e+000)
2016.180 .... 7515 packets received, 7635 bps, 95.43%, Err 0 (0.0e+000)
2018.287 .... 7522 packets received, 7634 bps, 95.42%, Err 0 (0.0e+000)
2020.436 .... 7528 packets received, 7632 bps, 95.40%, Err 0 (0.0e+000)
2022.831 .... 7535 packets received, 7630 bps, 95.37%, Err 0 (0.0e+000)
2024.941 .... 7542 packets received, 7629 bps, 95.36%, Err 0 (0.0e+000)
2027.058 .... 7548 packets received, 7627 bps, 95.34%, Err 0 (0.0e+000)
2029.460 .... 7555 packets received, 7625 bps, 95.31%, Err 0 (0.0e+000)
2031.568 .... 7562 packets received, 7624 bps, 95.30%, Err 0 (0.0e+000)
2033.719 .... 7568 packets received, 7622 bps, 95.28%, Err 0 (0.0e+000)
2036.107 .... 7575 packets received, 7620 bps, 95.25%, Err 0 (0.0e+000)
2038.226 .... 7582 packets received, 7619 bps, 95.24%, Err 0 (0.0e+000)
2040.337 .... 7588 packets received, 7618 bps, 95.22%, Err 0 (0.0e+000)
2042.750 .... 7595 packets received, 7616 bps, 95.19%, Err 0 (0.0e+000)
2044.871 .... 7602 packets received, 7615 bps, 95.18%, Err 0 (0.0e+000)
2046.995 .... 7608 packets received, 7613 bps, 95.16%, Err 0 (0.0e+000)
2049.412 .... 7615 packets received, 7611 bps, 95.14%, Err 0 (0.0e+000)
2051.495 .... 7622 packets received, 7610 bps, 95.13%, Err 0 (0.0e+000)
2053.626 .... 7628 packets received, 7608 bps, 95.10%, Err 0 (0.0e+000)
2056.020 .... 7635 packets received, 7606 bps, 95.08%, Err 0 (0.0e+000)
2058.146 .... 7642 packets received, 7605 bps, 95.07%, Err 0 (0.0e+000)
2060.271 .... 7648 packets received, 7604 bps, 95.04%, Err 0 (0.0e+000)
2062.674 .... 7655 packets received, 7602 bps, 95.02%, Err 0 (0.0e+000)
2064.779 .... 7662 packets received, 7601 bps, 95.01%, Err 0 (0.0e+000)
2066.900 .... 7668 packets received, 7599 bps, 94.99%, Err 0 (0.0e+000)
2069.301 .... 7675 packets received, 7597 bps, 94.96%, Err 0 (0.0e+000)
2071.412 .... 7682 packets received, 7596 bps, 94.95%, Err 0 (0.0e+000)
2073.551 .... 7688 packets received, 7594 bps, 94.93%, Err 0 (0.0e+000)
2075.941 .... 7695 packets received, 7592 bps, 94.91%, Err 0 (0.0e+000)
2078.059 .... 7702 packets received, 7592 bps, 94.90%, Err 0 (0.0e+000)
2080.183 .... 7708 packets received, 7590 bps, 94.87%, Err 0 (0.0e+000)
2082.584 .... 7715 packets received, 7588 bps, 94.85%, Err 0 (0.0e+000)
2084.693 .... 7722 packets received, 7587 bps, 94.84%, Err 0 (0.0e+000)
2086.825 .... 7728 packets received, 7585 bps, 94.82%, Err 0 (0.0e+000)
2089.213 .... 7735 packets received, 7583 bps, 94.79%, Err 0 (0.0e+000)
2091.354 .... 7742 packets received, 7583 bps, 94.78%, Err 0 (0.0e+000)
2093.478 .... 7748 packets received, 7581 bps, 94.76%, Err 0 (0.0e+000)
2095.863 .... 7755 packets received, 7579 bps, 94.74%, Err 0 (0.0e+000)
2097.983 .... 7762 packets received, 7578 bps, 94.73%, Err 0 (0.0e+000)
2100.119 .... 7768 packets received, 7576 bps, 94.70%, Err 0 (0.0e+000)
2102.502 .... 7775 packets received, 7574 bps, 94.68%, Err 0 (0.0e+000)
2104.621 .... 7782 packets received, 7574 bps, 94.67%, Err 0 (0.0e+000)
2106.752 .... 7788 packets received, 7572 bps, 94.65%, Err 0 (0.0e+000)
2109.147 .... 7795 packets received, 7570 bps, 94.63%, Err 0 (0.0e+000)
2111.259 .... 7802 packets received, 7569 bps, 94.62%, Err 0 (0.0e+000)
2113.402 .... 7808 packets received, 7567 bps, 94.59%, Err 0 (0.0e+000)
2115.778 .... 7815 packets received, 7566 bps, 94.57%, Err 0 (0.0e+000)
2117.898 .... 7822 packets received, 7565 bps, 94.56%, Err 0 (0.0e+000)
2120.034 .... 7828 packets received, 7563 bps, 94.54%, Err 0 (0.0e+000)
2122.422 .... 7835 packets received, 7561 bps, 94.52%, Err 0 (0.0e+000)
2124.553 .... 7842 packets received, 7560 bps, 94.51%, Err 0 (0.0e+000)
2126.664 .... 7848 packets received, 7559 bps, 94.48%, Err 0 (0.0e+000)
2129.069 .... 7855 packets received, 7557 bps, 94.46%, Err 0 (0.0e+000)
2131.179 .... 7862 packets received, 7556 bps, 94.45%, Err 0 (0.0e+000)
2133.317 .... 7868 packets received, 7554 bps, 94.43%, Err 0 (0.0e+000)
2135.704 .... 7875 packets received, 7553 bps, 94.41%, Err 0 (0.0e+000)
2137.825 .... 7882 packets received, 7552 bps, 94.40%, Err 0 (0.0e+000)
2139.946 .... 7888 packets received, 7550 bps, 94.38%, Err 0 (0.0e+000)
2142.348 .... 7895 packets received, 7548 bps, 94.35%, Err 0 (0.0e+000)
2144.471 .... 7902 packets received, 7548 bps, 94.34%, Err 0 (0.0e+000)
2146.594 .... 7908 packets received, 7546 bps, 94.32%, Err 0 (0.0e+000)
2148.995 .... 7915 packets received, 7544 bps, 94.30%, Err 0 (0.0e+000)
2151.101 .... 7922 packets received, 7543 bps, 94.29%, Err 0 (0.0e+000)
2153.228 .... 7928 packets received, 7542 bps, 94.27%, Err 0 (0.0e+000)
2155.617 .... 7935 packets received, 7540 bps, 94.25%, Err 0 (0.0e+000)
2157.737 .... 7942 packets received, 7539 bps, 94.24%, Err 0 (0.0e+000)
2159.857 .... 7948 packets received, 7537 bps, 94.22%, Err 0 (0.0e+000)
2162.272 .... 7955 packets received, 7536 bps, 94.19%, Err 0 (0.0e+000)
2164.371 .... 7962 packets received, 7535 bps, 94.19%, Err 0 (0.0e+000)
2166.505 .... 7968 packets received, 7533 bps, 94.16%, Err 0 (0.0e+000)
2168.900 .... 7975 packets received, 7531 bps, 94.14%, Err 0 (0.0e+000)
2171.028 .... 7982 packets received, 7531 bps, 94.13%, Err 0 (0.0e+000)
2173.162 .... 7988 packets received, 7529 bps, 94.11%, Err 0 (0.0e+000)
2175.543 .... 7995 packets received, 7527 bps, 94.09%, Err 0 (0.0e+000)
2177.654 .... 8002 packets received, 7527 bps, 94.08%, Err 0 (0.0e+000)
2179.790 .... 8008 packets received, 7525 bps, 94.06%, Err 0 (0.0e+000)
2182.195 .... 8015 packets received, 7523 bps, 94.04%, Err 0 (0.0e+000)
2184.289 .... 8022 packets received, 7522 bps, 94.03%, Err 0 (0.0e+000)
2186.413 .... 8028 packets received, 7521 bps, 94.01%, Err 0 (0.0e+000)
2188.813 .... 8035 packets received, 7519 bps, 93.99%, Err 0 (0.0e+000)
2190.951 .... 8042 packets received, 7518 bps, 93.98%, Err 0 (0.0e+000)
2193.070 .... 8048 packets received, 7517 bps, 93.96%, Err 0 (0.0e+000)
2195.457 .... 8055 packets received, 7515 bps, 93.94%, Err 0 (0.0e+000)
2197.579 .... 8062 packets received, 7514 bps, 93.93%, Err 0 (0.0e+000)
2199.701 .... 8068 packets received, 7513 bps, 93.91%, Err 0 (0.0e+000)
2202.088 .... 8075 packets received, 7511 bps, 93.89%, Err 0 (0.0e+000)
2204.226 .... 8082 packets received, 7510 bps, 93.88%, Err 0 (0.0e+000)
2206.351 .... 8088 packets received, 7508 bps, 93.86%, Err 0 (0.0e+000)
2208.740 .... 8095 packets received, 7507 bps, 93.84%, Err 0 (0.0e+000)
2210.865 .... 8102 packets received, 7506 bps, 93.83%, Err 0 (0.0e+000)
2212.975 .... 8108 packets received, 7505 bps, 93.81%, Err 0 (0.0e+000)
2215.392 .... 8115 packets received, 7503 bps, 93.79%, Err 0 (0.0e+000)
2217.503 .... 8122 packets received, 7502 bps, 93.78%, Err 0 (0.0e+000)
2219.626 .... 8128 packets received, 7500 bps, 93.76%, Err 0 (0.0e+000)
2222.013 .... 8135 packets received, 7499 bps, 93.74%, Err 0 (0.0e+000)
2224.137 .... 8142 packets received, 7498 bps, 93.73%, Err 0 (0.0e+000)
2226.257 .... 8148 packets received, 7497 bps, 93.71%, Err 0 (0.0e+000)
2228.659 .... 8155 packets received, 7495 bps, 93.69%, Err 0 (0.0e+000)
2230.789 .... 8162 packets received, 7494 bps, 93.68%, Err 0 (0.0e+000)
2232.900 .... 8168 packets received, 7493 bps, 93.66%, Err 0 (0.0e+000)
2235.295 .... 8175 packets received, 7491 bps, 93.64%, Err 0 (0.0e+000)
2237.435 .... 8182 packets received, 7490 bps, 93.63%, Err 0 (0.0e+000)
2239.564 .... 8188 packets received, 7489 bps, 93.61%, Err 0 (0.0e+000)
2241.937 .... 8195 packets received, 7487 bps, 93.59%, Err 0 (0.0e+000)
2244.072 .... 8202 packets received, 7486 bps, 93.58%, Err 0 (0.0e+000)
2246.206 .... 8208 packets received, 7485 bps, 93.56%, Err 0 (0.0e+000)
2248.570 .... 8215 packets received, 7483 bps, 93.54%, Err 0 (0.0e+000)
2250.718 .... 8222 packets received, 7482 bps, 93.53%, Err 0 (0.0e+000)
2252.826 .... 8228 packets received, 7481 bps, 93.51%, Err 0 (0.0e+000)
2255.209 .... 8235 packets received, 7479 bps, 93.49%, Err 0 (0.0e+000)
2257.351 .... 8242 packets received, 7479 bps, 93.48%, Err 0 (0.0e+000)
2259.460 .... 8248 packets received, 7477 bps, 93.46%, Err 0 (0.0e+000)
2261.857 .... 8255 packets received, 7475 bps, 93.44%, Err 0 (0.0e+000)
2263.991 .... 8262 packets received, 7475 bps, 93.43%, Err 0 (0.0e+000)
2266.115 .... 8268 packets received, 7473 bps, 93.41%, Err 0 (0.0e+000)
2268.518 .... 8275 packets received, 7472 bps, 93.39%, Err 0 (0.0e+000)
2270.620 .... 8282 packets received, 7471 bps, 93.39%, Err 0 (0.0e+000)
2272.757 .... 8288 packets received, 7469 bps, 93.37%, Err 0 (0.0e+000)
2275.146 .... 8295 packets received, 7468 bps, 93.35%, Err 0 (0.0e+000)
2277.271 .... 8302 packets received, 7467 bps, 93.34%, Err 0 (0.0e+000)
d, 7354 bps, 91.93%, Err 180 (1.0e-005)
2285.121 .... 8205 packets received, 7354 bps, 91.93%, Err 180 (1.0e-005)
2287.238 .... 8213 packets received, 7355 bps, 91.94%, Err 180 (1.0e-005)
2289.370 .... 8221 packets received, 7355 bps, 91.94%, Err 180 (1.0e-005)
2291.496 .... 8228 packets received, 7355 bps, 91.93%, Err 181 (1.0e-005)
2293.767 .... 8236 packets received, 7354 bps, 91.93%, Err 181 (1.0e-005)
2295.869 .... 8244 packets received, 7355 bps, 91.94%, Err 181 (1.0e-005)
2297.984 .... 8252 packets received, 7355 bps, 91.94%, Err 181 (1.0e-005)
2300.086 .... 8260 packets received, 7356 bps, 91.95%, Err 181 (1.0e-005)
2302.194 .... 8268 packets received, 7356 bps, 91.95%, Err 181 (1.0e-005)
2304.322 .... 8276 packets received, 7356 bps, 91.95%, Err 181 (9.9e-006)
2306.423 .... 8284 packets received, 7357 bps, 91.96%, Err 181 (9.9e-006)
2308.532 .... 8291 packets received, 7356 bps, 91.95%, Err 182 (1.0e-005)
2310.679 .... 8298 packets received, 7356 bps, 91.94%, Err 182 (1.0e-005)
2312.794 .... 8306 packets received, 7356 bps, 91.95%, Err 182 (1.0e-005)
2314.887 .... 8314 packets received, 7356 bps, 91.95%, Err 182 (1.0e-005)
2317.009 .... 8322 packets received, 7357 bps, 91.96%, Err 182 (9.9e-006)
2319.130 .... 8330 packets received, 7357 bps, 91.96%, Err 182 (9.9e-006)
32%, Err 184 (1.0e-005)
2318.198 .... 8449 packets received, 7466 bps, 93.32%, Err 184 (1.0e-005)
2320.303 .... 8456 packets received, 7465 bps, 93.31%, Err 185 (1.0e-005)
2322.411 .... 8464 packets received, 7465 bps, 93.32%, Err 185 (1.0e-005)
2324.523 .... 8472 packets received, 7466 bps, 93.32%, Err 185 (1.0e-005)
2326.626 .... 8480 packets received, 7466 bps, 93.32%, Err 185 (1.0e-005)
2328.739 .... 8484 packets received, 7463 bps, 93.28%, Err 186 (1.0e-005)
2330.856 .... 8495 packets received, 7466 bps, 93.32%, Err 186 (1.0e-005)
2332.978 .... 8503 packets received, 7466 bps, 93.32%, Err 186 (1.0e-005)
2335.075 .... 8511 packets received, 7466 bps, 93.33%, Err 186 (1.0e-005)
2337.726 .... 8517 packets received, 7463 bps, 93.29%, Err 187 (1.0e-005)
2340.374 .... 8526 packets received, 7462 bps, 93.28%, Err 188 (1.0e-005)
2342.471 .... 8537 packets received, 7465 bps, 93.32%, Err 188 (1.0e-005)
2344.582 .... 8545 packets received, 7466 bps, 93.32%, Err 188 (1.0e-005)
2346.708 .... 8553 packets received, 7466 bps, 93.32%, Err 188 (1.0e-005)
2348.810 .... 8561 packets received, 7466 bps, 93.33%, Err 188 (1.0e-005)
2350.909 .... 8569 packets received, 7466 bps, 93.33%, Err 188 (1.0e-005)
2353.036 .... 8577 packets received, 7467 bps, 93.33%, Err 188 (1.0e-005)
2355.133 .... 8585 packets received, 7467 bps, 93.34%, Err 188 (1.0e-005)
2357.271 .... 8593 packets received, 7467 bps, 93.34%, Err 188 (1.0e-005)
2359.371 .... 8601 packets received, 7467 bps, 93.34%, Err 188 (1.0e-005)
(0.0e+000)
2342.044 .... 8860 packets received, 7749 bps, 96.86%, Err 0 (0.0e+000)
2344.171 .... 8868 packets received, 7749 bps, 96.86%, Err 0 (0.0e+000)
2346.273 .... 8876 packets received, 7749 bps, 96.86%, Err 0 (0.0e+000)
2348.381 .... 8884 packets received, 7749 bps, 96.86%, Err 0 (0.0e+000)
2350.500 .... 8892 packets received, 7749 bps, 96.86%, Err 0 (0.0e+000)
2352.608 .... 8900 packets received, 7749 bps, 96.86%, Err 0 (0.0e+000)
2354.728 .... 8908 packets received, 7749 bps, 96.86%, Err 0 (0.0e+000)
2356.827 .... 8916 packets received, 7749 bps, 96.87%, Err 0 (0.0e+000)
2358.943 .... 8924 packets received, 7749 bps, 96.86%, Err 0 (0.0e+000)
2361.051 .... 8932 packets received, 7749 bps, 96.87%, Err 0 (0.0e+000)
2363.175 .... 8940 packets received, 7749 bps, 96.86%, Err 0 (0.0e+000)
2365.282 .... 8948 packets received, 7749 bps, 96.87%, Err 0 (0.0e+000)
2367.405 .... 8956 packets received, 7749 bps, 96.86%, Err 0 (0.0e+000)
2369.523 .... 8964 packets received, 7749 bps, 96.86%, Err 0 (0.0e+000)
2371.615 .... 8972 packets received, 7749 bps, 96.87%, Err 0 (0.0e+000)
2373.738 .... 8980 packets received, 7749 bps, 96.87%, Err 0 (0.0e+000)
2375.834 .... 8988 packets received, 7749 bps, 96.87%, Err 0 (0.0e+000)
2377.953 .... 8996 packets received, 7749 bps, 96.87%, Err 0 (0.0e+000)
2380.061 .... 9004 packets received, 7749 bps, 96.87%, Err 0 (0.0e+000)
2382.165 .... 9012 packets received, 7749 bps, 96.87%, Err 0 (0.0e+000)
2384.277 .... 9020 packets received, 7749 bps, 96.87%, Err 0 (0.0e+000)
2386.402 .... 9028 packets received, 7749 bps, 96.87%, Err 0 (0.0e+000)
2388.520 .... 9036 packets received, 7749 bps, 96.87%, Err 0 (0.0e+000)
2390.621 .... 9044 packets received, 7749 bps, 96.87%, Err 0 (0.0e+000)
2392.742 .... 9052 packets received, 7749 bps, 96.87%, Err 0 (0.0e+000)
2394.855 .... 9060 packets received, 7749 bps, 96.87%, Err 0 (0.0e+000)
2396.951 .... 9068 packets received, 7749 bps, 96.87%, Err 0 (0.0e+000)
2399.071 .... 9076 packets received, 7749 bps, 96.87%, Err 0 (0.0e+000)
2401.185 .... 9084 packets received, 7749 bps, 96.87%, Err 0 (0.0e+000)
2403.297 .... 9092 packets received, 7749 bps, 96.87%, Err 0 (0.0e+000)
2405.405 .... 9100 packets received, 7749 bps, 96.87%, Err 0 (0.0e+000)
2407.509 .... 9108 packets received, 7749 bps, 96.87%, Err 0 (0.0e+000)
2409.657 .... 9116 packets received, 7749 bps, 96.87%, Err 0 (0.0e+000)
2411.745 .... 9124 packets received, 7749 bps, 96.87%, Err 0 (0.0e+000)
2413.852 .... 9132 packets received, 7749 bps, 96.87%, Err 0 (0.0e+000)
2415.979 .... 9140 packets received, 7749 bps, 96.87%, Err 0 (0.0e+000)
2418.089 .... 9148 packets received, 7749 bps, 96.87%, Err 0 (0.0e+000)
2420.205 .... 9156 packets received, 7749 bps, 96.87%, Err 0 (0.0e+000)
2422.293 .... 9164 packets received, 7749 bps, 96.87%, Err 0 (0.0e+000)
2424.419 .... 9172 packets received, 7749 bps, 96.87%, Err 0 (0.0e+000)
2426.517 .... 9180 packets received, 7749 bps, 96.87%, Err 0 (0.0e+000)
2427.469 TCP Disconnected.
